[0.008s] Invoking command in '/home/tom007/catkin_ws_ros2/build/my_msgs': CMAKE_PREFIX_PATH=${CMAKE_PREFIX_PATH}:/opt/ros/humble /usr/bin/cmake --build /home/tom007/catkin_ws_ros2/build/my_msgs -- -j16 -l16
[0.037s] [  2%] Built target my_msgs__cpp
[0.039s] [ 12%] Built target my_msgs__rosidl_generator_c
[0.041s] [ 12%] Built target ament_cmake_python_copy_my_msgs
[0.050s] [ 23%] Built target my_msgs__rosidl_typesupport_fastrtps_cpp
[0.050s] [ 34%] Built target my_msgs__rosidl_typesupport_introspection_cpp
[0.050s] [ 44%] Built target my_msgs__rosidl_typesupport_introspection_c
[0.051s] [ 55%] Built target my_msgs__rosidl_typesupport_c
[0.051s] [ 65%] Built target my_msgs__rosidl_typesupport_cpp
[0.053s] [ 76%] Built target my_msgs__rosidl_typesupport_fastrtps_c
[0.066s] [ 76%] Built target my_msgs
[0.078s] [ 78%] Built target my_msgs__py
[0.094s] [ 87%] Built target my_msgs__rosidl_generator_py
[0.108s] [ 91%] Built target my_msgs__rosidl_typesupport_introspection_c__pyext
[0.108s] [ 95%] Built target my_msgs__rosidl_typesupport_fastrtps_c__pyext
[0.109s] [100%] Built target my_msgs__rosidl_typesupport_c__pyext
[0.171s] running egg_info
[0.171s] writing my_msgs.egg-info/PKG-INFO
[0.171s] writing dependency_links to my_msgs.egg-info/dependency_links.txt
[0.171s] writing top-level names to my_msgs.egg-info/top_level.txt
[0.172s] reading manifest file 'my_msgs.egg-info/SOURCES.txt'
[0.173s] writing manifest file 'my_msgs.egg-info/SOURCES.txt'
[0.188s] [100%] Built target ament_cmake_python_build_my_msgs_egg
[0.195s] Invoked command in '/home/tom007/catkin_ws_ros2/build/my_msgs' returned '0': CMAKE_PREFIX_PATH=${CMAKE_PREFIX_PATH}:/opt/ros/humble /usr/bin/cmake --build /home/tom007/catkin_ws_ros2/build/my_msgs -- -j16 -l16
[0.258s] Invoking command in '/home/tom007/catkin_ws_ros2/build/my_msgs': CMAKE_PREFIX_PATH=${CMAKE_PREFIX_PATH}:/opt/ros/humble /usr/bin/cmake --install /home/tom007/catkin_ws_ros2/build/my_msgs
[0.263s] -- Install configuration: ""
[0.263s] -- Up-to-date: /home/tom007/catkin_ws_ros2/install/my_msgs/share/ament_index/resource_index/rosidl_interfaces/my_msgs
[0.263s] -- Up-to-date: /home/tom007/catkin_ws_ros2/install/my_msgs/include/my_msgs/my_msgs
[0.263s] -- Up-to-date: /home/tom007/catkin_ws_ros2/install/my_msgs/include/my_msgs/my_msgs/srv
[0.263s] -- Up-to-date: /home/tom007/catkin_ws_ros2/install/my_msgs/include/my_msgs/my_msgs/srv/detail
[0.263s] -- Up-to-date: /home/tom007/catkin_ws_ros2/install/my_msgs/include/my_msgs/my_msgs/srv/detail/test__struct.h
[0.263s] -- Up-to-date: /home/tom007/catkin_ws_ros2/install/my_msgs/include/my_msgs/my_msgs/srv/detail/test__type_support.h
[0.263s] -- Up-to-date: /home/tom007/catkin_ws_ros2/install/my_msgs/include/my_msgs/my_msgs/srv/detail/test__functions.h
[0.264s] -- Up-to-date: /home/tom007/catkin_ws_ros2/install/my_msgs/include/my_msgs/my_msgs/srv/detail/test__functions.c
[0.264s] -- Up-to-date: /home/tom007/catkin_ws_ros2/install/my_msgs/include/my_msgs/my_msgs/srv/test.h
[0.264s] -- Up-to-date: /home/tom007/catkin_ws_ros2/install/my_msgs/include/my_msgs/my_msgs/msg
[0.264s] -- Up-to-date: /home/tom007/catkin_ws_ros2/install/my_msgs/include/my_msgs/my_msgs/msg/detail
[0.264s] -- Up-to-date: /home/tom007/catkin_ws_ros2/install/my_msgs/include/my_msgs/my_msgs/msg/detail/test__struct.h
[0.264s] -- Up-to-date: /home/tom007/catkin_ws_ros2/install/my_msgs/include/my_msgs/my_msgs/msg/detail/test__type_support.h
[0.264s] -- Up-to-date: /home/tom007/catkin_ws_ros2/install/my_msgs/include/my_msgs/my_msgs/msg/detail/test__functions.h
[0.264s] -- Up-to-date: /home/tom007/catkin_ws_ros2/install/my_msgs/include/my_msgs/my_msgs/msg/detail/test__functions.c
[0.264s] -- Up-to-date: /home/tom007/catkin_ws_ros2/install/my_msgs/include/my_msgs/my_msgs/msg/test.h
[0.264s] -- Up-to-date: /home/tom007/catkin_ws_ros2/install/my_msgs/include/my_msgs/my_msgs/msg/rosidl_generator_c__visibility_control.h
[0.264s] -- Up-to-date: /home/tom007/catkin_ws_ros2/install/my_msgs/include/my_msgs/my_msgs/action
[0.264s] -- Up-to-date: /home/tom007/catkin_ws_ros2/install/my_msgs/include/my_msgs/my_msgs/action/detail
[0.264s] -- Up-to-date: /home/tom007/catkin_ws_ros2/install/my_msgs/include/my_msgs/my_msgs/action/detail/test__struct.h
[0.264s] -- Up-to-date: /home/tom007/catkin_ws_ros2/install/my_msgs/include/my_msgs/my_msgs/action/detail/test__type_support.h
[0.264s] -- Up-to-date: /home/tom007/catkin_ws_ros2/install/my_msgs/include/my_msgs/my_msgs/action/detail/test__functions.h
[0.264s] -- Up-to-date: /home/tom007/catkin_ws_ros2/install/my_msgs/include/my_msgs/my_msgs/action/detail/test__functions.c
[0.264s] -- Up-to-date: /home/tom007/catkin_ws_ros2/install/my_msgs/include/my_msgs/my_msgs/action/test.h
[0.264s] -- Up-to-date: /home/tom007/catkin_ws_ros2/install/my_msgs/share/my_msgs/environment/library_path.sh
[0.264s] -- Up-to-date: /home/tom007/catkin_ws_ros2/install/my_msgs/share/my_msgs/environment/library_path.dsv
[0.264s] -- Up-to-date: /home/tom007/catkin_ws_ros2/install/my_msgs/lib/libmy_msgs__rosidl_generator_c.so
[0.264s] -- Up-to-date: /home/tom007/catkin_ws_ros2/install/my_msgs/include/my_msgs/my_msgs
[0.264s] -- Up-to-date: /home/tom007/catkin_ws_ros2/install/my_msgs/include/my_msgs/my_msgs/srv
[0.264s] -- Up-to-date: /home/tom007/catkin_ws_ros2/install/my_msgs/include/my_msgs/my_msgs/srv/detail
[0.264s] -- Up-to-date: /home/tom007/catkin_ws_ros2/install/my_msgs/include/my_msgs/my_msgs/srv/detail/test__rosidl_typesupport_fastrtps_c.h
[0.264s] -- Up-to-date: /home/tom007/catkin_ws_ros2/install/my_msgs/include/my_msgs/my_msgs/msg
[0.264s] -- Up-to-date: /home/tom007/catkin_ws_ros2/install/my_msgs/include/my_msgs/my_msgs/msg/rosidl_typesupport_fastrtps_c__visibility_control.h
[0.264s] -- Up-to-date: /home/tom007/catkin_ws_ros2/install/my_msgs/include/my_msgs/my_msgs/msg/detail
[0.264s] -- Up-to-date: /home/tom007/catkin_ws_ros2/install/my_msgs/include/my_msgs/my_msgs/msg/detail/test__rosidl_typesupport_fastrtps_c.h
[0.264s] -- Up-to-date: /home/tom007/catkin_ws_ros2/install/my_msgs/include/my_msgs/my_msgs/action
[0.264s] -- Up-to-date: /home/tom007/catkin_ws_ros2/install/my_msgs/include/my_msgs/my_msgs/action/detail
[0.264s] -- Up-to-date: /home/tom007/catkin_ws_ros2/install/my_msgs/include/my_msgs/my_msgs/action/detail/test__rosidl_typesupport_fastrtps_c.h
[0.264s] -- Up-to-date: /home/tom007/catkin_ws_ros2/install/my_msgs/lib/libmy_msgs__rosidl_typesupport_fastrtps_c.so
[0.264s] -- Up-to-date: /home/tom007/catkin_ws_ros2/install/my_msgs/include/my_msgs/my_msgs
[0.265s] -- Up-to-date: /home/tom007/catkin_ws_ros2/install/my_msgs/include/my_msgs/my_msgs/srv
[0.265s] -- Up-to-date: /home/tom007/catkin_ws_ros2/install/my_msgs/include/my_msgs/my_msgs/srv/detail
[0.265s] -- Up-to-date: /home/tom007/catkin_ws_ros2/install/my_msgs/include/my_msgs/my_msgs/srv/detail/test__struct.hpp
[0.265s] -- Up-to-date: /home/tom007/catkin_ws_ros2/install/my_msgs/include/my_msgs/my_msgs/srv/detail/test__traits.hpp
[0.265s] -- Up-to-date: /home/tom007/catkin_ws_ros2/install/my_msgs/include/my_msgs/my_msgs/srv/detail/test__builder.hpp
[0.265s] -- Up-to-date: /home/tom007/catkin_ws_ros2/install/my_msgs/include/my_msgs/my_msgs/srv/test.hpp
[0.265s] -- Up-to-date: /home/tom007/catkin_ws_ros2/install/my_msgs/include/my_msgs/my_msgs/msg
[0.265s] -- Up-to-date: /home/tom007/catkin_ws_ros2/install/my_msgs/include/my_msgs/my_msgs/msg/detail
[0.265s] -- Up-to-date: /home/tom007/catkin_ws_ros2/install/my_msgs/include/my_msgs/my_msgs/msg/detail/test__struct.hpp
[0.265s] -- Up-to-date: /home/tom007/catkin_ws_ros2/install/my_msgs/include/my_msgs/my_msgs/msg/detail/test__traits.hpp
[0.265s] -- Up-to-date: /home/tom007/catkin_ws_ros2/install/my_msgs/include/my_msgs/my_msgs/msg/detail/test__builder.hpp
[0.265s] -- Up-to-date: /home/tom007/catkin_ws_ros2/install/my_msgs/include/my_msgs/my_msgs/msg/test.hpp
[0.265s] -- Up-to-date: /home/tom007/catkin_ws_ros2/install/my_msgs/include/my_msgs/my_msgs/action
[0.265s] -- Up-to-date: /home/tom007/catkin_ws_ros2/install/my_msgs/include/my_msgs/my_msgs/action/detail
[0.265s] -- Up-to-date: /home/tom007/catkin_ws_ros2/install/my_msgs/include/my_msgs/my_msgs/action/detail/test__struct.hpp
[0.265s] -- Up-to-date: /home/tom007/catkin_ws_ros2/install/my_msgs/include/my_msgs/my_msgs/action/detail/test__traits.hpp
[0.265s] -- Up-to-date: /home/tom007/catkin_ws_ros2/install/my_msgs/include/my_msgs/my_msgs/action/detail/test__builder.hpp
[0.265s] -- Up-to-date: /home/tom007/catkin_ws_ros2/install/my_msgs/include/my_msgs/my_msgs/action/test.hpp
[0.265s] -- Up-to-date: /home/tom007/catkin_ws_ros2/install/my_msgs/include/my_msgs/my_msgs
[0.265s] -- Up-to-date: /home/tom007/catkin_ws_ros2/install/my_msgs/include/my_msgs/my_msgs/srv
[0.265s] -- Up-to-date: /home/tom007/catkin_ws_ros2/install/my_msgs/include/my_msgs/my_msgs/srv/detail
[0.265s] -- Up-to-date: /home/tom007/catkin_ws_ros2/install/my_msgs/include/my_msgs/my_msgs/srv/detail/test__rosidl_typesupport_fastrtps_cpp.hpp
[0.265s] -- Up-to-date: /home/tom007/catkin_ws_ros2/install/my_msgs/include/my_msgs/my_msgs/srv/detail/dds_fastrtps
[0.265s] -- Up-to-date: /home/tom007/catkin_ws_ros2/install/my_msgs/include/my_msgs/my_msgs/msg
[0.265s] -- Up-to-date: /home/tom007/catkin_ws_ros2/install/my_msgs/include/my_msgs/my_msgs/msg/detail
[0.265s] -- Up-to-date: /home/tom007/catkin_ws_ros2/install/my_msgs/include/my_msgs/my_msgs/msg/detail/test__rosidl_typesupport_fastrtps_cpp.hpp
[0.265s] -- Up-to-date: /home/tom007/catkin_ws_ros2/install/my_msgs/include/my_msgs/my_msgs/msg/detail/dds_fastrtps
[0.265s] -- Up-to-date: /home/tom007/catkin_ws_ros2/install/my_msgs/include/my_msgs/my_msgs/msg/rosidl_typesupport_fastrtps_cpp__visibility_control.h
[0.265s] -- Up-to-date: /home/tom007/catkin_ws_ros2/install/my_msgs/include/my_msgs/my_msgs/action
[0.265s] -- Up-to-date: /home/tom007/catkin_ws_ros2/install/my_msgs/include/my_msgs/my_msgs/action/detail
[0.265s] -- Up-to-date: /home/tom007/catkin_ws_ros2/install/my_msgs/include/my_msgs/my_msgs/action/detail/test__rosidl_typesupport_fastrtps_cpp.hpp
[0.265s] -- Up-to-date: /home/tom007/catkin_ws_ros2/install/my_msgs/include/my_msgs/my_msgs/action/detail/dds_fastrtps
[0.265s] -- Up-to-date: /home/tom007/catkin_ws_ros2/install/my_msgs/lib/libmy_msgs__rosidl_typesupport_fastrtps_cpp.so
[0.265s] -- Up-to-date: /home/tom007/catkin_ws_ros2/install/my_msgs/include/my_msgs/my_msgs
[0.265s] -- Up-to-date: /home/tom007/catkin_ws_ros2/install/my_msgs/include/my_msgs/my_msgs/srv
[0.266s] -- Up-to-date: /home/tom007/catkin_ws_ros2/install/my_msgs/include/my_msgs/my_msgs/srv/detail
[0.266s] -- Up-to-date: /home/tom007/catkin_ws_ros2/install/my_msgs/include/my_msgs/my_msgs/srv/detail/test__rosidl_typesupport_introspection_c.h
[0.266s] -- Up-to-date: /home/tom007/catkin_ws_ros2/install/my_msgs/include/my_msgs/my_msgs/srv/detail/test__type_support.c
[0.266s] -- Up-to-date: /home/tom007/catkin_ws_ros2/install/my_msgs/include/my_msgs/my_msgs/msg
[0.266s] -- Up-to-date: /home/tom007/catkin_ws_ros2/install/my_msgs/include/my_msgs/my_msgs/msg/detail
[0.266s] -- Up-to-date: /home/tom007/catkin_ws_ros2/install/my_msgs/include/my_msgs/my_msgs/msg/detail/test__rosidl_typesupport_introspection_c.h
[0.266s] -- Up-to-date: /home/tom007/catkin_ws_ros2/install/my_msgs/include/my_msgs/my_msgs/msg/detail/test__type_support.c
[0.266s] -- Up-to-date: /home/tom007/catkin_ws_ros2/install/my_msgs/include/my_msgs/my_msgs/msg/rosidl_typesupport_introspection_c__visibility_control.h
[0.266s] -- Up-to-date: /home/tom007/catkin_ws_ros2/install/my_msgs/include/my_msgs/my_msgs/action
[0.266s] -- Up-to-date: /home/tom007/catkin_ws_ros2/install/my_msgs/include/my_msgs/my_msgs/action/detail
[0.266s] -- Up-to-date: /home/tom007/catkin_ws_ros2/install/my_msgs/include/my_msgs/my_msgs/action/detail/test__rosidl_typesupport_introspection_c.h
[0.266s] -- Up-to-date: /home/tom007/catkin_ws_ros2/install/my_msgs/include/my_msgs/my_msgs/action/detail/test__type_support.c
[0.266s] -- Up-to-date: /home/tom007/catkin_ws_ros2/install/my_msgs/lib/libmy_msgs__rosidl_typesupport_introspection_c.so
[0.266s] -- Up-to-date: /home/tom007/catkin_ws_ros2/install/my_msgs/lib/libmy_msgs__rosidl_typesupport_c.so
[0.266s] -- Up-to-date: /home/tom007/catkin_ws_ros2/install/my_msgs/include/my_msgs/my_msgs
[0.266s] -- Up-to-date: /home/tom007/catkin_ws_ros2/install/my_msgs/include/my_msgs/my_msgs/srv
[0.266s] -- Up-to-date: /home/tom007/catkin_ws_ros2/install/my_msgs/include/my_msgs/my_msgs/srv/detail
[0.266s] -- Up-to-date: /home/tom007/catkin_ws_ros2/install/my_msgs/include/my_msgs/my_msgs/srv/detail/test__rosidl_typesupport_introspection_cpp.hpp
[0.266s] -- Up-to-date: /home/tom007/catkin_ws_ros2/install/my_msgs/include/my_msgs/my_msgs/srv/detail/test__type_support.cpp
[0.266s] -- Up-to-date: /home/tom007/catkin_ws_ros2/install/my_msgs/include/my_msgs/my_msgs/msg
[0.266s] -- Up-to-date: /home/tom007/catkin_ws_ros2/install/my_msgs/include/my_msgs/my_msgs/msg/detail
[0.266s] -- Up-to-date: /home/tom007/catkin_ws_ros2/install/my_msgs/include/my_msgs/my_msgs/msg/detail/test__rosidl_typesupport_introspection_cpp.hpp
[0.266s] -- Up-to-date: /home/tom007/catkin_ws_ros2/install/my_msgs/include/my_msgs/my_msgs/msg/detail/test__type_support.cpp
[0.266s] -- Up-to-date: /home/tom007/catkin_ws_ros2/install/my_msgs/include/my_msgs/my_msgs/action
[0.266s] -- Up-to-date: /home/tom007/catkin_ws_ros2/install/my_msgs/include/my_msgs/my_msgs/action/detail
[0.266s] -- Up-to-date: /home/tom007/catkin_ws_ros2/install/my_msgs/include/my_msgs/my_msgs/action/detail/test__rosidl_typesupport_introspection_cpp.hpp
[0.266s] -- Up-to-date: /home/tom007/catkin_ws_ros2/install/my_msgs/include/my_msgs/my_msgs/action/detail/test__type_support.cpp
[0.266s] -- Up-to-date: /home/tom007/catkin_ws_ros2/install/my_msgs/lib/libmy_msgs__rosidl_typesupport_introspection_cpp.so
[0.266s] -- Up-to-date: /home/tom007/catkin_ws_ros2/install/my_msgs/lib/libmy_msgs__rosidl_typesupport_cpp.so
[0.266s] -- Up-to-date: /home/tom007/catkin_ws_ros2/install/my_msgs/share/my_msgs/environment/pythonpath.sh
[0.266s] -- Up-to-date: /home/tom007/catkin_ws_ros2/install/my_msgs/share/my_msgs/environment/pythonpath.dsv
[0.266s] -- Up-to-date: /home/tom007/catkin_ws_ros2/install/my_msgs/local/lib/python3.10/dist-packages/my_msgs-0.0.0-py3.10.egg-info
[0.266s] -- Installing: /home/tom007/catkin_ws_ros2/install/my_msgs/local/lib/python3.10/dist-packages/my_msgs-0.0.0-py3.10.egg-info/top_level.txt
[0.266s] -- Installing: /home/tom007/catkin_ws_ros2/install/my_msgs/local/lib/python3.10/dist-packages/my_msgs-0.0.0-py3.10.egg-info/dependency_links.txt
[0.266s] -- Installing: /home/tom007/catkin_ws_ros2/install/my_msgs/local/lib/python3.10/dist-packages/my_msgs-0.0.0-py3.10.egg-info/PKG-INFO
[0.266s] -- Installing: /home/tom007/catkin_ws_ros2/install/my_msgs/local/lib/python3.10/dist-packages/my_msgs-0.0.0-py3.10.egg-info/SOURCES.txt
[0.266s] -- Up-to-date: /home/tom007/catkin_ws_ros2/install/my_msgs/local/lib/python3.10/dist-packages/my_msgs
[0.267s] -- Up-to-date: /home/tom007/catkin_ws_ros2/install/my_msgs/local/lib/python3.10/dist-packages/my_msgs/srv
[0.267s] -- Up-to-date: /home/tom007/catkin_ws_ros2/install/my_msgs/local/lib/python3.10/dist-packages/my_msgs/srv/__init__.py
[0.267s] -- Up-to-date: /home/tom007/catkin_ws_ros2/install/my_msgs/local/lib/python3.10/dist-packages/my_msgs/srv/_test.py
[0.267s] -- Up-to-date: /home/tom007/catkin_ws_ros2/install/my_msgs/local/lib/python3.10/dist-packages/my_msgs/srv/_test_s.c
[0.267s] -- Up-to-date: /home/tom007/catkin_ws_ros2/install/my_msgs/local/lib/python3.10/dist-packages/my_msgs/__init__.py
[0.267s] -- Up-to-date: /home/tom007/catkin_ws_ros2/install/my_msgs/local/lib/python3.10/dist-packages/my_msgs/my_msgs_s__rosidl_typesupport_c.cpython-310-x86_64-linux-gnu.so
[0.267s] -- Up-to-date: /home/tom007/catkin_ws_ros2/install/my_msgs/local/lib/python3.10/dist-packages/my_msgs/_my_msgs_s.ep.rosidl_typesupport_introspection_c.c
[0.267s] -- Up-to-date: /home/tom007/catkin_ws_ros2/install/my_msgs/local/lib/python3.10/dist-packages/my_msgs/msg
[0.267s] -- Up-to-date: /home/tom007/catkin_ws_ros2/install/my_msgs/local/lib/python3.10/dist-packages/my_msgs/msg/__init__.py
[0.267s] -- Up-to-date: /home/tom007/catkin_ws_ros2/install/my_msgs/local/lib/python3.10/dist-packages/my_msgs/msg/_test.py
[0.267s] -- Up-to-date: /home/tom007/catkin_ws_ros2/install/my_msgs/local/lib/python3.10/dist-packages/my_msgs/msg/_test_s.c
[0.267s] -- Up-to-date: /home/tom007/catkin_ws_ros2/install/my_msgs/local/lib/python3.10/dist-packages/my_msgs/my_msgs_s__rosidl_typesupport_fastrtps_c.cpython-310-x86_64-linux-gnu.so
[0.267s] -- Up-to-date: /home/tom007/catkin_ws_ros2/install/my_msgs/local/lib/python3.10/dist-packages/my_msgs/_my_msgs_s.ep.rosidl_typesupport_c.c
[0.267s] -- Up-to-date: /home/tom007/catkin_ws_ros2/install/my_msgs/local/lib/python3.10/dist-packages/my_msgs/libmy_msgs__rosidl_generator_py.so
[0.267s] -- Up-to-date: /home/tom007/catkin_ws_ros2/install/my_msgs/local/lib/python3.10/dist-packages/my_msgs/my_msgs_s__rosidl_typesupport_introspection_c.cpython-310-x86_64-linux-gnu.so
[0.267s] -- Up-to-date: /home/tom007/catkin_ws_ros2/install/my_msgs/local/lib/python3.10/dist-packages/my_msgs/action
[0.267s] -- Up-to-date: /home/tom007/catkin_ws_ros2/install/my_msgs/local/lib/python3.10/dist-packages/my_msgs/action/__init__.py
[0.267s] -- Up-to-date: /home/tom007/catkin_ws_ros2/install/my_msgs/local/lib/python3.10/dist-packages/my_msgs/action/_test.py
[0.267s] -- Up-to-date: /home/tom007/catkin_ws_ros2/install/my_msgs/local/lib/python3.10/dist-packages/my_msgs/action/_test_s.c
[0.267s] -- Up-to-date: /home/tom007/catkin_ws_ros2/install/my_msgs/local/lib/python3.10/dist-packages/my_msgs/_my_msgs_s.ep.rosidl_typesupport_fastrtps_c.c
[0.287s] Listing '/home/tom007/catkin_ws_ros2/install/my_msgs/local/lib/python3.10/dist-packages/my_msgs'...
[0.287s] Listing '/home/tom007/catkin_ws_ros2/install/my_msgs/local/lib/python3.10/dist-packages/my_msgs/action'...
[0.287s] Listing '/home/tom007/catkin_ws_ros2/install/my_msgs/local/lib/python3.10/dist-packages/my_msgs/msg'...
[0.287s] Listing '/home/tom007/catkin_ws_ros2/install/my_msgs/local/lib/python3.10/dist-packages/my_msgs/srv'...
[0.290s] -- Up-to-date: /home/tom007/catkin_ws_ros2/install/my_msgs/local/lib/python3.10/dist-packages/my_msgs/my_msgs_s__rosidl_typesupport_fastrtps_c.cpython-310-x86_64-linux-gnu.so
[0.290s] -- Up-to-date: /home/tom007/catkin_ws_ros2/install/my_msgs/local/lib/python3.10/dist-packages/my_msgs/my_msgs_s__rosidl_typesupport_introspection_c.cpython-310-x86_64-linux-gnu.so
[0.290s] -- Up-to-date: /home/tom007/catkin_ws_ros2/install/my_msgs/local/lib/python3.10/dist-packages/my_msgs/my_msgs_s__rosidl_typesupport_c.cpython-310-x86_64-linux-gnu.so
[0.290s] -- Up-to-date: /home/tom007/catkin_ws_ros2/install/my_msgs/lib/libmy_msgs__rosidl_generator_py.so
[0.290s] -- Up-to-date: /home/tom007/catkin_ws_ros2/install/my_msgs/share/my_msgs/msg/Test.idl
[0.290s] -- Up-to-date: /home/tom007/catkin_ws_ros2/install/my_msgs/share/my_msgs/srv/Test.idl
[0.290s] -- Up-to-date: /home/tom007/catkin_ws_ros2/install/my_msgs/share/my_msgs/action/Test.idl
[0.290s] -- Up-to-date: /home/tom007/catkin_ws_ros2/install/my_msgs/share/my_msgs/msg/Test.msg
[0.290s] -- Up-to-date: /home/tom007/catkin_ws_ros2/install/my_msgs/share/my_msgs/srv/Test.srv
[0.291s] -- Up-to-date: /home/tom007/catkin_ws_ros2/install/my_msgs/share/my_msgs/srv/Test_Request.msg
[0.291s] -- Up-to-date: /home/tom007/catkin_ws_ros2/install/my_msgs/share/my_msgs/srv/Test_Response.msg
[0.291s] -- Up-to-date: /home/tom007/catkin_ws_ros2/install/my_msgs/share/my_msgs/action/Test.action
[0.291s] -- Up-to-date: /home/tom007/catkin_ws_ros2/install/my_msgs/share/ament_index/resource_index/package_run_dependencies/my_msgs
[0.291s] -- Up-to-date: /home/tom007/catkin_ws_ros2/install/my_msgs/share/ament_index/resource_index/parent_prefix_path/my_msgs
[0.291s] -- Up-to-date: /home/tom007/catkin_ws_ros2/install/my_msgs/share/my_msgs/environment/ament_prefix_path.sh
[0.291s] -- Up-to-date: /home/tom007/catkin_ws_ros2/install/my_msgs/share/my_msgs/environment/ament_prefix_path.dsv
[0.291s] -- Up-to-date: /home/tom007/catkin_ws_ros2/install/my_msgs/share/my_msgs/environment/path.sh
[0.291s] -- Up-to-date: /home/tom007/catkin_ws_ros2/install/my_msgs/share/my_msgs/environment/path.dsv
[0.291s] -- Up-to-date: /home/tom007/catkin_ws_ros2/install/my_msgs/share/my_msgs/local_setup.bash
[0.291s] -- Up-to-date: /home/tom007/catkin_ws_ros2/install/my_msgs/share/my_msgs/local_setup.sh
[0.291s] -- Up-to-date: /home/tom007/catkin_ws_ros2/install/my_msgs/share/my_msgs/local_setup.zsh
[0.291s] -- Up-to-date: /home/tom007/catkin_ws_ros2/install/my_msgs/share/my_msgs/local_setup.dsv
[0.291s] -- Installing: /home/tom007/catkin_ws_ros2/install/my_msgs/share/my_msgs/package.dsv
[0.291s] -- Up-to-date: /home/tom007/catkin_ws_ros2/install/my_msgs/share/ament_index/resource_index/packages/my_msgs
[0.291s] -- Up-to-date: /home/tom007/catkin_ws_ros2/install/my_msgs/share/my_msgs/cmake/export_my_msgs__rosidl_generator_cExport.cmake
[0.291s] -- Up-to-date: /home/tom007/catkin_ws_ros2/install/my_msgs/share/my_msgs/cmake/export_my_msgs__rosidl_generator_cExport-noconfig.cmake
[0.291s] -- Up-to-date: /home/tom007/catkin_ws_ros2/install/my_msgs/share/my_msgs/cmake/export_my_msgs__rosidl_typesupport_fastrtps_cExport.cmake
[0.291s] -- Up-to-date: /home/tom007/catkin_ws_ros2/install/my_msgs/share/my_msgs/cmake/export_my_msgs__rosidl_typesupport_fastrtps_cExport-noconfig.cmake
[0.291s] -- Up-to-date: /home/tom007/catkin_ws_ros2/install/my_msgs/share/my_msgs/cmake/export_my_msgs__rosidl_generator_cppExport.cmake
[0.291s] -- Up-to-date: /home/tom007/catkin_ws_ros2/install/my_msgs/share/my_msgs/cmake/export_my_msgs__rosidl_typesupport_fastrtps_cppExport.cmake
[0.291s] -- Up-to-date: /home/tom007/catkin_ws_ros2/install/my_msgs/share/my_msgs/cmake/export_my_msgs__rosidl_typesupport_fastrtps_cppExport-noconfig.cmake
[0.291s] -- Up-to-date: /home/tom007/catkin_ws_ros2/install/my_msgs/share/my_msgs/cmake/my_msgs__rosidl_typesupport_introspection_cExport.cmake
[0.291s] -- Up-to-date: /home/tom007/catkin_ws_ros2/install/my_msgs/share/my_msgs/cmake/my_msgs__rosidl_typesupport_introspection_cExport-noconfig.cmake
[0.291s] -- Up-to-date: /home/tom007/catkin_ws_ros2/install/my_msgs/share/my_msgs/cmake/my_msgs__rosidl_typesupport_cExport.cmake
[0.291s] -- Up-to-date: /home/tom007/catkin_ws_ros2/install/my_msgs/share/my_msgs/cmake/my_msgs__rosidl_typesupport_cExport-noconfig.cmake
[0.291s] -- Up-to-date: /home/tom007/catkin_ws_ros2/install/my_msgs/share/my_msgs/cmake/my_msgs__rosidl_typesupport_introspection_cppExport.cmake
[0.291s] -- Up-to-date: /home/tom007/catkin_ws_ros2/install/my_msgs/share/my_msgs/cmake/my_msgs__rosidl_typesupport_introspection_cppExport-noconfig.cmake
[0.292s] -- Up-to-date: /home/tom007/catkin_ws_ros2/install/my_msgs/share/my_msgs/cmake/my_msgs__rosidl_typesupport_cppExport.cmake
[0.292s] -- Up-to-date: /home/tom007/catkin_ws_ros2/install/my_msgs/share/my_msgs/cmake/my_msgs__rosidl_typesupport_cppExport-noconfig.cmake
[0.292s] -- Up-to-date: /home/tom007/catkin_ws_ros2/install/my_msgs/share/my_msgs/cmake/export_my_msgs__rosidl_generator_pyExport.cmake
[0.292s] -- Up-to-date: /home/tom007/catkin_ws_ros2/install/my_msgs/share/my_msgs/cmake/export_my_msgs__rosidl_generator_pyExport-noconfig.cmake
[0.292s] -- Up-to-date: /home/tom007/catkin_ws_ros2/install/my_msgs/share/my_msgs/cmake/rosidl_cmake-extras.cmake
[0.292s] -- Up-to-date: /home/tom007/catkin_ws_ros2/install/my_msgs/share/my_msgs/cmake/ament_cmake_export_dependencies-extras.cmake
[0.292s] -- Up-to-date: /home/tom007/catkin_ws_ros2/install/my_msgs/share/my_msgs/cmake/ament_cmake_export_include_directories-extras.cmake
[0.292s] -- Up-to-date: /home/tom007/catkin_ws_ros2/install/my_msgs/share/my_msgs/cmake/ament_cmake_export_libraries-extras.cmake
[0.292s] -- Up-to-date: /home/tom007/catkin_ws_ros2/install/my_msgs/share/my_msgs/cmake/ament_cmake_export_targets-extras.cmake
[0.292s] -- Up-to-date: /home/tom007/catkin_ws_ros2/install/my_msgs/share/my_msgs/cmake/rosidl_cmake_export_typesupport_targets-extras.cmake
[0.292s] -- Up-to-date: /home/tom007/catkin_ws_ros2/install/my_msgs/share/my_msgs/cmake/rosidl_cmake_export_typesupport_libraries-extras.cmake
[0.292s] -- Up-to-date: /home/tom007/catkin_ws_ros2/install/my_msgs/share/my_msgs/cmake/my_msgsConfig.cmake
[0.292s] -- Up-to-date: /home/tom007/catkin_ws_ros2/install/my_msgs/share/my_msgs/cmake/my_msgsConfig-version.cmake
[0.292s] -- Up-to-date: /home/tom007/catkin_ws_ros2/install/my_msgs/share/my_msgs/package.xml
[0.293s] Invoked command in '/home/tom007/catkin_ws_ros2/build/my_msgs' returned '0': CMAKE_PREFIX_PATH=${CMAKE_PREFIX_PATH}:/opt/ros/humble /usr/bin/cmake --install /home/tom007/catkin_ws_ros2/build/my_msgs
