[0.062s] DEBUG:colcon:Command line arguments: ['/usr/bin/colcon', 'build']
[0.062s] DEBUG:colcon:Parsed command line arguments: Namespace(log_base=None, log_level=None, verb_name='build', build_base='build', install_base='install', merge_install=False, symlink_install=False, test_result_base=None, continue_on_error=False, executor='parallel', parallel_workers=16, event_handlers=None, ignore_user_meta=False, metas=['./colcon.meta'], base_paths=['.'], packages_ignore=None, packages_ignore_regex=None, paths=None, packages_up_to=None, packages_up_to_regex=None, packages_above=None, packages_above_and_dependencies=None, packages_above_depth=None, packages_select_by_dep=None, packages_skip_by_dep=None, packages_skip_up_to=None, packages_select_build_failed=False, packages_skip_build_finished=False, packages_select_test_failures=False, packages_skip_test_passed=False, packages_select=None, packages_skip=None, packages_select_regex=None, packages_skip_regex=None, packages_start=None, packages_end=None, allow_overriding=[], cmake_args=None, cmake_target=None, cmake_target_skip_unavailable=False, cmake_clean_cache=False, cmake_clean_first=False, cmake_force_configure=False, ament_cmake_args=None, catkin_cmake_args=None, catkin_skip_building_tests=False, verb_parser=<colcon_defaults.argument_parser.defaults.DefaultArgumentsDecorator object at 0x76dde7d404f0>, verb_extension=<colcon_core.verb.build.BuildVerb object at 0x76dde7d07fd0>, main=<bound method BuildVerb.main of <colcon_core.verb.build.BuildVerb object at 0x76dde7d07fd0>>)
[0.142s] Level 1:colcon.colcon_core.package_discovery:discover_packages(colcon_meta) check parameters
[0.142s] Level 1:colcon.colcon_core.package_discovery:discover_packages(recursive) check parameters
[0.142s] Level 1:colcon.colcon_core.package_discovery:discover_packages(ignore) check parameters
[0.142s] Level 1:colcon.colcon_core.package_discovery:discover_packages(path) check parameters
[0.142s] Level 1:colcon.colcon_core.package_discovery:discover_packages(colcon_meta) discover
[0.142s] Level 1:colcon.colcon_core.package_discovery:discover_packages(recursive) discover
[0.142s] INFO:colcon.colcon_core.package_discovery:Crawling recursively for packages in '/home/tom007/catkin_ws_ros2'
[0.142s] Level 1:colcon.colcon_core.package_identification:_identify(.) by extensions ['ignore', 'ignore_ament_install']
[0.142s] Level 1:colcon.colcon_core.package_identification:_identify(.) by extension 'ignore'
[0.142s] Level 1:colcon.colcon_core.package_identification:_identify(.) by extension 'ignore_ament_install'
[0.142s] Level 1:colcon.colcon_core.package_identification:_identify(.) by extensions ['colcon_pkg']
[0.142s] Level 1:colcon.colcon_core.package_identification:_identify(.) by extension 'colcon_pkg'
[0.142s] Level 1:colcon.colcon_core.package_identification:_identify(.) by extensions ['colcon_meta']
[0.142s] Level 1:colcon.colcon_core.package_identification:_identify(.) by extension 'colcon_meta'
[0.142s] Level 1:colcon.colcon_core.package_identification:_identify(.) by extensions ['ros']
[0.142s] Level 1:colcon.colcon_core.package_identification:_identify(.) by extension 'ros'
[0.149s] Level 1:colcon.colcon_core.package_identification:_identify(.) by extensions ['cmake', 'python']
[0.149s] Level 1:colcon.colcon_core.package_identification:_identify(.) by extension 'cmake'
[0.149s] Level 1:colcon.colcon_core.package_identification:_identify(.) by extension 'python'
[0.149s] Level 1:colcon.colcon_core.package_identification:_identify(.) by extensions ['python_setup_py']
[0.149s] Level 1:colcon.colcon_core.package_identification:_identify(.) by extension 'python_setup_py'
[0.149s] Level 1:colcon.colcon_core.package_identification:_identify(build) by extensions ['ignore', 'ignore_ament_install']
[0.149s] Level 1:colcon.colcon_core.package_identification:_identify(build) by extension 'ignore'
[0.149s] Level 1:colcon.colcon_core.package_identification:_identify(build) ignored
[0.149s] Level 1:colcon.colcon_core.package_identification:_identify(install) by extensions ['ignore', 'ignore_ament_install']
[0.149s] Level 1:colcon.colcon_core.package_identification:_identify(install) by extension 'ignore'
[0.149s] Level 1:colcon.colcon_core.package_identification:_identify(install) ignored
[0.150s] Level 1:colcon.colcon_core.package_identification:_identify(log) by extensions ['ignore', 'ignore_ament_install']
[0.150s] Level 1:colcon.colcon_core.package_identification:_identify(log) by extension 'ignore'
[0.150s] Level 1:colcon.colcon_core.package_identification:_identify(log) ignored
[0.150s] Level 1:colcon.colcon_core.package_identification:_identify(src) by extensions ['ignore', 'ignore_ament_install']
[0.150s] Level 1:colcon.colcon_core.package_identification:_identify(src) by extension 'ignore'
[0.150s] Level 1:colcon.colcon_core.package_identification:_identify(src) by extension 'ignore_ament_install'
[0.150s] Level 1:colcon.colcon_core.package_identification:_identify(src) by extensions ['colcon_pkg']
[0.150s] Level 1:colcon.colcon_core.package_identification:_identify(src) by extension 'colcon_pkg'
[0.150s] Level 1:colcon.colcon_core.package_identification:_identify(src) by extensions ['colcon_meta']
[0.150s] Level 1:colcon.colcon_core.package_identification:_identify(src) by extension 'colcon_meta'
[0.150s] Level 1:colcon.colcon_core.package_identification:_identify(src) by extensions ['ros']
[0.150s] Level 1:colcon.colcon_core.package_identification:_identify(src) by extension 'ros'
[0.150s] Level 1:colcon.colcon_core.package_identification:_identify(src) by extensions ['cmake', 'python']
[0.150s] Level 1:colcon.colcon_core.package_identification:_identify(src) by extension 'cmake'
[0.150s] Level 1:colcon.colcon_core.package_identification:_identify(src) by extension 'python'
[0.150s] Level 1:colcon.colcon_core.package_identification:_identify(src) by extensions ['python_setup_py']
[0.150s] Level 1:colcon.colcon_core.package_identification:_identify(src) by extension 'python_setup_py'
[0.150s] Level 1:colcon.colcon_core.package_identification:_identify(src/action_test) by extensions ['ignore', 'ignore_ament_install']
[0.150s] Level 1:colcon.colcon_core.package_identification:_identify(src/action_test) by extension 'ignore'
[0.150s] Level 1:colcon.colcon_core.package_identification:_identify(src/action_test) by extension 'ignore_ament_install'
[0.150s] Level 1:colcon.colcon_core.package_identification:_identify(src/action_test) by extensions ['colcon_pkg']
[0.150s] Level 1:colcon.colcon_core.package_identification:_identify(src/action_test) by extension 'colcon_pkg'
[0.150s] Level 1:colcon.colcon_core.package_identification:_identify(src/action_test) by extensions ['colcon_meta']
[0.150s] Level 1:colcon.colcon_core.package_identification:_identify(src/action_test) by extension 'colcon_meta'
[0.150s] Level 1:colcon.colcon_core.package_identification:_identify(src/action_test) by extensions ['ros']
[0.150s] Level 1:colcon.colcon_core.package_identification:_identify(src/action_test) by extension 'ros'
[0.152s] DEBUG:colcon.colcon_core.package_identification:Package 'src/action_test' with type 'ros.ament_cmake' and name 'action_test'
[0.152s] Level 1:colcon.colcon_core.package_identification:_identify(src/my_msgs) by extensions ['ignore', 'ignore_ament_install']
[0.152s] Level 1:colcon.colcon_core.package_identification:_identify(src/my_msgs) by extension 'ignore'
[0.152s] Level 1:colcon.colcon_core.package_identification:_identify(src/my_msgs) by extension 'ignore_ament_install'
[0.152s] Level 1:colcon.colcon_core.package_identification:_identify(src/my_msgs) by extensions ['colcon_pkg']
[0.152s] Level 1:colcon.colcon_core.package_identification:_identify(src/my_msgs) by extension 'colcon_pkg'
[0.152s] Level 1:colcon.colcon_core.package_identification:_identify(src/my_msgs) by extensions ['colcon_meta']
[0.152s] Level 1:colcon.colcon_core.package_identification:_identify(src/my_msgs) by extension 'colcon_meta'
[0.152s] Level 1:colcon.colcon_core.package_identification:_identify(src/my_msgs) by extensions ['ros']
[0.152s] Level 1:colcon.colcon_core.package_identification:_identify(src/my_msgs) by extension 'ros'
[0.152s] DEBUG:colcon.colcon_core.package_identification:Package 'src/my_msgs' with type 'ros.ament_cmake' and name 'my_msgs'
[0.152s] Level 1:colcon.colcon_core.package_identification:_identify(src/param_test) by extensions ['ignore', 'ignore_ament_install']
[0.152s] Level 1:colcon.colcon_core.package_identification:_identify(src/param_test) by extension 'ignore'
[0.152s] Level 1:colcon.colcon_core.package_identification:_identify(src/param_test) by extension 'ignore_ament_install'
[0.152s] Level 1:colcon.colcon_core.package_identification:_identify(src/param_test) by extensions ['colcon_pkg']
[0.152s] Level 1:colcon.colcon_core.package_identification:_identify(src/param_test) by extension 'colcon_pkg'
[0.152s] Level 1:colcon.colcon_core.package_identification:_identify(src/param_test) by extensions ['colcon_meta']
[0.152s] Level 1:colcon.colcon_core.package_identification:_identify(src/param_test) by extension 'colcon_meta'
[0.152s] Level 1:colcon.colcon_core.package_identification:_identify(src/param_test) by extensions ['ros']
[0.153s] Level 1:colcon.colcon_core.package_identification:_identify(src/param_test) by extension 'ros'
[0.153s] DEBUG:colcon.colcon_core.package_identification:Package 'src/param_test' with type 'ros.ament_cmake' and name 'param_test'
[0.153s] Level 1:colcon.colcon_core.package_identification:_identify(src/test_cpp) by extensions ['ignore', 'ignore_ament_install']
[0.153s] Level 1:colcon.colcon_core.package_identification:_identify(src/test_cpp) by extension 'ignore'
[0.153s] Level 1:colcon.colcon_core.package_identification:_identify(src/test_cpp) by extension 'ignore_ament_install'
[0.153s] Level 1:colcon.colcon_core.package_identification:_identify(src/test_cpp) by extensions ['colcon_pkg']
[0.153s] Level 1:colcon.colcon_core.package_identification:_identify(src/test_cpp) by extension 'colcon_pkg'
[0.153s] Level 1:colcon.colcon_core.package_identification:_identify(src/test_cpp) by extensions ['colcon_meta']
[0.153s] Level 1:colcon.colcon_core.package_identification:_identify(src/test_cpp) by extension 'colcon_meta'
[0.153s] Level 1:colcon.colcon_core.package_identification:_identify(src/test_cpp) by extensions ['ros']
[0.153s] Level 1:colcon.colcon_core.package_identification:_identify(src/test_cpp) by extension 'ros'
[0.153s] DEBUG:colcon.colcon_core.package_identification:Package 'src/test_cpp' with type 'ros.ament_cmake' and name 'test_cpp'
[0.153s] Level 1:colcon.colcon_core.package_discovery:discover_packages(recursive) using defaults
[0.153s] Level 1:colcon.colcon_core.package_discovery:discover_packages(ignore) discover
[0.154s] Level 1:colcon.colcon_core.package_discovery:discover_packages(ignore) using defaults
[0.154s] Level 1:colcon.colcon_core.package_discovery:discover_packages(path) discover
[0.154s] Level 1:colcon.colcon_core.package_discovery:discover_packages(path) using defaults
[0.166s] Level 1:colcon.colcon_core.package_discovery:discover_packages(prefix_path) check parameters
[0.167s] Level 1:colcon.colcon_core.package_discovery:discover_packages(prefix_path) discover
[0.168s] DEBUG:colcon.colcon_installed_package_information.package_discovery:Found 3 installed packages in /home/tom007/catkin_ws_ros2/install
[0.169s] DEBUG:colcon.colcon_installed_package_information.package_discovery:Found 273 installed packages in /opt/ros/humble
[0.170s] Level 1:colcon.colcon_core.package_discovery:discover_packages(prefix_path) using defaults
[0.195s] Level 5:colcon.colcon_core.verb:set package 'my_msgs' build argument 'cmake_args' from command line to 'None'
[0.195s] Level 5:colcon.colcon_core.verb:set package 'my_msgs' build argument 'cmake_target' from command line to 'None'
[0.195s] Level 5:colcon.colcon_core.verb:set package 'my_msgs' build argument 'cmake_target_skip_unavailable' from command line to 'False'
[0.195s] Level 5:colcon.colcon_core.verb:set package 'my_msgs' build argument 'cmake_clean_cache' from command line to 'False'
[0.195s] Level 5:colcon.colcon_core.verb:set package 'my_msgs' build argument 'cmake_clean_first' from command line to 'False'
[0.195s] Level 5:colcon.colcon_core.verb:set package 'my_msgs' build argument 'cmake_force_configure' from command line to 'False'
[0.195s] Level 5:colcon.colcon_core.verb:set package 'my_msgs' build argument 'ament_cmake_args' from command line to 'None'
[0.195s] Level 5:colcon.colcon_core.verb:set package 'my_msgs' build argument 'catkin_cmake_args' from command line to 'None'
[0.195s] Level 5:colcon.colcon_core.verb:set package 'my_msgs' build argument 'catkin_skip_building_tests' from command line to 'False'
[0.195s] DEBUG:colcon.colcon_core.verb:Building package 'my_msgs' with the following arguments: {'ament_cmake_args': None, 'build_base': '/home/tom007/catkin_ws_ros2/build/my_msgs', 'catkin_cmake_args': None, 'catkin_skip_building_tests': False, 'cmake_args': None, 'cmake_clean_cache': False, 'cmake_clean_first': False, 'cmake_force_configure': False, 'cmake_target': None, 'cmake_target_skip_unavailable': False, 'install_base': '/home/tom007/catkin_ws_ros2/install/my_msgs', 'merge_install': False, 'path': '/home/tom007/catkin_ws_ros2/src/my_msgs', 'symlink_install': False, 'test_result_base': None}
[0.195s] Level 5:colcon.colcon_core.verb:set package 'param_test' build argument 'cmake_args' from command line to 'None'
[0.195s] Level 5:colcon.colcon_core.verb:set package 'param_test' build argument 'cmake_target' from command line to 'None'
[0.195s] Level 5:colcon.colcon_core.verb:set package 'param_test' build argument 'cmake_target_skip_unavailable' from command line to 'False'
[0.195s] Level 5:colcon.colcon_core.verb:set package 'param_test' build argument 'cmake_clean_cache' from command line to 'False'
[0.195s] Level 5:colcon.colcon_core.verb:set package 'param_test' build argument 'cmake_clean_first' from command line to 'False'
[0.195s] Level 5:colcon.colcon_core.verb:set package 'param_test' build argument 'cmake_force_configure' from command line to 'False'
[0.195s] Level 5:colcon.colcon_core.verb:set package 'param_test' build argument 'ament_cmake_args' from command line to 'None'
[0.195s] Level 5:colcon.colcon_core.verb:set package 'param_test' build argument 'catkin_cmake_args' from command line to 'None'
[0.195s] Level 5:colcon.colcon_core.verb:set package 'param_test' build argument 'catkin_skip_building_tests' from command line to 'False'
[0.195s] DEBUG:colcon.colcon_core.verb:Building package 'param_test' with the following arguments: {'ament_cmake_args': None, 'build_base': '/home/tom007/catkin_ws_ros2/build/param_test', 'catkin_cmake_args': None, 'catkin_skip_building_tests': False, 'cmake_args': None, 'cmake_clean_cache': False, 'cmake_clean_first': False, 'cmake_force_configure': False, 'cmake_target': None, 'cmake_target_skip_unavailable': False, 'install_base': '/home/tom007/catkin_ws_ros2/install/param_test', 'merge_install': False, 'path': '/home/tom007/catkin_ws_ros2/src/param_test', 'symlink_install': False, 'test_result_base': None}
[0.196s] Level 5:colcon.colcon_core.verb:set package 'action_test' build argument 'cmake_args' from command line to 'None'
[0.196s] Level 5:colcon.colcon_core.verb:set package 'action_test' build argument 'cmake_target' from command line to 'None'
[0.196s] Level 5:colcon.colcon_core.verb:set package 'action_test' build argument 'cmake_target_skip_unavailable' from command line to 'False'
[0.196s] Level 5:colcon.colcon_core.verb:set package 'action_test' build argument 'cmake_clean_cache' from command line to 'False'
[0.196s] Level 5:colcon.colcon_core.verb:set package 'action_test' build argument 'cmake_clean_first' from command line to 'False'
[0.196s] Level 5:colcon.colcon_core.verb:set package 'action_test' build argument 'cmake_force_configure' from command line to 'False'
[0.196s] Level 5:colcon.colcon_core.verb:set package 'action_test' build argument 'ament_cmake_args' from command line to 'None'
[0.196s] Level 5:colcon.colcon_core.verb:set package 'action_test' build argument 'catkin_cmake_args' from command line to 'None'
[0.196s] Level 5:colcon.colcon_core.verb:set package 'action_test' build argument 'catkin_skip_building_tests' from command line to 'False'
[0.196s] DEBUG:colcon.colcon_core.verb:Building package 'action_test' with the following arguments: {'ament_cmake_args': None, 'build_base': '/home/tom007/catkin_ws_ros2/build/action_test', 'catkin_cmake_args': None, 'catkin_skip_building_tests': False, 'cmake_args': None, 'cmake_clean_cache': False, 'cmake_clean_first': False, 'cmake_force_configure': False, 'cmake_target': None, 'cmake_target_skip_unavailable': False, 'install_base': '/home/tom007/catkin_ws_ros2/install/action_test', 'merge_install': False, 'path': '/home/tom007/catkin_ws_ros2/src/action_test', 'symlink_install': False, 'test_result_base': None}
[0.196s] Level 5:colcon.colcon_core.verb:set package 'test_cpp' build argument 'cmake_args' from command line to 'None'
[0.196s] Level 5:colcon.colcon_core.verb:set package 'test_cpp' build argument 'cmake_target' from command line to 'None'
[0.196s] Level 5:colcon.colcon_core.verb:set package 'test_cpp' build argument 'cmake_target_skip_unavailable' from command line to 'False'
[0.196s] Level 5:colcon.colcon_core.verb:set package 'test_cpp' build argument 'cmake_clean_cache' from command line to 'False'
[0.196s] Level 5:colcon.colcon_core.verb:set package 'test_cpp' build argument 'cmake_clean_first' from command line to 'False'
[0.196s] Level 5:colcon.colcon_core.verb:set package 'test_cpp' build argument 'cmake_force_configure' from command line to 'False'
[0.196s] Level 5:colcon.colcon_core.verb:set package 'test_cpp' build argument 'ament_cmake_args' from command line to 'None'
[0.196s] Level 5:colcon.colcon_core.verb:set package 'test_cpp' build argument 'catkin_cmake_args' from command line to 'None'
[0.196s] Level 5:colcon.colcon_core.verb:set package 'test_cpp' build argument 'catkin_skip_building_tests' from command line to 'False'
[0.196s] DEBUG:colcon.colcon_core.verb:Building package 'test_cpp' with the following arguments: {'ament_cmake_args': None, 'build_base': '/home/tom007/catkin_ws_ros2/build/test_cpp', 'catkin_cmake_args': None, 'catkin_skip_building_tests': False, 'cmake_args': None, 'cmake_clean_cache': False, 'cmake_clean_first': False, 'cmake_force_configure': False, 'cmake_target': None, 'cmake_target_skip_unavailable': False, 'install_base': '/home/tom007/catkin_ws_ros2/install/test_cpp', 'merge_install': False, 'path': '/home/tom007/catkin_ws_ros2/src/test_cpp', 'symlink_install': False, 'test_result_base': None}
[0.196s] INFO:colcon.colcon_core.executor:Executing jobs using 'parallel' executor
[0.197s] DEBUG:colcon.colcon_parallel_executor.executor.parallel:run_until_complete
[0.197s] INFO:colcon.colcon_ros.task.ament_cmake.build:Building ROS package in '/home/tom007/catkin_ws_ros2/src/my_msgs' with build type 'ament_cmake'
[0.197s] INFO:colcon.colcon_cmake.task.cmake.build:Building CMake package in '/home/tom007/catkin_ws_ros2/src/my_msgs'
[0.199s] INFO:colcon.colcon_core.plugin_system:Skipping extension 'colcon_core.shell.bat': Not used on non-Windows systems
[0.200s] INFO:colcon.colcon_core.shell:Skip shell extension 'powershell' for command environment: Not usable outside of PowerShell
[0.200s] DEBUG:colcon.colcon_core.shell:Skip shell extension 'dsv' for command environment
[0.202s] INFO:colcon.colcon_ros.task.ament_cmake.build:Building ROS package in '/home/tom007/catkin_ws_ros2/src/param_test' with build type 'ament_cmake'
[0.202s] INFO:colcon.colcon_cmake.task.cmake.build:Building CMake package in '/home/tom007/catkin_ws_ros2/src/param_test'
[0.202s] INFO:colcon.colcon_core.shell:Skip shell extension 'powershell' for command environment: Not usable outside of PowerShell
[0.202s] DEBUG:colcon.colcon_core.shell:Skip shell extension 'dsv' for command environment
[0.208s] DEBUG:colcon.colcon_core.event_handler.log_command:Invoking command in '/home/tom007/catkin_ws_ros2/build/my_msgs': CMAKE_PREFIX_PATH=${CMAKE_PREFIX_PATH}:/opt/ros/humble /usr/bin/cmake --build /home/tom007/catkin_ws_ros2/build/my_msgs -- -j16 -l16
[0.209s] DEBUG:colcon.colcon_core.event_handler.log_command:Invoking command in '/home/tom007/catkin_ws_ros2/build/param_test': CMAKE_PREFIX_PATH=${CMAKE_PREFIX_PATH}:/opt/ros/humble /usr/bin/cmake /home/tom007/catkin_ws_ros2/src/param_test -DCMAKE_INSTALL_PREFIX=/home/tom007/catkin_ws_ros2/install/param_test
[0.410s] DEBUG:colcon.colcon_core.event_handler.log_command:Invoked command in '/home/tom007/catkin_ws_ros2/build/my_msgs' returned '0': CMAKE_PREFIX_PATH=${CMAKE_PREFIX_PATH}:/opt/ros/humble /usr/bin/cmake --build /home/tom007/catkin_ws_ros2/build/my_msgs -- -j16 -l16
[0.478s] DEBUG:colcon.colcon_core.event_handler.log_command:Invoking command in '/home/tom007/catkin_ws_ros2/build/my_msgs': CMAKE_PREFIX_PATH=${CMAKE_PREFIX_PATH}:/opt/ros/humble /usr/bin/cmake --install /home/tom007/catkin_ws_ros2/build/my_msgs
[0.517s] Level 1:colcon.colcon_core.environment:create_environment_scripts_only(my_msgs)
[0.517s] DEBUG:colcon.colcon_core.event_handler.log_command:Invoked command in '/home/tom007/catkin_ws_ros2/build/my_msgs' returned '0': CMAKE_PREFIX_PATH=${CMAKE_PREFIX_PATH}:/opt/ros/humble /usr/bin/cmake --install /home/tom007/catkin_ws_ros2/build/my_msgs
[0.520s] Level 1:colcon.colcon_core.environment:checking '/home/tom007/catkin_ws_ros2/install/my_msgs' for CMake module files
[0.520s] Level 1:colcon.colcon_core.environment:checking '/home/tom007/catkin_ws_ros2/install/my_msgs' for CMake config files
[0.520s] Level 1:colcon.colcon_core.shell:create_environment_hook('my_msgs', 'cmake_prefix_path')
[0.520s] INFO:colcon.colcon_core.shell:Creating environment hook '/home/tom007/catkin_ws_ros2/install/my_msgs/share/my_msgs/hook/cmake_prefix_path.ps1'
[0.521s] INFO:colcon.colcon_core.shell:Creating environment descriptor '/home/tom007/catkin_ws_ros2/install/my_msgs/share/my_msgs/hook/cmake_prefix_path.dsv'
[0.521s] INFO:colcon.colcon_core.shell:Creating environment hook '/home/tom007/catkin_ws_ros2/install/my_msgs/share/my_msgs/hook/cmake_prefix_path.sh'
[0.522s] Level 1:colcon.colcon_core.environment:checking '/home/tom007/catkin_ws_ros2/install/my_msgs/lib'
[0.522s] Level 1:colcon.colcon_core.shell:create_environment_hook('my_msgs', 'ld_library_path_lib')
[0.522s] INFO:colcon.colcon_core.shell:Creating environment hook '/home/tom007/catkin_ws_ros2/install/my_msgs/share/my_msgs/hook/ld_library_path_lib.ps1'
[0.522s] INFO:colcon.colcon_core.shell:Creating environment descriptor '/home/tom007/catkin_ws_ros2/install/my_msgs/share/my_msgs/hook/ld_library_path_lib.dsv'
[0.523s] INFO:colcon.colcon_core.shell:Creating environment hook '/home/tom007/catkin_ws_ros2/install/my_msgs/share/my_msgs/hook/ld_library_path_lib.sh'
[0.523s] Level 1:colcon.colcon_core.environment:checking '/home/tom007/catkin_ws_ros2/install/my_msgs/bin'
[0.523s] Level 1:colcon.colcon_core.environment:checking '/home/tom007/catkin_ws_ros2/install/my_msgs/lib/pkgconfig/my_msgs.pc'
[0.523s] Level 1:colcon.colcon_core.environment:checking '/home/tom007/catkin_ws_ros2/install/my_msgs/lib/python3.10/site-packages'
[0.523s] Level 1:colcon.colcon_core.environment:checking '/home/tom007/catkin_ws_ros2/install/my_msgs/bin'
[0.523s] INFO:colcon.colcon_core.shell:Creating package script '/home/tom007/catkin_ws_ros2/install/my_msgs/share/my_msgs/package.ps1'
[0.524s] INFO:colcon.colcon_core.shell:Creating package descriptor '/home/tom007/catkin_ws_ros2/install/my_msgs/share/my_msgs/package.dsv'
[0.524s] INFO:colcon.colcon_core.shell:Creating package script '/home/tom007/catkin_ws_ros2/install/my_msgs/share/my_msgs/package.sh'
[0.525s] INFO:colcon.colcon_core.shell:Creating package script '/home/tom007/catkin_ws_ros2/install/my_msgs/share/my_msgs/package.bash'
[0.525s] INFO:colcon.colcon_core.shell:Creating package script '/home/tom007/catkin_ws_ros2/install/my_msgs/share/my_msgs/package.zsh'
[0.526s] Level 1:colcon.colcon_core.environment:create_file_with_runtime_dependencies(/home/tom007/catkin_ws_ros2/install/my_msgs/share/colcon-core/packages/my_msgs)
[0.589s] Level 1:colcon.colcon_core.environment:create_environment_scripts_only(my_msgs)
[0.589s] Level 1:colcon.colcon_core.environment:checking '/home/tom007/catkin_ws_ros2/install/my_msgs' for CMake module files
[0.589s] Level 1:colcon.colcon_core.environment:checking '/home/tom007/catkin_ws_ros2/install/my_msgs' for CMake config files
[0.589s] Level 1:colcon.colcon_core.shell:create_environment_hook('my_msgs', 'cmake_prefix_path')
[0.589s] INFO:colcon.colcon_core.shell:Creating environment hook '/home/tom007/catkin_ws_ros2/install/my_msgs/share/my_msgs/hook/cmake_prefix_path.ps1'
[0.590s] INFO:colcon.colcon_core.shell:Creating environment descriptor '/home/tom007/catkin_ws_ros2/install/my_msgs/share/my_msgs/hook/cmake_prefix_path.dsv'
[0.590s] INFO:colcon.colcon_core.shell:Creating environment hook '/home/tom007/catkin_ws_ros2/install/my_msgs/share/my_msgs/hook/cmake_prefix_path.sh'
[0.591s] Level 1:colcon.colcon_core.environment:checking '/home/tom007/catkin_ws_ros2/install/my_msgs/lib'
[0.591s] Level 1:colcon.colcon_core.shell:create_environment_hook('my_msgs', 'ld_library_path_lib')
[0.591s] INFO:colcon.colcon_core.shell:Creating environment hook '/home/tom007/catkin_ws_ros2/install/my_msgs/share/my_msgs/hook/ld_library_path_lib.ps1'
[0.591s] INFO:colcon.colcon_core.shell:Creating environment descriptor '/home/tom007/catkin_ws_ros2/install/my_msgs/share/my_msgs/hook/ld_library_path_lib.dsv'
[0.592s] INFO:colcon.colcon_core.shell:Creating environment hook '/home/tom007/catkin_ws_ros2/install/my_msgs/share/my_msgs/hook/ld_library_path_lib.sh'
[0.592s] Level 1:colcon.colcon_core.environment:checking '/home/tom007/catkin_ws_ros2/install/my_msgs/bin'
[0.592s] Level 1:colcon.colcon_core.environment:checking '/home/tom007/catkin_ws_ros2/install/my_msgs/lib/pkgconfig/my_msgs.pc'
[0.592s] Level 1:colcon.colcon_core.environment:checking '/home/tom007/catkin_ws_ros2/install/my_msgs/lib/python3.10/site-packages'
[0.593s] Level 1:colcon.colcon_core.environment:checking '/home/tom007/catkin_ws_ros2/install/my_msgs/bin'
[0.593s] INFO:colcon.colcon_core.shell:Creating package script '/home/tom007/catkin_ws_ros2/install/my_msgs/share/my_msgs/package.ps1'
[0.593s] INFO:colcon.colcon_core.shell:Creating package descriptor '/home/tom007/catkin_ws_ros2/install/my_msgs/share/my_msgs/package.dsv'
[0.594s] INFO:colcon.colcon_core.shell:Creating package script '/home/tom007/catkin_ws_ros2/install/my_msgs/share/my_msgs/package.sh'
[0.594s] INFO:colcon.colcon_core.shell:Creating package script '/home/tom007/catkin_ws_ros2/install/my_msgs/share/my_msgs/package.bash'
[0.595s] INFO:colcon.colcon_core.shell:Creating package script '/home/tom007/catkin_ws_ros2/install/my_msgs/share/my_msgs/package.zsh'
[0.595s] Level 1:colcon.colcon_core.environment:create_file_with_runtime_dependencies(/home/tom007/catkin_ws_ros2/install/my_msgs/share/colcon-core/packages/my_msgs)
[0.595s] INFO:colcon.colcon_ros.task.ament_cmake.build:Building ROS package in '/home/tom007/catkin_ws_ros2/src/action_test' with build type 'ament_cmake'
[0.595s] INFO:colcon.colcon_cmake.task.cmake.build:Building CMake package in '/home/tom007/catkin_ws_ros2/src/action_test'
[0.596s] INFO:colcon.colcon_core.shell:Skip shell extension 'powershell' for command environment: Not usable outside of PowerShell
[0.596s] DEBUG:colcon.colcon_core.shell:Skip shell extension 'dsv' for command environment
[0.598s] INFO:colcon.colcon_ros.task.ament_cmake.build:Building ROS package in '/home/tom007/catkin_ws_ros2/src/test_cpp' with build type 'ament_cmake'
[0.598s] INFO:colcon.colcon_cmake.task.cmake.build:Building CMake package in '/home/tom007/catkin_ws_ros2/src/test_cpp'
[0.598s] INFO:colcon.colcon_core.shell:Skip shell extension 'powershell' for command environment: Not usable outside of PowerShell
[0.598s] DEBUG:colcon.colcon_core.shell:Skip shell extension 'dsv' for command environment
[0.603s] DEBUG:colcon.colcon_core.event_handler.log_command:Invoking command in '/home/tom007/catkin_ws_ros2/build/action_test': CMAKE_PREFIX_PATH=/home/tom007/catkin_ws_ros2/install/my_msgs:/home/tom007/catkin_ws_ros2/install/test_cpp:/home/tom007/catkin_ws_ros2/install/action_test:/opt/ros/humble /usr/bin/cmake --build /home/tom007/catkin_ws_ros2/build/action_test -- -j16 -l16
[0.605s] DEBUG:colcon.colcon_core.event_handler.log_command:Invoking command in '/home/tom007/catkin_ws_ros2/build/test_cpp': CMAKE_PREFIX_PATH=/home/tom007/catkin_ws_ros2/install/my_msgs:/home/tom007/catkin_ws_ros2/install/test_cpp:/home/tom007/catkin_ws_ros2/install/action_test:/opt/ros/humble /usr/bin/cmake --build /home/tom007/catkin_ws_ros2/build/test_cpp -- -j16 -l16
[0.645s] DEBUG:colcon.colcon_core.event_handler.log_command:Invoked command in '/home/tom007/catkin_ws_ros2/build/test_cpp' returned '0': CMAKE_PREFIX_PATH=/home/tom007/catkin_ws_ros2/install/my_msgs:/home/tom007/catkin_ws_ros2/install/test_cpp:/home/tom007/catkin_ws_ros2/install/action_test:/opt/ros/humble /usr/bin/cmake --build /home/tom007/catkin_ws_ros2/build/test_cpp -- -j16 -l16
[0.666s] DEBUG:colcon.colcon_core.event_handler.log_command:Invoking command in '/home/tom007/catkin_ws_ros2/build/test_cpp': CMAKE_PREFIX_PATH=/home/tom007/catkin_ws_ros2/install/my_msgs:/home/tom007/catkin_ws_ros2/install/test_cpp:/home/tom007/catkin_ws_ros2/install/action_test:/opt/ros/humble /usr/bin/cmake --install /home/tom007/catkin_ws_ros2/build/test_cpp
[0.675s] Level 1:colcon.colcon_core.environment:create_environment_scripts_only(test_cpp)
[0.676s] Level 1:colcon.colcon_core.environment:checking '/home/tom007/catkin_ws_ros2/install/test_cpp' for CMake module files
[0.676s] DEBUG:colcon.colcon_core.event_handler.log_command:Invoked command in '/home/tom007/catkin_ws_ros2/build/test_cpp' returned '0': CMAKE_PREFIX_PATH=/home/tom007/catkin_ws_ros2/install/my_msgs:/home/tom007/catkin_ws_ros2/install/test_cpp:/home/tom007/catkin_ws_ros2/install/action_test:/opt/ros/humble /usr/bin/cmake --install /home/tom007/catkin_ws_ros2/build/test_cpp
[0.677s] Level 1:colcon.colcon_core.environment:checking '/home/tom007/catkin_ws_ros2/install/test_cpp' for CMake config files
[0.677s] Level 1:colcon.colcon_core.shell:create_environment_hook('test_cpp', 'cmake_prefix_path')
[0.677s] INFO:colcon.colcon_core.shell:Creating environment hook '/home/tom007/catkin_ws_ros2/install/test_cpp/share/test_cpp/hook/cmake_prefix_path.ps1'
[0.677s] INFO:colcon.colcon_core.shell:Creating environment descriptor '/home/tom007/catkin_ws_ros2/install/test_cpp/share/test_cpp/hook/cmake_prefix_path.dsv'
[0.678s] INFO:colcon.colcon_core.shell:Creating environment hook '/home/tom007/catkin_ws_ros2/install/test_cpp/share/test_cpp/hook/cmake_prefix_path.sh'
[0.678s] Level 1:colcon.colcon_core.environment:checking '/home/tom007/catkin_ws_ros2/install/test_cpp/lib'
[0.678s] Level 1:colcon.colcon_core.environment:checking '/home/tom007/catkin_ws_ros2/install/test_cpp/bin'
[0.678s] Level 1:colcon.colcon_core.environment:checking '/home/tom007/catkin_ws_ros2/install/test_cpp/lib/pkgconfig/test_cpp.pc'
[0.678s] Level 1:colcon.colcon_core.environment:checking '/home/tom007/catkin_ws_ros2/install/test_cpp/lib/python3.10/site-packages'
[0.679s] Level 1:colcon.colcon_core.environment:checking '/home/tom007/catkin_ws_ros2/install/test_cpp/bin'
[0.679s] INFO:colcon.colcon_core.shell:Creating package script '/home/tom007/catkin_ws_ros2/install/test_cpp/share/test_cpp/package.ps1'
[0.679s] INFO:colcon.colcon_core.shell:Creating package descriptor '/home/tom007/catkin_ws_ros2/install/test_cpp/share/test_cpp/package.dsv'
[0.680s] INFO:colcon.colcon_core.shell:Creating package script '/home/tom007/catkin_ws_ros2/install/test_cpp/share/test_cpp/package.sh'
[0.680s] INFO:colcon.colcon_core.shell:Creating package script '/home/tom007/catkin_ws_ros2/install/test_cpp/share/test_cpp/package.bash'
[0.680s] INFO:colcon.colcon_core.shell:Creating package script '/home/tom007/catkin_ws_ros2/install/test_cpp/share/test_cpp/package.zsh'
[0.681s] Level 1:colcon.colcon_core.environment:create_file_with_runtime_dependencies(/home/tom007/catkin_ws_ros2/install/test_cpp/share/colcon-core/packages/test_cpp)
[0.705s] Level 1:colcon.colcon_core.environment:create_environment_scripts_only(test_cpp)
[0.705s] Level 1:colcon.colcon_core.environment:checking '/home/tom007/catkin_ws_ros2/install/test_cpp' for CMake module files
[0.706s] Level 1:colcon.colcon_core.environment:checking '/home/tom007/catkin_ws_ros2/install/test_cpp' for CMake config files
[0.706s] Level 1:colcon.colcon_core.shell:create_environment_hook('test_cpp', 'cmake_prefix_path')
[0.706s] INFO:colcon.colcon_core.shell:Creating environment hook '/home/tom007/catkin_ws_ros2/install/test_cpp/share/test_cpp/hook/cmake_prefix_path.ps1'
[0.706s] INFO:colcon.colcon_core.shell:Creating environment descriptor '/home/tom007/catkin_ws_ros2/install/test_cpp/share/test_cpp/hook/cmake_prefix_path.dsv'
[0.707s] INFO:colcon.colcon_core.shell:Creating environment hook '/home/tom007/catkin_ws_ros2/install/test_cpp/share/test_cpp/hook/cmake_prefix_path.sh'
[0.707s] Level 1:colcon.colcon_core.environment:checking '/home/tom007/catkin_ws_ros2/install/test_cpp/lib'
[0.707s] Level 1:colcon.colcon_core.environment:checking '/home/tom007/catkin_ws_ros2/install/test_cpp/bin'
[0.707s] Level 1:colcon.colcon_core.environment:checking '/home/tom007/catkin_ws_ros2/install/test_cpp/lib/pkgconfig/test_cpp.pc'
[0.707s] Level 1:colcon.colcon_core.environment:checking '/home/tom007/catkin_ws_ros2/install/test_cpp/lib/python3.10/site-packages'
[0.707s] Level 1:colcon.colcon_core.environment:checking '/home/tom007/catkin_ws_ros2/install/test_cpp/bin'
[0.708s] INFO:colcon.colcon_core.shell:Creating package script '/home/tom007/catkin_ws_ros2/install/test_cpp/share/test_cpp/package.ps1'
[0.708s] INFO:colcon.colcon_core.shell:Creating package descriptor '/home/tom007/catkin_ws_ros2/install/test_cpp/share/test_cpp/package.dsv'
[0.708s] INFO:colcon.colcon_core.shell:Creating package script '/home/tom007/catkin_ws_ros2/install/test_cpp/share/test_cpp/package.sh'
[0.708s] INFO:colcon.colcon_core.shell:Creating package script '/home/tom007/catkin_ws_ros2/install/test_cpp/share/test_cpp/package.bash'
[0.708s] INFO:colcon.colcon_core.shell:Creating package script '/home/tom007/catkin_ws_ros2/install/test_cpp/share/test_cpp/package.zsh'
[0.709s] Level 1:colcon.colcon_core.environment:create_file_with_runtime_dependencies(/home/tom007/catkin_ws_ros2/install/test_cpp/share/colcon-core/packages/test_cpp)
[0.986s] DEBUG:colcon.colcon_core.event_handler.log_command:Invoked command in '/home/tom007/catkin_ws_ros2/build/param_test' returned '0': CMAKE_PREFIX_PATH=${CMAKE_PREFIX_PATH}:/opt/ros/humble /usr/bin/cmake /home/tom007/catkin_ws_ros2/src/param_test -DCMAKE_INSTALL_PREFIX=/home/tom007/catkin_ws_ros2/install/param_test
[0.988s] DEBUG:colcon.colcon_core.event_handler.log_command:Invoking command in '/home/tom007/catkin_ws_ros2/build/param_test': CMAKE_PREFIX_PATH=${CMAKE_PREFIX_PATH}:/opt/ros/humble /usr/bin/cmake --build /home/tom007/catkin_ws_ros2/build/param_test -- -j16 -l16
[2.773s] DEBUG:colcon.colcon_core.event_handler.log_command:Invoked command in '/home/tom007/catkin_ws_ros2/build/param_test' returned '0': CMAKE_PREFIX_PATH=${CMAKE_PREFIX_PATH}:/opt/ros/humble /usr/bin/cmake --build /home/tom007/catkin_ws_ros2/build/param_test -- -j16 -l16
[2.789s] DEBUG:colcon.colcon_core.event_handler.log_command:Invoking command in '/home/tom007/catkin_ws_ros2/build/param_test': CMAKE_PREFIX_PATH=${CMAKE_PREFIX_PATH}:/opt/ros/humble /usr/bin/cmake --install /home/tom007/catkin_ws_ros2/build/param_test
[2.794s] Level 1:colcon.colcon_core.environment:create_environment_scripts_only(param_test)
[2.794s] Level 1:colcon.colcon_core.environment:checking '/home/tom007/catkin_ws_ros2/install/param_test' for CMake module files
[2.795s] DEBUG:colcon.colcon_core.event_handler.log_command:Invoked command in '/home/tom007/catkin_ws_ros2/build/param_test' returned '0': CMAKE_PREFIX_PATH=${CMAKE_PREFIX_PATH}:/opt/ros/humble /usr/bin/cmake --install /home/tom007/catkin_ws_ros2/build/param_test
[2.795s] Level 1:colcon.colcon_core.environment:checking '/home/tom007/catkin_ws_ros2/install/param_test' for CMake config files
[2.795s] Level 1:colcon.colcon_core.shell:create_environment_hook('param_test', 'cmake_prefix_path')
[2.795s] INFO:colcon.colcon_core.shell:Creating environment hook '/home/tom007/catkin_ws_ros2/install/param_test/share/param_test/hook/cmake_prefix_path.ps1'
[2.795s] INFO:colcon.colcon_core.shell:Creating environment descriptor '/home/tom007/catkin_ws_ros2/install/param_test/share/param_test/hook/cmake_prefix_path.dsv'
[2.795s] INFO:colcon.colcon_core.shell:Creating environment hook '/home/tom007/catkin_ws_ros2/install/param_test/share/param_test/hook/cmake_prefix_path.sh'
[2.796s] Level 1:colcon.colcon_core.environment:checking '/home/tom007/catkin_ws_ros2/install/param_test/lib'
[2.796s] Level 1:colcon.colcon_core.environment:checking '/home/tom007/catkin_ws_ros2/install/param_test/bin'
[2.796s] Level 1:colcon.colcon_core.environment:checking '/home/tom007/catkin_ws_ros2/install/param_test/lib/pkgconfig/param_test.pc'
[2.796s] Level 1:colcon.colcon_core.environment:checking '/home/tom007/catkin_ws_ros2/install/param_test/lib/python3.10/site-packages'
[2.796s] Level 1:colcon.colcon_core.environment:checking '/home/tom007/catkin_ws_ros2/install/param_test/bin'
[2.796s] INFO:colcon.colcon_core.shell:Creating package script '/home/tom007/catkin_ws_ros2/install/param_test/share/param_test/package.ps1'
[2.796s] INFO:colcon.colcon_core.shell:Creating package descriptor '/home/tom007/catkin_ws_ros2/install/param_test/share/param_test/package.dsv'
[2.797s] INFO:colcon.colcon_core.shell:Creating package script '/home/tom007/catkin_ws_ros2/install/param_test/share/param_test/package.sh'
[2.797s] INFO:colcon.colcon_core.shell:Creating package script '/home/tom007/catkin_ws_ros2/install/param_test/share/param_test/package.bash'
[2.797s] INFO:colcon.colcon_core.shell:Creating package script '/home/tom007/catkin_ws_ros2/install/param_test/share/param_test/package.zsh'
[2.797s] Level 1:colcon.colcon_core.environment:create_file_with_runtime_dependencies(/home/tom007/catkin_ws_ros2/install/param_test/share/colcon-core/packages/param_test)
[2.813s] Level 1:colcon.colcon_core.environment:create_environment_scripts_only(param_test)
[2.814s] Level 1:colcon.colcon_core.environment:checking '/home/tom007/catkin_ws_ros2/install/param_test' for CMake module files
[2.814s] Level 1:colcon.colcon_core.environment:checking '/home/tom007/catkin_ws_ros2/install/param_test' for CMake config files
[2.814s] Level 1:colcon.colcon_core.shell:create_environment_hook('param_test', 'cmake_prefix_path')
[2.814s] INFO:colcon.colcon_core.shell:Creating environment hook '/home/tom007/catkin_ws_ros2/install/param_test/share/param_test/hook/cmake_prefix_path.ps1'
[2.814s] INFO:colcon.colcon_core.shell:Creating environment descriptor '/home/tom007/catkin_ws_ros2/install/param_test/share/param_test/hook/cmake_prefix_path.dsv'
[2.815s] INFO:colcon.colcon_core.shell:Creating environment hook '/home/tom007/catkin_ws_ros2/install/param_test/share/param_test/hook/cmake_prefix_path.sh'
[2.815s] Level 1:colcon.colcon_core.environment:checking '/home/tom007/catkin_ws_ros2/install/param_test/lib'
[2.815s] Level 1:colcon.colcon_core.environment:checking '/home/tom007/catkin_ws_ros2/install/param_test/bin'
[2.815s] Level 1:colcon.colcon_core.environment:checking '/home/tom007/catkin_ws_ros2/install/param_test/lib/pkgconfig/param_test.pc'
[2.815s] Level 1:colcon.colcon_core.environment:checking '/home/tom007/catkin_ws_ros2/install/param_test/lib/python3.10/site-packages'
[2.815s] Level 1:colcon.colcon_core.environment:checking '/home/tom007/catkin_ws_ros2/install/param_test/bin'
[2.815s] INFO:colcon.colcon_core.shell:Creating package script '/home/tom007/catkin_ws_ros2/install/param_test/share/param_test/package.ps1'
[2.816s] INFO:colcon.colcon_core.shell:Creating package descriptor '/home/tom007/catkin_ws_ros2/install/param_test/share/param_test/package.dsv'
[2.816s] INFO:colcon.colcon_core.shell:Creating package script '/home/tom007/catkin_ws_ros2/install/param_test/share/param_test/package.sh'
[2.816s] INFO:colcon.colcon_core.shell:Creating package script '/home/tom007/catkin_ws_ros2/install/param_test/share/param_test/package.bash'
[2.816s] INFO:colcon.colcon_core.shell:Creating package script '/home/tom007/catkin_ws_ros2/install/param_test/share/param_test/package.zsh'
[2.816s] Level 1:colcon.colcon_core.environment:create_file_with_runtime_dependencies(/home/tom007/catkin_ws_ros2/install/param_test/share/colcon-core/packages/param_test)
[2.895s] DEBUG:colcon.colcon_core.event_handler.log_command:Invoked command in '/home/tom007/catkin_ws_ros2/build/action_test' returned '0': CMAKE_PREFIX_PATH=/home/tom007/catkin_ws_ros2/install/my_msgs:/home/tom007/catkin_ws_ros2/install/test_cpp:/home/tom007/catkin_ws_ros2/install/action_test:/opt/ros/humble /usr/bin/cmake --build /home/tom007/catkin_ws_ros2/build/action_test -- -j16 -l16
[2.913s] DEBUG:colcon.colcon_core.event_handler.log_command:Invoking command in '/home/tom007/catkin_ws_ros2/build/action_test': CMAKE_PREFIX_PATH=/home/tom007/catkin_ws_ros2/install/my_msgs:/home/tom007/catkin_ws_ros2/install/test_cpp:/home/tom007/catkin_ws_ros2/install/action_test:/opt/ros/humble /usr/bin/cmake --install /home/tom007/catkin_ws_ros2/build/action_test
[2.921s] Level 1:colcon.colcon_core.environment:create_environment_scripts_only(action_test)
[2.921s] Level 1:colcon.colcon_core.environment:checking '/home/tom007/catkin_ws_ros2/install/action_test' for CMake module files
[2.921s] DEBUG:colcon.colcon_core.event_handler.log_command:Invoked command in '/home/tom007/catkin_ws_ros2/build/action_test' returned '0': CMAKE_PREFIX_PATH=/home/tom007/catkin_ws_ros2/install/my_msgs:/home/tom007/catkin_ws_ros2/install/test_cpp:/home/tom007/catkin_ws_ros2/install/action_test:/opt/ros/humble /usr/bin/cmake --install /home/tom007/catkin_ws_ros2/build/action_test
[2.922s] Level 1:colcon.colcon_core.environment:checking '/home/tom007/catkin_ws_ros2/install/action_test' for CMake config files
[2.922s] Level 1:colcon.colcon_core.shell:create_environment_hook('action_test', 'cmake_prefix_path')
[2.922s] INFO:colcon.colcon_core.shell:Creating environment hook '/home/tom007/catkin_ws_ros2/install/action_test/share/action_test/hook/cmake_prefix_path.ps1'
[2.922s] INFO:colcon.colcon_core.shell:Creating environment descriptor '/home/tom007/catkin_ws_ros2/install/action_test/share/action_test/hook/cmake_prefix_path.dsv'
[2.922s] INFO:colcon.colcon_core.shell:Creating environment hook '/home/tom007/catkin_ws_ros2/install/action_test/share/action_test/hook/cmake_prefix_path.sh'
[2.923s] Level 1:colcon.colcon_core.environment:checking '/home/tom007/catkin_ws_ros2/install/action_test/lib'
[2.923s] Level 1:colcon.colcon_core.environment:checking '/home/tom007/catkin_ws_ros2/install/action_test/bin'
[2.923s] Level 1:colcon.colcon_core.environment:checking '/home/tom007/catkin_ws_ros2/install/action_test/lib/pkgconfig/action_test.pc'
[2.923s] Level 1:colcon.colcon_core.environment:checking '/home/tom007/catkin_ws_ros2/install/action_test/lib/python3.10/site-packages'
[2.923s] Level 1:colcon.colcon_core.environment:checking '/home/tom007/catkin_ws_ros2/install/action_test/bin'
[2.923s] INFO:colcon.colcon_core.shell:Creating package script '/home/tom007/catkin_ws_ros2/install/action_test/share/action_test/package.ps1'
[2.923s] INFO:colcon.colcon_core.shell:Creating package descriptor '/home/tom007/catkin_ws_ros2/install/action_test/share/action_test/package.dsv'
[2.924s] INFO:colcon.colcon_core.shell:Creating package script '/home/tom007/catkin_ws_ros2/install/action_test/share/action_test/package.sh'
[2.924s] INFO:colcon.colcon_core.shell:Creating package script '/home/tom007/catkin_ws_ros2/install/action_test/share/action_test/package.bash'
[2.924s] INFO:colcon.colcon_core.shell:Creating package script '/home/tom007/catkin_ws_ros2/install/action_test/share/action_test/package.zsh'
[2.924s] Level 1:colcon.colcon_core.environment:create_file_with_runtime_dependencies(/home/tom007/catkin_ws_ros2/install/action_test/share/colcon-core/packages/action_test)
[2.942s] Level 1:colcon.colcon_core.environment:create_environment_scripts_only(action_test)
[2.943s] Level 1:colcon.colcon_core.environment:checking '/home/tom007/catkin_ws_ros2/install/action_test' for CMake module files
[2.943s] Level 1:colcon.colcon_core.environment:checking '/home/tom007/catkin_ws_ros2/install/action_test' for CMake config files
[2.943s] Level 1:colcon.colcon_core.shell:create_environment_hook('action_test', 'cmake_prefix_path')
[2.943s] INFO:colcon.colcon_core.shell:Creating environment hook '/home/tom007/catkin_ws_ros2/install/action_test/share/action_test/hook/cmake_prefix_path.ps1'
[2.944s] INFO:colcon.colcon_core.shell:Creating environment descriptor '/home/tom007/catkin_ws_ros2/install/action_test/share/action_test/hook/cmake_prefix_path.dsv'
[2.944s] INFO:colcon.colcon_core.shell:Creating environment hook '/home/tom007/catkin_ws_ros2/install/action_test/share/action_test/hook/cmake_prefix_path.sh'
[2.945s] Level 1:colcon.colcon_core.environment:checking '/home/tom007/catkin_ws_ros2/install/action_test/lib'
[2.945s] Level 1:colcon.colcon_core.environment:checking '/home/tom007/catkin_ws_ros2/install/action_test/bin'
[2.945s] Level 1:colcon.colcon_core.environment:checking '/home/tom007/catkin_ws_ros2/install/action_test/lib/pkgconfig/action_test.pc'
[2.945s] Level 1:colcon.colcon_core.environment:checking '/home/tom007/catkin_ws_ros2/install/action_test/lib/python3.10/site-packages'
[2.945s] Level 1:colcon.colcon_core.environment:checking '/home/tom007/catkin_ws_ros2/install/action_test/bin'
[2.946s] INFO:colcon.colcon_core.shell:Creating package script '/home/tom007/catkin_ws_ros2/install/action_test/share/action_test/package.ps1'
[2.946s] INFO:colcon.colcon_core.shell:Creating package descriptor '/home/tom007/catkin_ws_ros2/install/action_test/share/action_test/package.dsv'
[2.946s] INFO:colcon.colcon_core.shell:Creating package script '/home/tom007/catkin_ws_ros2/install/action_test/share/action_test/package.sh'
[2.946s] INFO:colcon.colcon_core.shell:Creating package script '/home/tom007/catkin_ws_ros2/install/action_test/share/action_test/package.bash'
[2.947s] INFO:colcon.colcon_core.shell:Creating package script '/home/tom007/catkin_ws_ros2/install/action_test/share/action_test/package.zsh'
[2.947s] Level 1:colcon.colcon_core.environment:create_file_with_runtime_dependencies(/home/tom007/catkin_ws_ros2/install/action_test/share/colcon-core/packages/action_test)
[2.947s] DEBUG:colcon.colcon_parallel_executor.executor.parallel:closing loop
[2.947s] DEBUG:colcon.colcon_parallel_executor.executor.parallel:loop closed
[2.947s] DEBUG:colcon.colcon_parallel_executor.executor.parallel:run_until_complete finished with '0'
[2.947s] DEBUG:colcon.colcon_core.event_reactor:joining thread
[2.951s] INFO:colcon.colcon_core.plugin_system:Skipping extension 'colcon_notification.desktop_notification.terminal_notifier': Not used on non-Darwin systems
[2.951s] INFO:colcon.colcon_core.plugin_system:Skipping extension 'colcon_notification.desktop_notification.win32': Not used on non-Windows systems
[2.951s] INFO:colcon.colcon_notification.desktop_notification:Sending desktop notification using 'notify2'
[2.968s] DEBUG:colcon.colcon_core.event_reactor:joined thread
[2.968s] INFO:colcon.colcon_core.shell:Creating prefix script '/home/tom007/catkin_ws_ros2/install/local_setup.ps1'
[2.969s] INFO:colcon.colcon_core.shell:Creating prefix util module '/home/tom007/catkin_ws_ros2/install/_local_setup_util_ps1.py'
[2.970s] INFO:colcon.colcon_core.shell:Creating prefix chain script '/home/tom007/catkin_ws_ros2/install/setup.ps1'
[2.970s] INFO:colcon.colcon_core.shell:Creating prefix script '/home/tom007/catkin_ws_ros2/install/local_setup.sh'
[2.971s] INFO:colcon.colcon_core.shell:Creating prefix util module '/home/tom007/catkin_ws_ros2/install/_local_setup_util_sh.py'
[2.971s] INFO:colcon.colcon_core.shell:Creating prefix chain script '/home/tom007/catkin_ws_ros2/install/setup.sh'
[2.972s] INFO:colcon.colcon_core.shell:Creating prefix script '/home/tom007/catkin_ws_ros2/install/local_setup.bash'
[2.972s] INFO:colcon.colcon_core.shell:Creating prefix chain script '/home/tom007/catkin_ws_ros2/install/setup.bash'
[2.973s] INFO:colcon.colcon_core.shell:Creating prefix script '/home/tom007/catkin_ws_ros2/install/local_setup.zsh'
[2.973s] INFO:colcon.colcon_core.shell:Creating prefix chain script '/home/tom007/catkin_ws_ros2/install/setup.zsh'
