[0.009s] Invoking command in '/home/tom007/catkin_ws_ros2/build/my_msgs': CMAKE_PREFIX_PATH=${CMAKE_PREFIX_PATH}:/opt/ros/humble /usr/bin/cmake --build /home/tom007/catkin_ws_ros2/build/my_msgs -- -j16 -l16
[0.049s] [  2%] Built target my_msgs__cpp
[0.049s] [ 12%] Built target my_msgs__rosidl_generator_c
[0.058s] [ 12%] Built target ament_cmake_python_copy_my_msgs
[0.063s] [ 23%] Built target my_msgs__rosidl_typesupport_c
[0.063s] [ 34%] Built target my_msgs__rosidl_typesupport_introspection_c
[0.063s] [ 44%] Built target my_msgs__rosidl_typesupport_cpp
[0.064s] [ 55%] Built target my_msgs__rosidl_typesupport_fastrtps_cpp
[0.066s] [ 65%] Built target my_msgs__rosidl_typesupport_introspection_cpp
[0.075s] [ 76%] Built target my_msgs__rosidl_typesupport_fastrtps_c
[0.089s] [ 76%] Built target my_msgs
[0.102s] [ 78%] Built target my_msgs__py
[0.119s] [ 87%] Built target my_msgs__rosidl_generator_py
[0.134s] [ 95%] Built target my_msgs__rosidl_typesupport_introspection_c__pyext
[0.134s] [ 95%] Built target my_msgs__rosidl_typesupport_c__pyext
[0.135s] [100%] Built target my_msgs__rosidl_typesupport_fastrtps_c__pyext
[0.190s] running egg_info
[0.190s] writing my_msgs.egg-info/PKG-INFO
[0.190s] writing dependency_links to my_msgs.egg-info/dependency_links.txt
[0.190s] writing top-level names to my_msgs.egg-info/top_level.txt
[0.192s] reading manifest file 'my_msgs.egg-info/SOURCES.txt'
[0.192s] writing manifest file 'my_msgs.egg-info/SOURCES.txt'
[0.207s] [100%] Built target ament_cmake_python_build_my_msgs_egg
[0.216s] Invoked command in '/home/tom007/catkin_ws_ros2/build/my_msgs' returned '0': CMAKE_PREFIX_PATH=${CMAKE_PREFIX_PATH}:/opt/ros/humble /usr/bin/cmake --build /home/tom007/catkin_ws_ros2/build/my_msgs -- -j16 -l16
[0.279s] Invoking command in '/home/tom007/catkin_ws_ros2/build/my_msgs': CMAKE_PREFIX_PATH=${CMAKE_PREFIX_PATH}:/opt/ros/humble /usr/bin/cmake --install /home/tom007/catkin_ws_ros2/build/my_msgs
[0.285s] -- Install configuration: ""
[0.285s] -- Up-to-date: /home/tom007/catkin_ws_ros2/install/my_msgs/share/ament_index/resource_index/rosidl_interfaces/my_msgs
[0.285s] -- Up-to-date: /home/tom007/catkin_ws_ros2/install/my_msgs/include/my_msgs/my_msgs
[0.285s] -- Up-to-date: /home/tom007/catkin_ws_ros2/install/my_msgs/include/my_msgs/my_msgs/srv
[0.285s] -- Up-to-date: /home/tom007/catkin_ws_ros2/install/my_msgs/include/my_msgs/my_msgs/srv/detail
[0.286s] -- Up-to-date: /home/tom007/catkin_ws_ros2/install/my_msgs/include/my_msgs/my_msgs/srv/detail/test__struct.h
[0.286s] -- Up-to-date: /home/tom007/catkin_ws_ros2/install/my_msgs/include/my_msgs/my_msgs/srv/detail/test__type_support.h
[0.286s] -- Up-to-date: /home/tom007/catkin_ws_ros2/install/my_msgs/include/my_msgs/my_msgs/srv/detail/test__functions.h
[0.286s] -- Up-to-date: /home/tom007/catkin_ws_ros2/install/my_msgs/include/my_msgs/my_msgs/srv/detail/test__functions.c
[0.286s] -- Up-to-date: /home/tom007/catkin_ws_ros2/install/my_msgs/include/my_msgs/my_msgs/srv/test.h
[0.286s] -- Up-to-date: /home/tom007/catkin_ws_ros2/install/my_msgs/include/my_msgs/my_msgs/msg
[0.286s] -- Up-to-date: /home/tom007/catkin_ws_ros2/install/my_msgs/include/my_msgs/my_msgs/msg/detail
[0.286s] -- Up-to-date: /home/tom007/catkin_ws_ros2/install/my_msgs/include/my_msgs/my_msgs/msg/detail/test__struct.h
[0.286s] -- Up-to-date: /home/tom007/catkin_ws_ros2/install/my_msgs/include/my_msgs/my_msgs/msg/detail/test__type_support.h
[0.286s] -- Up-to-date: /home/tom007/catkin_ws_ros2/install/my_msgs/include/my_msgs/my_msgs/msg/detail/test__functions.h
[0.286s] -- Up-to-date: /home/tom007/catkin_ws_ros2/install/my_msgs/include/my_msgs/my_msgs/msg/detail/test__functions.c
[0.286s] -- Up-to-date: /home/tom007/catkin_ws_ros2/install/my_msgs/include/my_msgs/my_msgs/msg/test.h
[0.286s] -- Up-to-date: /home/tom007/catkin_ws_ros2/install/my_msgs/include/my_msgs/my_msgs/msg/rosidl_generator_c__visibility_control.h
[0.286s] -- Up-to-date: /home/tom007/catkin_ws_ros2/install/my_msgs/include/my_msgs/my_msgs/action
[0.286s] -- Up-to-date: /home/tom007/catkin_ws_ros2/install/my_msgs/include/my_msgs/my_msgs/action/detail
[0.286s] -- Up-to-date: /home/tom007/catkin_ws_ros2/install/my_msgs/include/my_msgs/my_msgs/action/detail/test__struct.h
[0.286s] -- Up-to-date: /home/tom007/catkin_ws_ros2/install/my_msgs/include/my_msgs/my_msgs/action/detail/test__type_support.h
[0.286s] -- Up-to-date: /home/tom007/catkin_ws_ros2/install/my_msgs/include/my_msgs/my_msgs/action/detail/test__functions.h
[0.286s] -- Up-to-date: /home/tom007/catkin_ws_ros2/install/my_msgs/include/my_msgs/my_msgs/action/detail/test__functions.c
[0.286s] -- Up-to-date: /home/tom007/catkin_ws_ros2/install/my_msgs/include/my_msgs/my_msgs/action/test.h
[0.286s] -- Up-to-date: /home/tom007/catkin_ws_ros2/install/my_msgs/share/my_msgs/environment/library_path.sh
[0.286s] -- Up-to-date: /home/tom007/catkin_ws_ros2/install/my_msgs/share/my_msgs/environment/library_path.dsv
[0.286s] -- Up-to-date: /home/tom007/catkin_ws_ros2/install/my_msgs/lib/libmy_msgs__rosidl_generator_c.so
[0.286s] -- Up-to-date: /home/tom007/catkin_ws_ros2/install/my_msgs/include/my_msgs/my_msgs
[0.286s] -- Up-to-date: /home/tom007/catkin_ws_ros2/install/my_msgs/include/my_msgs/my_msgs/srv
[0.286s] -- Up-to-date: /home/tom007/catkin_ws_ros2/install/my_msgs/include/my_msgs/my_msgs/srv/detail
[0.286s] -- Up-to-date: /home/tom007/catkin_ws_ros2/install/my_msgs/include/my_msgs/my_msgs/srv/detail/test__rosidl_typesupport_fastrtps_c.h
[0.286s] -- Up-to-date: /home/tom007/catkin_ws_ros2/install/my_msgs/include/my_msgs/my_msgs/msg
[0.287s] -- Up-to-date: /home/tom007/catkin_ws_ros2/install/my_msgs/include/my_msgs/my_msgs/msg/rosidl_typesupport_fastrtps_c__visibility_control.h
[0.287s] -- Up-to-date: /home/tom007/catkin_ws_ros2/install/my_msgs/include/my_msgs/my_msgs/msg/detail
[0.287s] -- Up-to-date: /home/tom007/catkin_ws_ros2/install/my_msgs/include/my_msgs/my_msgs/msg/detail/test__rosidl_typesupport_fastrtps_c.h
[0.287s] -- Up-to-date: /home/tom007/catkin_ws_ros2/install/my_msgs/include/my_msgs/my_msgs/action
[0.287s] -- Up-to-date: /home/tom007/catkin_ws_ros2/install/my_msgs/include/my_msgs/my_msgs/action/detail
[0.287s] -- Up-to-date: /home/tom007/catkin_ws_ros2/install/my_msgs/include/my_msgs/my_msgs/action/detail/test__rosidl_typesupport_fastrtps_c.h
[0.287s] -- Up-to-date: /home/tom007/catkin_ws_ros2/install/my_msgs/lib/libmy_msgs__rosidl_typesupport_fastrtps_c.so
[0.287s] -- Up-to-date: /home/tom007/catkin_ws_ros2/install/my_msgs/include/my_msgs/my_msgs
[0.287s] -- Up-to-date: /home/tom007/catkin_ws_ros2/install/my_msgs/include/my_msgs/my_msgs/srv
[0.287s] -- Up-to-date: /home/tom007/catkin_ws_ros2/install/my_msgs/include/my_msgs/my_msgs/srv/detail
[0.287s] -- Up-to-date: /home/tom007/catkin_ws_ros2/install/my_msgs/include/my_msgs/my_msgs/srv/detail/test__struct.hpp
[0.287s] -- Up-to-date: /home/tom007/catkin_ws_ros2/install/my_msgs/include/my_msgs/my_msgs/srv/detail/test__traits.hpp
[0.287s] -- Up-to-date: /home/tom007/catkin_ws_ros2/install/my_msgs/include/my_msgs/my_msgs/srv/detail/test__builder.hpp
[0.287s] -- Up-to-date: /home/tom007/catkin_ws_ros2/install/my_msgs/include/my_msgs/my_msgs/srv/test.hpp
[0.287s] -- Up-to-date: /home/tom007/catkin_ws_ros2/install/my_msgs/include/my_msgs/my_msgs/msg
[0.287s] -- Up-to-date: /home/tom007/catkin_ws_ros2/install/my_msgs/include/my_msgs/my_msgs/msg/detail
[0.287s] -- Up-to-date: /home/tom007/catkin_ws_ros2/install/my_msgs/include/my_msgs/my_msgs/msg/detail/test__struct.hpp
[0.287s] -- Up-to-date: /home/tom007/catkin_ws_ros2/install/my_msgs/include/my_msgs/my_msgs/msg/detail/test__traits.hpp
[0.287s] -- Up-to-date: /home/tom007/catkin_ws_ros2/install/my_msgs/include/my_msgs/my_msgs/msg/detail/test__builder.hpp
[0.287s] -- Up-to-date: /home/tom007/catkin_ws_ros2/install/my_msgs/include/my_msgs/my_msgs/msg/test.hpp
[0.287s] -- Up-to-date: /home/tom007/catkin_ws_ros2/install/my_msgs/include/my_msgs/my_msgs/action
[0.287s] -- Up-to-date: /home/tom007/catkin_ws_ros2/install/my_msgs/include/my_msgs/my_msgs/action/detail
[0.287s] -- Up-to-date: /home/tom007/catkin_ws_ros2/install/my_msgs/include/my_msgs/my_msgs/action/detail/test__struct.hpp
[0.287s] -- Up-to-date: /home/tom007/catkin_ws_ros2/install/my_msgs/include/my_msgs/my_msgs/action/detail/test__traits.hpp
[0.287s] -- Up-to-date: /home/tom007/catkin_ws_ros2/install/my_msgs/include/my_msgs/my_msgs/action/detail/test__builder.hpp
[0.287s] -- Up-to-date: /home/tom007/catkin_ws_ros2/install/my_msgs/include/my_msgs/my_msgs/action/test.hpp
[0.287s] -- Up-to-date: /home/tom007/catkin_ws_ros2/install/my_msgs/include/my_msgs/my_msgs
[0.287s] -- Up-to-date: /home/tom007/catkin_ws_ros2/install/my_msgs/include/my_msgs/my_msgs/srv
[0.287s] -- Up-to-date: /home/tom007/catkin_ws_ros2/install/my_msgs/include/my_msgs/my_msgs/srv/detail
[0.288s] -- Up-to-date: /home/tom007/catkin_ws_ros2/install/my_msgs/include/my_msgs/my_msgs/srv/detail/test__rosidl_typesupport_fastrtps_cpp.hpp
[0.288s] -- Up-to-date: /home/tom007/catkin_ws_ros2/install/my_msgs/include/my_msgs/my_msgs/srv/detail/dds_fastrtps
[0.288s] -- Up-to-date: /home/tom007/catkin_ws_ros2/install/my_msgs/include/my_msgs/my_msgs/msg
[0.288s] -- Up-to-date: /home/tom007/catkin_ws_ros2/install/my_msgs/include/my_msgs/my_msgs/msg/detail
[0.288s] -- Up-to-date: /home/tom007/catkin_ws_ros2/install/my_msgs/include/my_msgs/my_msgs/msg/detail/test__rosidl_typesupport_fastrtps_cpp.hpp
[0.288s] -- Up-to-date: /home/tom007/catkin_ws_ros2/install/my_msgs/include/my_msgs/my_msgs/msg/detail/dds_fastrtps
[0.288s] -- Up-to-date: /home/tom007/catkin_ws_ros2/install/my_msgs/include/my_msgs/my_msgs/msg/rosidl_typesupport_fastrtps_cpp__visibility_control.h
[0.288s] -- Up-to-date: /home/tom007/catkin_ws_ros2/install/my_msgs/include/my_msgs/my_msgs/action
[0.288s] -- Up-to-date: /home/tom007/catkin_ws_ros2/install/my_msgs/include/my_msgs/my_msgs/action/detail
[0.288s] -- Up-to-date: /home/tom007/catkin_ws_ros2/install/my_msgs/include/my_msgs/my_msgs/action/detail/test__rosidl_typesupport_fastrtps_cpp.hpp
[0.288s] -- Up-to-date: /home/tom007/catkin_ws_ros2/install/my_msgs/include/my_msgs/my_msgs/action/detail/dds_fastrtps
[0.288s] -- Up-to-date: /home/tom007/catkin_ws_ros2/install/my_msgs/lib/libmy_msgs__rosidl_typesupport_fastrtps_cpp.so
[0.288s] -- Up-to-date: /home/tom007/catkin_ws_ros2/install/my_msgs/include/my_msgs/my_msgs
[0.288s] -- Up-to-date: /home/tom007/catkin_ws_ros2/install/my_msgs/include/my_msgs/my_msgs/srv
[0.288s] -- Up-to-date: /home/tom007/catkin_ws_ros2/install/my_msgs/include/my_msgs/my_msgs/srv/detail
[0.288s] -- Up-to-date: /home/tom007/catkin_ws_ros2/install/my_msgs/include/my_msgs/my_msgs/srv/detail/test__rosidl_typesupport_introspection_c.h
[0.288s] -- Up-to-date: /home/tom007/catkin_ws_ros2/install/my_msgs/include/my_msgs/my_msgs/srv/detail/test__type_support.c
[0.288s] -- Up-to-date: /home/tom007/catkin_ws_ros2/install/my_msgs/include/my_msgs/my_msgs/msg
[0.288s] -- Up-to-date: /home/tom007/catkin_ws_ros2/install/my_msgs/include/my_msgs/my_msgs/msg/detail
[0.288s] -- Up-to-date: /home/tom007/catkin_ws_ros2/install/my_msgs/include/my_msgs/my_msgs/msg/detail/test__rosidl_typesupport_introspection_c.h
[0.288s] -- Up-to-date: /home/tom007/catkin_ws_ros2/install/my_msgs/include/my_msgs/my_msgs/msg/detail/test__type_support.c
[0.288s] -- Up-to-date: /home/tom007/catkin_ws_ros2/install/my_msgs/include/my_msgs/my_msgs/msg/rosidl_typesupport_introspection_c__visibility_control.h
[0.288s] -- Up-to-date: /home/tom007/catkin_ws_ros2/install/my_msgs/include/my_msgs/my_msgs/action
[0.288s] -- Up-to-date: /home/tom007/catkin_ws_ros2/install/my_msgs/include/my_msgs/my_msgs/action/detail
[0.288s] -- Up-to-date: /home/tom007/catkin_ws_ros2/install/my_msgs/include/my_msgs/my_msgs/action/detail/test__rosidl_typesupport_introspection_c.h
[0.288s] -- Up-to-date: /home/tom007/catkin_ws_ros2/install/my_msgs/include/my_msgs/my_msgs/action/detail/test__type_support.c
[0.288s] -- Up-to-date: /home/tom007/catkin_ws_ros2/install/my_msgs/lib/libmy_msgs__rosidl_typesupport_introspection_c.so
[0.289s] -- Up-to-date: /home/tom007/catkin_ws_ros2/install/my_msgs/lib/libmy_msgs__rosidl_typesupport_c.so
[0.289s] -- Up-to-date: /home/tom007/catkin_ws_ros2/install/my_msgs/include/my_msgs/my_msgs
[0.289s] -- Up-to-date: /home/tom007/catkin_ws_ros2/install/my_msgs/include/my_msgs/my_msgs/srv
[0.289s] -- Up-to-date: /home/tom007/catkin_ws_ros2/install/my_msgs/include/my_msgs/my_msgs/srv/detail
[0.289s] -- Up-to-date: /home/tom007/catkin_ws_ros2/install/my_msgs/include/my_msgs/my_msgs/srv/detail/test__rosidl_typesupport_introspection_cpp.hpp
[0.289s] -- Up-to-date: /home/tom007/catkin_ws_ros2/install/my_msgs/include/my_msgs/my_msgs/srv/detail/test__type_support.cpp
[0.289s] -- Up-to-date: /home/tom007/catkin_ws_ros2/install/my_msgs/include/my_msgs/my_msgs/msg
[0.289s] -- Up-to-date: /home/tom007/catkin_ws_ros2/install/my_msgs/include/my_msgs/my_msgs/msg/detail
[0.289s] -- Up-to-date: /home/tom007/catkin_ws_ros2/install/my_msgs/include/my_msgs/my_msgs/msg/detail/test__rosidl_typesupport_introspection_cpp.hpp
[0.289s] -- Up-to-date: /home/tom007/catkin_ws_ros2/install/my_msgs/include/my_msgs/my_msgs/msg/detail/test__type_support.cpp
[0.289s] -- Up-to-date: /home/tom007/catkin_ws_ros2/install/my_msgs/include/my_msgs/my_msgs/action
[0.289s] -- Up-to-date: /home/tom007/catkin_ws_ros2/install/my_msgs/include/my_msgs/my_msgs/action/detail
[0.289s] -- Up-to-date: /home/tom007/catkin_ws_ros2/install/my_msgs/include/my_msgs/my_msgs/action/detail/test__rosidl_typesupport_introspection_cpp.hpp
[0.289s] -- Up-to-date: /home/tom007/catkin_ws_ros2/install/my_msgs/include/my_msgs/my_msgs/action/detail/test__type_support.cpp
[0.289s] -- Up-to-date: /home/tom007/catkin_ws_ros2/install/my_msgs/lib/libmy_msgs__rosidl_typesupport_introspection_cpp.so
[0.290s] -- Up-to-date: /home/tom007/catkin_ws_ros2/install/my_msgs/lib/libmy_msgs__rosidl_typesupport_cpp.so
[0.290s] -- Up-to-date: /home/tom007/catkin_ws_ros2/install/my_msgs/share/my_msgs/environment/pythonpath.sh
[0.290s] -- Up-to-date: /home/tom007/catkin_ws_ros2/install/my_msgs/share/my_msgs/environment/pythonpath.dsv
[0.290s] -- Up-to-date: /home/tom007/catkin_ws_ros2/install/my_msgs/local/lib/python3.10/dist-packages/my_msgs-0.0.0-py3.10.egg-info
[0.290s] -- Installing: /home/tom007/catkin_ws_ros2/install/my_msgs/local/lib/python3.10/dist-packages/my_msgs-0.0.0-py3.10.egg-info/top_level.txt
[0.290s] -- Installing: /home/tom007/catkin_ws_ros2/install/my_msgs/local/lib/python3.10/dist-packages/my_msgs-0.0.0-py3.10.egg-info/dependency_links.txt
[0.290s] -- Installing: /home/tom007/catkin_ws_ros2/install/my_msgs/local/lib/python3.10/dist-packages/my_msgs-0.0.0-py3.10.egg-info/PKG-INFO
[0.290s] -- Installing: /home/tom007/catkin_ws_ros2/install/my_msgs/local/lib/python3.10/dist-packages/my_msgs-0.0.0-py3.10.egg-info/SOURCES.txt
[0.290s] -- Up-to-date: /home/tom007/catkin_ws_ros2/install/my_msgs/local/lib/python3.10/dist-packages/my_msgs
[0.290s] -- Up-to-date: /home/tom007/catkin_ws_ros2/install/my_msgs/local/lib/python3.10/dist-packages/my_msgs/srv
[0.290s] -- Up-to-date: /home/tom007/catkin_ws_ros2/install/my_msgs/local/lib/python3.10/dist-packages/my_msgs/srv/__init__.py
[0.290s] -- Up-to-date: /home/tom007/catkin_ws_ros2/install/my_msgs/local/lib/python3.10/dist-packages/my_msgs/srv/_test.py
[0.290s] -- Up-to-date: /home/tom007/catkin_ws_ros2/install/my_msgs/local/lib/python3.10/dist-packages/my_msgs/srv/_test_s.c
[0.290s] -- Up-to-date: /home/tom007/catkin_ws_ros2/install/my_msgs/local/lib/python3.10/dist-packages/my_msgs/__init__.py
[0.290s] -- Up-to-date: /home/tom007/catkin_ws_ros2/install/my_msgs/local/lib/python3.10/dist-packages/my_msgs/my_msgs_s__rosidl_typesupport_c.cpython-310-x86_64-linux-gnu.so
[0.290s] -- Up-to-date: /home/tom007/catkin_ws_ros2/install/my_msgs/local/lib/python3.10/dist-packages/my_msgs/_my_msgs_s.ep.rosidl_typesupport_introspection_c.c
[0.290s] -- Up-to-date: /home/tom007/catkin_ws_ros2/install/my_msgs/local/lib/python3.10/dist-packages/my_msgs/msg
[0.290s] -- Up-to-date: /home/tom007/catkin_ws_ros2/install/my_msgs/local/lib/python3.10/dist-packages/my_msgs/msg/__init__.py
[0.290s] -- Up-to-date: /home/tom007/catkin_ws_ros2/install/my_msgs/local/lib/python3.10/dist-packages/my_msgs/msg/_test.py
[0.290s] -- Up-to-date: /home/tom007/catkin_ws_ros2/install/my_msgs/local/lib/python3.10/dist-packages/my_msgs/msg/_test_s.c
[0.290s] -- Up-to-date: /home/tom007/catkin_ws_ros2/install/my_msgs/local/lib/python3.10/dist-packages/my_msgs/my_msgs_s__rosidl_typesupport_fastrtps_c.cpython-310-x86_64-linux-gnu.so
[0.290s] -- Up-to-date: /home/tom007/catkin_ws_ros2/install/my_msgs/local/lib/python3.10/dist-packages/my_msgs/_my_msgs_s.ep.rosidl_typesupport_c.c
[0.290s] -- Up-to-date: /home/tom007/catkin_ws_ros2/install/my_msgs/local/lib/python3.10/dist-packages/my_msgs/libmy_msgs__rosidl_generator_py.so
[0.290s] -- Up-to-date: /home/tom007/catkin_ws_ros2/install/my_msgs/local/lib/python3.10/dist-packages/my_msgs/my_msgs_s__rosidl_typesupport_introspection_c.cpython-310-x86_64-linux-gnu.so
[0.290s] -- Up-to-date: /home/tom007/catkin_ws_ros2/install/my_msgs/local/lib/python3.10/dist-packages/my_msgs/action
[0.290s] -- Up-to-date: /home/tom007/catkin_ws_ros2/install/my_msgs/local/lib/python3.10/dist-packages/my_msgs/action/__init__.py
[0.290s] -- Up-to-date: /home/tom007/catkin_ws_ros2/install/my_msgs/local/lib/python3.10/dist-packages/my_msgs/action/_test.py
[0.291s] -- Up-to-date: /home/tom007/catkin_ws_ros2/install/my_msgs/local/lib/python3.10/dist-packages/my_msgs/action/_test_s.c
[0.291s] -- Up-to-date: /home/tom007/catkin_ws_ros2/install/my_msgs/local/lib/python3.10/dist-packages/my_msgs/_my_msgs_s.ep.rosidl_typesupport_fastrtps_c.c
[0.310s] Listing '/home/tom007/catkin_ws_ros2/install/my_msgs/local/lib/python3.10/dist-packages/my_msgs'...
[0.310s] Listing '/home/tom007/catkin_ws_ros2/install/my_msgs/local/lib/python3.10/dist-packages/my_msgs/action'...
[0.310s] Listing '/home/tom007/catkin_ws_ros2/install/my_msgs/local/lib/python3.10/dist-packages/my_msgs/msg'...
[0.310s] Listing '/home/tom007/catkin_ws_ros2/install/my_msgs/local/lib/python3.10/dist-packages/my_msgs/srv'...
[0.313s] -- Up-to-date: /home/tom007/catkin_ws_ros2/install/my_msgs/local/lib/python3.10/dist-packages/my_msgs/my_msgs_s__rosidl_typesupport_fastrtps_c.cpython-310-x86_64-linux-gnu.so
[0.314s] -- Up-to-date: /home/tom007/catkin_ws_ros2/install/my_msgs/local/lib/python3.10/dist-packages/my_msgs/my_msgs_s__rosidl_typesupport_introspection_c.cpython-310-x86_64-linux-gnu.so
[0.314s] -- Up-to-date: /home/tom007/catkin_ws_ros2/install/my_msgs/local/lib/python3.10/dist-packages/my_msgs/my_msgs_s__rosidl_typesupport_c.cpython-310-x86_64-linux-gnu.so
[0.315s] -- Up-to-date: /home/tom007/catkin_ws_ros2/install/my_msgs/lib/libmy_msgs__rosidl_generator_py.so
[0.315s] -- Up-to-date: /home/tom007/catkin_ws_ros2/install/my_msgs/share/my_msgs/msg/Test.idl
[0.315s] -- Up-to-date: /home/tom007/catkin_ws_ros2/install/my_msgs/share/my_msgs/srv/Test.idl
[0.315s] -- Up-to-date: /home/tom007/catkin_ws_ros2/install/my_msgs/share/my_msgs/action/Test.idl
[0.315s] -- Up-to-date: /home/tom007/catkin_ws_ros2/install/my_msgs/share/my_msgs/msg/Test.msg
[0.315s] -- Up-to-date: /home/tom007/catkin_ws_ros2/install/my_msgs/share/my_msgs/srv/Test.srv
[0.315s] -- Up-to-date: /home/tom007/catkin_ws_ros2/install/my_msgs/share/my_msgs/srv/Test_Request.msg
[0.315s] -- Up-to-date: /home/tom007/catkin_ws_ros2/install/my_msgs/share/my_msgs/srv/Test_Response.msg
[0.315s] -- Up-to-date: /home/tom007/catkin_ws_ros2/install/my_msgs/share/my_msgs/action/Test.action
[0.315s] -- Up-to-date: /home/tom007/catkin_ws_ros2/install/my_msgs/share/ament_index/resource_index/package_run_dependencies/my_msgs
[0.315s] -- Up-to-date: /home/tom007/catkin_ws_ros2/install/my_msgs/share/ament_index/resource_index/parent_prefix_path/my_msgs
[0.315s] -- Up-to-date: /home/tom007/catkin_ws_ros2/install/my_msgs/share/my_msgs/environment/ament_prefix_path.sh
[0.315s] -- Up-to-date: /home/tom007/catkin_ws_ros2/install/my_msgs/share/my_msgs/environment/ament_prefix_path.dsv
[0.315s] -- Up-to-date: /home/tom007/catkin_ws_ros2/install/my_msgs/share/my_msgs/environment/path.sh
[0.315s] -- Up-to-date: /home/tom007/catkin_ws_ros2/install/my_msgs/share/my_msgs/environment/path.dsv
[0.315s] -- Up-to-date: /home/tom007/catkin_ws_ros2/install/my_msgs/share/my_msgs/local_setup.bash
[0.315s] -- Up-to-date: /home/tom007/catkin_ws_ros2/install/my_msgs/share/my_msgs/local_setup.sh
[0.315s] -- Up-to-date: /home/tom007/catkin_ws_ros2/install/my_msgs/share/my_msgs/local_setup.zsh
[0.315s] -- Up-to-date: /home/tom007/catkin_ws_ros2/install/my_msgs/share/my_msgs/local_setup.dsv
[0.315s] -- Installing: /home/tom007/catkin_ws_ros2/install/my_msgs/share/my_msgs/package.dsv
[0.315s] -- Up-to-date: /home/tom007/catkin_ws_ros2/install/my_msgs/share/ament_index/resource_index/packages/my_msgs
[0.315s] -- Up-to-date: /home/tom007/catkin_ws_ros2/install/my_msgs/share/my_msgs/cmake/export_my_msgs__rosidl_generator_cExport.cmake
[0.316s] -- Up-to-date: /home/tom007/catkin_ws_ros2/install/my_msgs/share/my_msgs/cmake/export_my_msgs__rosidl_generator_cExport-noconfig.cmake
[0.316s] -- Up-to-date: /home/tom007/catkin_ws_ros2/install/my_msgs/share/my_msgs/cmake/export_my_msgs__rosidl_typesupport_fastrtps_cExport.cmake
[0.316s] -- Up-to-date: /home/tom007/catkin_ws_ros2/install/my_msgs/share/my_msgs/cmake/export_my_msgs__rosidl_typesupport_fastrtps_cExport-noconfig.cmake
[0.316s] -- Up-to-date: /home/tom007/catkin_ws_ros2/install/my_msgs/share/my_msgs/cmake/export_my_msgs__rosidl_generator_cppExport.cmake
[0.316s] -- Up-to-date: /home/tom007/catkin_ws_ros2/install/my_msgs/share/my_msgs/cmake/export_my_msgs__rosidl_typesupport_fastrtps_cppExport.cmake
[0.316s] -- Up-to-date: /home/tom007/catkin_ws_ros2/install/my_msgs/share/my_msgs/cmake/export_my_msgs__rosidl_typesupport_fastrtps_cppExport-noconfig.cmake
[0.316s] -- Up-to-date: /home/tom007/catkin_ws_ros2/install/my_msgs/share/my_msgs/cmake/my_msgs__rosidl_typesupport_introspection_cExport.cmake
[0.316s] -- Up-to-date: /home/tom007/catkin_ws_ros2/install/my_msgs/share/my_msgs/cmake/my_msgs__rosidl_typesupport_introspection_cExport-noconfig.cmake
[0.316s] -- Up-to-date: /home/tom007/catkin_ws_ros2/install/my_msgs/share/my_msgs/cmake/my_msgs__rosidl_typesupport_cExport.cmake
[0.316s] -- Up-to-date: /home/tom007/catkin_ws_ros2/install/my_msgs/share/my_msgs/cmake/my_msgs__rosidl_typesupport_cExport-noconfig.cmake
[0.316s] -- Up-to-date: /home/tom007/catkin_ws_ros2/install/my_msgs/share/my_msgs/cmake/my_msgs__rosidl_typesupport_introspection_cppExport.cmake
[0.316s] -- Up-to-date: /home/tom007/catkin_ws_ros2/install/my_msgs/share/my_msgs/cmake/my_msgs__rosidl_typesupport_introspection_cppExport-noconfig.cmake
[0.317s] -- Up-to-date: /home/tom007/catkin_ws_ros2/install/my_msgs/share/my_msgs/cmake/my_msgs__rosidl_typesupport_cppExport.cmake
[0.317s] -- Up-to-date: /home/tom007/catkin_ws_ros2/install/my_msgs/share/my_msgs/cmake/my_msgs__rosidl_typesupport_cppExport-noconfig.cmake
[0.317s] -- Up-to-date: /home/tom007/catkin_ws_ros2/install/my_msgs/share/my_msgs/cmake/export_my_msgs__rosidl_generator_pyExport.cmake
[0.317s] -- Up-to-date: /home/tom007/catkin_ws_ros2/install/my_msgs/share/my_msgs/cmake/export_my_msgs__rosidl_generator_pyExport-noconfig.cmake
[0.317s] -- Up-to-date: /home/tom007/catkin_ws_ros2/install/my_msgs/share/my_msgs/cmake/rosidl_cmake-extras.cmake
[0.317s] -- Up-to-date: /home/tom007/catkin_ws_ros2/install/my_msgs/share/my_msgs/cmake/ament_cmake_export_dependencies-extras.cmake
[0.317s] -- Up-to-date: /home/tom007/catkin_ws_ros2/install/my_msgs/share/my_msgs/cmake/ament_cmake_export_include_directories-extras.cmake
[0.317s] -- Up-to-date: /home/tom007/catkin_ws_ros2/install/my_msgs/share/my_msgs/cmake/ament_cmake_export_libraries-extras.cmake
[0.317s] -- Up-to-date: /home/tom007/catkin_ws_ros2/install/my_msgs/share/my_msgs/cmake/ament_cmake_export_targets-extras.cmake
[0.317s] -- Up-to-date: /home/tom007/catkin_ws_ros2/install/my_msgs/share/my_msgs/cmake/rosidl_cmake_export_typesupport_targets-extras.cmake
[0.317s] -- Up-to-date: /home/tom007/catkin_ws_ros2/install/my_msgs/share/my_msgs/cmake/rosidl_cmake_export_typesupport_libraries-extras.cmake
[0.317s] -- Up-to-date: /home/tom007/catkin_ws_ros2/install/my_msgs/share/my_msgs/cmake/my_msgsConfig.cmake
[0.317s] -- Up-to-date: /home/tom007/catkin_ws_ros2/install/my_msgs/share/my_msgs/cmake/my_msgsConfig-version.cmake
[0.317s] -- Up-to-date: /home/tom007/catkin_ws_ros2/install/my_msgs/share/my_msgs/package.xml
[0.319s] Invoked command in '/home/tom007/catkin_ws_ros2/build/my_msgs' returned '0': CMAKE_PREFIX_PATH=${CMAKE_PREFIX_PATH}:/opt/ros/humble /usr/bin/cmake --install /home/tom007/catkin_ws_ros2/build/my_msgs
