[0.056s] DEBUG:colcon:Command line arguments: ['/usr/bin/colcon', 'build']
[0.056s] DEBUG:colcon:Parsed command line arguments: Namespace(log_base=None, log_level=None, verb_name='build', build_base='build', install_base='install', merge_install=False, symlink_install=False, test_result_base=None, continue_on_error=False, executor='parallel', parallel_workers=16, event_handlers=None, ignore_user_meta=False, metas=['./colcon.meta'], base_paths=['.'], packages_ignore=None, packages_ignore_regex=None, paths=None, packages_up_to=None, packages_up_to_regex=None, packages_above=None, packages_above_and_dependencies=None, packages_above_depth=None, packages_select_by_dep=None, packages_skip_by_dep=None, packages_skip_up_to=None, packages_select_build_failed=False, packages_skip_build_finished=False, packages_select_test_failures=False, packages_skip_test_passed=False, packages_select=None, packages_skip=None, packages_select_regex=None, packages_skip_regex=None, packages_start=None, packages_end=None, allow_overriding=[], cmake_args=None, cmake_target=None, cmake_target_skip_unavailable=False, cmake_clean_cache=False, cmake_clean_first=False, cmake_force_configure=False, ament_cmake_args=None, catkin_cmake_args=None, catkin_skip_building_tests=False, verb_parser=<colcon_defaults.argument_parser.defaults.DefaultArgumentsDecorator object at 0x7c661c2004c0>, verb_extension=<colcon_core.verb.build.BuildVerb object at 0x7c661c1c7460>, main=<bound method BuildVerb.main of <colcon_core.verb.build.BuildVerb object at 0x7c661c1c7460>>)
[0.133s] Level 1:colcon.colcon_core.package_discovery:discover_packages(colcon_meta) check parameters
[0.134s] Level 1:colcon.colcon_core.package_discovery:discover_packages(recursive) check parameters
[0.134s] Level 1:colcon.colcon_core.package_discovery:discover_packages(ignore) check parameters
[0.134s] Level 1:colcon.colcon_core.package_discovery:discover_packages(path) check parameters
[0.134s] Level 1:colcon.colcon_core.package_discovery:discover_packages(colcon_meta) discover
[0.134s] Level 1:colcon.colcon_core.package_discovery:discover_packages(recursive) discover
[0.134s] INFO:colcon.colcon_core.package_discovery:Crawling recursively for packages in '/home/tom007/catkin_ws_ros2'
[0.134s] Level 1:colcon.colcon_core.package_identification:_identify(.) by extensions ['ignore', 'ignore_ament_install']
[0.134s] Level 1:colcon.colcon_core.package_identification:_identify(.) by extension 'ignore'
[0.134s] Level 1:colcon.colcon_core.package_identification:_identify(.) by extension 'ignore_ament_install'
[0.134s] Level 1:colcon.colcon_core.package_identification:_identify(.) by extensions ['colcon_pkg']
[0.134s] Level 1:colcon.colcon_core.package_identification:_identify(.) by extension 'colcon_pkg'
[0.134s] Level 1:colcon.colcon_core.package_identification:_identify(.) by extensions ['colcon_meta']
[0.134s] Level 1:colcon.colcon_core.package_identification:_identify(.) by extension 'colcon_meta'
[0.134s] Level 1:colcon.colcon_core.package_identification:_identify(.) by extensions ['ros']
[0.134s] Level 1:colcon.colcon_core.package_identification:_identify(.) by extension 'ros'
[0.142s] Level 1:colcon.colcon_core.package_identification:_identify(.) by extensions ['cmake', 'python']
[0.142s] Level 1:colcon.colcon_core.package_identification:_identify(.) by extension 'cmake'
[0.142s] Level 1:colcon.colcon_core.package_identification:_identify(.) by extension 'python'
[0.142s] Level 1:colcon.colcon_core.package_identification:_identify(.) by extensions ['python_setup_py']
[0.142s] Level 1:colcon.colcon_core.package_identification:_identify(.) by extension 'python_setup_py'
[0.142s] Level 1:colcon.colcon_core.package_identification:_identify(build) by extensions ['ignore', 'ignore_ament_install']
[0.142s] Level 1:colcon.colcon_core.package_identification:_identify(build) by extension 'ignore'
[0.142s] Level 1:colcon.colcon_core.package_identification:_identify(build) ignored
[0.142s] Level 1:colcon.colcon_core.package_identification:_identify(install) by extensions ['ignore', 'ignore_ament_install']
[0.142s] Level 1:colcon.colcon_core.package_identification:_identify(install) by extension 'ignore'
[0.142s] Level 1:colcon.colcon_core.package_identification:_identify(install) ignored
[0.142s] Level 1:colcon.colcon_core.package_identification:_identify(log) by extensions ['ignore', 'ignore_ament_install']
[0.143s] Level 1:colcon.colcon_core.package_identification:_identify(log) by extension 'ignore'
[0.143s] Level 1:colcon.colcon_core.package_identification:_identify(log) ignored
[0.143s] Level 1:colcon.colcon_core.package_identification:_identify(src) by extensions ['ignore', 'ignore_ament_install']
[0.143s] Level 1:colcon.colcon_core.package_identification:_identify(src) by extension 'ignore'
[0.143s] Level 1:colcon.colcon_core.package_identification:_identify(src) by extension 'ignore_ament_install'
[0.143s] Level 1:colcon.colcon_core.package_identification:_identify(src) by extensions ['colcon_pkg']
[0.143s] Level 1:colcon.colcon_core.package_identification:_identify(src) by extension 'colcon_pkg'
[0.143s] Level 1:colcon.colcon_core.package_identification:_identify(src) by extensions ['colcon_meta']
[0.143s] Level 1:colcon.colcon_core.package_identification:_identify(src) by extension 'colcon_meta'
[0.143s] Level 1:colcon.colcon_core.package_identification:_identify(src) by extensions ['ros']
[0.143s] Level 1:colcon.colcon_core.package_identification:_identify(src) by extension 'ros'
[0.143s] Level 1:colcon.colcon_core.package_identification:_identify(src) by extensions ['cmake', 'python']
[0.143s] Level 1:colcon.colcon_core.package_identification:_identify(src) by extension 'cmake'
[0.143s] Level 1:colcon.colcon_core.package_identification:_identify(src) by extension 'python'
[0.143s] Level 1:colcon.colcon_core.package_identification:_identify(src) by extensions ['python_setup_py']
[0.143s] Level 1:colcon.colcon_core.package_identification:_identify(src) by extension 'python_setup_py'
[0.143s] Level 1:colcon.colcon_core.package_identification:_identify(src/action_test) by extensions ['ignore', 'ignore_ament_install']
[0.143s] Level 1:colcon.colcon_core.package_identification:_identify(src/action_test) by extension 'ignore'
[0.143s] Level 1:colcon.colcon_core.package_identification:_identify(src/action_test) by extension 'ignore_ament_install'
[0.143s] Level 1:colcon.colcon_core.package_identification:_identify(src/action_test) by extensions ['colcon_pkg']
[0.143s] Level 1:colcon.colcon_core.package_identification:_identify(src/action_test) by extension 'colcon_pkg'
[0.143s] Level 1:colcon.colcon_core.package_identification:_identify(src/action_test) by extensions ['colcon_meta']
[0.143s] Level 1:colcon.colcon_core.package_identification:_identify(src/action_test) by extension 'colcon_meta'
[0.143s] Level 1:colcon.colcon_core.package_identification:_identify(src/action_test) by extensions ['ros']
[0.143s] Level 1:colcon.colcon_core.package_identification:_identify(src/action_test) by extension 'ros'
[0.145s] DEBUG:colcon.colcon_core.package_identification:Package 'src/action_test' with type 'ros.ament_cmake' and name 'action_test'
[0.145s] Level 1:colcon.colcon_core.package_identification:_identify(src/my_msgs) by extensions ['ignore', 'ignore_ament_install']
[0.145s] Level 1:colcon.colcon_core.package_identification:_identify(src/my_msgs) by extension 'ignore'
[0.145s] Level 1:colcon.colcon_core.package_identification:_identify(src/my_msgs) by extension 'ignore_ament_install'
[0.145s] Level 1:colcon.colcon_core.package_identification:_identify(src/my_msgs) by extensions ['colcon_pkg']
[0.145s] Level 1:colcon.colcon_core.package_identification:_identify(src/my_msgs) by extension 'colcon_pkg'
[0.145s] Level 1:colcon.colcon_core.package_identification:_identify(src/my_msgs) by extensions ['colcon_meta']
[0.145s] Level 1:colcon.colcon_core.package_identification:_identify(src/my_msgs) by extension 'colcon_meta'
[0.145s] Level 1:colcon.colcon_core.package_identification:_identify(src/my_msgs) by extensions ['ros']
[0.145s] Level 1:colcon.colcon_core.package_identification:_identify(src/my_msgs) by extension 'ros'
[0.146s] DEBUG:colcon.colcon_core.package_identification:Package 'src/my_msgs' with type 'ros.ament_cmake' and name 'my_msgs'
[0.146s] Level 1:colcon.colcon_core.package_identification:_identify(src/test_cpp) by extensions ['ignore', 'ignore_ament_install']
[0.146s] Level 1:colcon.colcon_core.package_identification:_identify(src/test_cpp) by extension 'ignore'
[0.146s] Level 1:colcon.colcon_core.package_identification:_identify(src/test_cpp) by extension 'ignore_ament_install'
[0.146s] Level 1:colcon.colcon_core.package_identification:_identify(src/test_cpp) by extensions ['colcon_pkg']
[0.146s] Level 1:colcon.colcon_core.package_identification:_identify(src/test_cpp) by extension 'colcon_pkg'
[0.146s] Level 1:colcon.colcon_core.package_identification:_identify(src/test_cpp) by extensions ['colcon_meta']
[0.146s] Level 1:colcon.colcon_core.package_identification:_identify(src/test_cpp) by extension 'colcon_meta'
[0.146s] Level 1:colcon.colcon_core.package_identification:_identify(src/test_cpp) by extensions ['ros']
[0.146s] Level 1:colcon.colcon_core.package_identification:_identify(src/test_cpp) by extension 'ros'
[0.146s] DEBUG:colcon.colcon_core.package_identification:Package 'src/test_cpp' with type 'ros.ament_cmake' and name 'test_cpp'
[0.146s] Level 1:colcon.colcon_core.package_discovery:discover_packages(recursive) using defaults
[0.146s] Level 1:colcon.colcon_core.package_discovery:discover_packages(ignore) discover
[0.146s] Level 1:colcon.colcon_core.package_discovery:discover_packages(ignore) using defaults
[0.146s] Level 1:colcon.colcon_core.package_discovery:discover_packages(path) discover
[0.146s] Level 1:colcon.colcon_core.package_discovery:discover_packages(path) using defaults
[0.158s] Level 1:colcon.colcon_core.package_discovery:discover_packages(prefix_path) check parameters
[0.158s] Level 1:colcon.colcon_core.package_discovery:discover_packages(prefix_path) discover
[0.159s] DEBUG:colcon.colcon_installed_package_information.package_discovery:Found 3 installed packages in /home/tom007/catkin_ws_ros2/install
[0.160s] DEBUG:colcon.colcon_installed_package_information.package_discovery:Found 273 installed packages in /opt/ros/humble
[0.160s] Level 1:colcon.colcon_core.package_discovery:discover_packages(prefix_path) using defaults
[0.185s] Level 5:colcon.colcon_core.verb:set package 'my_msgs' build argument 'cmake_args' from command line to 'None'
[0.185s] Level 5:colcon.colcon_core.verb:set package 'my_msgs' build argument 'cmake_target' from command line to 'None'
[0.185s] Level 5:colcon.colcon_core.verb:set package 'my_msgs' build argument 'cmake_target_skip_unavailable' from command line to 'False'
[0.185s] Level 5:colcon.colcon_core.verb:set package 'my_msgs' build argument 'cmake_clean_cache' from command line to 'False'
[0.185s] Level 5:colcon.colcon_core.verb:set package 'my_msgs' build argument 'cmake_clean_first' from command line to 'False'
[0.185s] Level 5:colcon.colcon_core.verb:set package 'my_msgs' build argument 'cmake_force_configure' from command line to 'False'
[0.185s] Level 5:colcon.colcon_core.verb:set package 'my_msgs' build argument 'ament_cmake_args' from command line to 'None'
[0.185s] Level 5:colcon.colcon_core.verb:set package 'my_msgs' build argument 'catkin_cmake_args' from command line to 'None'
[0.185s] Level 5:colcon.colcon_core.verb:set package 'my_msgs' build argument 'catkin_skip_building_tests' from command line to 'False'
[0.185s] DEBUG:colcon.colcon_core.verb:Building package 'my_msgs' with the following arguments: {'ament_cmake_args': None, 'build_base': '/home/tom007/catkin_ws_ros2/build/my_msgs', 'catkin_cmake_args': None, 'catkin_skip_building_tests': False, 'cmake_args': None, 'cmake_clean_cache': False, 'cmake_clean_first': False, 'cmake_force_configure': False, 'cmake_target': None, 'cmake_target_skip_unavailable': False, 'install_base': '/home/tom007/catkin_ws_ros2/install/my_msgs', 'merge_install': False, 'path': '/home/tom007/catkin_ws_ros2/src/my_msgs', 'symlink_install': False, 'test_result_base': None}
[0.185s] Level 5:colcon.colcon_core.verb:set package 'action_test' build argument 'cmake_args' from command line to 'None'
[0.185s] Level 5:colcon.colcon_core.verb:set package 'action_test' build argument 'cmake_target' from command line to 'None'
[0.185s] Level 5:colcon.colcon_core.verb:set package 'action_test' build argument 'cmake_target_skip_unavailable' from command line to 'False'
[0.185s] Level 5:colcon.colcon_core.verb:set package 'action_test' build argument 'cmake_clean_cache' from command line to 'False'
[0.185s] Level 5:colcon.colcon_core.verb:set package 'action_test' build argument 'cmake_clean_first' from command line to 'False'
[0.185s] Level 5:colcon.colcon_core.verb:set package 'action_test' build argument 'cmake_force_configure' from command line to 'False'
[0.185s] Level 5:colcon.colcon_core.verb:set package 'action_test' build argument 'ament_cmake_args' from command line to 'None'
[0.185s] Level 5:colcon.colcon_core.verb:set package 'action_test' build argument 'catkin_cmake_args' from command line to 'None'
[0.185s] Level 5:colcon.colcon_core.verb:set package 'action_test' build argument 'catkin_skip_building_tests' from command line to 'False'
[0.185s] DEBUG:colcon.colcon_core.verb:Building package 'action_test' with the following arguments: {'ament_cmake_args': None, 'build_base': '/home/tom007/catkin_ws_ros2/build/action_test', 'catkin_cmake_args': None, 'catkin_skip_building_tests': False, 'cmake_args': None, 'cmake_clean_cache': False, 'cmake_clean_first': False, 'cmake_force_configure': False, 'cmake_target': None, 'cmake_target_skip_unavailable': False, 'install_base': '/home/tom007/catkin_ws_ros2/install/action_test', 'merge_install': False, 'path': '/home/tom007/catkin_ws_ros2/src/action_test', 'symlink_install': False, 'test_result_base': None}
[0.185s] Level 5:colcon.colcon_core.verb:set package 'test_cpp' build argument 'cmake_args' from command line to 'None'
[0.185s] Level 5:colcon.colcon_core.verb:set package 'test_cpp' build argument 'cmake_target' from command line to 'None'
[0.186s] Level 5:colcon.colcon_core.verb:set package 'test_cpp' build argument 'cmake_target_skip_unavailable' from command line to 'False'
[0.186s] Level 5:colcon.colcon_core.verb:set package 'test_cpp' build argument 'cmake_clean_cache' from command line to 'False'
[0.186s] Level 5:colcon.colcon_core.verb:set package 'test_cpp' build argument 'cmake_clean_first' from command line to 'False'
[0.186s] Level 5:colcon.colcon_core.verb:set package 'test_cpp' build argument 'cmake_force_configure' from command line to 'False'
[0.186s] Level 5:colcon.colcon_core.verb:set package 'test_cpp' build argument 'ament_cmake_args' from command line to 'None'
[0.186s] Level 5:colcon.colcon_core.verb:set package 'test_cpp' build argument 'catkin_cmake_args' from command line to 'None'
[0.186s] Level 5:colcon.colcon_core.verb:set package 'test_cpp' build argument 'catkin_skip_building_tests' from command line to 'False'
[0.186s] DEBUG:colcon.colcon_core.verb:Building package 'test_cpp' with the following arguments: {'ament_cmake_args': None, 'build_base': '/home/tom007/catkin_ws_ros2/build/test_cpp', 'catkin_cmake_args': None, 'catkin_skip_building_tests': False, 'cmake_args': None, 'cmake_clean_cache': False, 'cmake_clean_first': False, 'cmake_force_configure': False, 'cmake_target': None, 'cmake_target_skip_unavailable': False, 'install_base': '/home/tom007/catkin_ws_ros2/install/test_cpp', 'merge_install': False, 'path': '/home/tom007/catkin_ws_ros2/src/test_cpp', 'symlink_install': False, 'test_result_base': None}
[0.186s] INFO:colcon.colcon_core.executor:Executing jobs using 'parallel' executor
[0.186s] DEBUG:colcon.colcon_parallel_executor.executor.parallel:run_until_complete
[0.186s] INFO:colcon.colcon_ros.task.ament_cmake.build:Building ROS package in '/home/tom007/catkin_ws_ros2/src/my_msgs' with build type 'ament_cmake'
[0.187s] INFO:colcon.colcon_cmake.task.cmake.build:Building CMake package in '/home/tom007/catkin_ws_ros2/src/my_msgs'
[0.188s] INFO:colcon.colcon_core.plugin_system:Skipping extension 'colcon_core.shell.bat': Not used on non-Windows systems
[0.188s] INFO:colcon.colcon_core.shell:Skip shell extension 'powershell' for command environment: Not usable outside of PowerShell
[0.188s] DEBUG:colcon.colcon_core.shell:Skip shell extension 'dsv' for command environment
[0.193s] DEBUG:colcon.colcon_core.event_handler.log_command:Invoking command in '/home/tom007/catkin_ws_ros2/build/my_msgs': CMAKE_PREFIX_PATH=${CMAKE_PREFIX_PATH}:/opt/ros/humble /usr/bin/cmake --build /home/tom007/catkin_ws_ros2/build/my_msgs -- -j16 -l16
[0.384s] DEBUG:colcon.colcon_core.event_handler.log_command:Invoked command in '/home/tom007/catkin_ws_ros2/build/my_msgs' returned '0': CMAKE_PREFIX_PATH=${CMAKE_PREFIX_PATH}:/opt/ros/humble /usr/bin/cmake --build /home/tom007/catkin_ws_ros2/build/my_msgs -- -j16 -l16
[0.455s] DEBUG:colcon.colcon_core.event_handler.log_command:Invoking command in '/home/tom007/catkin_ws_ros2/build/my_msgs': CMAKE_PREFIX_PATH=${CMAKE_PREFIX_PATH}:/opt/ros/humble /usr/bin/cmake --install /home/tom007/catkin_ws_ros2/build/my_msgs
[0.488s] Level 1:colcon.colcon_core.environment:create_environment_scripts_only(my_msgs)
[0.488s] DEBUG:colcon.colcon_core.event_handler.log_command:Invoked command in '/home/tom007/catkin_ws_ros2/build/my_msgs' returned '0': CMAKE_PREFIX_PATH=${CMAKE_PREFIX_PATH}:/opt/ros/humble /usr/bin/cmake --install /home/tom007/catkin_ws_ros2/build/my_msgs
[0.490s] Level 1:colcon.colcon_core.environment:checking '/home/tom007/catkin_ws_ros2/install/my_msgs' for CMake module files
[0.490s] Level 1:colcon.colcon_core.environment:checking '/home/tom007/catkin_ws_ros2/install/my_msgs' for CMake config files
[0.491s] Level 1:colcon.colcon_core.shell:create_environment_hook('my_msgs', 'cmake_prefix_path')
[0.491s] INFO:colcon.colcon_core.shell:Creating environment hook '/home/tom007/catkin_ws_ros2/install/my_msgs/share/my_msgs/hook/cmake_prefix_path.ps1'
[0.491s] INFO:colcon.colcon_core.shell:Creating environment descriptor '/home/tom007/catkin_ws_ros2/install/my_msgs/share/my_msgs/hook/cmake_prefix_path.dsv'
[0.492s] INFO:colcon.colcon_core.shell:Creating environment hook '/home/tom007/catkin_ws_ros2/install/my_msgs/share/my_msgs/hook/cmake_prefix_path.sh'
[0.492s] Level 1:colcon.colcon_core.environment:checking '/home/tom007/catkin_ws_ros2/install/my_msgs/lib'
[0.493s] Level 1:colcon.colcon_core.shell:create_environment_hook('my_msgs', 'ld_library_path_lib')
[0.493s] INFO:colcon.colcon_core.shell:Creating environment hook '/home/tom007/catkin_ws_ros2/install/my_msgs/share/my_msgs/hook/ld_library_path_lib.ps1'
[0.493s] INFO:colcon.colcon_core.shell:Creating environment descriptor '/home/tom007/catkin_ws_ros2/install/my_msgs/share/my_msgs/hook/ld_library_path_lib.dsv'
[0.493s] INFO:colcon.colcon_core.shell:Creating environment hook '/home/tom007/catkin_ws_ros2/install/my_msgs/share/my_msgs/hook/ld_library_path_lib.sh'
[0.493s] Level 1:colcon.colcon_core.environment:checking '/home/tom007/catkin_ws_ros2/install/my_msgs/bin'
[0.493s] Level 1:colcon.colcon_core.environment:checking '/home/tom007/catkin_ws_ros2/install/my_msgs/lib/pkgconfig/my_msgs.pc'
[0.494s] Level 1:colcon.colcon_core.environment:checking '/home/tom007/catkin_ws_ros2/install/my_msgs/lib/python3.10/site-packages'
[0.494s] Level 1:colcon.colcon_core.environment:checking '/home/tom007/catkin_ws_ros2/install/my_msgs/bin'
[0.494s] INFO:colcon.colcon_core.shell:Creating package script '/home/tom007/catkin_ws_ros2/install/my_msgs/share/my_msgs/package.ps1'
[0.494s] INFO:colcon.colcon_core.shell:Creating package descriptor '/home/tom007/catkin_ws_ros2/install/my_msgs/share/my_msgs/package.dsv'
[0.494s] INFO:colcon.colcon_core.shell:Creating package script '/home/tom007/catkin_ws_ros2/install/my_msgs/share/my_msgs/package.sh'
[0.495s] INFO:colcon.colcon_core.shell:Creating package script '/home/tom007/catkin_ws_ros2/install/my_msgs/share/my_msgs/package.bash'
[0.495s] INFO:colcon.colcon_core.shell:Creating package script '/home/tom007/catkin_ws_ros2/install/my_msgs/share/my_msgs/package.zsh'
[0.495s] Level 1:colcon.colcon_core.environment:create_file_with_runtime_dependencies(/home/tom007/catkin_ws_ros2/install/my_msgs/share/colcon-core/packages/my_msgs)
[0.559s] Level 1:colcon.colcon_core.environment:create_environment_scripts_only(my_msgs)
[0.559s] Level 1:colcon.colcon_core.environment:checking '/home/tom007/catkin_ws_ros2/install/my_msgs' for CMake module files
[0.560s] Level 1:colcon.colcon_core.environment:checking '/home/tom007/catkin_ws_ros2/install/my_msgs' for CMake config files
[0.560s] Level 1:colcon.colcon_core.shell:create_environment_hook('my_msgs', 'cmake_prefix_path')
[0.560s] INFO:colcon.colcon_core.shell:Creating environment hook '/home/tom007/catkin_ws_ros2/install/my_msgs/share/my_msgs/hook/cmake_prefix_path.ps1'
[0.560s] INFO:colcon.colcon_core.shell:Creating environment descriptor '/home/tom007/catkin_ws_ros2/install/my_msgs/share/my_msgs/hook/cmake_prefix_path.dsv'
[0.560s] INFO:colcon.colcon_core.shell:Creating environment hook '/home/tom007/catkin_ws_ros2/install/my_msgs/share/my_msgs/hook/cmake_prefix_path.sh'
[0.561s] Level 1:colcon.colcon_core.environment:checking '/home/tom007/catkin_ws_ros2/install/my_msgs/lib'
[0.561s] Level 1:colcon.colcon_core.shell:create_environment_hook('my_msgs', 'ld_library_path_lib')
[0.561s] INFO:colcon.colcon_core.shell:Creating environment hook '/home/tom007/catkin_ws_ros2/install/my_msgs/share/my_msgs/hook/ld_library_path_lib.ps1'
[0.561s] INFO:colcon.colcon_core.shell:Creating environment descriptor '/home/tom007/catkin_ws_ros2/install/my_msgs/share/my_msgs/hook/ld_library_path_lib.dsv'
[0.561s] INFO:colcon.colcon_core.shell:Creating environment hook '/home/tom007/catkin_ws_ros2/install/my_msgs/share/my_msgs/hook/ld_library_path_lib.sh'
[0.561s] Level 1:colcon.colcon_core.environment:checking '/home/tom007/catkin_ws_ros2/install/my_msgs/bin'
[0.561s] Level 1:colcon.colcon_core.environment:checking '/home/tom007/catkin_ws_ros2/install/my_msgs/lib/pkgconfig/my_msgs.pc'
[0.561s] Level 1:colcon.colcon_core.environment:checking '/home/tom007/catkin_ws_ros2/install/my_msgs/lib/python3.10/site-packages'
[0.562s] Level 1:colcon.colcon_core.environment:checking '/home/tom007/catkin_ws_ros2/install/my_msgs/bin'
[0.562s] INFO:colcon.colcon_core.shell:Creating package script '/home/tom007/catkin_ws_ros2/install/my_msgs/share/my_msgs/package.ps1'
[0.562s] INFO:colcon.colcon_core.shell:Creating package descriptor '/home/tom007/catkin_ws_ros2/install/my_msgs/share/my_msgs/package.dsv'
[0.562s] INFO:colcon.colcon_core.shell:Creating package script '/home/tom007/catkin_ws_ros2/install/my_msgs/share/my_msgs/package.sh'
[0.562s] INFO:colcon.colcon_core.shell:Creating package script '/home/tom007/catkin_ws_ros2/install/my_msgs/share/my_msgs/package.bash'
[0.563s] INFO:colcon.colcon_core.shell:Creating package script '/home/tom007/catkin_ws_ros2/install/my_msgs/share/my_msgs/package.zsh'
[0.563s] Level 1:colcon.colcon_core.environment:create_file_with_runtime_dependencies(/home/tom007/catkin_ws_ros2/install/my_msgs/share/colcon-core/packages/my_msgs)
[0.563s] INFO:colcon.colcon_ros.task.ament_cmake.build:Building ROS package in '/home/tom007/catkin_ws_ros2/src/action_test' with build type 'ament_cmake'
[0.563s] INFO:colcon.colcon_cmake.task.cmake.build:Building CMake package in '/home/tom007/catkin_ws_ros2/src/action_test'
[0.563s] INFO:colcon.colcon_core.shell:Skip shell extension 'powershell' for command environment: Not usable outside of PowerShell
[0.563s] DEBUG:colcon.colcon_core.shell:Skip shell extension 'dsv' for command environment
[0.565s] INFO:colcon.colcon_ros.task.ament_cmake.build:Building ROS package in '/home/tom007/catkin_ws_ros2/src/test_cpp' with build type 'ament_cmake'
[0.565s] INFO:colcon.colcon_cmake.task.cmake.build:Building CMake package in '/home/tom007/catkin_ws_ros2/src/test_cpp'
[0.565s] INFO:colcon.colcon_core.shell:Skip shell extension 'powershell' for command environment: Not usable outside of PowerShell
[0.565s] DEBUG:colcon.colcon_core.shell:Skip shell extension 'dsv' for command environment
[0.569s] DEBUG:colcon.colcon_core.event_handler.log_command:Invoking command in '/home/tom007/catkin_ws_ros2/build/action_test': CMAKE_PREFIX_PATH=/home/tom007/catkin_ws_ros2/install/my_msgs:/home/tom007/catkin_ws_ros2/install/test_cpp:/home/tom007/catkin_ws_ros2/install/action_test:/opt/ros/humble /usr/bin/cmake --build /home/tom007/catkin_ws_ros2/build/action_test -- -j16 -l16
[0.571s] DEBUG:colcon.colcon_core.event_handler.log_command:Invoking command in '/home/tom007/catkin_ws_ros2/build/test_cpp': CMAKE_PREFIX_PATH=/home/tom007/catkin_ws_ros2/install/my_msgs:/home/tom007/catkin_ws_ros2/install/test_cpp:/home/tom007/catkin_ws_ros2/install/action_test:/opt/ros/humble /usr/bin/cmake --build /home/tom007/catkin_ws_ros2/build/test_cpp -- -j16 -l16
[0.614s] DEBUG:colcon.colcon_core.event_handler.log_command:Invoked command in '/home/tom007/catkin_ws_ros2/build/test_cpp' returned '0': CMAKE_PREFIX_PATH=/home/tom007/catkin_ws_ros2/install/my_msgs:/home/tom007/catkin_ws_ros2/install/test_cpp:/home/tom007/catkin_ws_ros2/install/action_test:/opt/ros/humble /usr/bin/cmake --build /home/tom007/catkin_ws_ros2/build/test_cpp -- -j16 -l16
[0.638s] DEBUG:colcon.colcon_core.event_handler.log_command:Invoking command in '/home/tom007/catkin_ws_ros2/build/test_cpp': CMAKE_PREFIX_PATH=/home/tom007/catkin_ws_ros2/install/my_msgs:/home/tom007/catkin_ws_ros2/install/test_cpp:/home/tom007/catkin_ws_ros2/install/action_test:/opt/ros/humble /usr/bin/cmake --install /home/tom007/catkin_ws_ros2/build/test_cpp
[0.646s] Level 1:colcon.colcon_core.environment:create_environment_scripts_only(test_cpp)
[0.647s] Level 1:colcon.colcon_core.environment:checking '/home/tom007/catkin_ws_ros2/install/test_cpp' for CMake module files
[0.647s] DEBUG:colcon.colcon_core.event_handler.log_command:Invoked command in '/home/tom007/catkin_ws_ros2/build/test_cpp' returned '0': CMAKE_PREFIX_PATH=/home/tom007/catkin_ws_ros2/install/my_msgs:/home/tom007/catkin_ws_ros2/install/test_cpp:/home/tom007/catkin_ws_ros2/install/action_test:/opt/ros/humble /usr/bin/cmake --install /home/tom007/catkin_ws_ros2/build/test_cpp
[0.648s] Level 1:colcon.colcon_core.environment:checking '/home/tom007/catkin_ws_ros2/install/test_cpp' for CMake config files
[0.648s] Level 1:colcon.colcon_core.shell:create_environment_hook('test_cpp', 'cmake_prefix_path')
[0.648s] INFO:colcon.colcon_core.shell:Creating environment hook '/home/tom007/catkin_ws_ros2/install/test_cpp/share/test_cpp/hook/cmake_prefix_path.ps1'
[0.648s] INFO:colcon.colcon_core.shell:Creating environment descriptor '/home/tom007/catkin_ws_ros2/install/test_cpp/share/test_cpp/hook/cmake_prefix_path.dsv'
[0.649s] INFO:colcon.colcon_core.shell:Creating environment hook '/home/tom007/catkin_ws_ros2/install/test_cpp/share/test_cpp/hook/cmake_prefix_path.sh'
[0.649s] Level 1:colcon.colcon_core.environment:checking '/home/tom007/catkin_ws_ros2/install/test_cpp/lib'
[0.649s] Level 1:colcon.colcon_core.environment:checking '/home/tom007/catkin_ws_ros2/install/test_cpp/bin'
[0.649s] Level 1:colcon.colcon_core.environment:checking '/home/tom007/catkin_ws_ros2/install/test_cpp/lib/pkgconfig/test_cpp.pc'
[0.649s] Level 1:colcon.colcon_core.environment:checking '/home/tom007/catkin_ws_ros2/install/test_cpp/lib/python3.10/site-packages'
[0.650s] Level 1:colcon.colcon_core.environment:checking '/home/tom007/catkin_ws_ros2/install/test_cpp/bin'
[0.650s] INFO:colcon.colcon_core.shell:Creating package script '/home/tom007/catkin_ws_ros2/install/test_cpp/share/test_cpp/package.ps1'
[0.650s] INFO:colcon.colcon_core.shell:Creating package descriptor '/home/tom007/catkin_ws_ros2/install/test_cpp/share/test_cpp/package.dsv'
[0.651s] INFO:colcon.colcon_core.shell:Creating package script '/home/tom007/catkin_ws_ros2/install/test_cpp/share/test_cpp/package.sh'
[0.651s] INFO:colcon.colcon_core.shell:Creating package script '/home/tom007/catkin_ws_ros2/install/test_cpp/share/test_cpp/package.bash'
[0.652s] INFO:colcon.colcon_core.shell:Creating package script '/home/tom007/catkin_ws_ros2/install/test_cpp/share/test_cpp/package.zsh'
[0.652s] Level 1:colcon.colcon_core.environment:create_file_with_runtime_dependencies(/home/tom007/catkin_ws_ros2/install/test_cpp/share/colcon-core/packages/test_cpp)
[0.675s] Level 1:colcon.colcon_core.environment:create_environment_scripts_only(test_cpp)
[0.676s] Level 1:colcon.colcon_core.environment:checking '/home/tom007/catkin_ws_ros2/install/test_cpp' for CMake module files
[0.676s] Level 1:colcon.colcon_core.environment:checking '/home/tom007/catkin_ws_ros2/install/test_cpp' for CMake config files
[0.676s] Level 1:colcon.colcon_core.shell:create_environment_hook('test_cpp', 'cmake_prefix_path')
[0.676s] INFO:colcon.colcon_core.shell:Creating environment hook '/home/tom007/catkin_ws_ros2/install/test_cpp/share/test_cpp/hook/cmake_prefix_path.ps1'
[0.676s] INFO:colcon.colcon_core.shell:Creating environment descriptor '/home/tom007/catkin_ws_ros2/install/test_cpp/share/test_cpp/hook/cmake_prefix_path.dsv'
[0.676s] INFO:colcon.colcon_core.shell:Creating environment hook '/home/tom007/catkin_ws_ros2/install/test_cpp/share/test_cpp/hook/cmake_prefix_path.sh'
[0.677s] Level 1:colcon.colcon_core.environment:checking '/home/tom007/catkin_ws_ros2/install/test_cpp/lib'
[0.677s] Level 1:colcon.colcon_core.environment:checking '/home/tom007/catkin_ws_ros2/install/test_cpp/bin'
[0.677s] Level 1:colcon.colcon_core.environment:checking '/home/tom007/catkin_ws_ros2/install/test_cpp/lib/pkgconfig/test_cpp.pc'
[0.677s] Level 1:colcon.colcon_core.environment:checking '/home/tom007/catkin_ws_ros2/install/test_cpp/lib/python3.10/site-packages'
[0.677s] Level 1:colcon.colcon_core.environment:checking '/home/tom007/catkin_ws_ros2/install/test_cpp/bin'
[0.677s] INFO:colcon.colcon_core.shell:Creating package script '/home/tom007/catkin_ws_ros2/install/test_cpp/share/test_cpp/package.ps1'
[0.678s] INFO:colcon.colcon_core.shell:Creating package descriptor '/home/tom007/catkin_ws_ros2/install/test_cpp/share/test_cpp/package.dsv'
[0.678s] INFO:colcon.colcon_core.shell:Creating package script '/home/tom007/catkin_ws_ros2/install/test_cpp/share/test_cpp/package.sh'
[0.678s] INFO:colcon.colcon_core.shell:Creating package script '/home/tom007/catkin_ws_ros2/install/test_cpp/share/test_cpp/package.bash'
[0.678s] INFO:colcon.colcon_core.shell:Creating package script '/home/tom007/catkin_ws_ros2/install/test_cpp/share/test_cpp/package.zsh'
[0.678s] Level 1:colcon.colcon_core.environment:create_file_with_runtime_dependencies(/home/tom007/catkin_ws_ros2/install/test_cpp/share/colcon-core/packages/test_cpp)
[2.259s] DEBUG:colcon.colcon_core.event_handler.log_command:Invoked command in '/home/tom007/catkin_ws_ros2/build/action_test' returned '2': CMAKE_PREFIX_PATH=/home/tom007/catkin_ws_ros2/install/my_msgs:/home/tom007/catkin_ws_ros2/install/test_cpp:/home/tom007/catkin_ws_ros2/install/action_test:/opt/ros/humble /usr/bin/cmake --build /home/tom007/catkin_ws_ros2/build/action_test -- -j16 -l16
[2.277s] Level 1:colcon.colcon_core.environment:create_environment_scripts_only(action_test)
[2.278s] Level 1:colcon.colcon_core.environment:checking '/home/tom007/catkin_ws_ros2/install/action_test' for CMake module files
[2.278s] Level 1:colcon.colcon_core.environment:checking '/home/tom007/catkin_ws_ros2/install/action_test' for CMake config files
[2.278s] Level 1:colcon.colcon_core.shell:create_environment_hook('action_test', 'cmake_prefix_path')
[2.278s] INFO:colcon.colcon_core.shell:Creating environment hook '/home/tom007/catkin_ws_ros2/install/action_test/share/action_test/hook/cmake_prefix_path.ps1'
[2.278s] INFO:colcon.colcon_core.shell:Creating environment descriptor '/home/tom007/catkin_ws_ros2/install/action_test/share/action_test/hook/cmake_prefix_path.dsv'
[2.279s] INFO:colcon.colcon_core.shell:Creating environment hook '/home/tom007/catkin_ws_ros2/install/action_test/share/action_test/hook/cmake_prefix_path.sh'
[2.279s] Level 1:colcon.colcon_core.environment:checking '/home/tom007/catkin_ws_ros2/install/action_test/lib'
[2.279s] Level 1:colcon.colcon_core.environment:checking '/home/tom007/catkin_ws_ros2/install/action_test/bin'
[2.279s] Level 1:colcon.colcon_core.environment:checking '/home/tom007/catkin_ws_ros2/install/action_test/lib/pkgconfig/action_test.pc'
[2.279s] Level 1:colcon.colcon_core.environment:checking '/home/tom007/catkin_ws_ros2/install/action_test/lib/python3.10/site-packages'
[2.279s] Level 1:colcon.colcon_core.environment:checking '/home/tom007/catkin_ws_ros2/install/action_test/bin'
[2.279s] INFO:colcon.colcon_core.shell:Creating package script '/home/tom007/catkin_ws_ros2/install/action_test/share/action_test/package.ps1'
[2.280s] INFO:colcon.colcon_core.shell:Creating package descriptor '/home/tom007/catkin_ws_ros2/install/action_test/share/action_test/package.dsv'
[2.280s] INFO:colcon.colcon_core.shell:Creating package script '/home/tom007/catkin_ws_ros2/install/action_test/share/action_test/package.sh'
[2.280s] INFO:colcon.colcon_core.shell:Creating package script '/home/tom007/catkin_ws_ros2/install/action_test/share/action_test/package.bash'
[2.280s] INFO:colcon.colcon_core.shell:Creating package script '/home/tom007/catkin_ws_ros2/install/action_test/share/action_test/package.zsh'
[2.280s] Level 1:colcon.colcon_core.environment:create_file_with_runtime_dependencies(/home/tom007/catkin_ws_ros2/install/action_test/share/colcon-core/packages/action_test)
[2.291s] DEBUG:colcon.colcon_parallel_executor.executor.parallel:closing loop
[2.291s] DEBUG:colcon.colcon_parallel_executor.executor.parallel:loop closed
[2.291s] DEBUG:colcon.colcon_parallel_executor.executor.parallel:run_until_complete finished with '2'
[2.291s] DEBUG:colcon.colcon_core.event_reactor:joining thread
[2.295s] INFO:colcon.colcon_core.plugin_system:Skipping extension 'colcon_notification.desktop_notification.terminal_notifier': Not used on non-Darwin systems
[2.295s] INFO:colcon.colcon_core.plugin_system:Skipping extension 'colcon_notification.desktop_notification.win32': Not used on non-Windows systems
[2.295s] INFO:colcon.colcon_notification.desktop_notification:Sending desktop notification using 'notify2'
[2.302s] DEBUG:colcon.colcon_core.event_reactor:joined thread
[2.302s] INFO:colcon.colcon_core.shell:Creating prefix script '/home/tom007/catkin_ws_ros2/install/local_setup.ps1'
[2.303s] INFO:colcon.colcon_core.shell:Creating prefix util module '/home/tom007/catkin_ws_ros2/install/_local_setup_util_ps1.py'
[2.304s] INFO:colcon.colcon_core.shell:Creating prefix chain script '/home/tom007/catkin_ws_ros2/install/setup.ps1'
[2.304s] INFO:colcon.colcon_core.shell:Creating prefix script '/home/tom007/catkin_ws_ros2/install/local_setup.sh'
[2.305s] INFO:colcon.colcon_core.shell:Creating prefix util module '/home/tom007/catkin_ws_ros2/install/_local_setup_util_sh.py'
[2.305s] INFO:colcon.colcon_core.shell:Creating prefix chain script '/home/tom007/catkin_ws_ros2/install/setup.sh'
[2.305s] INFO:colcon.colcon_core.shell:Creating prefix script '/home/tom007/catkin_ws_ros2/install/local_setup.bash'
[2.306s] INFO:colcon.colcon_core.shell:Creating prefix chain script '/home/tom007/catkin_ws_ros2/install/setup.bash'
[2.306s] INFO:colcon.colcon_core.shell:Creating prefix script '/home/tom007/catkin_ws_ros2/install/local_setup.zsh'
[2.307s] INFO:colcon.colcon_core.shell:Creating prefix chain script '/home/tom007/catkin_ws_ros2/install/setup.zsh'
