[0.063s] DEBUG:colcon:Command line arguments: ['/usr/bin/colcon', 'build']
[0.063s] DEBUG:colcon:Parsed command line arguments: Namespace(log_base=None, log_level=None, verb_name='build', build_base='build', install_base='install', merge_install=False, symlink_install=False, test_result_base=None, continue_on_error=False, executor='parallel', parallel_workers=16, event_handlers=None, ignore_user_meta=False, metas=['./colcon.meta'], base_paths=['.'], packages_ignore=None, packages_ignore_regex=None, paths=None, packages_up_to=None, packages_up_to_regex=None, packages_above=None, packages_above_and_dependencies=None, packages_above_depth=None, packages_select_by_dep=None, packages_skip_by_dep=None, packages_skip_up_to=None, packages_select_build_failed=False, packages_skip_build_finished=False, packages_select_test_failures=False, packages_skip_test_passed=False, packages_select=None, packages_skip=None, packages_select_regex=None, packages_skip_regex=None, packages_start=None, packages_end=None, allow_overriding=[], cmake_args=None, cmake_target=None, cmake_target_skip_unavailable=False, cmake_clean_cache=False, cmake_clean_first=False, cmake_force_configure=False, ament_cmake_args=None, catkin_cmake_args=None, catkin_skip_building_tests=False, verb_parser=<colcon_defaults.argument_parser.defaults.DefaultArgumentsDecorator object at 0x7d17c08c44c0>, verb_extension=<colcon_core.verb.build.BuildVerb object at 0x7d17c088b460>, main=<bound method BuildVerb.main of <colcon_core.verb.build.BuildVerb object at 0x7d17c088b460>>)
[0.140s] Level 1:colcon.colcon_core.package_discovery:discover_packages(colcon_meta) check parameters
[0.140s] Level 1:colcon.colcon_core.package_discovery:discover_packages(recursive) check parameters
[0.140s] Level 1:colcon.colcon_core.package_discovery:discover_packages(ignore) check parameters
[0.140s] Level 1:colcon.colcon_core.package_discovery:discover_packages(path) check parameters
[0.140s] Level 1:colcon.colcon_core.package_discovery:discover_packages(colcon_meta) discover
[0.140s] Level 1:colcon.colcon_core.package_discovery:discover_packages(recursive) discover
[0.140s] INFO:colcon.colcon_core.package_discovery:Crawling recursively for packages in '/home/tom007/catkin_ws_ros2'
[0.140s] Level 1:colcon.colcon_core.package_identification:_identify(.) by extensions ['ignore', 'ignore_ament_install']
[0.140s] Level 1:colcon.colcon_core.package_identification:_identify(.) by extension 'ignore'
[0.140s] Level 1:colcon.colcon_core.package_identification:_identify(.) by extension 'ignore_ament_install'
[0.140s] Level 1:colcon.colcon_core.package_identification:_identify(.) by extensions ['colcon_pkg']
[0.140s] Level 1:colcon.colcon_core.package_identification:_identify(.) by extension 'colcon_pkg'
[0.141s] Level 1:colcon.colcon_core.package_identification:_identify(.) by extensions ['colcon_meta']
[0.141s] Level 1:colcon.colcon_core.package_identification:_identify(.) by extension 'colcon_meta'
[0.141s] Level 1:colcon.colcon_core.package_identification:_identify(.) by extensions ['ros']
[0.141s] Level 1:colcon.colcon_core.package_identification:_identify(.) by extension 'ros'
[0.147s] Level 1:colcon.colcon_core.package_identification:_identify(.) by extensions ['cmake', 'python']
[0.147s] Level 1:colcon.colcon_core.package_identification:_identify(.) by extension 'cmake'
[0.147s] Level 1:colcon.colcon_core.package_identification:_identify(.) by extension 'python'
[0.147s] Level 1:colcon.colcon_core.package_identification:_identify(.) by extensions ['python_setup_py']
[0.147s] Level 1:colcon.colcon_core.package_identification:_identify(.) by extension 'python_setup_py'
[0.147s] Level 1:colcon.colcon_core.package_identification:_identify(build) by extensions ['ignore', 'ignore_ament_install']
[0.147s] Level 1:colcon.colcon_core.package_identification:_identify(build) by extension 'ignore'
[0.148s] Level 1:colcon.colcon_core.package_identification:_identify(build) ignored
[0.148s] Level 1:colcon.colcon_core.package_identification:_identify(install) by extensions ['ignore', 'ignore_ament_install']
[0.148s] Level 1:colcon.colcon_core.package_identification:_identify(install) by extension 'ignore'
[0.148s] Level 1:colcon.colcon_core.package_identification:_identify(install) ignored
[0.148s] Level 1:colcon.colcon_core.package_identification:_identify(log) by extensions ['ignore', 'ignore_ament_install']
[0.148s] Level 1:colcon.colcon_core.package_identification:_identify(log) by extension 'ignore'
[0.148s] Level 1:colcon.colcon_core.package_identification:_identify(log) ignored
[0.148s] Level 1:colcon.colcon_core.package_identification:_identify(src) by extensions ['ignore', 'ignore_ament_install']
[0.148s] Level 1:colcon.colcon_core.package_identification:_identify(src) by extension 'ignore'
[0.148s] Level 1:colcon.colcon_core.package_identification:_identify(src) by extension 'ignore_ament_install'
[0.148s] Level 1:colcon.colcon_core.package_identification:_identify(src) by extensions ['colcon_pkg']
[0.148s] Level 1:colcon.colcon_core.package_identification:_identify(src) by extension 'colcon_pkg'
[0.148s] Level 1:colcon.colcon_core.package_identification:_identify(src) by extensions ['colcon_meta']
[0.148s] Level 1:colcon.colcon_core.package_identification:_identify(src) by extension 'colcon_meta'
[0.148s] Level 1:colcon.colcon_core.package_identification:_identify(src) by extensions ['ros']
[0.148s] Level 1:colcon.colcon_core.package_identification:_identify(src) by extension 'ros'
[0.148s] Level 1:colcon.colcon_core.package_identification:_identify(src) by extensions ['cmake', 'python']
[0.148s] Level 1:colcon.colcon_core.package_identification:_identify(src) by extension 'cmake'
[0.148s] Level 1:colcon.colcon_core.package_identification:_identify(src) by extension 'python'
[0.148s] Level 1:colcon.colcon_core.package_identification:_identify(src) by extensions ['python_setup_py']
[0.148s] Level 1:colcon.colcon_core.package_identification:_identify(src) by extension 'python_setup_py'
[0.148s] Level 1:colcon.colcon_core.package_identification:_identify(src/action_test) by extensions ['ignore', 'ignore_ament_install']
[0.148s] Level 1:colcon.colcon_core.package_identification:_identify(src/action_test) by extension 'ignore'
[0.148s] Level 1:colcon.colcon_core.package_identification:_identify(src/action_test) by extension 'ignore_ament_install'
[0.148s] Level 1:colcon.colcon_core.package_identification:_identify(src/action_test) by extensions ['colcon_pkg']
[0.148s] Level 1:colcon.colcon_core.package_identification:_identify(src/action_test) by extension 'colcon_pkg'
[0.148s] Level 1:colcon.colcon_core.package_identification:_identify(src/action_test) by extensions ['colcon_meta']
[0.148s] Level 1:colcon.colcon_core.package_identification:_identify(src/action_test) by extension 'colcon_meta'
[0.148s] Level 1:colcon.colcon_core.package_identification:_identify(src/action_test) by extensions ['ros']
[0.148s] Level 1:colcon.colcon_core.package_identification:_identify(src/action_test) by extension 'ros'
[0.150s] DEBUG:colcon.colcon_core.package_identification:Package 'src/action_test' with type 'ros.ament_cmake' and name 'action_test'
[0.150s] Level 1:colcon.colcon_core.package_identification:_identify(src/my_msgs) by extensions ['ignore', 'ignore_ament_install']
[0.150s] Level 1:colcon.colcon_core.package_identification:_identify(src/my_msgs) by extension 'ignore'
[0.150s] Level 1:colcon.colcon_core.package_identification:_identify(src/my_msgs) by extension 'ignore_ament_install'
[0.150s] Level 1:colcon.colcon_core.package_identification:_identify(src/my_msgs) by extensions ['colcon_pkg']
[0.150s] Level 1:colcon.colcon_core.package_identification:_identify(src/my_msgs) by extension 'colcon_pkg'
[0.150s] Level 1:colcon.colcon_core.package_identification:_identify(src/my_msgs) by extensions ['colcon_meta']
[0.150s] Level 1:colcon.colcon_core.package_identification:_identify(src/my_msgs) by extension 'colcon_meta'
[0.150s] Level 1:colcon.colcon_core.package_identification:_identify(src/my_msgs) by extensions ['ros']
[0.150s] Level 1:colcon.colcon_core.package_identification:_identify(src/my_msgs) by extension 'ros'
[0.151s] DEBUG:colcon.colcon_core.package_identification:Package 'src/my_msgs' with type 'ros.ament_cmake' and name 'my_msgs'
[0.151s] Level 1:colcon.colcon_core.package_identification:_identify(src/test_cpp) by extensions ['ignore', 'ignore_ament_install']
[0.151s] Level 1:colcon.colcon_core.package_identification:_identify(src/test_cpp) by extension 'ignore'
[0.151s] Level 1:colcon.colcon_core.package_identification:_identify(src/test_cpp) by extension 'ignore_ament_install'
[0.151s] Level 1:colcon.colcon_core.package_identification:_identify(src/test_cpp) by extensions ['colcon_pkg']
[0.151s] Level 1:colcon.colcon_core.package_identification:_identify(src/test_cpp) by extension 'colcon_pkg'
[0.151s] Level 1:colcon.colcon_core.package_identification:_identify(src/test_cpp) by extensions ['colcon_meta']
[0.151s] Level 1:colcon.colcon_core.package_identification:_identify(src/test_cpp) by extension 'colcon_meta'
[0.151s] Level 1:colcon.colcon_core.package_identification:_identify(src/test_cpp) by extensions ['ros']
[0.151s] Level 1:colcon.colcon_core.package_identification:_identify(src/test_cpp) by extension 'ros'
[0.151s] DEBUG:colcon.colcon_core.package_identification:Package 'src/test_cpp' with type 'ros.ament_cmake' and name 'test_cpp'
[0.151s] Level 1:colcon.colcon_core.package_discovery:discover_packages(recursive) using defaults
[0.151s] Level 1:colcon.colcon_core.package_discovery:discover_packages(ignore) discover
[0.151s] Level 1:colcon.colcon_core.package_discovery:discover_packages(ignore) using defaults
[0.151s] Level 1:colcon.colcon_core.package_discovery:discover_packages(path) discover
[0.151s] Level 1:colcon.colcon_core.package_discovery:discover_packages(path) using defaults
[0.164s] Level 1:colcon.colcon_core.package_discovery:discover_packages(prefix_path) check parameters
[0.164s] Level 1:colcon.colcon_core.package_discovery:discover_packages(prefix_path) discover
[0.166s] DEBUG:colcon.colcon_installed_package_information.package_discovery:Found 3 installed packages in /home/tom007/catkin_ws_ros2/install
[0.167s] DEBUG:colcon.colcon_installed_package_information.package_discovery:Found 273 installed packages in /opt/ros/humble
[0.167s] Level 1:colcon.colcon_core.package_discovery:discover_packages(prefix_path) using defaults
[0.194s] Level 5:colcon.colcon_core.verb:set package 'my_msgs' build argument 'cmake_args' from command line to 'None'
[0.194s] Level 5:colcon.colcon_core.verb:set package 'my_msgs' build argument 'cmake_target' from command line to 'None'
[0.194s] Level 5:colcon.colcon_core.verb:set package 'my_msgs' build argument 'cmake_target_skip_unavailable' from command line to 'False'
[0.194s] Level 5:colcon.colcon_core.verb:set package 'my_msgs' build argument 'cmake_clean_cache' from command line to 'False'
[0.194s] Level 5:colcon.colcon_core.verb:set package 'my_msgs' build argument 'cmake_clean_first' from command line to 'False'
[0.194s] Level 5:colcon.colcon_core.verb:set package 'my_msgs' build argument 'cmake_force_configure' from command line to 'False'
[0.194s] Level 5:colcon.colcon_core.verb:set package 'my_msgs' build argument 'ament_cmake_args' from command line to 'None'
[0.194s] Level 5:colcon.colcon_core.verb:set package 'my_msgs' build argument 'catkin_cmake_args' from command line to 'None'
[0.194s] Level 5:colcon.colcon_core.verb:set package 'my_msgs' build argument 'catkin_skip_building_tests' from command line to 'False'
[0.194s] DEBUG:colcon.colcon_core.verb:Building package 'my_msgs' with the following arguments: {'ament_cmake_args': None, 'build_base': '/home/tom007/catkin_ws_ros2/build/my_msgs', 'catkin_cmake_args': None, 'catkin_skip_building_tests': False, 'cmake_args': None, 'cmake_clean_cache': False, 'cmake_clean_first': False, 'cmake_force_configure': False, 'cmake_target': None, 'cmake_target_skip_unavailable': False, 'install_base': '/home/tom007/catkin_ws_ros2/install/my_msgs', 'merge_install': False, 'path': '/home/tom007/catkin_ws_ros2/src/my_msgs', 'symlink_install': False, 'test_result_base': None}
[0.194s] Level 5:colcon.colcon_core.verb:set package 'action_test' build argument 'cmake_args' from command line to 'None'
[0.194s] Level 5:colcon.colcon_core.verb:set package 'action_test' build argument 'cmake_target' from command line to 'None'
[0.194s] Level 5:colcon.colcon_core.verb:set package 'action_test' build argument 'cmake_target_skip_unavailable' from command line to 'False'
[0.194s] Level 5:colcon.colcon_core.verb:set package 'action_test' build argument 'cmake_clean_cache' from command line to 'False'
[0.194s] Level 5:colcon.colcon_core.verb:set package 'action_test' build argument 'cmake_clean_first' from command line to 'False'
[0.194s] Level 5:colcon.colcon_core.verb:set package 'action_test' build argument 'cmake_force_configure' from command line to 'False'
[0.194s] Level 5:colcon.colcon_core.verb:set package 'action_test' build argument 'ament_cmake_args' from command line to 'None'
[0.194s] Level 5:colcon.colcon_core.verb:set package 'action_test' build argument 'catkin_cmake_args' from command line to 'None'
[0.194s] Level 5:colcon.colcon_core.verb:set package 'action_test' build argument 'catkin_skip_building_tests' from command line to 'False'
[0.194s] DEBUG:colcon.colcon_core.verb:Building package 'action_test' with the following arguments: {'ament_cmake_args': None, 'build_base': '/home/tom007/catkin_ws_ros2/build/action_test', 'catkin_cmake_args': None, 'catkin_skip_building_tests': False, 'cmake_args': None, 'cmake_clean_cache': False, 'cmake_clean_first': False, 'cmake_force_configure': False, 'cmake_target': None, 'cmake_target_skip_unavailable': False, 'install_base': '/home/tom007/catkin_ws_ros2/install/action_test', 'merge_install': False, 'path': '/home/tom007/catkin_ws_ros2/src/action_test', 'symlink_install': False, 'test_result_base': None}
[0.194s] Level 5:colcon.colcon_core.verb:set package 'test_cpp' build argument 'cmake_args' from command line to 'None'
[0.194s] Level 5:colcon.colcon_core.verb:set package 'test_cpp' build argument 'cmake_target' from command line to 'None'
[0.194s] Level 5:colcon.colcon_core.verb:set package 'test_cpp' build argument 'cmake_target_skip_unavailable' from command line to 'False'
[0.194s] Level 5:colcon.colcon_core.verb:set package 'test_cpp' build argument 'cmake_clean_cache' from command line to 'False'
[0.194s] Level 5:colcon.colcon_core.verb:set package 'test_cpp' build argument 'cmake_clean_first' from command line to 'False'
[0.195s] Level 5:colcon.colcon_core.verb:set package 'test_cpp' build argument 'cmake_force_configure' from command line to 'False'
[0.195s] Level 5:colcon.colcon_core.verb:set package 'test_cpp' build argument 'ament_cmake_args' from command line to 'None'
[0.195s] Level 5:colcon.colcon_core.verb:set package 'test_cpp' build argument 'catkin_cmake_args' from command line to 'None'
[0.195s] Level 5:colcon.colcon_core.verb:set package 'test_cpp' build argument 'catkin_skip_building_tests' from command line to 'False'
[0.195s] DEBUG:colcon.colcon_core.verb:Building package 'test_cpp' with the following arguments: {'ament_cmake_args': None, 'build_base': '/home/tom007/catkin_ws_ros2/build/test_cpp', 'catkin_cmake_args': None, 'catkin_skip_building_tests': False, 'cmake_args': None, 'cmake_clean_cache': False, 'cmake_clean_first': False, 'cmake_force_configure': False, 'cmake_target': None, 'cmake_target_skip_unavailable': False, 'install_base': '/home/tom007/catkin_ws_ros2/install/test_cpp', 'merge_install': False, 'path': '/home/tom007/catkin_ws_ros2/src/test_cpp', 'symlink_install': False, 'test_result_base': None}
[0.195s] INFO:colcon.colcon_core.executor:Executing jobs using 'parallel' executor
[0.195s] DEBUG:colcon.colcon_parallel_executor.executor.parallel:run_until_complete
[0.196s] INFO:colcon.colcon_ros.task.ament_cmake.build:Building ROS package in '/home/tom007/catkin_ws_ros2/src/my_msgs' with build type 'ament_cmake'
[0.196s] INFO:colcon.colcon_cmake.task.cmake.build:Building CMake package in '/home/tom007/catkin_ws_ros2/src/my_msgs'
[0.198s] INFO:colcon.colcon_core.plugin_system:Skipping extension 'colcon_core.shell.bat': Not used on non-Windows systems
[0.198s] INFO:colcon.colcon_core.shell:Skip shell extension 'powershell' for command environment: Not usable outside of PowerShell
[0.198s] DEBUG:colcon.colcon_core.shell:Skip shell extension 'dsv' for command environment
[0.204s] DEBUG:colcon.colcon_core.event_handler.log_command:Invoking command in '/home/tom007/catkin_ws_ros2/build/my_msgs': CMAKE_PREFIX_PATH=${CMAKE_PREFIX_PATH}:/opt/ros/humble /usr/bin/cmake --build /home/tom007/catkin_ws_ros2/build/my_msgs -- -j16 -l16
[0.403s] DEBUG:colcon.colcon_core.event_handler.log_command:Invoked command in '/home/tom007/catkin_ws_ros2/build/my_msgs' returned '0': CMAKE_PREFIX_PATH=${CMAKE_PREFIX_PATH}:/opt/ros/humble /usr/bin/cmake --build /home/tom007/catkin_ws_ros2/build/my_msgs -- -j16 -l16
[0.472s] DEBUG:colcon.colcon_core.event_handler.log_command:Invoking command in '/home/tom007/catkin_ws_ros2/build/my_msgs': CMAKE_PREFIX_PATH=${CMAKE_PREFIX_PATH}:/opt/ros/humble /usr/bin/cmake --install /home/tom007/catkin_ws_ros2/build/my_msgs
[0.514s] Level 1:colcon.colcon_core.environment:create_environment_scripts_only(my_msgs)
[0.515s] DEBUG:colcon.colcon_core.event_handler.log_command:Invoked command in '/home/tom007/catkin_ws_ros2/build/my_msgs' returned '0': CMAKE_PREFIX_PATH=${CMAKE_PREFIX_PATH}:/opt/ros/humble /usr/bin/cmake --install /home/tom007/catkin_ws_ros2/build/my_msgs
[0.518s] Level 1:colcon.colcon_core.environment:checking '/home/tom007/catkin_ws_ros2/install/my_msgs' for CMake module files
[0.518s] Level 1:colcon.colcon_core.environment:checking '/home/tom007/catkin_ws_ros2/install/my_msgs' for CMake config files
[0.518s] Level 1:colcon.colcon_core.shell:create_environment_hook('my_msgs', 'cmake_prefix_path')
[0.518s] INFO:colcon.colcon_core.shell:Creating environment hook '/home/tom007/catkin_ws_ros2/install/my_msgs/share/my_msgs/hook/cmake_prefix_path.ps1'
[0.519s] INFO:colcon.colcon_core.shell:Creating environment descriptor '/home/tom007/catkin_ws_ros2/install/my_msgs/share/my_msgs/hook/cmake_prefix_path.dsv'
[0.519s] INFO:colcon.colcon_core.shell:Creating environment hook '/home/tom007/catkin_ws_ros2/install/my_msgs/share/my_msgs/hook/cmake_prefix_path.sh'
[0.520s] Level 1:colcon.colcon_core.environment:checking '/home/tom007/catkin_ws_ros2/install/my_msgs/lib'
[0.520s] Level 1:colcon.colcon_core.shell:create_environment_hook('my_msgs', 'ld_library_path_lib')
[0.520s] INFO:colcon.colcon_core.shell:Creating environment hook '/home/tom007/catkin_ws_ros2/install/my_msgs/share/my_msgs/hook/ld_library_path_lib.ps1'
[0.521s] INFO:colcon.colcon_core.shell:Creating environment descriptor '/home/tom007/catkin_ws_ros2/install/my_msgs/share/my_msgs/hook/ld_library_path_lib.dsv'
[0.521s] INFO:colcon.colcon_core.shell:Creating environment hook '/home/tom007/catkin_ws_ros2/install/my_msgs/share/my_msgs/hook/ld_library_path_lib.sh'
[0.521s] Level 1:colcon.colcon_core.environment:checking '/home/tom007/catkin_ws_ros2/install/my_msgs/bin'
[0.521s] Level 1:colcon.colcon_core.environment:checking '/home/tom007/catkin_ws_ros2/install/my_msgs/lib/pkgconfig/my_msgs.pc'
[0.521s] Level 1:colcon.colcon_core.environment:checking '/home/tom007/catkin_ws_ros2/install/my_msgs/lib/python3.10/site-packages'
[0.521s] Level 1:colcon.colcon_core.environment:checking '/home/tom007/catkin_ws_ros2/install/my_msgs/bin'
[0.521s] INFO:colcon.colcon_core.shell:Creating package script '/home/tom007/catkin_ws_ros2/install/my_msgs/share/my_msgs/package.ps1'
[0.522s] INFO:colcon.colcon_core.shell:Creating package descriptor '/home/tom007/catkin_ws_ros2/install/my_msgs/share/my_msgs/package.dsv'
[0.522s] INFO:colcon.colcon_core.shell:Creating package script '/home/tom007/catkin_ws_ros2/install/my_msgs/share/my_msgs/package.sh'
[0.523s] INFO:colcon.colcon_core.shell:Creating package script '/home/tom007/catkin_ws_ros2/install/my_msgs/share/my_msgs/package.bash'
[0.524s] INFO:colcon.colcon_core.shell:Creating package script '/home/tom007/catkin_ws_ros2/install/my_msgs/share/my_msgs/package.zsh'
[0.524s] Level 1:colcon.colcon_core.environment:create_file_with_runtime_dependencies(/home/tom007/catkin_ws_ros2/install/my_msgs/share/colcon-core/packages/my_msgs)
[0.588s] Level 1:colcon.colcon_core.environment:create_environment_scripts_only(my_msgs)
[0.589s] Level 1:colcon.colcon_core.environment:checking '/home/tom007/catkin_ws_ros2/install/my_msgs' for CMake module files
[0.589s] Level 1:colcon.colcon_core.environment:checking '/home/tom007/catkin_ws_ros2/install/my_msgs' for CMake config files
[0.589s] Level 1:colcon.colcon_core.shell:create_environment_hook('my_msgs', 'cmake_prefix_path')
[0.589s] INFO:colcon.colcon_core.shell:Creating environment hook '/home/tom007/catkin_ws_ros2/install/my_msgs/share/my_msgs/hook/cmake_prefix_path.ps1'
[0.589s] INFO:colcon.colcon_core.shell:Creating environment descriptor '/home/tom007/catkin_ws_ros2/install/my_msgs/share/my_msgs/hook/cmake_prefix_path.dsv'
[0.590s] INFO:colcon.colcon_core.shell:Creating environment hook '/home/tom007/catkin_ws_ros2/install/my_msgs/share/my_msgs/hook/cmake_prefix_path.sh'
[0.590s] Level 1:colcon.colcon_core.environment:checking '/home/tom007/catkin_ws_ros2/install/my_msgs/lib'
[0.590s] Level 1:colcon.colcon_core.shell:create_environment_hook('my_msgs', 'ld_library_path_lib')
[0.590s] INFO:colcon.colcon_core.shell:Creating environment hook '/home/tom007/catkin_ws_ros2/install/my_msgs/share/my_msgs/hook/ld_library_path_lib.ps1'
[0.590s] INFO:colcon.colcon_core.shell:Creating environment descriptor '/home/tom007/catkin_ws_ros2/install/my_msgs/share/my_msgs/hook/ld_library_path_lib.dsv'
[0.590s] INFO:colcon.colcon_core.shell:Creating environment hook '/home/tom007/catkin_ws_ros2/install/my_msgs/share/my_msgs/hook/ld_library_path_lib.sh'
[0.591s] Level 1:colcon.colcon_core.environment:checking '/home/tom007/catkin_ws_ros2/install/my_msgs/bin'
[0.591s] Level 1:colcon.colcon_core.environment:checking '/home/tom007/catkin_ws_ros2/install/my_msgs/lib/pkgconfig/my_msgs.pc'
[0.591s] Level 1:colcon.colcon_core.environment:checking '/home/tom007/catkin_ws_ros2/install/my_msgs/lib/python3.10/site-packages'
[0.591s] Level 1:colcon.colcon_core.environment:checking '/home/tom007/catkin_ws_ros2/install/my_msgs/bin'
[0.591s] INFO:colcon.colcon_core.shell:Creating package script '/home/tom007/catkin_ws_ros2/install/my_msgs/share/my_msgs/package.ps1'
[0.591s] INFO:colcon.colcon_core.shell:Creating package descriptor '/home/tom007/catkin_ws_ros2/install/my_msgs/share/my_msgs/package.dsv'
[0.592s] INFO:colcon.colcon_core.shell:Creating package script '/home/tom007/catkin_ws_ros2/install/my_msgs/share/my_msgs/package.sh'
[0.592s] INFO:colcon.colcon_core.shell:Creating package script '/home/tom007/catkin_ws_ros2/install/my_msgs/share/my_msgs/package.bash'
[0.592s] INFO:colcon.colcon_core.shell:Creating package script '/home/tom007/catkin_ws_ros2/install/my_msgs/share/my_msgs/package.zsh'
[0.592s] Level 1:colcon.colcon_core.environment:create_file_with_runtime_dependencies(/home/tom007/catkin_ws_ros2/install/my_msgs/share/colcon-core/packages/my_msgs)
[0.592s] INFO:colcon.colcon_ros.task.ament_cmake.build:Building ROS package in '/home/tom007/catkin_ws_ros2/src/action_test' with build type 'ament_cmake'
[0.592s] INFO:colcon.colcon_cmake.task.cmake.build:Building CMake package in '/home/tom007/catkin_ws_ros2/src/action_test'
[0.593s] INFO:colcon.colcon_core.shell:Skip shell extension 'powershell' for command environment: Not usable outside of PowerShell
[0.593s] DEBUG:colcon.colcon_core.shell:Skip shell extension 'dsv' for command environment
[0.594s] INFO:colcon.colcon_ros.task.ament_cmake.build:Building ROS package in '/home/tom007/catkin_ws_ros2/src/test_cpp' with build type 'ament_cmake'
[0.594s] INFO:colcon.colcon_cmake.task.cmake.build:Building CMake package in '/home/tom007/catkin_ws_ros2/src/test_cpp'
[0.595s] INFO:colcon.colcon_core.shell:Skip shell extension 'powershell' for command environment: Not usable outside of PowerShell
[0.595s] DEBUG:colcon.colcon_core.shell:Skip shell extension 'dsv' for command environment
[0.600s] DEBUG:colcon.colcon_core.event_handler.log_command:Invoking command in '/home/tom007/catkin_ws_ros2/build/action_test': CMAKE_PREFIX_PATH=/home/tom007/catkin_ws_ros2/install/my_msgs:/home/tom007/catkin_ws_ros2/install/test_cpp:/home/tom007/catkin_ws_ros2/install/action_test:/opt/ros/humble /usr/bin/cmake --build /home/tom007/catkin_ws_ros2/build/action_test -- -j16 -l16
[0.602s] DEBUG:colcon.colcon_core.event_handler.log_command:Invoking command in '/home/tom007/catkin_ws_ros2/build/test_cpp': CMAKE_PREFIX_PATH=/home/tom007/catkin_ws_ros2/install/my_msgs:/home/tom007/catkin_ws_ros2/install/test_cpp:/home/tom007/catkin_ws_ros2/install/action_test:/opt/ros/humble /usr/bin/cmake --build /home/tom007/catkin_ws_ros2/build/test_cpp -- -j16 -l16
[2.939s] DEBUG:colcon.colcon_core.event_handler.log_command:Invoked command in '/home/tom007/catkin_ws_ros2/build/test_cpp' returned '0': CMAKE_PREFIX_PATH=/home/tom007/catkin_ws_ros2/install/my_msgs:/home/tom007/catkin_ws_ros2/install/test_cpp:/home/tom007/catkin_ws_ros2/install/action_test:/opt/ros/humble /usr/bin/cmake --build /home/tom007/catkin_ws_ros2/build/test_cpp -- -j16 -l16
[2.960s] DEBUG:colcon.colcon_core.event_handler.log_command:Invoking command in '/home/tom007/catkin_ws_ros2/build/test_cpp': CMAKE_PREFIX_PATH=/home/tom007/catkin_ws_ros2/install/my_msgs:/home/tom007/catkin_ws_ros2/install/test_cpp:/home/tom007/catkin_ws_ros2/install/action_test:/opt/ros/humble /usr/bin/cmake --install /home/tom007/catkin_ws_ros2/build/test_cpp
[2.969s] Level 1:colcon.colcon_core.environment:create_environment_scripts_only(test_cpp)
[2.969s] Level 1:colcon.colcon_core.environment:checking '/home/tom007/catkin_ws_ros2/install/test_cpp' for CMake module files
[2.969s] DEBUG:colcon.colcon_core.event_handler.log_command:Invoked command in '/home/tom007/catkin_ws_ros2/build/test_cpp' returned '0': CMAKE_PREFIX_PATH=/home/tom007/catkin_ws_ros2/install/my_msgs:/home/tom007/catkin_ws_ros2/install/test_cpp:/home/tom007/catkin_ws_ros2/install/action_test:/opt/ros/humble /usr/bin/cmake --install /home/tom007/catkin_ws_ros2/build/test_cpp
[2.970s] Level 1:colcon.colcon_core.environment:checking '/home/tom007/catkin_ws_ros2/install/test_cpp' for CMake config files
[2.970s] Level 1:colcon.colcon_core.shell:create_environment_hook('test_cpp', 'cmake_prefix_path')
[2.970s] INFO:colcon.colcon_core.shell:Creating environment hook '/home/tom007/catkin_ws_ros2/install/test_cpp/share/test_cpp/hook/cmake_prefix_path.ps1'
[2.970s] INFO:colcon.colcon_core.shell:Creating environment descriptor '/home/tom007/catkin_ws_ros2/install/test_cpp/share/test_cpp/hook/cmake_prefix_path.dsv'
[2.971s] INFO:colcon.colcon_core.shell:Creating environment hook '/home/tom007/catkin_ws_ros2/install/test_cpp/share/test_cpp/hook/cmake_prefix_path.sh'
[2.971s] Level 1:colcon.colcon_core.environment:checking '/home/tom007/catkin_ws_ros2/install/test_cpp/lib'
[2.971s] Level 1:colcon.colcon_core.environment:checking '/home/tom007/catkin_ws_ros2/install/test_cpp/bin'
[2.971s] Level 1:colcon.colcon_core.environment:checking '/home/tom007/catkin_ws_ros2/install/test_cpp/lib/pkgconfig/test_cpp.pc'
[2.971s] Level 1:colcon.colcon_core.environment:checking '/home/tom007/catkin_ws_ros2/install/test_cpp/lib/python3.10/site-packages'
[2.971s] Level 1:colcon.colcon_core.environment:checking '/home/tom007/catkin_ws_ros2/install/test_cpp/bin'
[2.972s] INFO:colcon.colcon_core.shell:Creating package script '/home/tom007/catkin_ws_ros2/install/test_cpp/share/test_cpp/package.ps1'
[2.972s] INFO:colcon.colcon_core.shell:Creating package descriptor '/home/tom007/catkin_ws_ros2/install/test_cpp/share/test_cpp/package.dsv'
[2.972s] INFO:colcon.colcon_core.shell:Creating package script '/home/tom007/catkin_ws_ros2/install/test_cpp/share/test_cpp/package.sh'
[2.972s] INFO:colcon.colcon_core.shell:Creating package script '/home/tom007/catkin_ws_ros2/install/test_cpp/share/test_cpp/package.bash'
[2.973s] INFO:colcon.colcon_core.shell:Creating package script '/home/tom007/catkin_ws_ros2/install/test_cpp/share/test_cpp/package.zsh'
[2.973s] Level 1:colcon.colcon_core.environment:create_file_with_runtime_dependencies(/home/tom007/catkin_ws_ros2/install/test_cpp/share/colcon-core/packages/test_cpp)
[2.997s] Level 1:colcon.colcon_core.environment:create_environment_scripts_only(test_cpp)
[2.997s] Level 1:colcon.colcon_core.environment:checking '/home/tom007/catkin_ws_ros2/install/test_cpp' for CMake module files
[2.997s] Level 1:colcon.colcon_core.environment:checking '/home/tom007/catkin_ws_ros2/install/test_cpp' for CMake config files
[2.997s] Level 1:colcon.colcon_core.shell:create_environment_hook('test_cpp', 'cmake_prefix_path')
[2.997s] INFO:colcon.colcon_core.shell:Creating environment hook '/home/tom007/catkin_ws_ros2/install/test_cpp/share/test_cpp/hook/cmake_prefix_path.ps1'
[2.998s] INFO:colcon.colcon_core.shell:Creating environment descriptor '/home/tom007/catkin_ws_ros2/install/test_cpp/share/test_cpp/hook/cmake_prefix_path.dsv'
[2.998s] INFO:colcon.colcon_core.shell:Creating environment hook '/home/tom007/catkin_ws_ros2/install/test_cpp/share/test_cpp/hook/cmake_prefix_path.sh'
[2.998s] Level 1:colcon.colcon_core.environment:checking '/home/tom007/catkin_ws_ros2/install/test_cpp/lib'
[2.998s] Level 1:colcon.colcon_core.environment:checking '/home/tom007/catkin_ws_ros2/install/test_cpp/bin'
[2.998s] Level 1:colcon.colcon_core.environment:checking '/home/tom007/catkin_ws_ros2/install/test_cpp/lib/pkgconfig/test_cpp.pc'
[2.998s] Level 1:colcon.colcon_core.environment:checking '/home/tom007/catkin_ws_ros2/install/test_cpp/lib/python3.10/site-packages'
[2.999s] Level 1:colcon.colcon_core.environment:checking '/home/tom007/catkin_ws_ros2/install/test_cpp/bin'
[2.999s] INFO:colcon.colcon_core.shell:Creating package script '/home/tom007/catkin_ws_ros2/install/test_cpp/share/test_cpp/package.ps1'
[2.999s] INFO:colcon.colcon_core.shell:Creating package descriptor '/home/tom007/catkin_ws_ros2/install/test_cpp/share/test_cpp/package.dsv'
[2.999s] INFO:colcon.colcon_core.shell:Creating package script '/home/tom007/catkin_ws_ros2/install/test_cpp/share/test_cpp/package.sh'
[2.999s] INFO:colcon.colcon_core.shell:Creating package script '/home/tom007/catkin_ws_ros2/install/test_cpp/share/test_cpp/package.bash'
[3.000s] INFO:colcon.colcon_core.shell:Creating package script '/home/tom007/catkin_ws_ros2/install/test_cpp/share/test_cpp/package.zsh'
[3.000s] Level 1:colcon.colcon_core.environment:create_file_with_runtime_dependencies(/home/tom007/catkin_ws_ros2/install/test_cpp/share/colcon-core/packages/test_cpp)
[3.078s] DEBUG:colcon.colcon_core.event_handler.log_command:Invoked command in '/home/tom007/catkin_ws_ros2/build/action_test' returned '0': CMAKE_PREFIX_PATH=/home/tom007/catkin_ws_ros2/install/my_msgs:/home/tom007/catkin_ws_ros2/install/test_cpp:/home/tom007/catkin_ws_ros2/install/action_test:/opt/ros/humble /usr/bin/cmake --build /home/tom007/catkin_ws_ros2/build/action_test -- -j16 -l16
[3.096s] DEBUG:colcon.colcon_core.event_handler.log_command:Invoking command in '/home/tom007/catkin_ws_ros2/build/action_test': CMAKE_PREFIX_PATH=/home/tom007/catkin_ws_ros2/install/my_msgs:/home/tom007/catkin_ws_ros2/install/test_cpp:/home/tom007/catkin_ws_ros2/install/action_test:/opt/ros/humble /usr/bin/cmake --install /home/tom007/catkin_ws_ros2/build/action_test
[3.104s] Level 1:colcon.colcon_core.environment:create_environment_scripts_only(action_test)
[3.104s] DEBUG:colcon.colcon_core.event_handler.log_command:Invoked command in '/home/tom007/catkin_ws_ros2/build/action_test' returned '0': CMAKE_PREFIX_PATH=/home/tom007/catkin_ws_ros2/install/my_msgs:/home/tom007/catkin_ws_ros2/install/test_cpp:/home/tom007/catkin_ws_ros2/install/action_test:/opt/ros/humble /usr/bin/cmake --install /home/tom007/catkin_ws_ros2/build/action_test
[3.104s] Level 1:colcon.colcon_core.environment:checking '/home/tom007/catkin_ws_ros2/install/action_test' for CMake module files
[3.105s] Level 1:colcon.colcon_core.environment:checking '/home/tom007/catkin_ws_ros2/install/action_test' for CMake config files
[3.105s] Level 1:colcon.colcon_core.shell:create_environment_hook('action_test', 'cmake_prefix_path')
[3.105s] INFO:colcon.colcon_core.shell:Creating environment hook '/home/tom007/catkin_ws_ros2/install/action_test/share/action_test/hook/cmake_prefix_path.ps1'
[3.105s] INFO:colcon.colcon_core.shell:Creating environment descriptor '/home/tom007/catkin_ws_ros2/install/action_test/share/action_test/hook/cmake_prefix_path.dsv'
[3.106s] INFO:colcon.colcon_core.shell:Creating environment hook '/home/tom007/catkin_ws_ros2/install/action_test/share/action_test/hook/cmake_prefix_path.sh'
[3.106s] Level 1:colcon.colcon_core.environment:checking '/home/tom007/catkin_ws_ros2/install/action_test/lib'
[3.106s] Level 1:colcon.colcon_core.environment:checking '/home/tom007/catkin_ws_ros2/install/action_test/bin'
[3.106s] Level 1:colcon.colcon_core.environment:checking '/home/tom007/catkin_ws_ros2/install/action_test/lib/pkgconfig/action_test.pc'
[3.106s] Level 1:colcon.colcon_core.environment:checking '/home/tom007/catkin_ws_ros2/install/action_test/lib/python3.10/site-packages'
[3.106s] Level 1:colcon.colcon_core.environment:checking '/home/tom007/catkin_ws_ros2/install/action_test/bin'
[3.106s] INFO:colcon.colcon_core.shell:Creating package script '/home/tom007/catkin_ws_ros2/install/action_test/share/action_test/package.ps1'
[3.107s] INFO:colcon.colcon_core.shell:Creating package descriptor '/home/tom007/catkin_ws_ros2/install/action_test/share/action_test/package.dsv'
[3.107s] INFO:colcon.colcon_core.shell:Creating package script '/home/tom007/catkin_ws_ros2/install/action_test/share/action_test/package.sh'
[3.107s] INFO:colcon.colcon_core.shell:Creating package script '/home/tom007/catkin_ws_ros2/install/action_test/share/action_test/package.bash'
[3.107s] INFO:colcon.colcon_core.shell:Creating package script '/home/tom007/catkin_ws_ros2/install/action_test/share/action_test/package.zsh'
[3.107s] Level 1:colcon.colcon_core.environment:create_file_with_runtime_dependencies(/home/tom007/catkin_ws_ros2/install/action_test/share/colcon-core/packages/action_test)
[3.125s] Level 1:colcon.colcon_core.environment:create_environment_scripts_only(action_test)
[3.125s] Level 1:colcon.colcon_core.environment:checking '/home/tom007/catkin_ws_ros2/install/action_test' for CMake module files
[3.126s] Level 1:colcon.colcon_core.environment:checking '/home/tom007/catkin_ws_ros2/install/action_test' for CMake config files
[3.126s] Level 1:colcon.colcon_core.shell:create_environment_hook('action_test', 'cmake_prefix_path')
[3.126s] INFO:colcon.colcon_core.shell:Creating environment hook '/home/tom007/catkin_ws_ros2/install/action_test/share/action_test/hook/cmake_prefix_path.ps1'
[3.126s] INFO:colcon.colcon_core.shell:Creating environment descriptor '/home/tom007/catkin_ws_ros2/install/action_test/share/action_test/hook/cmake_prefix_path.dsv'
[3.127s] INFO:colcon.colcon_core.shell:Creating environment hook '/home/tom007/catkin_ws_ros2/install/action_test/share/action_test/hook/cmake_prefix_path.sh'
[3.127s] Level 1:colcon.colcon_core.environment:checking '/home/tom007/catkin_ws_ros2/install/action_test/lib'
[3.127s] Level 1:colcon.colcon_core.environment:checking '/home/tom007/catkin_ws_ros2/install/action_test/bin'
[3.127s] Level 1:colcon.colcon_core.environment:checking '/home/tom007/catkin_ws_ros2/install/action_test/lib/pkgconfig/action_test.pc'
[3.127s] Level 1:colcon.colcon_core.environment:checking '/home/tom007/catkin_ws_ros2/install/action_test/lib/python3.10/site-packages'
[3.127s] Level 1:colcon.colcon_core.environment:checking '/home/tom007/catkin_ws_ros2/install/action_test/bin'
[3.127s] INFO:colcon.colcon_core.shell:Creating package script '/home/tom007/catkin_ws_ros2/install/action_test/share/action_test/package.ps1'
[3.128s] INFO:colcon.colcon_core.shell:Creating package descriptor '/home/tom007/catkin_ws_ros2/install/action_test/share/action_test/package.dsv'
[3.128s] INFO:colcon.colcon_core.shell:Creating package script '/home/tom007/catkin_ws_ros2/install/action_test/share/action_test/package.sh'
[3.128s] INFO:colcon.colcon_core.shell:Creating package script '/home/tom007/catkin_ws_ros2/install/action_test/share/action_test/package.bash'
[3.128s] INFO:colcon.colcon_core.shell:Creating package script '/home/tom007/catkin_ws_ros2/install/action_test/share/action_test/package.zsh'
[3.128s] Level 1:colcon.colcon_core.environment:create_file_with_runtime_dependencies(/home/tom007/catkin_ws_ros2/install/action_test/share/colcon-core/packages/action_test)
[3.128s] DEBUG:colcon.colcon_parallel_executor.executor.parallel:closing loop
[3.129s] DEBUG:colcon.colcon_parallel_executor.executor.parallel:loop closed
[3.129s] DEBUG:colcon.colcon_parallel_executor.executor.parallel:run_until_complete finished with '0'
[3.129s] DEBUG:colcon.colcon_core.event_reactor:joining thread
[3.134s] INFO:colcon.colcon_core.plugin_system:Skipping extension 'colcon_notification.desktop_notification.terminal_notifier': Not used on non-Darwin systems
[3.134s] INFO:colcon.colcon_core.plugin_system:Skipping extension 'colcon_notification.desktop_notification.win32': Not used on non-Windows systems
[3.134s] INFO:colcon.colcon_notification.desktop_notification:Sending desktop notification using 'notify2'
[3.151s] DEBUG:colcon.colcon_core.event_reactor:joined thread
[3.151s] INFO:colcon.colcon_core.shell:Creating prefix script '/home/tom007/catkin_ws_ros2/install/local_setup.ps1'
[3.152s] INFO:colcon.colcon_core.shell:Creating prefix util module '/home/tom007/catkin_ws_ros2/install/_local_setup_util_ps1.py'
[3.152s] INFO:colcon.colcon_core.shell:Creating prefix chain script '/home/tom007/catkin_ws_ros2/install/setup.ps1'
[3.153s] INFO:colcon.colcon_core.shell:Creating prefix script '/home/tom007/catkin_ws_ros2/install/local_setup.sh'
[3.154s] INFO:colcon.colcon_core.shell:Creating prefix util module '/home/tom007/catkin_ws_ros2/install/_local_setup_util_sh.py'
[3.154s] INFO:colcon.colcon_core.shell:Creating prefix chain script '/home/tom007/catkin_ws_ros2/install/setup.sh'
[3.155s] INFO:colcon.colcon_core.shell:Creating prefix script '/home/tom007/catkin_ws_ros2/install/local_setup.bash'
[3.155s] INFO:colcon.colcon_core.shell:Creating prefix chain script '/home/tom007/catkin_ws_ros2/install/setup.bash'
[3.156s] INFO:colcon.colcon_core.shell:Creating prefix script '/home/tom007/catkin_ws_ros2/install/local_setup.zsh'
[3.156s] INFO:colcon.colcon_core.shell:Creating prefix chain script '/home/tom007/catkin_ws_ros2/install/setup.zsh'
