-- The C compiler identification is GNU 11.4.0
-- The CXX compiler identification is GNU 11.4.0
-- Detecting C compiler ABI info
-- Detecting C compiler ABI info - done
-- Check for working C compiler: /usr/bin/cc - skipped
-- Detecting C compile features
-- Detecting C compile features - done
-- Detecting CXX compiler ABI info
-- Detecting CXX compiler ABI info - done
-- Check for working CXX compiler: /usr/bin/c++ - skipped
-- Detecting CXX compile features
-- Detecting CXX compile features - done
-- Found ament_cmake: 1.3.10 (/opt/ros/humble/share/ament_cmake/cmake)
-- Found Python3: /usr/bin/python3 (found version "3.10.12") found components: Interpreter 
-- Found rclcpp: 16.0.10 (/opt/ros/humble/share/rclcpp/cmake)
-- Found rosidl_generator_c: 3.1.5 (/opt/ros/humble/share/rosidl_generator_c/cmake)
-- Found rosidl_adapter: 3.1.5 (/opt/ros/humble/share/rosidl_adapter/cmake)
-- Found rosidl_generator_cpp: 3.1.5 (/opt/ros/humble/share/rosidl_generator_cpp/cmake)
-- Using all available rosidl_typesupport_c: rosidl_typesupport_fastrtps_c;rosidl_typesupport_introspection_c
-- Using all available rosidl_typesupport_cpp: rosidl_typesupport_fastrtps_cpp;rosidl_typesupport_introspection_cpp
-- Found rmw_implementation_cmake: 6.1.2 (/opt/ros/humble/share/rmw_implementation_cmake/cmake)
-- Found rmw_fastrtps_cpp: 6.2.7 (/opt/ros/humble/share/rmw_fastrtps_cpp/cmake)
-- Found OpenSSL: /usr/lib/x86_64-linux-gnu/libcrypto.so (found version "3.0.2")  
-- Found FastRTPS: /opt/ros/humble/include  
-- Using RMW implementation 'rmw_fastrtps_cpp' as default
-- Looking for pthread.h
-- Looking for pthread.h - found
-- Performing Test CMAKE_HAVE_LIBC_PTHREAD
-- Performing Test CMAKE_HAVE_LIBC_PTHREAD - Success
-- Found Threads: TRUE  
-- Found geometry_msgs: 4.2.4 (/opt/ros/humble/share/geometry_msgs/cmake)
-- Found rosidl_default_generators: 1.2.0 (/opt/ros/humble/share/rosidl_default_generators/cmake)
-- Found ament_cmake_ros: 0.10.0 (/opt/ros/humble/share/ament_cmake_ros/cmake)
-- Using all available rosidl_typesupport_c: rosidl_typesupport_fastrtps_c;rosidl_typesupport_introspection_c
-- Using all available rosidl_typesupport_cpp: rosidl_typesupport_fastrtps_cpp;rosidl_typesupport_introspection_cpp
-- Found PythonInterp: /usr/bin/python3 (found suitable version "3.10.12", minimum required is "3.6") 
-- Found python_cmake_module: 0.10.0 (/opt/ros/humble/share/python_cmake_module/cmake)
-- Found PythonLibs: /usr/lib/x86_64-linux-gnu/libpython3.10.so (found suitable version "3.10.12", minimum required is "3.5") 
-- Using PYTHON_EXECUTABLE: /usr/bin/python3
-- Using PYTHON_INCLUDE_DIRS: /usr/include/python3.10
-- Using PYTHON_LIBRARIES: /usr/lib/x86_64-linux-gnu/libpython3.10.so
-- Found PythonExtra: .so  
-- Found ament_lint_auto: 0.12.11 (/opt/ros/humble/share/ament_lint_auto/cmake)
-- Added test 'cppcheck' to perform static code analysis on C / C++ code
-- Configured cppcheck include dirs: 
-- Configured cppcheck exclude dirs and/or files: 
-- Added test 'lint_cmake' to check CMake code style
-- Added test 'uncrustify' to check C / C++ code style
-- Configured uncrustify additional arguments: 
-- Added test 'xmllint' to check XML markup files
-- Configuring done
-- Generating done
-- Build files have been written to: /home/tom007/catkin_ws_ros2/build/my_msgs
[  2%] [34m[1mGenerating C code for ROS interfaces[0m
[  4%] [34m[1mGenerating C++ code for ROS interfaces[0m
[  4%] Built target ament_cmake_python_copy_my_msgs
running egg_info
creating my_msgs.egg-info
writing my_msgs.egg-info/PKG-INFO
writing dependency_links to my_msgs.egg-info/dependency_links.txt
writing top-level names to my_msgs.egg-info/top_level.txt
writing manifest file 'my_msgs.egg-info/SOURCES.txt'
reading manifest file 'my_msgs.egg-info/SOURCES.txt'
writing manifest file 'my_msgs.egg-info/SOURCES.txt'
[  4%] Built target ament_cmake_python_build_my_msgs_egg
[  4%] Built target my_msgs__cpp
[ 10%] [34m[1mGenerating C++ type support dispatch for ROS interfaces[0m
[ 10%] [34m[1mGenerating C++ introspection for ROS interfaces[0m
[ 10%] [34m[1mGenerating C++ type support for eProsima Fast-RTPS[0m
[ 12%] [32mBuilding C object CMakeFiles/my_msgs__rosidl_generator_c.dir/rosidl_generator_c/my_msgs/msg/detail/test__functions.c.o[0m
[ 14%] [32mBuilding C object CMakeFiles/my_msgs__rosidl_generator_c.dir/rosidl_generator_c/my_msgs/action/detail/test__functions.c.o[0m
[ 17%] [32mBuilding C object CMakeFiles/my_msgs__rosidl_generator_c.dir/rosidl_generator_c/my_msgs/srv/detail/test__functions.c.o[0m
[ 19%] [32m[1mLinking C shared library libmy_msgs__rosidl_generator_c.so[0m
[ 19%] Built target my_msgs__rosidl_generator_c
[ 21%] [34m[1mGenerating C type support for eProsima Fast-RTPS[0m
[ 23%] [34m[1mGenerating C type support dispatch for ROS interfaces[0m
[ 25%] [34m[1mGenerating C introspection for ROS interfaces[0m
[ 31%] [32mBuilding CXX object CMakeFiles/my_msgs__rosidl_typesupport_cpp.dir/rosidl_typesupport_cpp/my_msgs/msg/test__type_support.cpp.o[0m
[ 31%] [32mBuilding CXX object CMakeFiles/my_msgs__rosidl_typesupport_cpp.dir/rosidl_typesupport_cpp/my_msgs/action/test__type_support.cpp.o[0m
[ 31%] [32mBuilding CXX object CMakeFiles/my_msgs__rosidl_typesupport_cpp.dir/rosidl_typesupport_cpp/my_msgs/srv/test__type_support.cpp.o[0m
[ 34%] [32mBuilding CXX object CMakeFiles/my_msgs__rosidl_typesupport_introspection_cpp.dir/rosidl_typesupport_introspection_cpp/my_msgs/srv/detail/test__type_support.cpp.o[0m
[ 36%] [32mBuilding CXX object CMakeFiles/my_msgs__rosidl_typesupport_introspection_cpp.dir/rosidl_typesupport_introspection_cpp/my_msgs/action/detail/test__type_support.cpp.o[0m
[ 38%] [32mBuilding CXX object CMakeFiles/my_msgs__rosidl_typesupport_introspection_cpp.dir/rosidl_typesupport_introspection_cpp/my_msgs/msg/detail/test__type_support.cpp.o[0m
[ 42%] [32mBuilding CXX object CMakeFiles/my_msgs__rosidl_typesupport_fastrtps_cpp.dir/rosidl_typesupport_fastrtps_cpp/my_msgs/msg/detail/dds_fastrtps/test__type_support.cpp.o[0m
[ 42%] [32mBuilding CXX object CMakeFiles/my_msgs__rosidl_typesupport_fastrtps_cpp.dir/rosidl_typesupport_fastrtps_cpp/my_msgs/srv/detail/dds_fastrtps/test__type_support.cpp.o[0m
[ 44%] [32mBuilding CXX object CMakeFiles/my_msgs__rosidl_typesupport_fastrtps_cpp.dir/rosidl_typesupport_fastrtps_cpp/my_msgs/action/detail/dds_fastrtps/test__type_support.cpp.o[0m
[ 51%] [32mBuilding CXX object CMakeFiles/my_msgs__rosidl_typesupport_c.dir/rosidl_typesupport_c/my_msgs/msg/test__type_support.cpp.o[0m
[ 51%] [32mBuilding CXX object CMakeFiles/my_msgs__rosidl_typesupport_c.dir/rosidl_typesupport_c/my_msgs/srv/test__type_support.cpp.o[0m
[ 51%] [32mBuilding CXX object CMakeFiles/my_msgs__rosidl_typesupport_c.dir/rosidl_typesupport_c/my_msgs/action/test__type_support.cpp.o[0m
[ 53%] [32m[1mLinking CXX shared library libmy_msgs__rosidl_typesupport_c.so[0m
[ 55%] [32mBuilding CXX object CMakeFiles/my_msgs__rosidl_typesupport_fastrtps_c.dir/rosidl_typesupport_fastrtps_c/my_msgs/msg/detail/test__type_support_c.cpp.o[0m
[ 57%] [32mBuilding CXX object CMakeFiles/my_msgs__rosidl_typesupport_fastrtps_c.dir/rosidl_typesupport_fastrtps_c/my_msgs/action/detail/test__type_support_c.cpp.o[0m
[ 59%] [32mBuilding CXX object CMakeFiles/my_msgs__rosidl_typesupport_fastrtps_c.dir/rosidl_typesupport_fastrtps_c/my_msgs/srv/detail/test__type_support_c.cpp.o[0m
[ 59%] Built target my_msgs__rosidl_typesupport_c
[ 63%] [32mBuilding C object CMakeFiles/my_msgs__rosidl_typesupport_introspection_c.dir/rosidl_typesupport_introspection_c/my_msgs/msg/detail/test__type_support.c.o[0m
[ 63%] [32mBuilding C object CMakeFiles/my_msgs__rosidl_typesupport_introspection_c.dir/rosidl_typesupport_introspection_c/my_msgs/action/detail/test__type_support.c.o[0m
[ 65%] [32mBuilding C object CMakeFiles/my_msgs__rosidl_typesupport_introspection_c.dir/rosidl_typesupport_introspection_c/my_msgs/srv/detail/test__type_support.c.o[0m
[ 68%] [32m[1mLinking C shared library libmy_msgs__rosidl_typesupport_introspection_c.so[0m
[ 70%] [32m[1mLinking CXX shared library libmy_msgs__rosidl_typesupport_cpp.so[0m
[ 70%] Built target my_msgs__rosidl_typesupport_introspection_c
[ 70%] Built target my_msgs__rosidl_typesupport_cpp
[ 72%] [32m[1mLinking CXX shared library libmy_msgs__rosidl_typesupport_introspection_cpp.so[0m
[ 74%] [32m[1mLinking CXX shared library libmy_msgs__rosidl_typesupport_fastrtps_cpp.so[0m
[ 74%] Built target my_msgs__rosidl_typesupport_introspection_cpp
[ 74%] Built target my_msgs__rosidl_typesupport_fastrtps_cpp
[ 76%] [32m[1mLinking CXX shared library libmy_msgs__rosidl_typesupport_fastrtps_c.so[0m
[ 76%] Built target my_msgs__rosidl_typesupport_fastrtps_c
[ 76%] Built target my_msgs
[ 78%] [34m[1mGenerating Python code for ROS interfaces[0m
[ 78%] Built target my_msgs__py
[ 82%] [32mBuilding C object CMakeFiles/my_msgs__rosidl_generator_py.dir/rosidl_generator_py/my_msgs/action/_test_s.c.o[0m
[ 82%] [32mBuilding C object CMakeFiles/my_msgs__rosidl_generator_py.dir/rosidl_generator_py/my_msgs/msg/_test_s.c.o[0m
[ 85%] [32mBuilding C object CMakeFiles/my_msgs__rosidl_generator_py.dir/rosidl_generator_py/my_msgs/srv/_test_s.c.o[0m
[ 87%] [32m[1mLinking C shared library rosidl_generator_py/my_msgs/libmy_msgs__rosidl_generator_py.so[0m
[ 87%] Built target my_msgs__rosidl_generator_py
[ 89%] [32mBuilding C object CMakeFiles/my_msgs__rosidl_typesupport_c__pyext.dir/rosidl_generator_py/my_msgs/_my_msgs_s.ep.rosidl_typesupport_c.c.o[0m
[ 91%] [32mBuilding C object CMakeFiles/my_msgs__rosidl_typesupport_introspection_c__pyext.dir/rosidl_generator_py/my_msgs/_my_msgs_s.ep.rosidl_typesupport_introspection_c.c.o[0m
[ 93%] [32mBuilding C object CMakeFiles/my_msgs__rosidl_typesupport_fastrtps_c__pyext.dir/rosidl_generator_py/my_msgs/_my_msgs_s.ep.rosidl_typesupport_fastrtps_c.c.o[0m
[ 95%] [32m[1mLinking C shared library rosidl_generator_py/my_msgs/my_msgs_s__rosidl_typesupport_c.cpython-310-x86_64-linux-gnu.so[0m
[ 97%] [32m[1mLinking C shared library rosidl_generator_py/my_msgs/my_msgs_s__rosidl_typesupport_introspection_c.cpython-310-x86_64-linux-gnu.so[0m
[100%] [32m[1mLinking C shared library rosidl_generator_py/my_msgs/my_msgs_s__rosidl_typesupport_fastrtps_c.cpython-310-x86_64-linux-gnu.so[0m
[100%] Built target my_msgs__rosidl_typesupport_c__pyext
[100%] Built target my_msgs__rosidl_typesupport_introspection_c__pyext
[100%] Built target my_msgs__rosidl_typesupport_fastrtps_c__pyext
-- Install configuration: ""
-- Installing: /home/tom007/catkin_ws_ros2/install/my_msgs/share/ament_index/resource_index/rosidl_interfaces/my_msgs
-- Installing: /home/tom007/catkin_ws_ros2/install/my_msgs/include/my_msgs/my_msgs
-- Installing: /home/tom007/catkin_ws_ros2/install/my_msgs/include/my_msgs/my_msgs/srv
-- Installing: /home/tom007/catkin_ws_ros2/install/my_msgs/include/my_msgs/my_msgs/srv/detail
-- Installing: /home/tom007/catkin_ws_ros2/install/my_msgs/include/my_msgs/my_msgs/srv/detail/test__struct.h
-- Installing: /home/tom007/catkin_ws_ros2/install/my_msgs/include/my_msgs/my_msgs/srv/detail/test__type_support.h
-- Installing: /home/tom007/catkin_ws_ros2/install/my_msgs/include/my_msgs/my_msgs/srv/detail/test__functions.h
-- Installing: /home/tom007/catkin_ws_ros2/install/my_msgs/include/my_msgs/my_msgs/srv/detail/test__functions.c
-- Installing: /home/tom007/catkin_ws_ros2/install/my_msgs/include/my_msgs/my_msgs/srv/test.h
-- Installing: /home/tom007/catkin_ws_ros2/install/my_msgs/include/my_msgs/my_msgs/msg
-- Installing: /home/tom007/catkin_ws_ros2/install/my_msgs/include/my_msgs/my_msgs/msg/detail
-- Installing: /home/tom007/catkin_ws_ros2/install/my_msgs/include/my_msgs/my_msgs/msg/detail/test__struct.h
-- Installing: /home/tom007/catkin_ws_ros2/install/my_msgs/include/my_msgs/my_msgs/msg/detail/test__type_support.h
-- Installing: /home/tom007/catkin_ws_ros2/install/my_msgs/include/my_msgs/my_msgs/msg/detail/test__functions.h
-- Installing: /home/tom007/catkin_ws_ros2/install/my_msgs/include/my_msgs/my_msgs/msg/detail/test__functions.c
-- Installing: /home/tom007/catkin_ws_ros2/install/my_msgs/include/my_msgs/my_msgs/msg/test.h
-- Installing: /home/tom007/catkin_ws_ros2/install/my_msgs/include/my_msgs/my_msgs/msg/rosidl_generator_c__visibility_control.h
-- Installing: /home/tom007/catkin_ws_ros2/install/my_msgs/include/my_msgs/my_msgs/action
-- Installing: /home/tom007/catkin_ws_ros2/install/my_msgs/include/my_msgs/my_msgs/action/detail
-- Installing: /home/tom007/catkin_ws_ros2/install/my_msgs/include/my_msgs/my_msgs/action/detail/test__struct.h
-- Installing: /home/tom007/catkin_ws_ros2/install/my_msgs/include/my_msgs/my_msgs/action/detail/test__type_support.h
-- Installing: /home/tom007/catkin_ws_ros2/install/my_msgs/include/my_msgs/my_msgs/action/detail/test__functions.h
-- Installing: /home/tom007/catkin_ws_ros2/install/my_msgs/include/my_msgs/my_msgs/action/detail/test__functions.c
-- Installing: /home/tom007/catkin_ws_ros2/install/my_msgs/include/my_msgs/my_msgs/action/test.h
-- Installing: /home/tom007/catkin_ws_ros2/install/my_msgs/share/my_msgs/environment/library_path.sh
-- Installing: /home/tom007/catkin_ws_ros2/install/my_msgs/share/my_msgs/environment/library_path.dsv
-- Installing: /home/tom007/catkin_ws_ros2/install/my_msgs/lib/libmy_msgs__rosidl_generator_c.so
-- Set runtime path of "/home/tom007/catkin_ws_ros2/install/my_msgs/lib/libmy_msgs__rosidl_generator_c.so" to ""
-- Up-to-date: /home/tom007/catkin_ws_ros2/install/my_msgs/include/my_msgs/my_msgs
-- Up-to-date: /home/tom007/catkin_ws_ros2/install/my_msgs/include/my_msgs/my_msgs/srv
-- Up-to-date: /home/tom007/catkin_ws_ros2/install/my_msgs/include/my_msgs/my_msgs/srv/detail
-- Installing: /home/tom007/catkin_ws_ros2/install/my_msgs/include/my_msgs/my_msgs/srv/detail/test__rosidl_typesupport_fastrtps_c.h
-- Up-to-date: /home/tom007/catkin_ws_ros2/install/my_msgs/include/my_msgs/my_msgs/msg
-- Installing: /home/tom007/catkin_ws_ros2/install/my_msgs/include/my_msgs/my_msgs/msg/rosidl_typesupport_fastrtps_c__visibility_control.h
-- Up-to-date: /home/tom007/catkin_ws_ros2/install/my_msgs/include/my_msgs/my_msgs/msg/detail
-- Installing: /home/tom007/catkin_ws_ros2/install/my_msgs/include/my_msgs/my_msgs/msg/detail/test__rosidl_typesupport_fastrtps_c.h
-- Up-to-date: /home/tom007/catkin_ws_ros2/install/my_msgs/include/my_msgs/my_msgs/action
-- Up-to-date: /home/tom007/catkin_ws_ros2/install/my_msgs/include/my_msgs/my_msgs/action/detail
-- Installing: /home/tom007/catkin_ws_ros2/install/my_msgs/include/my_msgs/my_msgs/action/detail/test__rosidl_typesupport_fastrtps_c.h
-- Installing: /home/tom007/catkin_ws_ros2/install/my_msgs/lib/libmy_msgs__rosidl_typesupport_fastrtps_c.so
-- Set runtime path of "/home/tom007/catkin_ws_ros2/install/my_msgs/lib/libmy_msgs__rosidl_typesupport_fastrtps_c.so" to ""
-- Up-to-date: /home/tom007/catkin_ws_ros2/install/my_msgs/include/my_msgs/my_msgs
-- Up-to-date: /home/tom007/catkin_ws_ros2/install/my_msgs/include/my_msgs/my_msgs/srv
-- Up-to-date: /home/tom007/catkin_ws_ros2/install/my_msgs/include/my_msgs/my_msgs/srv/detail
-- Installing: /home/tom007/catkin_ws_ros2/install/my_msgs/include/my_msgs/my_msgs/srv/detail/test__struct.hpp
-- Installing: /home/tom007/catkin_ws_ros2/install/my_msgs/include/my_msgs/my_msgs/srv/detail/test__traits.hpp
-- Installing: /home/tom007/catkin_ws_ros2/install/my_msgs/include/my_msgs/my_msgs/srv/detail/test__builder.hpp
-- Installing: /home/tom007/catkin_ws_ros2/install/my_msgs/include/my_msgs/my_msgs/srv/test.hpp
-- Up-to-date: /home/tom007/catkin_ws_ros2/install/my_msgs/include/my_msgs/my_msgs/msg
-- Up-to-date: /home/tom007/catkin_ws_ros2/install/my_msgs/include/my_msgs/my_msgs/msg/detail
-- Installing: /home/tom007/catkin_ws_ros2/install/my_msgs/include/my_msgs/my_msgs/msg/detail/test__struct.hpp
-- Installing: /home/tom007/catkin_ws_ros2/install/my_msgs/include/my_msgs/my_msgs/msg/detail/test__traits.hpp
-- Installing: /home/tom007/catkin_ws_ros2/install/my_msgs/include/my_msgs/my_msgs/msg/detail/test__builder.hpp
-- Installing: /home/tom007/catkin_ws_ros2/install/my_msgs/include/my_msgs/my_msgs/msg/test.hpp
-- Up-to-date: /home/tom007/catkin_ws_ros2/install/my_msgs/include/my_msgs/my_msgs/action
-- Up-to-date: /home/tom007/catkin_ws_ros2/install/my_msgs/include/my_msgs/my_msgs/action/detail
-- Installing: /home/tom007/catkin_ws_ros2/install/my_msgs/include/my_msgs/my_msgs/action/detail/test__struct.hpp
-- Installing: /home/tom007/catkin_ws_ros2/install/my_msgs/include/my_msgs/my_msgs/action/detail/test__traits.hpp
-- Installing: /home/tom007/catkin_ws_ros2/install/my_msgs/include/my_msgs/my_msgs/action/detail/test__builder.hpp
-- Installing: /home/tom007/catkin_ws_ros2/install/my_msgs/include/my_msgs/my_msgs/action/test.hpp
-- Up-to-date: /home/tom007/catkin_ws_ros2/install/my_msgs/include/my_msgs/my_msgs
-- Up-to-date: /home/tom007/catkin_ws_ros2/install/my_msgs/include/my_msgs/my_msgs/srv
-- Up-to-date: /home/tom007/catkin_ws_ros2/install/my_msgs/include/my_msgs/my_msgs/srv/detail
-- Installing: /home/tom007/catkin_ws_ros2/install/my_msgs/include/my_msgs/my_msgs/srv/detail/test__rosidl_typesupport_fastrtps_cpp.hpp
-- Installing: /home/tom007/catkin_ws_ros2/install/my_msgs/include/my_msgs/my_msgs/srv/detail/dds_fastrtps
-- Up-to-date: /home/tom007/catkin_ws_ros2/install/my_msgs/include/my_msgs/my_msgs/msg
-- Up-to-date: /home/tom007/catkin_ws_ros2/install/my_msgs/include/my_msgs/my_msgs/msg/detail
-- Installing: /home/tom007/catkin_ws_ros2/install/my_msgs/include/my_msgs/my_msgs/msg/detail/test__rosidl_typesupport_fastrtps_cpp.hpp
-- Installing: /home/tom007/catkin_ws_ros2/install/my_msgs/include/my_msgs/my_msgs/msg/detail/dds_fastrtps
-- Installing: /home/tom007/catkin_ws_ros2/install/my_msgs/include/my_msgs/my_msgs/msg/rosidl_typesupport_fastrtps_cpp__visibility_control.h
-- Up-to-date: /home/tom007/catkin_ws_ros2/install/my_msgs/include/my_msgs/my_msgs/action
-- Up-to-date: /home/tom007/catkin_ws_ros2/install/my_msgs/include/my_msgs/my_msgs/action/detail
-- Installing: /home/tom007/catkin_ws_ros2/install/my_msgs/include/my_msgs/my_msgs/action/detail/test__rosidl_typesupport_fastrtps_cpp.hpp
-- Installing: /home/tom007/catkin_ws_ros2/install/my_msgs/include/my_msgs/my_msgs/action/detail/dds_fastrtps
-- Installing: /home/tom007/catkin_ws_ros2/install/my_msgs/lib/libmy_msgs__rosidl_typesupport_fastrtps_cpp.so
-- Set runtime path of "/home/tom007/catkin_ws_ros2/install/my_msgs/lib/libmy_msgs__rosidl_typesupport_fastrtps_cpp.so" to ""
-- Up-to-date: /home/tom007/catkin_ws_ros2/install/my_msgs/include/my_msgs/my_msgs
-- Up-to-date: /home/tom007/catkin_ws_ros2/install/my_msgs/include/my_msgs/my_msgs/srv
-- Up-to-date: /home/tom007/catkin_ws_ros2/install/my_msgs/include/my_msgs/my_msgs/srv/detail
-- Installing: /home/tom007/catkin_ws_ros2/install/my_msgs/include/my_msgs/my_msgs/srv/detail/test__rosidl_typesupport_introspection_c.h
-- Installing: /home/tom007/catkin_ws_ros2/install/my_msgs/include/my_msgs/my_msgs/srv/detail/test__type_support.c
-- Up-to-date: /home/tom007/catkin_ws_ros2/install/my_msgs/include/my_msgs/my_msgs/msg
-- Up-to-date: /home/tom007/catkin_ws_ros2/install/my_msgs/include/my_msgs/my_msgs/msg/detail
-- Installing: /home/tom007/catkin_ws_ros2/install/my_msgs/include/my_msgs/my_msgs/msg/detail/test__rosidl_typesupport_introspection_c.h
-- Installing: /home/tom007/catkin_ws_ros2/install/my_msgs/include/my_msgs/my_msgs/msg/detail/test__type_support.c
-- Installing: /home/tom007/catkin_ws_ros2/install/my_msgs/include/my_msgs/my_msgs/msg/rosidl_typesupport_introspection_c__visibility_control.h
-- Up-to-date: /home/tom007/catkin_ws_ros2/install/my_msgs/include/my_msgs/my_msgs/action
-- Up-to-date: /home/tom007/catkin_ws_ros2/install/my_msgs/include/my_msgs/my_msgs/action/detail
-- Installing: /home/tom007/catkin_ws_ros2/install/my_msgs/include/my_msgs/my_msgs/action/detail/test__rosidl_typesupport_introspection_c.h
-- Installing: /home/tom007/catkin_ws_ros2/install/my_msgs/include/my_msgs/my_msgs/action/detail/test__type_support.c
-- Installing: /home/tom007/catkin_ws_ros2/install/my_msgs/lib/libmy_msgs__rosidl_typesupport_introspection_c.so
-- Set runtime path of "/home/tom007/catkin_ws_ros2/install/my_msgs/lib/libmy_msgs__rosidl_typesupport_introspection_c.so" to ""
-- Installing: /home/tom007/catkin_ws_ros2/install/my_msgs/lib/libmy_msgs__rosidl_typesupport_c.so
-- Set runtime path of "/home/tom007/catkin_ws_ros2/install/my_msgs/lib/libmy_msgs__rosidl_typesupport_c.so" to ""
-- Up-to-date: /home/tom007/catkin_ws_ros2/install/my_msgs/include/my_msgs/my_msgs
-- Up-to-date: /home/tom007/catkin_ws_ros2/install/my_msgs/include/my_msgs/my_msgs/srv
-- Up-to-date: /home/tom007/catkin_ws_ros2/install/my_msgs/include/my_msgs/my_msgs/srv/detail
-- Installing: /home/tom007/catkin_ws_ros2/install/my_msgs/include/my_msgs/my_msgs/srv/detail/test__rosidl_typesupport_introspection_cpp.hpp
-- Installing: /home/tom007/catkin_ws_ros2/install/my_msgs/include/my_msgs/my_msgs/srv/detail/test__type_support.cpp
-- Up-to-date: /home/tom007/catkin_ws_ros2/install/my_msgs/include/my_msgs/my_msgs/msg
-- Up-to-date: /home/tom007/catkin_ws_ros2/install/my_msgs/include/my_msgs/my_msgs/msg/detail
-- Installing: /home/tom007/catkin_ws_ros2/install/my_msgs/include/my_msgs/my_msgs/msg/detail/test__rosidl_typesupport_introspection_cpp.hpp
-- Installing: /home/tom007/catkin_ws_ros2/install/my_msgs/include/my_msgs/my_msgs/msg/detail/test__type_support.cpp
-- Up-to-date: /home/tom007/catkin_ws_ros2/install/my_msgs/include/my_msgs/my_msgs/action
-- Up-to-date: /home/tom007/catkin_ws_ros2/install/my_msgs/include/my_msgs/my_msgs/action/detail
-- Installing: /home/tom007/catkin_ws_ros2/install/my_msgs/include/my_msgs/my_msgs/action/detail/test__rosidl_typesupport_introspection_cpp.hpp
-- Installing: /home/tom007/catkin_ws_ros2/install/my_msgs/include/my_msgs/my_msgs/action/detail/test__type_support.cpp
-- Installing: /home/tom007/catkin_ws_ros2/install/my_msgs/lib/libmy_msgs__rosidl_typesupport_introspection_cpp.so
-- Set runtime path of "/home/tom007/catkin_ws_ros2/install/my_msgs/lib/libmy_msgs__rosidl_typesupport_introspection_cpp.so" to ""
-- Installing: /home/tom007/catkin_ws_ros2/install/my_msgs/lib/libmy_msgs__rosidl_typesupport_cpp.so
-- Set runtime path of "/home/tom007/catkin_ws_ros2/install/my_msgs/lib/libmy_msgs__rosidl_typesupport_cpp.so" to ""
-- Installing: /home/tom007/catkin_ws_ros2/install/my_msgs/share/my_msgs/environment/pythonpath.sh
-- Installing: /home/tom007/catkin_ws_ros2/install/my_msgs/share/my_msgs/environment/pythonpath.dsv
-- Installing: /home/tom007/catkin_ws_ros2/install/my_msgs/local/lib/python3.10/dist-packages/my_msgs-0.0.0-py3.10.egg-info
-- Installing: /home/tom007/catkin_ws_ros2/install/my_msgs/local/lib/python3.10/dist-packages/my_msgs-0.0.0-py3.10.egg-info/top_level.txt
-- Installing: /home/tom007/catkin_ws_ros2/install/my_msgs/local/lib/python3.10/dist-packages/my_msgs-0.0.0-py3.10.egg-info/dependency_links.txt
-- Installing: /home/tom007/catkin_ws_ros2/install/my_msgs/local/lib/python3.10/dist-packages/my_msgs-0.0.0-py3.10.egg-info/PKG-INFO
-- Installing: /home/tom007/catkin_ws_ros2/install/my_msgs/local/lib/python3.10/dist-packages/my_msgs-0.0.0-py3.10.egg-info/SOURCES.txt
-- Installing: /home/tom007/catkin_ws_ros2/install/my_msgs/local/lib/python3.10/dist-packages/my_msgs
-- Installing: /home/tom007/catkin_ws_ros2/install/my_msgs/local/lib/python3.10/dist-packages/my_msgs/srv
-- Installing: /home/tom007/catkin_ws_ros2/install/my_msgs/local/lib/python3.10/dist-packages/my_msgs/srv/__init__.py
-- Installing: /home/tom007/catkin_ws_ros2/install/my_msgs/local/lib/python3.10/dist-packages/my_msgs/srv/_test.py
-- Installing: /home/tom007/catkin_ws_ros2/install/my_msgs/local/lib/python3.10/dist-packages/my_msgs/srv/_test_s.c
-- Installing: /home/tom007/catkin_ws_ros2/install/my_msgs/local/lib/python3.10/dist-packages/my_msgs/__init__.py
-- Installing: /home/tom007/catkin_ws_ros2/install/my_msgs/local/lib/python3.10/dist-packages/my_msgs/my_msgs_s__rosidl_typesupport_c.cpython-310-x86_64-linux-gnu.so
-- Installing: /home/tom007/catkin_ws_ros2/install/my_msgs/local/lib/python3.10/dist-packages/my_msgs/_my_msgs_s.ep.rosidl_typesupport_introspection_c.c
-- Installing: /home/tom007/catkin_ws_ros2/install/my_msgs/local/lib/python3.10/dist-packages/my_msgs/msg
-- Installing: /home/tom007/catkin_ws_ros2/install/my_msgs/local/lib/python3.10/dist-packages/my_msgs/msg/__init__.py
-- Installing: /home/tom007/catkin_ws_ros2/install/my_msgs/local/lib/python3.10/dist-packages/my_msgs/msg/_test.py
-- Installing: /home/tom007/catkin_ws_ros2/install/my_msgs/local/lib/python3.10/dist-packages/my_msgs/msg/_test_s.c
-- Installing: /home/tom007/catkin_ws_ros2/install/my_msgs/local/lib/python3.10/dist-packages/my_msgs/my_msgs_s__rosidl_typesupport_fastrtps_c.cpython-310-x86_64-linux-gnu.so
-- Installing: /home/tom007/catkin_ws_ros2/install/my_msgs/local/lib/python3.10/dist-packages/my_msgs/_my_msgs_s.ep.rosidl_typesupport_c.c
-- Installing: /home/tom007/catkin_ws_ros2/install/my_msgs/local/lib/python3.10/dist-packages/my_msgs/libmy_msgs__rosidl_generator_py.so
-- Installing: /home/tom007/catkin_ws_ros2/install/my_msgs/local/lib/python3.10/dist-packages/my_msgs/my_msgs_s__rosidl_typesupport_introspection_c.cpython-310-x86_64-linux-gnu.so
-- Installing: /home/tom007/catkin_ws_ros2/install/my_msgs/local/lib/python3.10/dist-packages/my_msgs/action
-- Installing: /home/tom007/catkin_ws_ros2/install/my_msgs/local/lib/python3.10/dist-packages/my_msgs/action/__init__.py
-- Installing: /home/tom007/catkin_ws_ros2/install/my_msgs/local/lib/python3.10/dist-packages/my_msgs/action/_test.py
-- Installing: /home/tom007/catkin_ws_ros2/install/my_msgs/local/lib/python3.10/dist-packages/my_msgs/action/_test_s.c
-- Installing: /home/tom007/catkin_ws_ros2/install/my_msgs/local/lib/python3.10/dist-packages/my_msgs/_my_msgs_s.ep.rosidl_typesupport_fastrtps_c.c
Listing '/home/tom007/catkin_ws_ros2/install/my_msgs/local/lib/python3.10/dist-packages/my_msgs'...
Compiling '/home/tom007/catkin_ws_ros2/install/my_msgs/local/lib/python3.10/dist-packages/my_msgs/__init__.py'...
Listing '/home/tom007/catkin_ws_ros2/install/my_msgs/local/lib/python3.10/dist-packages/my_msgs/action'...
Compiling '/home/tom007/catkin_ws_ros2/install/my_msgs/local/lib/python3.10/dist-packages/my_msgs/action/__init__.py'...
Compiling '/home/tom007/catkin_ws_ros2/install/my_msgs/local/lib/python3.10/dist-packages/my_msgs/action/_test.py'...
Listing '/home/tom007/catkin_ws_ros2/install/my_msgs/local/lib/python3.10/dist-packages/my_msgs/msg'...
Compiling '/home/tom007/catkin_ws_ros2/install/my_msgs/local/lib/python3.10/dist-packages/my_msgs/msg/__init__.py'...
Compiling '/home/tom007/catkin_ws_ros2/install/my_msgs/local/lib/python3.10/dist-packages/my_msgs/msg/_test.py'...
Listing '/home/tom007/catkin_ws_ros2/install/my_msgs/local/lib/python3.10/dist-packages/my_msgs/srv'...
Compiling '/home/tom007/catkin_ws_ros2/install/my_msgs/local/lib/python3.10/dist-packages/my_msgs/srv/__init__.py'...
Compiling '/home/tom007/catkin_ws_ros2/install/my_msgs/local/lib/python3.10/dist-packages/my_msgs/srv/_test.py'...
-- Installing: /home/tom007/catkin_ws_ros2/install/my_msgs/local/lib/python3.10/dist-packages/my_msgs/my_msgs_s__rosidl_typesupport_fastrtps_c.cpython-310-x86_64-linux-gnu.so
-- Set runtime path of "/home/tom007/catkin_ws_ros2/install/my_msgs/local/lib/python3.10/dist-packages/my_msgs/my_msgs_s__rosidl_typesupport_fastrtps_c.cpython-310-x86_64-linux-gnu.so" to ""
-- Installing: /home/tom007/catkin_ws_ros2/install/my_msgs/local/lib/python3.10/dist-packages/my_msgs/my_msgs_s__rosidl_typesupport_introspection_c.cpython-310-x86_64-linux-gnu.so
-- Set runtime path of "/home/tom007/catkin_ws_ros2/install/my_msgs/local/lib/python3.10/dist-packages/my_msgs/my_msgs_s__rosidl_typesupport_introspection_c.cpython-310-x86_64-linux-gnu.so" to ""
-- Installing: /home/tom007/catkin_ws_ros2/install/my_msgs/local/lib/python3.10/dist-packages/my_msgs/my_msgs_s__rosidl_typesupport_c.cpython-310-x86_64-linux-gnu.so
-- Set runtime path of "/home/tom007/catkin_ws_ros2/install/my_msgs/local/lib/python3.10/dist-packages/my_msgs/my_msgs_s__rosidl_typesupport_c.cpython-310-x86_64-linux-gnu.so" to ""
-- Installing: /home/tom007/catkin_ws_ros2/install/my_msgs/lib/libmy_msgs__rosidl_generator_py.so
-- Set runtime path of "/home/tom007/catkin_ws_ros2/install/my_msgs/lib/libmy_msgs__rosidl_generator_py.so" to ""
-- Installing: /home/tom007/catkin_ws_ros2/install/my_msgs/share/my_msgs/msg/Test.idl
-- Installing: /home/tom007/catkin_ws_ros2/install/my_msgs/share/my_msgs/srv/Test.idl
-- Installing: /home/tom007/catkin_ws_ros2/install/my_msgs/share/my_msgs/action/Test.idl
-- Installing: /home/tom007/catkin_ws_ros2/install/my_msgs/share/my_msgs/msg/Test.msg
-- Installing: /home/tom007/catkin_ws_ros2/install/my_msgs/share/my_msgs/srv/Test.srv
-- Installing: /home/tom007/catkin_ws_ros2/install/my_msgs/share/my_msgs/srv/Test_Request.msg
-- Installing: /home/tom007/catkin_ws_ros2/install/my_msgs/share/my_msgs/srv/Test_Response.msg
-- Installing: /home/tom007/catkin_ws_ros2/install/my_msgs/share/my_msgs/action/Test.action
-- Installing: /home/tom007/catkin_ws_ros2/install/my_msgs/share/ament_index/resource_index/package_run_dependencies/my_msgs
-- Installing: /home/tom007/catkin_ws_ros2/install/my_msgs/share/ament_index/resource_index/parent_prefix_path/my_msgs
-- Installing: /home/tom007/catkin_ws_ros2/install/my_msgs/share/my_msgs/environment/ament_prefix_path.sh
-- Installing: /home/tom007/catkin_ws_ros2/install/my_msgs/share/my_msgs/environment/ament_prefix_path.dsv
-- Installing: /home/tom007/catkin_ws_ros2/install/my_msgs/share/my_msgs/environment/path.sh
-- Installing: /home/tom007/catkin_ws_ros2/install/my_msgs/share/my_msgs/environment/path.dsv
-- Installing: /home/tom007/catkin_ws_ros2/install/my_msgs/share/my_msgs/local_setup.bash
-- Installing: /home/tom007/catkin_ws_ros2/install/my_msgs/share/my_msgs/local_setup.sh
-- Installing: /home/tom007/catkin_ws_ros2/install/my_msgs/share/my_msgs/local_setup.zsh
-- Installing: /home/tom007/catkin_ws_ros2/install/my_msgs/share/my_msgs/local_setup.dsv
-- Installing: /home/tom007/catkin_ws_ros2/install/my_msgs/share/my_msgs/package.dsv
-- Installing: /home/tom007/catkin_ws_ros2/install/my_msgs/share/ament_index/resource_index/packages/my_msgs
-- Installing: /home/tom007/catkin_ws_ros2/install/my_msgs/share/my_msgs/cmake/export_my_msgs__rosidl_generator_cExport.cmake
-- Installing: /home/tom007/catkin_ws_ros2/install/my_msgs/share/my_msgs/cmake/export_my_msgs__rosidl_generator_cExport-noconfig.cmake
-- Installing: /home/tom007/catkin_ws_ros2/install/my_msgs/share/my_msgs/cmake/export_my_msgs__rosidl_typesupport_fastrtps_cExport.cmake
-- Installing: /home/tom007/catkin_ws_ros2/install/my_msgs/share/my_msgs/cmake/export_my_msgs__rosidl_typesupport_fastrtps_cExport-noconfig.cmake
-- Installing: /home/tom007/catkin_ws_ros2/install/my_msgs/share/my_msgs/cmake/export_my_msgs__rosidl_generator_cppExport.cmake
-- Installing: /home/tom007/catkin_ws_ros2/install/my_msgs/share/my_msgs/cmake/export_my_msgs__rosidl_typesupport_fastrtps_cppExport.cmake
-- Installing: /home/tom007/catkin_ws_ros2/install/my_msgs/share/my_msgs/cmake/export_my_msgs__rosidl_typesupport_fastrtps_cppExport-noconfig.cmake
-- Installing: /home/tom007/catkin_ws_ros2/install/my_msgs/share/my_msgs/cmake/my_msgs__rosidl_typesupport_introspection_cExport.cmake
-- Installing: /home/tom007/catkin_ws_ros2/install/my_msgs/share/my_msgs/cmake/my_msgs__rosidl_typesupport_introspection_cExport-noconfig.cmake
-- Installing: /home/tom007/catkin_ws_ros2/install/my_msgs/share/my_msgs/cmake/my_msgs__rosidl_typesupport_cExport.cmake
-- Installing: /home/tom007/catkin_ws_ros2/install/my_msgs/share/my_msgs/cmake/my_msgs__rosidl_typesupport_cExport-noconfig.cmake
-- Installing: /home/tom007/catkin_ws_ros2/install/my_msgs/share/my_msgs/cmake/my_msgs__rosidl_typesupport_introspection_cppExport.cmake
-- Installing: /home/tom007/catkin_ws_ros2/install/my_msgs/share/my_msgs/cmake/my_msgs__rosidl_typesupport_introspection_cppExport-noconfig.cmake
-- Installing: /home/tom007/catkin_ws_ros2/install/my_msgs/share/my_msgs/cmake/my_msgs__rosidl_typesupport_cppExport.cmake
-- Installing: /home/tom007/catkin_ws_ros2/install/my_msgs/share/my_msgs/cmake/my_msgs__rosidl_typesupport_cppExport-noconfig.cmake
-- Installing: /home/tom007/catkin_ws_ros2/install/my_msgs/share/my_msgs/cmake/export_my_msgs__rosidl_generator_pyExport.cmake
-- Installing: /home/tom007/catkin_ws_ros2/install/my_msgs/share/my_msgs/cmake/export_my_msgs__rosidl_generator_pyExport-noconfig.cmake
-- Installing: /home/tom007/catkin_ws_ros2/install/my_msgs/share/my_msgs/cmake/rosidl_cmake-extras.cmake
-- Installing: /home/tom007/catkin_ws_ros2/install/my_msgs/share/my_msgs/cmake/ament_cmake_export_dependencies-extras.cmake
-- Installing: /home/tom007/catkin_ws_ros2/install/my_msgs/share/my_msgs/cmake/ament_cmake_export_include_directories-extras.cmake
-- Installing: /home/tom007/catkin_ws_ros2/install/my_msgs/share/my_msgs/cmake/ament_cmake_export_libraries-extras.cmake
-- Installing: /home/tom007/catkin_ws_ros2/install/my_msgs/share/my_msgs/cmake/ament_cmake_export_targets-extras.cmake
-- Installing: /home/tom007/catkin_ws_ros2/install/my_msgs/share/my_msgs/cmake/rosidl_cmake_export_typesupport_targets-extras.cmake
-- Installing: /home/tom007/catkin_ws_ros2/install/my_msgs/share/my_msgs/cmake/rosidl_cmake_export_typesupport_libraries-extras.cmake
-- Installing: /home/tom007/catkin_ws_ros2/install/my_msgs/share/my_msgs/cmake/my_msgsConfig.cmake
-- Installing: /home/tom007/catkin_ws_ros2/install/my_msgs/share/my_msgs/cmake/my_msgsConfig-version.cmake
-- Installing: /home/tom007/catkin_ws_ros2/install/my_msgs/share/my_msgs/package.xml
