[0.008s] Invoking command in '/home/tom007/catkin_ws_ros2/build/my_msgs': CMAKE_PREFIX_PATH=${CMAKE_PREFIX_PATH}:/opt/ros/humble /usr/bin/cmake /home/tom007/catkin_ws_ros2/src/my_msgs -DCMAKE_INSTALL_PREFIX=/home/tom007/catkin_ws_ros2/install/my_msgs
[0.070s] -- The C compiler identification is GNU 11.4.0
[0.107s] -- The CXX compiler identification is GNU 11.4.0
[0.113s] -- Detecting C compiler ABI info
[0.161s] -- Detecting C compiler ABI info - done
[0.165s] -- Check for working C compiler: /usr/bin/cc - skipped
[0.166s] -- Detecting C compile features
[0.166s] -- Detecting C compile features - done
[0.168s] -- Detecting CXX compiler ABI info
[0.220s] -- Detecting CXX compiler ABI info - done
[0.225s] -- Check for working CXX compiler: /usr/bin/c++ - skipped
[0.225s] -- Detecting CXX compile features
[0.225s] -- Detecting CXX compile features - done
[0.228s] -- Found ament_cmake: 1.3.10 (/opt/ros/humble/share/ament_cmake/cmake)
[0.330s] -- Found Python3: /usr/bin/python3 (found version "3.10.12") found components: Interpreter 
[0.385s] -- Found rclcpp: 16.0.10 (/opt/ros/humble/share/rclcpp/cmake)
[0.412s] -- Found rosidl_generator_c: 3.1.5 (/opt/ros/humble/share/rosidl_generator_c/cmake)
[0.415s] -- Found rosidl_adapter: 3.1.5 (/opt/ros/humble/share/rosidl_adapter/cmake)
[0.420s] -- Found rosidl_generator_cpp: 3.1.5 (/opt/ros/humble/share/rosidl_generator_cpp/cmake)
[0.429s] -- Using all available rosidl_typesupport_c: rosidl_typesupport_fastrtps_c;rosidl_typesupport_introspection_c
[0.440s] -- Using all available rosidl_typesupport_cpp: rosidl_typesupport_fastrtps_cpp;rosidl_typesupport_introspection_cpp
[0.467s] -- Found rmw_implementation_cmake: 6.1.2 (/opt/ros/humble/share/rmw_implementation_cmake/cmake)
[0.469s] -- Found rmw_fastrtps_cpp: 6.2.7 (/opt/ros/humble/share/rmw_fastrtps_cpp/cmake)
[0.528s] -- Found OpenSSL: /usr/lib/x86_64-linux-gnu/libcrypto.so (found version "3.0.2")  
[0.544s] -- Found FastRTPS: /opt/ros/humble/include  
[0.567s] -- Using RMW implementation 'rmw_fastrtps_cpp' as default
[0.573s] -- Looking for pthread.h
[0.624s] -- Looking for pthread.h - found
[0.624s] -- Performing Test CMAKE_HAVE_LIBC_PTHREAD
[0.672s] -- Performing Test CMAKE_HAVE_LIBC_PTHREAD - Success
[0.673s] -- Found Threads: TRUE  
[0.707s] -- Found geometry_msgs: 4.2.4 (/opt/ros/humble/share/geometry_msgs/cmake)
[0.717s] -- Found rosidl_default_generators: 1.2.0 (/opt/ros/humble/share/rosidl_default_generators/cmake)
[0.923s] -- Found ament_cmake_ros: 0.10.0 (/opt/ros/humble/share/ament_cmake_ros/cmake)
[1.184s] -- Using all available rosidl_typesupport_c: rosidl_typesupport_fastrtps_c;rosidl_typesupport_introspection_c
[1.286s] -- Using all available rosidl_typesupport_cpp: rosidl_typesupport_fastrtps_cpp;rosidl_typesupport_introspection_cpp
[1.302s] -- Found PythonInterp: /usr/bin/python3 (found suitable version "3.10.12", minimum required is "3.6") 
[1.303s] -- Found python_cmake_module: 0.10.0 (/opt/ros/humble/share/python_cmake_module/cmake)
[1.321s] -- Found PythonLibs: /usr/lib/x86_64-linux-gnu/libpython3.10.so (found suitable version "3.10.12", minimum required is "3.5") 
[1.321s] -- Using PYTHON_EXECUTABLE: /usr/bin/python3
[1.321s] -- Using PYTHON_INCLUDE_DIRS: /usr/include/python3.10
[1.321s] -- Using PYTHON_LIBRARIES: /usr/lib/x86_64-linux-gnu/libpython3.10.so
[1.335s] -- Found PythonExtra: .so  
[1.374s] -- Found ament_lint_auto: 0.12.11 (/opt/ros/humble/share/ament_lint_auto/cmake)
[1.385s] -- Added test 'cppcheck' to perform static code analysis on C / C++ code
[1.385s] -- Configured cppcheck include dirs: 
[1.386s] -- Configured cppcheck exclude dirs and/or files: 
[1.386s] -- Added test 'lint_cmake' to check CMake code style
[1.387s] -- Added test 'uncrustify' to check C / C++ code style
[1.387s] -- Configured uncrustify additional arguments: 
[1.387s] -- Added test 'xmllint' to check XML markup files
[1.388s] -- Configuring done
[1.408s] -- Generating done
[1.409s] -- Build files have been written to: /home/tom007/catkin_ws_ros2/build/my_msgs
[1.417s] Invoked command in '/home/tom007/catkin_ws_ros2/build/my_msgs' returned '0': CMAKE_PREFIX_PATH=${CMAKE_PREFIX_PATH}:/opt/ros/humble /usr/bin/cmake /home/tom007/catkin_ws_ros2/src/my_msgs -DCMAKE_INSTALL_PREFIX=/home/tom007/catkin_ws_ros2/install/my_msgs
[1.418s] Invoking command in '/home/tom007/catkin_ws_ros2/build/my_msgs': CMAKE_PREFIX_PATH=${CMAKE_PREFIX_PATH}:/opt/ros/humble /usr/bin/cmake --build /home/tom007/catkin_ws_ros2/build/my_msgs -- -j16 -l16
[1.445s] [  2%] [34m[1mGenerating C code for ROS interfaces[0m
[1.451s] [  4%] [34m[1mGenerating C++ code for ROS interfaces[0m
[1.454s] [  4%] Built target ament_cmake_python_copy_my_msgs
[1.600s] running egg_info
[1.600s] creating my_msgs.egg-info
[1.601s] writing my_msgs.egg-info/PKG-INFO
[1.601s] writing dependency_links to my_msgs.egg-info/dependency_links.txt
[1.601s] writing top-level names to my_msgs.egg-info/top_level.txt
[1.601s] writing manifest file 'my_msgs.egg-info/SOURCES.txt'
[1.602s] reading manifest file 'my_msgs.egg-info/SOURCES.txt'
[1.603s] writing manifest file 'my_msgs.egg-info/SOURCES.txt'
[1.624s] [  4%] Built target ament_cmake_python_build_my_msgs_egg
[1.781s] [  4%] Built target my_msgs__cpp
[1.787s] [ 10%] [34m[1mGenerating C++ type support dispatch for ROS interfaces[0m
[1.787s] [ 10%] [34m[1mGenerating C++ introspection for ROS interfaces[0m
[1.787s] [ 10%] [34m[1mGenerating C++ type support for eProsima Fast-RTPS[0m
[1.788s] [ 12%] [32mBuilding C object CMakeFiles/my_msgs__rosidl_generator_c.dir/rosidl_generator_c/my_msgs/msg/detail/test__functions.c.o[0m
[1.788s] [ 14%] [32mBuilding C object CMakeFiles/my_msgs__rosidl_generator_c.dir/rosidl_generator_c/my_msgs/action/detail/test__functions.c.o[0m
[1.789s] [ 17%] [32mBuilding C object CMakeFiles/my_msgs__rosidl_generator_c.dir/rosidl_generator_c/my_msgs/srv/detail/test__functions.c.o[0m
[1.882s] [ 19%] [32m[1mLinking C shared library libmy_msgs__rosidl_generator_c.so[0m
[1.915s] [ 19%] Built target my_msgs__rosidl_generator_c
[1.922s] [ 21%] [34m[1mGenerating C type support for eProsima Fast-RTPS[0m
[1.923s] [ 23%] [34m[1mGenerating C type support dispatch for ROS interfaces[0m
[1.924s] [ 25%] [34m[1mGenerating C introspection for ROS interfaces[0m
[2.014s] [ 31%] [32mBuilding CXX object CMakeFiles/my_msgs__rosidl_typesupport_cpp.dir/rosidl_typesupport_cpp/my_msgs/msg/test__type_support.cpp.o[0m
[2.014s] [ 31%] [32mBuilding CXX object CMakeFiles/my_msgs__rosidl_typesupport_cpp.dir/rosidl_typesupport_cpp/my_msgs/action/test__type_support.cpp.o[0m
[2.014s] [ 31%] [32mBuilding CXX object CMakeFiles/my_msgs__rosidl_typesupport_cpp.dir/rosidl_typesupport_cpp/my_msgs/srv/test__type_support.cpp.o[0m
[2.052s] [ 34%] [32mBuilding CXX object CMakeFiles/my_msgs__rosidl_typesupport_introspection_cpp.dir/rosidl_typesupport_introspection_cpp/my_msgs/srv/detail/test__type_support.cpp.o[0m
[2.053s] [ 36%] [32mBuilding CXX object CMakeFiles/my_msgs__rosidl_typesupport_introspection_cpp.dir/rosidl_typesupport_introspection_cpp/my_msgs/action/detail/test__type_support.cpp.o[0m
[2.053s] [ 38%] [32mBuilding CXX object CMakeFiles/my_msgs__rosidl_typesupport_introspection_cpp.dir/rosidl_typesupport_introspection_cpp/my_msgs/msg/detail/test__type_support.cpp.o[0m
[2.107s] [ 42%] [32mBuilding CXX object CMakeFiles/my_msgs__rosidl_typesupport_fastrtps_cpp.dir/rosidl_typesupport_fastrtps_cpp/my_msgs/msg/detail/dds_fastrtps/test__type_support.cpp.o[0m
[2.107s] [ 42%] [32mBuilding CXX object CMakeFiles/my_msgs__rosidl_typesupport_fastrtps_cpp.dir/rosidl_typesupport_fastrtps_cpp/my_msgs/srv/detail/dds_fastrtps/test__type_support.cpp.o[0m
[2.107s] [ 44%] [32mBuilding CXX object CMakeFiles/my_msgs__rosidl_typesupport_fastrtps_cpp.dir/rosidl_typesupport_fastrtps_cpp/my_msgs/action/detail/dds_fastrtps/test__type_support.cpp.o[0m
[2.166s] [ 51%] [32mBuilding CXX object CMakeFiles/my_msgs__rosidl_typesupport_c.dir/rosidl_typesupport_c/my_msgs/msg/test__type_support.cpp.o[0m
[2.166s] [ 51%] [32mBuilding CXX object CMakeFiles/my_msgs__rosidl_typesupport_c.dir/rosidl_typesupport_c/my_msgs/srv/test__type_support.cpp.o[0m
[2.166s] [ 51%] [32mBuilding CXX object CMakeFiles/my_msgs__rosidl_typesupport_c.dir/rosidl_typesupport_c/my_msgs/action/test__type_support.cpp.o[0m
[2.220s] [ 53%] [32m[1mLinking CXX shared library libmy_msgs__rosidl_typesupport_c.so[0m
[2.253s] [ 55%] [32mBuilding CXX object CMakeFiles/my_msgs__rosidl_typesupport_fastrtps_c.dir/rosidl_typesupport_fastrtps_c/my_msgs/msg/detail/test__type_support_c.cpp.o[0m
[2.253s] [ 57%] [32mBuilding CXX object CMakeFiles/my_msgs__rosidl_typesupport_fastrtps_c.dir/rosidl_typesupport_fastrtps_c/my_msgs/action/detail/test__type_support_c.cpp.o[0m
[2.254s] [ 59%] [32mBuilding CXX object CMakeFiles/my_msgs__rosidl_typesupport_fastrtps_c.dir/rosidl_typesupport_fastrtps_c/my_msgs/srv/detail/test__type_support_c.cpp.o[0m
[2.259s] [ 59%] Built target my_msgs__rosidl_typesupport_c
[2.342s] [ 63%] [32mBuilding C object CMakeFiles/my_msgs__rosidl_typesupport_introspection_c.dir/rosidl_typesupport_introspection_c/my_msgs/msg/detail/test__type_support.c.o[0m
[2.342s] [ 63%] [32mBuilding C object CMakeFiles/my_msgs__rosidl_typesupport_introspection_c.dir/rosidl_typesupport_introspection_c/my_msgs/action/detail/test__type_support.c.o[0m
[2.342s] [ 65%] [32mBuilding C object CMakeFiles/my_msgs__rosidl_typesupport_introspection_c.dir/rosidl_typesupport_introspection_c/my_msgs/srv/detail/test__type_support.c.o[0m
[2.397s] [ 68%] [32m[1mLinking C shared library libmy_msgs__rosidl_typesupport_introspection_c.so[0m
[2.410s] [ 70%] [32m[1mLinking CXX shared library libmy_msgs__rosidl_typesupport_cpp.so[0m
[2.422s] [ 70%] Built target my_msgs__rosidl_typesupport_introspection_c
[2.444s] [ 70%] Built target my_msgs__rosidl_typesupport_cpp
[2.502s] [ 72%] [32m[1mLinking CXX shared library libmy_msgs__rosidl_typesupport_introspection_cpp.so[0m
[2.531s] [ 74%] [32m[1mLinking CXX shared library libmy_msgs__rosidl_typesupport_fastrtps_cpp.so[0m
[2.553s] [ 74%] Built target my_msgs__rosidl_typesupport_introspection_cpp
[2.579s] [ 74%] Built target my_msgs__rosidl_typesupport_fastrtps_cpp
[2.584s] [ 76%] [32m[1mLinking CXX shared library libmy_msgs__rosidl_typesupport_fastrtps_c.so[0m
[2.631s] [ 76%] Built target my_msgs__rosidl_typesupport_fastrtps_c
[2.645s] [ 76%] Built target my_msgs
[2.658s] [ 78%] [34m[1mGenerating Python code for ROS interfaces[0m
[3.149s] [ 78%] Built target my_msgs__py
[3.161s] [ 82%] [32mBuilding C object CMakeFiles/my_msgs__rosidl_generator_py.dir/rosidl_generator_py/my_msgs/action/_test_s.c.o[0m
[3.161s] [ 82%] [32mBuilding C object CMakeFiles/my_msgs__rosidl_generator_py.dir/rosidl_generator_py/my_msgs/msg/_test_s.c.o[0m
[3.162s] [ 85%] [32mBuilding C object CMakeFiles/my_msgs__rosidl_generator_py.dir/rosidl_generator_py/my_msgs/srv/_test_s.c.o[0m
[3.269s] [ 87%] [32m[1mLinking C shared library rosidl_generator_py/my_msgs/libmy_msgs__rosidl_generator_py.so[0m
[3.296s] [ 87%] Built target my_msgs__rosidl_generator_py
[3.307s] [ 89%] [32mBuilding C object CMakeFiles/my_msgs__rosidl_typesupport_c__pyext.dir/rosidl_generator_py/my_msgs/_my_msgs_s.ep.rosidl_typesupport_c.c.o[0m
[3.310s] [ 91%] [32mBuilding C object CMakeFiles/my_msgs__rosidl_typesupport_introspection_c__pyext.dir/rosidl_generator_py/my_msgs/_my_msgs_s.ep.rosidl_typesupport_introspection_c.c.o[0m
[3.311s] [ 93%] [32mBuilding C object CMakeFiles/my_msgs__rosidl_typesupport_fastrtps_c__pyext.dir/rosidl_generator_py/my_msgs/_my_msgs_s.ep.rosidl_typesupport_fastrtps_c.c.o[0m
[3.383s] [ 95%] [32m[1mLinking C shared library rosidl_generator_py/my_msgs/my_msgs_s__rosidl_typesupport_c.cpython-310-x86_64-linux-gnu.so[0m
[3.387s] [ 97%] [32m[1mLinking C shared library rosidl_generator_py/my_msgs/my_msgs_s__rosidl_typesupport_introspection_c.cpython-310-x86_64-linux-gnu.so[0m
[3.387s] [100%] [32m[1mLinking C shared library rosidl_generator_py/my_msgs/my_msgs_s__rosidl_typesupport_fastrtps_c.cpython-310-x86_64-linux-gnu.so[0m
[3.409s] [100%] Built target my_msgs__rosidl_typesupport_c__pyext
[3.414s] [100%] Built target my_msgs__rosidl_typesupport_introspection_c__pyext
[3.417s] [100%] Built target my_msgs__rosidl_typesupport_fastrtps_c__pyext
[3.425s] Invoked command in '/home/tom007/catkin_ws_ros2/build/my_msgs' returned '0': CMAKE_PREFIX_PATH=${CMAKE_PREFIX_PATH}:/opt/ros/humble /usr/bin/cmake --build /home/tom007/catkin_ws_ros2/build/my_msgs -- -j16 -l16
[3.492s] Invoking command in '/home/tom007/catkin_ws_ros2/build/my_msgs': CMAKE_PREFIX_PATH=${CMAKE_PREFIX_PATH}:/opt/ros/humble /usr/bin/cmake --install /home/tom007/catkin_ws_ros2/build/my_msgs
[3.497s] -- Install configuration: ""
[3.497s] -- Installing: /home/tom007/catkin_ws_ros2/install/my_msgs/share/ament_index/resource_index/rosidl_interfaces/my_msgs
[3.497s] -- Installing: /home/tom007/catkin_ws_ros2/install/my_msgs/include/my_msgs/my_msgs
[3.498s] -- Installing: /home/tom007/catkin_ws_ros2/install/my_msgs/include/my_msgs/my_msgs/srv
[3.498s] -- Installing: /home/tom007/catkin_ws_ros2/install/my_msgs/include/my_msgs/my_msgs/srv/detail
[3.498s] -- Installing: /home/tom007/catkin_ws_ros2/install/my_msgs/include/my_msgs/my_msgs/srv/detail/test__struct.h
[3.498s] -- Installing: /home/tom007/catkin_ws_ros2/install/my_msgs/include/my_msgs/my_msgs/srv/detail/test__type_support.h
[3.498s] -- Installing: /home/tom007/catkin_ws_ros2/install/my_msgs/include/my_msgs/my_msgs/srv/detail/test__functions.h
[3.498s] -- Installing: /home/tom007/catkin_ws_ros2/install/my_msgs/include/my_msgs/my_msgs/srv/detail/test__functions.c
[3.498s] -- Installing: /home/tom007/catkin_ws_ros2/install/my_msgs/include/my_msgs/my_msgs/srv/test.h
[3.498s] -- Installing: /home/tom007/catkin_ws_ros2/install/my_msgs/include/my_msgs/my_msgs/msg
[3.498s] -- Installing: /home/tom007/catkin_ws_ros2/install/my_msgs/include/my_msgs/my_msgs/msg/detail
[3.498s] -- Installing: /home/tom007/catkin_ws_ros2/install/my_msgs/include/my_msgs/my_msgs/msg/detail/test__struct.h
[3.498s] -- Installing: /home/tom007/catkin_ws_ros2/install/my_msgs/include/my_msgs/my_msgs/msg/detail/test__type_support.h
[3.498s] -- Installing: /home/tom007/catkin_ws_ros2/install/my_msgs/include/my_msgs/my_msgs/msg/detail/test__functions.h
[3.498s] -- Installing: /home/tom007/catkin_ws_ros2/install/my_msgs/include/my_msgs/my_msgs/msg/detail/test__functions.c
[3.498s] -- Installing: /home/tom007/catkin_ws_ros2/install/my_msgs/include/my_msgs/my_msgs/msg/test.h
[3.498s] -- Installing: /home/tom007/catkin_ws_ros2/install/my_msgs/include/my_msgs/my_msgs/msg/rosidl_generator_c__visibility_control.h
[3.498s] -- Installing: /home/tom007/catkin_ws_ros2/install/my_msgs/include/my_msgs/my_msgs/action
[3.498s] -- Installing: /home/tom007/catkin_ws_ros2/install/my_msgs/include/my_msgs/my_msgs/action/detail
[3.498s] -- Installing: /home/tom007/catkin_ws_ros2/install/my_msgs/include/my_msgs/my_msgs/action/detail/test__struct.h
[3.498s] -- Installing: /home/tom007/catkin_ws_ros2/install/my_msgs/include/my_msgs/my_msgs/action/detail/test__type_support.h
[3.498s] -- Installing: /home/tom007/catkin_ws_ros2/install/my_msgs/include/my_msgs/my_msgs/action/detail/test__functions.h
[3.498s] -- Installing: /home/tom007/catkin_ws_ros2/install/my_msgs/include/my_msgs/my_msgs/action/detail/test__functions.c
[3.498s] -- Installing: /home/tom007/catkin_ws_ros2/install/my_msgs/include/my_msgs/my_msgs/action/test.h
[3.498s] -- Installing: /home/tom007/catkin_ws_ros2/install/my_msgs/share/my_msgs/environment/library_path.sh
[3.498s] -- Installing: /home/tom007/catkin_ws_ros2/install/my_msgs/share/my_msgs/environment/library_path.dsv
[3.498s] -- Installing: /home/tom007/catkin_ws_ros2/install/my_msgs/lib/libmy_msgs__rosidl_generator_c.so
[3.498s] -- Set runtime path of "/home/tom007/catkin_ws_ros2/install/my_msgs/lib/libmy_msgs__rosidl_generator_c.so" to ""
[3.498s] -- Up-to-date: /home/tom007/catkin_ws_ros2/install/my_msgs/include/my_msgs/my_msgs
[3.498s] -- Up-to-date: /home/tom007/catkin_ws_ros2/install/my_msgs/include/my_msgs/my_msgs/srv
[3.498s] -- Up-to-date: /home/tom007/catkin_ws_ros2/install/my_msgs/include/my_msgs/my_msgs/srv/detail
[3.499s] -- Installing: /home/tom007/catkin_ws_ros2/install/my_msgs/include/my_msgs/my_msgs/srv/detail/test__rosidl_typesupport_fastrtps_c.h
[3.499s] -- Up-to-date: /home/tom007/catkin_ws_ros2/install/my_msgs/include/my_msgs/my_msgs/msg
[3.499s] -- Installing: /home/tom007/catkin_ws_ros2/install/my_msgs/include/my_msgs/my_msgs/msg/rosidl_typesupport_fastrtps_c__visibility_control.h
[3.499s] -- Up-to-date: /home/tom007/catkin_ws_ros2/install/my_msgs/include/my_msgs/my_msgs/msg/detail
[3.499s] -- Installing: /home/tom007/catkin_ws_ros2/install/my_msgs/include/my_msgs/my_msgs/msg/detail/test__rosidl_typesupport_fastrtps_c.h
[3.499s] -- Up-to-date: /home/tom007/catkin_ws_ros2/install/my_msgs/include/my_msgs/my_msgs/action
[3.499s] -- Up-to-date: /home/tom007/catkin_ws_ros2/install/my_msgs/include/my_msgs/my_msgs/action/detail
[3.499s] -- Installing: /home/tom007/catkin_ws_ros2/install/my_msgs/include/my_msgs/my_msgs/action/detail/test__rosidl_typesupport_fastrtps_c.h
[3.499s] -- Installing: /home/tom007/catkin_ws_ros2/install/my_msgs/lib/libmy_msgs__rosidl_typesupport_fastrtps_c.so
[3.499s] -- Set runtime path of "/home/tom007/catkin_ws_ros2/install/my_msgs/lib/libmy_msgs__rosidl_typesupport_fastrtps_c.so" to ""
[3.499s] -- Up-to-date: /home/tom007/catkin_ws_ros2/install/my_msgs/include/my_msgs/my_msgs
[3.499s] -- Up-to-date: /home/tom007/catkin_ws_ros2/install/my_msgs/include/my_msgs/my_msgs/srv
[3.499s] -- Up-to-date: /home/tom007/catkin_ws_ros2/install/my_msgs/include/my_msgs/my_msgs/srv/detail
[3.499s] -- Installing: /home/tom007/catkin_ws_ros2/install/my_msgs/include/my_msgs/my_msgs/srv/detail/test__struct.hpp
[3.499s] -- Installing: /home/tom007/catkin_ws_ros2/install/my_msgs/include/my_msgs/my_msgs/srv/detail/test__traits.hpp
[3.499s] -- Installing: /home/tom007/catkin_ws_ros2/install/my_msgs/include/my_msgs/my_msgs/srv/detail/test__builder.hpp
[3.499s] -- Installing: /home/tom007/catkin_ws_ros2/install/my_msgs/include/my_msgs/my_msgs/srv/test.hpp
[3.499s] -- Up-to-date: /home/tom007/catkin_ws_ros2/install/my_msgs/include/my_msgs/my_msgs/msg
[3.499s] -- Up-to-date: /home/tom007/catkin_ws_ros2/install/my_msgs/include/my_msgs/my_msgs/msg/detail
[3.499s] -- Installing: /home/tom007/catkin_ws_ros2/install/my_msgs/include/my_msgs/my_msgs/msg/detail/test__struct.hpp
[3.499s] -- Installing: /home/tom007/catkin_ws_ros2/install/my_msgs/include/my_msgs/my_msgs/msg/detail/test__traits.hpp
[3.499s] -- Installing: /home/tom007/catkin_ws_ros2/install/my_msgs/include/my_msgs/my_msgs/msg/detail/test__builder.hpp
[3.499s] -- Installing: /home/tom007/catkin_ws_ros2/install/my_msgs/include/my_msgs/my_msgs/msg/test.hpp
[3.499s] -- Up-to-date: /home/tom007/catkin_ws_ros2/install/my_msgs/include/my_msgs/my_msgs/action
[3.499s] -- Up-to-date: /home/tom007/catkin_ws_ros2/install/my_msgs/include/my_msgs/my_msgs/action/detail
[3.499s] -- Installing: /home/tom007/catkin_ws_ros2/install/my_msgs/include/my_msgs/my_msgs/action/detail/test__struct.hpp
[3.499s] -- Installing: /home/tom007/catkin_ws_ros2/install/my_msgs/include/my_msgs/my_msgs/action/detail/test__traits.hpp
[3.499s] -- Installing: /home/tom007/catkin_ws_ros2/install/my_msgs/include/my_msgs/my_msgs/action/detail/test__builder.hpp
[3.500s] -- Installing: /home/tom007/catkin_ws_ros2/install/my_msgs/include/my_msgs/my_msgs/action/test.hpp
[3.500s] -- Up-to-date: /home/tom007/catkin_ws_ros2/install/my_msgs/include/my_msgs/my_msgs
[3.500s] -- Up-to-date: /home/tom007/catkin_ws_ros2/install/my_msgs/include/my_msgs/my_msgs/srv
[3.500s] -- Up-to-date: /home/tom007/catkin_ws_ros2/install/my_msgs/include/my_msgs/my_msgs/srv/detail
[3.500s] -- Installing: /home/tom007/catkin_ws_ros2/install/my_msgs/include/my_msgs/my_msgs/srv/detail/test__rosidl_typesupport_fastrtps_cpp.hpp
[3.500s] -- Installing: /home/tom007/catkin_ws_ros2/install/my_msgs/include/my_msgs/my_msgs/srv/detail/dds_fastrtps
[3.500s] -- Up-to-date: /home/tom007/catkin_ws_ros2/install/my_msgs/include/my_msgs/my_msgs/msg
[3.500s] -- Up-to-date: /home/tom007/catkin_ws_ros2/install/my_msgs/include/my_msgs/my_msgs/msg/detail
[3.500s] -- Installing: /home/tom007/catkin_ws_ros2/install/my_msgs/include/my_msgs/my_msgs/msg/detail/test__rosidl_typesupport_fastrtps_cpp.hpp
[3.500s] -- Installing: /home/tom007/catkin_ws_ros2/install/my_msgs/include/my_msgs/my_msgs/msg/detail/dds_fastrtps
[3.500s] -- Installing: /home/tom007/catkin_ws_ros2/install/my_msgs/include/my_msgs/my_msgs/msg/rosidl_typesupport_fastrtps_cpp__visibility_control.h
[3.500s] -- Up-to-date: /home/tom007/catkin_ws_ros2/install/my_msgs/include/my_msgs/my_msgs/action
[3.500s] -- Up-to-date: /home/tom007/catkin_ws_ros2/install/my_msgs/include/my_msgs/my_msgs/action/detail
[3.500s] -- Installing: /home/tom007/catkin_ws_ros2/install/my_msgs/include/my_msgs/my_msgs/action/detail/test__rosidl_typesupport_fastrtps_cpp.hpp
[3.500s] -- Installing: /home/tom007/catkin_ws_ros2/install/my_msgs/include/my_msgs/my_msgs/action/detail/dds_fastrtps
[3.500s] -- Installing: /home/tom007/catkin_ws_ros2/install/my_msgs/lib/libmy_msgs__rosidl_typesupport_fastrtps_cpp.so
[3.500s] -- Set runtime path of "/home/tom007/catkin_ws_ros2/install/my_msgs/lib/libmy_msgs__rosidl_typesupport_fastrtps_cpp.so" to ""
[3.500s] -- Up-to-date: /home/tom007/catkin_ws_ros2/install/my_msgs/include/my_msgs/my_msgs
[3.500s] -- Up-to-date: /home/tom007/catkin_ws_ros2/install/my_msgs/include/my_msgs/my_msgs/srv
[3.500s] -- Up-to-date: /home/tom007/catkin_ws_ros2/install/my_msgs/include/my_msgs/my_msgs/srv/detail
[3.500s] -- Installing: /home/tom007/catkin_ws_ros2/install/my_msgs/include/my_msgs/my_msgs/srv/detail/test__rosidl_typesupport_introspection_c.h
[3.500s] -- Installing: /home/tom007/catkin_ws_ros2/install/my_msgs/include/my_msgs/my_msgs/srv/detail/test__type_support.c
[3.500s] -- Up-to-date: /home/tom007/catkin_ws_ros2/install/my_msgs/include/my_msgs/my_msgs/msg
[3.501s] -- Up-to-date: /home/tom007/catkin_ws_ros2/install/my_msgs/include/my_msgs/my_msgs/msg/detail
[3.501s] -- Installing: /home/tom007/catkin_ws_ros2/install/my_msgs/include/my_msgs/my_msgs/msg/detail/test__rosidl_typesupport_introspection_c.h
[3.501s] -- Installing: /home/tom007/catkin_ws_ros2/install/my_msgs/include/my_msgs/my_msgs/msg/detail/test__type_support.c
[3.501s] -- Installing: /home/tom007/catkin_ws_ros2/install/my_msgs/include/my_msgs/my_msgs/msg/rosidl_typesupport_introspection_c__visibility_control.h
[3.501s] -- Up-to-date: /home/tom007/catkin_ws_ros2/install/my_msgs/include/my_msgs/my_msgs/action
[3.501s] -- Up-to-date: /home/tom007/catkin_ws_ros2/install/my_msgs/include/my_msgs/my_msgs/action/detail
[3.501s] -- Installing: /home/tom007/catkin_ws_ros2/install/my_msgs/include/my_msgs/my_msgs/action/detail/test__rosidl_typesupport_introspection_c.h
[3.501s] -- Installing: /home/tom007/catkin_ws_ros2/install/my_msgs/include/my_msgs/my_msgs/action/detail/test__type_support.c
[3.501s] -- Installing: /home/tom007/catkin_ws_ros2/install/my_msgs/lib/libmy_msgs__rosidl_typesupport_introspection_c.so
[3.501s] -- Set runtime path of "/home/tom007/catkin_ws_ros2/install/my_msgs/lib/libmy_msgs__rosidl_typesupport_introspection_c.so" to ""
[3.501s] -- Installing: /home/tom007/catkin_ws_ros2/install/my_msgs/lib/libmy_msgs__rosidl_typesupport_c.so
[3.501s] -- Set runtime path of "/home/tom007/catkin_ws_ros2/install/my_msgs/lib/libmy_msgs__rosidl_typesupport_c.so" to ""
[3.501s] -- Up-to-date: /home/tom007/catkin_ws_ros2/install/my_msgs/include/my_msgs/my_msgs
[3.501s] -- Up-to-date: /home/tom007/catkin_ws_ros2/install/my_msgs/include/my_msgs/my_msgs/srv
[3.501s] -- Up-to-date: /home/tom007/catkin_ws_ros2/install/my_msgs/include/my_msgs/my_msgs/srv/detail
[3.501s] -- Installing: /home/tom007/catkin_ws_ros2/install/my_msgs/include/my_msgs/my_msgs/srv/detail/test__rosidl_typesupport_introspection_cpp.hpp
[3.501s] -- Installing: /home/tom007/catkin_ws_ros2/install/my_msgs/include/my_msgs/my_msgs/srv/detail/test__type_support.cpp
[3.501s] -- Up-to-date: /home/tom007/catkin_ws_ros2/install/my_msgs/include/my_msgs/my_msgs/msg
[3.501s] -- Up-to-date: /home/tom007/catkin_ws_ros2/install/my_msgs/include/my_msgs/my_msgs/msg/detail
[3.501s] -- Installing: /home/tom007/catkin_ws_ros2/install/my_msgs/include/my_msgs/my_msgs/msg/detail/test__rosidl_typesupport_introspection_cpp.hpp
[3.501s] -- Installing: /home/tom007/catkin_ws_ros2/install/my_msgs/include/my_msgs/my_msgs/msg/detail/test__type_support.cpp
[3.501s] -- Up-to-date: /home/tom007/catkin_ws_ros2/install/my_msgs/include/my_msgs/my_msgs/action
[3.501s] -- Up-to-date: /home/tom007/catkin_ws_ros2/install/my_msgs/include/my_msgs/my_msgs/action/detail
[3.501s] -- Installing: /home/tom007/catkin_ws_ros2/install/my_msgs/include/my_msgs/my_msgs/action/detail/test__rosidl_typesupport_introspection_cpp.hpp
[3.501s] -- Installing: /home/tom007/catkin_ws_ros2/install/my_msgs/include/my_msgs/my_msgs/action/detail/test__type_support.cpp
[3.501s] -- Installing: /home/tom007/catkin_ws_ros2/install/my_msgs/lib/libmy_msgs__rosidl_typesupport_introspection_cpp.so
[3.501s] -- Set runtime path of "/home/tom007/catkin_ws_ros2/install/my_msgs/lib/libmy_msgs__rosidl_typesupport_introspection_cpp.so" to ""
[3.501s] -- Installing: /home/tom007/catkin_ws_ros2/install/my_msgs/lib/libmy_msgs__rosidl_typesupport_cpp.so
[3.501s] -- Set runtime path of "/home/tom007/catkin_ws_ros2/install/my_msgs/lib/libmy_msgs__rosidl_typesupport_cpp.so" to ""
[3.501s] -- Installing: /home/tom007/catkin_ws_ros2/install/my_msgs/share/my_msgs/environment/pythonpath.sh
[3.502s] -- Installing: /home/tom007/catkin_ws_ros2/install/my_msgs/share/my_msgs/environment/pythonpath.dsv
[3.502s] -- Installing: /home/tom007/catkin_ws_ros2/install/my_msgs/local/lib/python3.10/dist-packages/my_msgs-0.0.0-py3.10.egg-info
[3.502s] -- Installing: /home/tom007/catkin_ws_ros2/install/my_msgs/local/lib/python3.10/dist-packages/my_msgs-0.0.0-py3.10.egg-info/top_level.txt
[3.502s] -- Installing: /home/tom007/catkin_ws_ros2/install/my_msgs/local/lib/python3.10/dist-packages/my_msgs-0.0.0-py3.10.egg-info/dependency_links.txt
[3.502s] -- Installing: /home/tom007/catkin_ws_ros2/install/my_msgs/local/lib/python3.10/dist-packages/my_msgs-0.0.0-py3.10.egg-info/PKG-INFO
[3.502s] -- Installing: /home/tom007/catkin_ws_ros2/install/my_msgs/local/lib/python3.10/dist-packages/my_msgs-0.0.0-py3.10.egg-info/SOURCES.txt
[3.502s] -- Installing: /home/tom007/catkin_ws_ros2/install/my_msgs/local/lib/python3.10/dist-packages/my_msgs
[3.502s] -- Installing: /home/tom007/catkin_ws_ros2/install/my_msgs/local/lib/python3.10/dist-packages/my_msgs/srv
[3.502s] -- Installing: /home/tom007/catkin_ws_ros2/install/my_msgs/local/lib/python3.10/dist-packages/my_msgs/srv/__init__.py
[3.502s] -- Installing: /home/tom007/catkin_ws_ros2/install/my_msgs/local/lib/python3.10/dist-packages/my_msgs/srv/_test.py
[3.502s] -- Installing: /home/tom007/catkin_ws_ros2/install/my_msgs/local/lib/python3.10/dist-packages/my_msgs/srv/_test_s.c
[3.502s] -- Installing: /home/tom007/catkin_ws_ros2/install/my_msgs/local/lib/python3.10/dist-packages/my_msgs/__init__.py
[3.502s] -- Installing: /home/tom007/catkin_ws_ros2/install/my_msgs/local/lib/python3.10/dist-packages/my_msgs/my_msgs_s__rosidl_typesupport_c.cpython-310-x86_64-linux-gnu.so
[3.502s] -- Installing: /home/tom007/catkin_ws_ros2/install/my_msgs/local/lib/python3.10/dist-packages/my_msgs/_my_msgs_s.ep.rosidl_typesupport_introspection_c.c
[3.502s] -- Installing: /home/tom007/catkin_ws_ros2/install/my_msgs/local/lib/python3.10/dist-packages/my_msgs/msg
[3.502s] -- Installing: /home/tom007/catkin_ws_ros2/install/my_msgs/local/lib/python3.10/dist-packages/my_msgs/msg/__init__.py
[3.502s] -- Installing: /home/tom007/catkin_ws_ros2/install/my_msgs/local/lib/python3.10/dist-packages/my_msgs/msg/_test.py
[3.502s] -- Installing: /home/tom007/catkin_ws_ros2/install/my_msgs/local/lib/python3.10/dist-packages/my_msgs/msg/_test_s.c
[3.502s] -- Installing: /home/tom007/catkin_ws_ros2/install/my_msgs/local/lib/python3.10/dist-packages/my_msgs/my_msgs_s__rosidl_typesupport_fastrtps_c.cpython-310-x86_64-linux-gnu.so
[3.502s] -- Installing: /home/tom007/catkin_ws_ros2/install/my_msgs/local/lib/python3.10/dist-packages/my_msgs/_my_msgs_s.ep.rosidl_typesupport_c.c
[3.502s] -- Installing: /home/tom007/catkin_ws_ros2/install/my_msgs/local/lib/python3.10/dist-packages/my_msgs/libmy_msgs__rosidl_generator_py.so
[3.502s] -- Installing: /home/tom007/catkin_ws_ros2/install/my_msgs/local/lib/python3.10/dist-packages/my_msgs/my_msgs_s__rosidl_typesupport_introspection_c.cpython-310-x86_64-linux-gnu.so
[3.502s] -- Installing: /home/tom007/catkin_ws_ros2/install/my_msgs/local/lib/python3.10/dist-packages/my_msgs/action
[3.502s] -- Installing: /home/tom007/catkin_ws_ros2/install/my_msgs/local/lib/python3.10/dist-packages/my_msgs/action/__init__.py
[3.503s] -- Installing: /home/tom007/catkin_ws_ros2/install/my_msgs/local/lib/python3.10/dist-packages/my_msgs/action/_test.py
[3.503s] -- Installing: /home/tom007/catkin_ws_ros2/install/my_msgs/local/lib/python3.10/dist-packages/my_msgs/action/_test_s.c
[3.503s] -- Installing: /home/tom007/catkin_ws_ros2/install/my_msgs/local/lib/python3.10/dist-packages/my_msgs/_my_msgs_s.ep.rosidl_typesupport_fastrtps_c.c
[3.528s] Listing '/home/tom007/catkin_ws_ros2/install/my_msgs/local/lib/python3.10/dist-packages/my_msgs'...
[3.528s] Compiling '/home/tom007/catkin_ws_ros2/install/my_msgs/local/lib/python3.10/dist-packages/my_msgs/__init__.py'...
[3.528s] Listing '/home/tom007/catkin_ws_ros2/install/my_msgs/local/lib/python3.10/dist-packages/my_msgs/action'...
[3.528s] Compiling '/home/tom007/catkin_ws_ros2/install/my_msgs/local/lib/python3.10/dist-packages/my_msgs/action/__init__.py'...
[3.528s] Compiling '/home/tom007/catkin_ws_ros2/install/my_msgs/local/lib/python3.10/dist-packages/my_msgs/action/_test.py'...
[3.528s] Listing '/home/tom007/catkin_ws_ros2/install/my_msgs/local/lib/python3.10/dist-packages/my_msgs/msg'...
[3.528s] Compiling '/home/tom007/catkin_ws_ros2/install/my_msgs/local/lib/python3.10/dist-packages/my_msgs/msg/__init__.py'...
[3.528s] Compiling '/home/tom007/catkin_ws_ros2/install/my_msgs/local/lib/python3.10/dist-packages/my_msgs/msg/_test.py'...
[3.528s] Listing '/home/tom007/catkin_ws_ros2/install/my_msgs/local/lib/python3.10/dist-packages/my_msgs/srv'...
[3.528s] Compiling '/home/tom007/catkin_ws_ros2/install/my_msgs/local/lib/python3.10/dist-packages/my_msgs/srv/__init__.py'...
[3.528s] Compiling '/home/tom007/catkin_ws_ros2/install/my_msgs/local/lib/python3.10/dist-packages/my_msgs/srv/_test.py'...
[3.531s] -- Installing: /home/tom007/catkin_ws_ros2/install/my_msgs/local/lib/python3.10/dist-packages/my_msgs/my_msgs_s__rosidl_typesupport_fastrtps_c.cpython-310-x86_64-linux-gnu.so
[3.531s] -- Set runtime path of "/home/tom007/catkin_ws_ros2/install/my_msgs/local/lib/python3.10/dist-packages/my_msgs/my_msgs_s__rosidl_typesupport_fastrtps_c.cpython-310-x86_64-linux-gnu.so" to ""
[3.531s] -- Installing: /home/tom007/catkin_ws_ros2/install/my_msgs/local/lib/python3.10/dist-packages/my_msgs/my_msgs_s__rosidl_typesupport_introspection_c.cpython-310-x86_64-linux-gnu.so
[3.531s] -- Set runtime path of "/home/tom007/catkin_ws_ros2/install/my_msgs/local/lib/python3.10/dist-packages/my_msgs/my_msgs_s__rosidl_typesupport_introspection_c.cpython-310-x86_64-linux-gnu.so" to ""
[3.531s] -- Installing: /home/tom007/catkin_ws_ros2/install/my_msgs/local/lib/python3.10/dist-packages/my_msgs/my_msgs_s__rosidl_typesupport_c.cpython-310-x86_64-linux-gnu.so
[3.532s] -- Set runtime path of "/home/tom007/catkin_ws_ros2/install/my_msgs/local/lib/python3.10/dist-packages/my_msgs/my_msgs_s__rosidl_typesupport_c.cpython-310-x86_64-linux-gnu.so" to ""
[3.532s] -- Installing: /home/tom007/catkin_ws_ros2/install/my_msgs/lib/libmy_msgs__rosidl_generator_py.so
[3.532s] -- Set runtime path of "/home/tom007/catkin_ws_ros2/install/my_msgs/lib/libmy_msgs__rosidl_generator_py.so" to ""
[3.532s] -- Installing: /home/tom007/catkin_ws_ros2/install/my_msgs/share/my_msgs/msg/Test.idl
[3.532s] -- Installing: /home/tom007/catkin_ws_ros2/install/my_msgs/share/my_msgs/srv/Test.idl
[3.532s] -- Installing: /home/tom007/catkin_ws_ros2/install/my_msgs/share/my_msgs/action/Test.idl
[3.532s] -- Installing: /home/tom007/catkin_ws_ros2/install/my_msgs/share/my_msgs/msg/Test.msg
[3.532s] -- Installing: /home/tom007/catkin_ws_ros2/install/my_msgs/share/my_msgs/srv/Test.srv
[3.532s] -- Installing: /home/tom007/catkin_ws_ros2/install/my_msgs/share/my_msgs/srv/Test_Request.msg
[3.532s] -- Installing: /home/tom007/catkin_ws_ros2/install/my_msgs/share/my_msgs/srv/Test_Response.msg
[3.532s] -- Installing: /home/tom007/catkin_ws_ros2/install/my_msgs/share/my_msgs/action/Test.action
[3.532s] -- Installing: /home/tom007/catkin_ws_ros2/install/my_msgs/share/ament_index/resource_index/package_run_dependencies/my_msgs
[3.532s] -- Installing: /home/tom007/catkin_ws_ros2/install/my_msgs/share/ament_index/resource_index/parent_prefix_path/my_msgs
[3.532s] -- Installing: /home/tom007/catkin_ws_ros2/install/my_msgs/share/my_msgs/environment/ament_prefix_path.sh
[3.532s] -- Installing: /home/tom007/catkin_ws_ros2/install/my_msgs/share/my_msgs/environment/ament_prefix_path.dsv
[3.532s] -- Installing: /home/tom007/catkin_ws_ros2/install/my_msgs/share/my_msgs/environment/path.sh
[3.532s] -- Installing: /home/tom007/catkin_ws_ros2/install/my_msgs/share/my_msgs/environment/path.dsv
[3.532s] -- Installing: /home/tom007/catkin_ws_ros2/install/my_msgs/share/my_msgs/local_setup.bash
[3.532s] -- Installing: /home/tom007/catkin_ws_ros2/install/my_msgs/share/my_msgs/local_setup.sh
[3.532s] -- Installing: /home/tom007/catkin_ws_ros2/install/my_msgs/share/my_msgs/local_setup.zsh
[3.532s] -- Installing: /home/tom007/catkin_ws_ros2/install/my_msgs/share/my_msgs/local_setup.dsv
[3.532s] -- Installing: /home/tom007/catkin_ws_ros2/install/my_msgs/share/my_msgs/package.dsv
[3.532s] -- Installing: /home/tom007/catkin_ws_ros2/install/my_msgs/share/ament_index/resource_index/packages/my_msgs
[3.532s] -- Installing: /home/tom007/catkin_ws_ros2/install/my_msgs/share/my_msgs/cmake/export_my_msgs__rosidl_generator_cExport.cmake
[3.533s] -- Installing: /home/tom007/catkin_ws_ros2/install/my_msgs/share/my_msgs/cmake/export_my_msgs__rosidl_generator_cExport-noconfig.cmake
[3.533s] -- Installing: /home/tom007/catkin_ws_ros2/install/my_msgs/share/my_msgs/cmake/export_my_msgs__rosidl_typesupport_fastrtps_cExport.cmake
[3.533s] -- Installing: /home/tom007/catkin_ws_ros2/install/my_msgs/share/my_msgs/cmake/export_my_msgs__rosidl_typesupport_fastrtps_cExport-noconfig.cmake
[3.533s] -- Installing: /home/tom007/catkin_ws_ros2/install/my_msgs/share/my_msgs/cmake/export_my_msgs__rosidl_generator_cppExport.cmake
[3.533s] -- Installing: /home/tom007/catkin_ws_ros2/install/my_msgs/share/my_msgs/cmake/export_my_msgs__rosidl_typesupport_fastrtps_cppExport.cmake
[3.533s] -- Installing: /home/tom007/catkin_ws_ros2/install/my_msgs/share/my_msgs/cmake/export_my_msgs__rosidl_typesupport_fastrtps_cppExport-noconfig.cmake
[3.533s] -- Installing: /home/tom007/catkin_ws_ros2/install/my_msgs/share/my_msgs/cmake/my_msgs__rosidl_typesupport_introspection_cExport.cmake
[3.533s] -- Installing: /home/tom007/catkin_ws_ros2/install/my_msgs/share/my_msgs/cmake/my_msgs__rosidl_typesupport_introspection_cExport-noconfig.cmake
[3.533s] -- Installing: /home/tom007/catkin_ws_ros2/install/my_msgs/share/my_msgs/cmake/my_msgs__rosidl_typesupport_cExport.cmake
[3.533s] -- Installing: /home/tom007/catkin_ws_ros2/install/my_msgs/share/my_msgs/cmake/my_msgs__rosidl_typesupport_cExport-noconfig.cmake
[3.533s] -- Installing: /home/tom007/catkin_ws_ros2/install/my_msgs/share/my_msgs/cmake/my_msgs__rosidl_typesupport_introspection_cppExport.cmake
[3.533s] -- Installing: /home/tom007/catkin_ws_ros2/install/my_msgs/share/my_msgs/cmake/my_msgs__rosidl_typesupport_introspection_cppExport-noconfig.cmake
[3.533s] -- Installing: /home/tom007/catkin_ws_ros2/install/my_msgs/share/my_msgs/cmake/my_msgs__rosidl_typesupport_cppExport.cmake
[3.533s] -- Installing: /home/tom007/catkin_ws_ros2/install/my_msgs/share/my_msgs/cmake/my_msgs__rosidl_typesupport_cppExport-noconfig.cmake
[3.533s] -- Installing: /home/tom007/catkin_ws_ros2/install/my_msgs/share/my_msgs/cmake/export_my_msgs__rosidl_generator_pyExport.cmake
[3.533s] -- Installing: /home/tom007/catkin_ws_ros2/install/my_msgs/share/my_msgs/cmake/export_my_msgs__rosidl_generator_pyExport-noconfig.cmake
[3.533s] -- Installing: /home/tom007/catkin_ws_ros2/install/my_msgs/share/my_msgs/cmake/rosidl_cmake-extras.cmake
[3.533s] -- Installing: /home/tom007/catkin_ws_ros2/install/my_msgs/share/my_msgs/cmake/ament_cmake_export_dependencies-extras.cmake
[3.533s] -- Installing: /home/tom007/catkin_ws_ros2/install/my_msgs/share/my_msgs/cmake/ament_cmake_export_include_directories-extras.cmake
[3.533s] -- Installing: /home/tom007/catkin_ws_ros2/install/my_msgs/share/my_msgs/cmake/ament_cmake_export_libraries-extras.cmake
[3.533s] -- Installing: /home/tom007/catkin_ws_ros2/install/my_msgs/share/my_msgs/cmake/ament_cmake_export_targets-extras.cmake
[3.533s] -- Installing: /home/tom007/catkin_ws_ros2/install/my_msgs/share/my_msgs/cmake/rosidl_cmake_export_typesupport_targets-extras.cmake
[3.534s] -- Installing: /home/tom007/catkin_ws_ros2/install/my_msgs/share/my_msgs/cmake/rosidl_cmake_export_typesupport_libraries-extras.cmake
[3.534s] -- Installing: /home/tom007/catkin_ws_ros2/install/my_msgs/share/my_msgs/cmake/my_msgsConfig.cmake
[3.534s] -- Installing: /home/tom007/catkin_ws_ros2/install/my_msgs/share/my_msgs/cmake/my_msgsConfig-version.cmake
[3.534s] -- Installing: /home/tom007/catkin_ws_ros2/install/my_msgs/share/my_msgs/package.xml
[3.536s] Invoked command in '/home/tom007/catkin_ws_ros2/build/my_msgs' returned '0': CMAKE_PREFIX_PATH=${CMAKE_PREFIX_PATH}:/opt/ros/humble /usr/bin/cmake --install /home/tom007/catkin_ws_ros2/build/my_msgs
