[  2%] Built target my_msgs__cpp
[ 12%] Built target my_msgs__rosidl_generator_c
[ 12%] Built target ament_cmake_python_copy_my_msgs
[ 34%] Built target my_msgs__rosidl_typesupport_cpp
[ 34%] Built target my_msgs__rosidl_typesupport_introspection_cpp
[ 55%] Built target my_msgs__rosidl_typesupport_fastrtps_c
[ 55%] Built target my_msgs__rosidl_typesupport_c
[ 65%] Built target my_msgs__rosidl_typesupport_fastrtps_cpp
[ 76%] Built target my_msgs__rosidl_typesupport_introspection_c
[ 76%] Built target my_msgs
[ 78%] Built target my_msgs__py
[ 87%] Built target my_msgs__rosidl_generator_py
[ 91%] Built target my_msgs__rosidl_typesupport_c__pyext
[ 95%] Built target my_msgs__rosidl_typesupport_fastrtps_c__pyext
[100%] Built target my_msgs__rosidl_typesupport_introspection_c__pyext
running egg_info
writing my_msgs.egg-info/PKG-INFO
writing dependency_links to my_msgs.egg-info/dependency_links.txt
writing top-level names to my_msgs.egg-info/top_level.txt
reading manifest file 'my_msgs.egg-info/SOURCES.txt'
writing manifest file 'my_msgs.egg-info/SOURCES.txt'
[100%] Built target ament_cmake_python_build_my_msgs_egg
-- Install configuration: ""
-- Up-to-date: /home/tom007/catkin_ws_ros2/install/my_msgs/share/ament_index/resource_index/rosidl_interfaces/my_msgs
-- Up-to-date: /home/tom007/catkin_ws_ros2/install/my_msgs/include/my_msgs/my_msgs
-- Up-to-date: /home/tom007/catkin_ws_ros2/install/my_msgs/include/my_msgs/my_msgs/srv
-- Up-to-date: /home/tom007/catkin_ws_ros2/install/my_msgs/include/my_msgs/my_msgs/srv/detail
-- Up-to-date: /home/tom007/catkin_ws_ros2/install/my_msgs/include/my_msgs/my_msgs/srv/detail/test__struct.h
-- Up-to-date: /home/tom007/catkin_ws_ros2/install/my_msgs/include/my_msgs/my_msgs/srv/detail/test__type_support.h
-- Up-to-date: /home/tom007/catkin_ws_ros2/install/my_msgs/include/my_msgs/my_msgs/srv/detail/test__functions.h
-- Up-to-date: /home/tom007/catkin_ws_ros2/install/my_msgs/include/my_msgs/my_msgs/srv/detail/test__functions.c
-- Up-to-date: /home/tom007/catkin_ws_ros2/install/my_msgs/include/my_msgs/my_msgs/srv/test.h
-- Up-to-date: /home/tom007/catkin_ws_ros2/install/my_msgs/include/my_msgs/my_msgs/msg
-- Up-to-date: /home/tom007/catkin_ws_ros2/install/my_msgs/include/my_msgs/my_msgs/msg/detail
-- Up-to-date: /home/tom007/catkin_ws_ros2/install/my_msgs/include/my_msgs/my_msgs/msg/detail/test__struct.h
-- Up-to-date: /home/tom007/catkin_ws_ros2/install/my_msgs/include/my_msgs/my_msgs/msg/detail/test__type_support.h
-- Up-to-date: /home/tom007/catkin_ws_ros2/install/my_msgs/include/my_msgs/my_msgs/msg/detail/test__functions.h
-- Up-to-date: /home/tom007/catkin_ws_ros2/install/my_msgs/include/my_msgs/my_msgs/msg/detail/test__functions.c
-- Up-to-date: /home/tom007/catkin_ws_ros2/install/my_msgs/include/my_msgs/my_msgs/msg/test.h
-- Up-to-date: /home/tom007/catkin_ws_ros2/install/my_msgs/include/my_msgs/my_msgs/msg/rosidl_generator_c__visibility_control.h
-- Up-to-date: /home/tom007/catkin_ws_ros2/install/my_msgs/include/my_msgs/my_msgs/action
-- Up-to-date: /home/tom007/catkin_ws_ros2/install/my_msgs/include/my_msgs/my_msgs/action/detail
-- Up-to-date: /home/tom007/catkin_ws_ros2/install/my_msgs/include/my_msgs/my_msgs/action/detail/test__struct.h
-- Up-to-date: /home/tom007/catkin_ws_ros2/install/my_msgs/include/my_msgs/my_msgs/action/detail/test__type_support.h
-- Up-to-date: /home/tom007/catkin_ws_ros2/install/my_msgs/include/my_msgs/my_msgs/action/detail/test__functions.h
-- Up-to-date: /home/tom007/catkin_ws_ros2/install/my_msgs/include/my_msgs/my_msgs/action/detail/test__functions.c
-- Up-to-date: /home/tom007/catkin_ws_ros2/install/my_msgs/include/my_msgs/my_msgs/action/test.h
-- Up-to-date: /home/tom007/catkin_ws_ros2/install/my_msgs/share/my_msgs/environment/library_path.sh
-- Up-to-date: /home/tom007/catkin_ws_ros2/install/my_msgs/share/my_msgs/environment/library_path.dsv
-- Up-to-date: /home/tom007/catkin_ws_ros2/install/my_msgs/lib/libmy_msgs__rosidl_generator_c.so
-- Up-to-date: /home/tom007/catkin_ws_ros2/install/my_msgs/include/my_msgs/my_msgs
-- Up-to-date: /home/tom007/catkin_ws_ros2/install/my_msgs/include/my_msgs/my_msgs/srv
-- Up-to-date: /home/tom007/catkin_ws_ros2/install/my_msgs/include/my_msgs/my_msgs/srv/detail
-- Up-to-date: /home/tom007/catkin_ws_ros2/install/my_msgs/include/my_msgs/my_msgs/srv/detail/test__rosidl_typesupport_fastrtps_c.h
-- Up-to-date: /home/tom007/catkin_ws_ros2/install/my_msgs/include/my_msgs/my_msgs/msg
-- Up-to-date: /home/tom007/catkin_ws_ros2/install/my_msgs/include/my_msgs/my_msgs/msg/rosidl_typesupport_fastrtps_c__visibility_control.h
-- Up-to-date: /home/tom007/catkin_ws_ros2/install/my_msgs/include/my_msgs/my_msgs/msg/detail
-- Up-to-date: /home/tom007/catkin_ws_ros2/install/my_msgs/include/my_msgs/my_msgs/msg/detail/test__rosidl_typesupport_fastrtps_c.h
-- Up-to-date: /home/tom007/catkin_ws_ros2/install/my_msgs/include/my_msgs/my_msgs/action
-- Up-to-date: /home/tom007/catkin_ws_ros2/install/my_msgs/include/my_msgs/my_msgs/action/detail
-- Up-to-date: /home/tom007/catkin_ws_ros2/install/my_msgs/include/my_msgs/my_msgs/action/detail/test__rosidl_typesupport_fastrtps_c.h
-- Up-to-date: /home/tom007/catkin_ws_ros2/install/my_msgs/lib/libmy_msgs__rosidl_typesupport_fastrtps_c.so
-- Up-to-date: /home/tom007/catkin_ws_ros2/install/my_msgs/include/my_msgs/my_msgs
-- Up-to-date: /home/tom007/catkin_ws_ros2/install/my_msgs/include/my_msgs/my_msgs/srv
-- Up-to-date: /home/tom007/catkin_ws_ros2/install/my_msgs/include/my_msgs/my_msgs/srv/detail
-- Up-to-date: /home/tom007/catkin_ws_ros2/install/my_msgs/include/my_msgs/my_msgs/srv/detail/test__struct.hpp
-- Up-to-date: /home/tom007/catkin_ws_ros2/install/my_msgs/include/my_msgs/my_msgs/srv/detail/test__traits.hpp
-- Up-to-date: /home/tom007/catkin_ws_ros2/install/my_msgs/include/my_msgs/my_msgs/srv/detail/test__builder.hpp
-- Up-to-date: /home/tom007/catkin_ws_ros2/install/my_msgs/include/my_msgs/my_msgs/srv/test.hpp
-- Up-to-date: /home/tom007/catkin_ws_ros2/install/my_msgs/include/my_msgs/my_msgs/msg
-- Up-to-date: /home/tom007/catkin_ws_ros2/install/my_msgs/include/my_msgs/my_msgs/msg/detail
-- Up-to-date: /home/tom007/catkin_ws_ros2/install/my_msgs/include/my_msgs/my_msgs/msg/detail/test__struct.hpp
-- Up-to-date: /home/tom007/catkin_ws_ros2/install/my_msgs/include/my_msgs/my_msgs/msg/detail/test__traits.hpp
-- Up-to-date: /home/tom007/catkin_ws_ros2/install/my_msgs/include/my_msgs/my_msgs/msg/detail/test__builder.hpp
-- Up-to-date: /home/tom007/catkin_ws_ros2/install/my_msgs/include/my_msgs/my_msgs/msg/test.hpp
-- Up-to-date: /home/tom007/catkin_ws_ros2/install/my_msgs/include/my_msgs/my_msgs/action
-- Up-to-date: /home/tom007/catkin_ws_ros2/install/my_msgs/include/my_msgs/my_msgs/action/detail
-- Up-to-date: /home/tom007/catkin_ws_ros2/install/my_msgs/include/my_msgs/my_msgs/action/detail/test__struct.hpp
-- Up-to-date: /home/tom007/catkin_ws_ros2/install/my_msgs/include/my_msgs/my_msgs/action/detail/test__traits.hpp
-- Up-to-date: /home/tom007/catkin_ws_ros2/install/my_msgs/include/my_msgs/my_msgs/action/detail/test__builder.hpp
-- Up-to-date: /home/tom007/catkin_ws_ros2/install/my_msgs/include/my_msgs/my_msgs/action/test.hpp
-- Up-to-date: /home/tom007/catkin_ws_ros2/install/my_msgs/include/my_msgs/my_msgs
-- Up-to-date: /home/tom007/catkin_ws_ros2/install/my_msgs/include/my_msgs/my_msgs/srv
-- Up-to-date: /home/tom007/catkin_ws_ros2/install/my_msgs/include/my_msgs/my_msgs/srv/detail
-- Up-to-date: /home/tom007/catkin_ws_ros2/install/my_msgs/include/my_msgs/my_msgs/srv/detail/test__rosidl_typesupport_fastrtps_cpp.hpp
-- Up-to-date: /home/tom007/catkin_ws_ros2/install/my_msgs/include/my_msgs/my_msgs/srv/detail/dds_fastrtps
-- Up-to-date: /home/tom007/catkin_ws_ros2/install/my_msgs/include/my_msgs/my_msgs/msg
-- Up-to-date: /home/tom007/catkin_ws_ros2/install/my_msgs/include/my_msgs/my_msgs/msg/detail
-- Up-to-date: /home/tom007/catkin_ws_ros2/install/my_msgs/include/my_msgs/my_msgs/msg/detail/test__rosidl_typesupport_fastrtps_cpp.hpp
-- Up-to-date: /home/tom007/catkin_ws_ros2/install/my_msgs/include/my_msgs/my_msgs/msg/detail/dds_fastrtps
-- Up-to-date: /home/tom007/catkin_ws_ros2/install/my_msgs/include/my_msgs/my_msgs/msg/rosidl_typesupport_fastrtps_cpp__visibility_control.h
-- Up-to-date: /home/tom007/catkin_ws_ros2/install/my_msgs/include/my_msgs/my_msgs/action
-- Up-to-date: /home/tom007/catkin_ws_ros2/install/my_msgs/include/my_msgs/my_msgs/action/detail
-- Up-to-date: /home/tom007/catkin_ws_ros2/install/my_msgs/include/my_msgs/my_msgs/action/detail/test__rosidl_typesupport_fastrtps_cpp.hpp
-- Up-to-date: /home/tom007/catkin_ws_ros2/install/my_msgs/include/my_msgs/my_msgs/action/detail/dds_fastrtps
-- Up-to-date: /home/tom007/catkin_ws_ros2/install/my_msgs/lib/libmy_msgs__rosidl_typesupport_fastrtps_cpp.so
-- Up-to-date: /home/tom007/catkin_ws_ros2/install/my_msgs/include/my_msgs/my_msgs
-- Up-to-date: /home/tom007/catkin_ws_ros2/install/my_msgs/include/my_msgs/my_msgs/srv
-- Up-to-date: /home/tom007/catkin_ws_ros2/install/my_msgs/include/my_msgs/my_msgs/srv/detail
-- Up-to-date: /home/tom007/catkin_ws_ros2/install/my_msgs/include/my_msgs/my_msgs/srv/detail/test__rosidl_typesupport_introspection_c.h
-- Up-to-date: /home/tom007/catkin_ws_ros2/install/my_msgs/include/my_msgs/my_msgs/srv/detail/test__type_support.c
-- Up-to-date: /home/tom007/catkin_ws_ros2/install/my_msgs/include/my_msgs/my_msgs/msg
-- Up-to-date: /home/tom007/catkin_ws_ros2/install/my_msgs/include/my_msgs/my_msgs/msg/detail
-- Up-to-date: /home/tom007/catkin_ws_ros2/install/my_msgs/include/my_msgs/my_msgs/msg/detail/test__rosidl_typesupport_introspection_c.h
-- Up-to-date: /home/tom007/catkin_ws_ros2/install/my_msgs/include/my_msgs/my_msgs/msg/detail/test__type_support.c
-- Up-to-date: /home/tom007/catkin_ws_ros2/install/my_msgs/include/my_msgs/my_msgs/msg/rosidl_typesupport_introspection_c__visibility_control.h
-- Up-to-date: /home/tom007/catkin_ws_ros2/install/my_msgs/include/my_msgs/my_msgs/action
-- Up-to-date: /home/tom007/catkin_ws_ros2/install/my_msgs/include/my_msgs/my_msgs/action/detail
-- Up-to-date: /home/tom007/catkin_ws_ros2/install/my_msgs/include/my_msgs/my_msgs/action/detail/test__rosidl_typesupport_introspection_c.h
-- Up-to-date: /home/tom007/catkin_ws_ros2/install/my_msgs/include/my_msgs/my_msgs/action/detail/test__type_support.c
-- Up-to-date: /home/tom007/catkin_ws_ros2/install/my_msgs/lib/libmy_msgs__rosidl_typesupport_introspection_c.so
-- Up-to-date: /home/tom007/catkin_ws_ros2/install/my_msgs/lib/libmy_msgs__rosidl_typesupport_c.so
-- Up-to-date: /home/tom007/catkin_ws_ros2/install/my_msgs/include/my_msgs/my_msgs
-- Up-to-date: /home/tom007/catkin_ws_ros2/install/my_msgs/include/my_msgs/my_msgs/srv
-- Up-to-date: /home/tom007/catkin_ws_ros2/install/my_msgs/include/my_msgs/my_msgs/srv/detail
-- Up-to-date: /home/tom007/catkin_ws_ros2/install/my_msgs/include/my_msgs/my_msgs/srv/detail/test__rosidl_typesupport_introspection_cpp.hpp
-- Up-to-date: /home/tom007/catkin_ws_ros2/install/my_msgs/include/my_msgs/my_msgs/srv/detail/test__type_support.cpp
-- Up-to-date: /home/tom007/catkin_ws_ros2/install/my_msgs/include/my_msgs/my_msgs/msg
-- Up-to-date: /home/tom007/catkin_ws_ros2/install/my_msgs/include/my_msgs/my_msgs/msg/detail
-- Up-to-date: /home/tom007/catkin_ws_ros2/install/my_msgs/include/my_msgs/my_msgs/msg/detail/test__rosidl_typesupport_introspection_cpp.hpp
-- Up-to-date: /home/tom007/catkin_ws_ros2/install/my_msgs/include/my_msgs/my_msgs/msg/detail/test__type_support.cpp
-- Up-to-date: /home/tom007/catkin_ws_ros2/install/my_msgs/include/my_msgs/my_msgs/action
-- Up-to-date: /home/tom007/catkin_ws_ros2/install/my_msgs/include/my_msgs/my_msgs/action/detail
-- Up-to-date: /home/tom007/catkin_ws_ros2/install/my_msgs/include/my_msgs/my_msgs/action/detail/test__rosidl_typesupport_introspection_cpp.hpp
-- Up-to-date: /home/tom007/catkin_ws_ros2/install/my_msgs/include/my_msgs/my_msgs/action/detail/test__type_support.cpp
-- Up-to-date: /home/tom007/catkin_ws_ros2/install/my_msgs/lib/libmy_msgs__rosidl_typesupport_introspection_cpp.so
-- Up-to-date: /home/tom007/catkin_ws_ros2/install/my_msgs/lib/libmy_msgs__rosidl_typesupport_cpp.so
-- Up-to-date: /home/tom007/catkin_ws_ros2/install/my_msgs/share/my_msgs/environment/pythonpath.sh
-- Up-to-date: /home/tom007/catkin_ws_ros2/install/my_msgs/share/my_msgs/environment/pythonpath.dsv
-- Up-to-date: /home/tom007/catkin_ws_ros2/install/my_msgs/local/lib/python3.10/dist-packages/my_msgs-0.0.0-py3.10.egg-info
-- Installing: /home/tom007/catkin_ws_ros2/install/my_msgs/local/lib/python3.10/dist-packages/my_msgs-0.0.0-py3.10.egg-info/top_level.txt
-- Installing: /home/tom007/catkin_ws_ros2/install/my_msgs/local/lib/python3.10/dist-packages/my_msgs-0.0.0-py3.10.egg-info/dependency_links.txt
-- Installing: /home/tom007/catkin_ws_ros2/install/my_msgs/local/lib/python3.10/dist-packages/my_msgs-0.0.0-py3.10.egg-info/PKG-INFO
-- Installing: /home/tom007/catkin_ws_ros2/install/my_msgs/local/lib/python3.10/dist-packages/my_msgs-0.0.0-py3.10.egg-info/SOURCES.txt
-- Up-to-date: /home/tom007/catkin_ws_ros2/install/my_msgs/local/lib/python3.10/dist-packages/my_msgs
-- Up-to-date: /home/tom007/catkin_ws_ros2/install/my_msgs/local/lib/python3.10/dist-packages/my_msgs/srv
-- Up-to-date: /home/tom007/catkin_ws_ros2/install/my_msgs/local/lib/python3.10/dist-packages/my_msgs/srv/__init__.py
-- Up-to-date: /home/tom007/catkin_ws_ros2/install/my_msgs/local/lib/python3.10/dist-packages/my_msgs/srv/_test.py
-- Up-to-date: /home/tom007/catkin_ws_ros2/install/my_msgs/local/lib/python3.10/dist-packages/my_msgs/srv/_test_s.c
-- Up-to-date: /home/tom007/catkin_ws_ros2/install/my_msgs/local/lib/python3.10/dist-packages/my_msgs/__init__.py
-- Up-to-date: /home/tom007/catkin_ws_ros2/install/my_msgs/local/lib/python3.10/dist-packages/my_msgs/my_msgs_s__rosidl_typesupport_c.cpython-310-x86_64-linux-gnu.so
-- Up-to-date: /home/tom007/catkin_ws_ros2/install/my_msgs/local/lib/python3.10/dist-packages/my_msgs/_my_msgs_s.ep.rosidl_typesupport_introspection_c.c
-- Up-to-date: /home/tom007/catkin_ws_ros2/install/my_msgs/local/lib/python3.10/dist-packages/my_msgs/msg
-- Up-to-date: /home/tom007/catkin_ws_ros2/install/my_msgs/local/lib/python3.10/dist-packages/my_msgs/msg/__init__.py
-- Up-to-date: /home/tom007/catkin_ws_ros2/install/my_msgs/local/lib/python3.10/dist-packages/my_msgs/msg/_test.py
-- Up-to-date: /home/tom007/catkin_ws_ros2/install/my_msgs/local/lib/python3.10/dist-packages/my_msgs/msg/_test_s.c
-- Up-to-date: /home/tom007/catkin_ws_ros2/install/my_msgs/local/lib/python3.10/dist-packages/my_msgs/my_msgs_s__rosidl_typesupport_fastrtps_c.cpython-310-x86_64-linux-gnu.so
-- Up-to-date: /home/tom007/catkin_ws_ros2/install/my_msgs/local/lib/python3.10/dist-packages/my_msgs/_my_msgs_s.ep.rosidl_typesupport_c.c
-- Up-to-date: /home/tom007/catkin_ws_ros2/install/my_msgs/local/lib/python3.10/dist-packages/my_msgs/libmy_msgs__rosidl_generator_py.so
-- Up-to-date: /home/tom007/catkin_ws_ros2/install/my_msgs/local/lib/python3.10/dist-packages/my_msgs/my_msgs_s__rosidl_typesupport_introspection_c.cpython-310-x86_64-linux-gnu.so
-- Up-to-date: /home/tom007/catkin_ws_ros2/install/my_msgs/local/lib/python3.10/dist-packages/my_msgs/action
-- Up-to-date: /home/tom007/catkin_ws_ros2/install/my_msgs/local/lib/python3.10/dist-packages/my_msgs/action/__init__.py
-- Up-to-date: /home/tom007/catkin_ws_ros2/install/my_msgs/local/lib/python3.10/dist-packages/my_msgs/action/_test.py
-- Up-to-date: /home/tom007/catkin_ws_ros2/install/my_msgs/local/lib/python3.10/dist-packages/my_msgs/action/_test_s.c
-- Up-to-date: /home/tom007/catkin_ws_ros2/install/my_msgs/local/lib/python3.10/dist-packages/my_msgs/_my_msgs_s.ep.rosidl_typesupport_fastrtps_c.c
Listing '/home/tom007/catkin_ws_ros2/install/my_msgs/local/lib/python3.10/dist-packages/my_msgs'...
Listing '/home/tom007/catkin_ws_ros2/install/my_msgs/local/lib/python3.10/dist-packages/my_msgs/action'...
Listing '/home/tom007/catkin_ws_ros2/install/my_msgs/local/lib/python3.10/dist-packages/my_msgs/msg'...
Listing '/home/tom007/catkin_ws_ros2/install/my_msgs/local/lib/python3.10/dist-packages/my_msgs/srv'...
-- Up-to-date: /home/tom007/catkin_ws_ros2/install/my_msgs/local/lib/python3.10/dist-packages/my_msgs/my_msgs_s__rosidl_typesupport_fastrtps_c.cpython-310-x86_64-linux-gnu.so
-- Up-to-date: /home/tom007/catkin_ws_ros2/install/my_msgs/local/lib/python3.10/dist-packages/my_msgs/my_msgs_s__rosidl_typesupport_introspection_c.cpython-310-x86_64-linux-gnu.so
-- Up-to-date: /home/tom007/catkin_ws_ros2/install/my_msgs/local/lib/python3.10/dist-packages/my_msgs/my_msgs_s__rosidl_typesupport_c.cpython-310-x86_64-linux-gnu.so
-- Up-to-date: /home/tom007/catkin_ws_ros2/install/my_msgs/lib/libmy_msgs__rosidl_generator_py.so
-- Up-to-date: /home/tom007/catkin_ws_ros2/install/my_msgs/share/my_msgs/msg/Test.idl
-- Up-to-date: /home/tom007/catkin_ws_ros2/install/my_msgs/share/my_msgs/srv/Test.idl
-- Up-to-date: /home/tom007/catkin_ws_ros2/install/my_msgs/share/my_msgs/action/Test.idl
-- Up-to-date: /home/tom007/catkin_ws_ros2/install/my_msgs/share/my_msgs/msg/Test.msg
-- Up-to-date: /home/tom007/catkin_ws_ros2/install/my_msgs/share/my_msgs/srv/Test.srv
-- Up-to-date: /home/tom007/catkin_ws_ros2/install/my_msgs/share/my_msgs/srv/Test_Request.msg
-- Up-to-date: /home/tom007/catkin_ws_ros2/install/my_msgs/share/my_msgs/srv/Test_Response.msg
-- Up-to-date: /home/tom007/catkin_ws_ros2/install/my_msgs/share/my_msgs/action/Test.action
-- Up-to-date: /home/tom007/catkin_ws_ros2/install/my_msgs/share/ament_index/resource_index/package_run_dependencies/my_msgs
-- Up-to-date: /home/tom007/catkin_ws_ros2/install/my_msgs/share/ament_index/resource_index/parent_prefix_path/my_msgs
-- Up-to-date: /home/tom007/catkin_ws_ros2/install/my_msgs/share/my_msgs/environment/ament_prefix_path.sh
-- Up-to-date: /home/tom007/catkin_ws_ros2/install/my_msgs/share/my_msgs/environment/ament_prefix_path.dsv
-- Up-to-date: /home/tom007/catkin_ws_ros2/install/my_msgs/share/my_msgs/environment/path.sh
-- Up-to-date: /home/tom007/catkin_ws_ros2/install/my_msgs/share/my_msgs/environment/path.dsv
-- Up-to-date: /home/tom007/catkin_ws_ros2/install/my_msgs/share/my_msgs/local_setup.bash
-- Up-to-date: /home/tom007/catkin_ws_ros2/install/my_msgs/share/my_msgs/local_setup.sh
-- Up-to-date: /home/tom007/catkin_ws_ros2/install/my_msgs/share/my_msgs/local_setup.zsh
-- Up-to-date: /home/tom007/catkin_ws_ros2/install/my_msgs/share/my_msgs/local_setup.dsv
-- Installing: /home/tom007/catkin_ws_ros2/install/my_msgs/share/my_msgs/package.dsv
-- Up-to-date: /home/tom007/catkin_ws_ros2/install/my_msgs/share/ament_index/resource_index/packages/my_msgs
-- Up-to-date: /home/tom007/catkin_ws_ros2/install/my_msgs/share/my_msgs/cmake/export_my_msgs__rosidl_generator_cExport.cmake
-- Up-to-date: /home/tom007/catkin_ws_ros2/install/my_msgs/share/my_msgs/cmake/export_my_msgs__rosidl_generator_cExport-noconfig.cmake
-- Up-to-date: /home/tom007/catkin_ws_ros2/install/my_msgs/share/my_msgs/cmake/export_my_msgs__rosidl_typesupport_fastrtps_cExport.cmake
-- Up-to-date: /home/tom007/catkin_ws_ros2/install/my_msgs/share/my_msgs/cmake/export_my_msgs__rosidl_typesupport_fastrtps_cExport-noconfig.cmake
-- Up-to-date: /home/tom007/catkin_ws_ros2/install/my_msgs/share/my_msgs/cmake/export_my_msgs__rosidl_generator_cppExport.cmake
-- Up-to-date: /home/tom007/catkin_ws_ros2/install/my_msgs/share/my_msgs/cmake/export_my_msgs__rosidl_typesupport_fastrtps_cppExport.cmake
-- Up-to-date: /home/tom007/catkin_ws_ros2/install/my_msgs/share/my_msgs/cmake/export_my_msgs__rosidl_typesupport_fastrtps_cppExport-noconfig.cmake
-- Up-to-date: /home/tom007/catkin_ws_ros2/install/my_msgs/share/my_msgs/cmake/my_msgs__rosidl_typesupport_introspection_cExport.cmake
-- Up-to-date: /home/tom007/catkin_ws_ros2/install/my_msgs/share/my_msgs/cmake/my_msgs__rosidl_typesupport_introspection_cExport-noconfig.cmake
-- Up-to-date: /home/tom007/catkin_ws_ros2/install/my_msgs/share/my_msgs/cmake/my_msgs__rosidl_typesupport_cExport.cmake
-- Up-to-date: /home/tom007/catkin_ws_ros2/install/my_msgs/share/my_msgs/cmake/my_msgs__rosidl_typesupport_cExport-noconfig.cmake
-- Up-to-date: /home/tom007/catkin_ws_ros2/install/my_msgs/share/my_msgs/cmake/my_msgs__rosidl_typesupport_introspection_cppExport.cmake
-- Up-to-date: /home/tom007/catkin_ws_ros2/install/my_msgs/share/my_msgs/cmake/my_msgs__rosidl_typesupport_introspection_cppExport-noconfig.cmake
-- Up-to-date: /home/tom007/catkin_ws_ros2/install/my_msgs/share/my_msgs/cmake/my_msgs__rosidl_typesupport_cppExport.cmake
-- Up-to-date: /home/tom007/catkin_ws_ros2/install/my_msgs/share/my_msgs/cmake/my_msgs__rosidl_typesupport_cppExport-noconfig.cmake
-- Up-to-date: /home/tom007/catkin_ws_ros2/install/my_msgs/share/my_msgs/cmake/export_my_msgs__rosidl_generator_pyExport.cmake
-- Up-to-date: /home/tom007/catkin_ws_ros2/install/my_msgs/share/my_msgs/cmake/export_my_msgs__rosidl_generator_pyExport-noconfig.cmake
-- Up-to-date: /home/tom007/catkin_ws_ros2/install/my_msgs/share/my_msgs/cmake/rosidl_cmake-extras.cmake
-- Up-to-date: /home/tom007/catkin_ws_ros2/install/my_msgs/share/my_msgs/cmake/ament_cmake_export_dependencies-extras.cmake
-- Up-to-date: /home/tom007/catkin_ws_ros2/install/my_msgs/share/my_msgs/cmake/ament_cmake_export_include_directories-extras.cmake
-- Up-to-date: /home/tom007/catkin_ws_ros2/install/my_msgs/share/my_msgs/cmake/ament_cmake_export_libraries-extras.cmake
-- Up-to-date: /home/tom007/catkin_ws_ros2/install/my_msgs/share/my_msgs/cmake/ament_cmake_export_targets-extras.cmake
-- Up-to-date: /home/tom007/catkin_ws_ros2/install/my_msgs/share/my_msgs/cmake/rosidl_cmake_export_typesupport_targets-extras.cmake
-- Up-to-date: /home/tom007/catkin_ws_ros2/install/my_msgs/share/my_msgs/cmake/rosidl_cmake_export_typesupport_libraries-extras.cmake
-- Up-to-date: /home/tom007/catkin_ws_ros2/install/my_msgs/share/my_msgs/cmake/my_msgsConfig.cmake
-- Up-to-date: /home/tom007/catkin_ws_ros2/install/my_msgs/share/my_msgs/cmake/my_msgsConfig-version.cmake
-- Up-to-date: /home/tom007/catkin_ws_ros2/install/my_msgs/share/my_msgs/package.xml
