[0.053s] DEBUG:colcon:Command line arguments: ['/usr/bin/colcon', 'build']
[0.053s] DEBUG:colcon:Parsed command line arguments: Namespace(log_base=None, log_level=None, verb_name='build', build_base='build', install_base='install', merge_install=False, symlink_install=False, test_result_base=None, continue_on_error=False, executor='parallel', parallel_workers=16, event_handlers=None, ignore_user_meta=False, metas=['./colcon.meta'], base_paths=['.'], packages_ignore=None, packages_ignore_regex=None, paths=None, packages_up_to=None, packages_up_to_regex=None, packages_above=None, packages_above_and_dependencies=None, packages_above_depth=None, packages_select_by_dep=None, packages_skip_by_dep=None, packages_skip_up_to=None, packages_select_build_failed=False, packages_skip_build_finished=False, packages_select_test_failures=False, packages_skip_test_passed=False, packages_select=None, packages_skip=None, packages_select_regex=None, packages_skip_regex=None, packages_start=None, packages_end=None, allow_overriding=[], cmake_args=None, cmake_target=None, cmake_target_skip_unavailable=False, cmake_clean_cache=False, cmake_clean_first=False, cmake_force_configure=False, ament_cmake_args=None, catkin_cmake_args=None, catkin_skip_building_tests=False, verb_parser=<colcon_defaults.argument_parser.defaults.DefaultArgumentsDecorator object at 0x7ea9747144c0>, verb_extension=<colcon_core.verb.build.BuildVerb object at 0x7ea9746db460>, main=<bound method BuildVerb.main of <colcon_core.verb.build.BuildVerb object at 0x7ea9746db460>>)
[0.131s] Level 1:colcon.colcon_core.package_discovery:discover_packages(colcon_meta) check parameters
[0.131s] Level 1:colcon.colcon_core.package_discovery:discover_packages(recursive) check parameters
[0.131s] Level 1:colcon.colcon_core.package_discovery:discover_packages(ignore) check parameters
[0.131s] Level 1:colcon.colcon_core.package_discovery:discover_packages(path) check parameters
[0.131s] Level 1:colcon.colcon_core.package_discovery:discover_packages(colcon_meta) discover
[0.131s] Level 1:colcon.colcon_core.package_discovery:discover_packages(recursive) discover
[0.131s] INFO:colcon.colcon_core.package_discovery:Crawling recursively for packages in '/home/tom007/catkin_ws_ros2'
[0.131s] Level 1:colcon.colcon_core.package_identification:_identify(.) by extensions ['ignore', 'ignore_ament_install']
[0.131s] Level 1:colcon.colcon_core.package_identification:_identify(.) by extension 'ignore'
[0.131s] Level 1:colcon.colcon_core.package_identification:_identify(.) by extension 'ignore_ament_install'
[0.131s] Level 1:colcon.colcon_core.package_identification:_identify(.) by extensions ['colcon_pkg']
[0.131s] Level 1:colcon.colcon_core.package_identification:_identify(.) by extension 'colcon_pkg'
[0.131s] Level 1:colcon.colcon_core.package_identification:_identify(.) by extensions ['colcon_meta']
[0.131s] Level 1:colcon.colcon_core.package_identification:_identify(.) by extension 'colcon_meta'
[0.131s] Level 1:colcon.colcon_core.package_identification:_identify(.) by extensions ['ros']
[0.131s] Level 1:colcon.colcon_core.package_identification:_identify(.) by extension 'ros'
[0.138s] Level 1:colcon.colcon_core.package_identification:_identify(.) by extensions ['cmake', 'python']
[0.138s] Level 1:colcon.colcon_core.package_identification:_identify(.) by extension 'cmake'
[0.138s] Level 1:colcon.colcon_core.package_identification:_identify(.) by extension 'python'
[0.138s] Level 1:colcon.colcon_core.package_identification:_identify(.) by extensions ['python_setup_py']
[0.138s] Level 1:colcon.colcon_core.package_identification:_identify(.) by extension 'python_setup_py'
[0.138s] Level 1:colcon.colcon_core.package_identification:_identify(build) by extensions ['ignore', 'ignore_ament_install']
[0.138s] Level 1:colcon.colcon_core.package_identification:_identify(build) by extension 'ignore'
[0.138s] Level 1:colcon.colcon_core.package_identification:_identify(build) ignored
[0.138s] Level 1:colcon.colcon_core.package_identification:_identify(install) by extensions ['ignore', 'ignore_ament_install']
[0.138s] Level 1:colcon.colcon_core.package_identification:_identify(install) by extension 'ignore'
[0.138s] Level 1:colcon.colcon_core.package_identification:_identify(install) ignored
[0.139s] Level 1:colcon.colcon_core.package_identification:_identify(log) by extensions ['ignore', 'ignore_ament_install']
[0.139s] Level 1:colcon.colcon_core.package_identification:_identify(log) by extension 'ignore'
[0.139s] Level 1:colcon.colcon_core.package_identification:_identify(log) ignored
[0.139s] Level 1:colcon.colcon_core.package_identification:_identify(src) by extensions ['ignore', 'ignore_ament_install']
[0.139s] Level 1:colcon.colcon_core.package_identification:_identify(src) by extension 'ignore'
[0.139s] Level 1:colcon.colcon_core.package_identification:_identify(src) by extension 'ignore_ament_install'
[0.139s] Level 1:colcon.colcon_core.package_identification:_identify(src) by extensions ['colcon_pkg']
[0.139s] Level 1:colcon.colcon_core.package_identification:_identify(src) by extension 'colcon_pkg'
[0.139s] Level 1:colcon.colcon_core.package_identification:_identify(src) by extensions ['colcon_meta']
[0.139s] Level 1:colcon.colcon_core.package_identification:_identify(src) by extension 'colcon_meta'
[0.139s] Level 1:colcon.colcon_core.package_identification:_identify(src) by extensions ['ros']
[0.139s] Level 1:colcon.colcon_core.package_identification:_identify(src) by extension 'ros'
[0.139s] Level 1:colcon.colcon_core.package_identification:_identify(src) by extensions ['cmake', 'python']
[0.139s] Level 1:colcon.colcon_core.package_identification:_identify(src) by extension 'cmake'
[0.139s] Level 1:colcon.colcon_core.package_identification:_identify(src) by extension 'python'
[0.139s] Level 1:colcon.colcon_core.package_identification:_identify(src) by extensions ['python_setup_py']
[0.139s] Level 1:colcon.colcon_core.package_identification:_identify(src) by extension 'python_setup_py'
[0.139s] Level 1:colcon.colcon_core.package_identification:_identify(src/action_test) by extensions ['ignore', 'ignore_ament_install']
[0.139s] Level 1:colcon.colcon_core.package_identification:_identify(src/action_test) by extension 'ignore'
[0.139s] Level 1:colcon.colcon_core.package_identification:_identify(src/action_test) by extension 'ignore_ament_install'
[0.139s] Level 1:colcon.colcon_core.package_identification:_identify(src/action_test) by extensions ['colcon_pkg']
[0.139s] Level 1:colcon.colcon_core.package_identification:_identify(src/action_test) by extension 'colcon_pkg'
[0.139s] Level 1:colcon.colcon_core.package_identification:_identify(src/action_test) by extensions ['colcon_meta']
[0.139s] Level 1:colcon.colcon_core.package_identification:_identify(src/action_test) by extension 'colcon_meta'
[0.139s] Level 1:colcon.colcon_core.package_identification:_identify(src/action_test) by extensions ['ros']
[0.139s] Level 1:colcon.colcon_core.package_identification:_identify(src/action_test) by extension 'ros'
[0.141s] DEBUG:colcon.colcon_core.package_identification:Package 'src/action_test' with type 'ros.ament_cmake' and name 'action_test'
[0.141s] Level 1:colcon.colcon_core.package_identification:_identify(src/my_msgs) by extensions ['ignore', 'ignore_ament_install']
[0.141s] Level 1:colcon.colcon_core.package_identification:_identify(src/my_msgs) by extension 'ignore'
[0.141s] Level 1:colcon.colcon_core.package_identification:_identify(src/my_msgs) by extension 'ignore_ament_install'
[0.141s] Level 1:colcon.colcon_core.package_identification:_identify(src/my_msgs) by extensions ['colcon_pkg']
[0.141s] Level 1:colcon.colcon_core.package_identification:_identify(src/my_msgs) by extension 'colcon_pkg'
[0.141s] Level 1:colcon.colcon_core.package_identification:_identify(src/my_msgs) by extensions ['colcon_meta']
[0.141s] Level 1:colcon.colcon_core.package_identification:_identify(src/my_msgs) by extension 'colcon_meta'
[0.141s] Level 1:colcon.colcon_core.package_identification:_identify(src/my_msgs) by extensions ['ros']
[0.141s] Level 1:colcon.colcon_core.package_identification:_identify(src/my_msgs) by extension 'ros'
[0.141s] DEBUG:colcon.colcon_core.package_identification:Package 'src/my_msgs' with type 'ros.ament_cmake' and name 'my_msgs'
[0.141s] Level 1:colcon.colcon_core.package_identification:_identify(src/param_test) by extensions ['ignore', 'ignore_ament_install']
[0.141s] Level 1:colcon.colcon_core.package_identification:_identify(src/param_test) by extension 'ignore'
[0.141s] Level 1:colcon.colcon_core.package_identification:_identify(src/param_test) by extension 'ignore_ament_install'
[0.142s] Level 1:colcon.colcon_core.package_identification:_identify(src/param_test) by extensions ['colcon_pkg']
[0.142s] Level 1:colcon.colcon_core.package_identification:_identify(src/param_test) by extension 'colcon_pkg'
[0.142s] Level 1:colcon.colcon_core.package_identification:_identify(src/param_test) by extensions ['colcon_meta']
[0.142s] Level 1:colcon.colcon_core.package_identification:_identify(src/param_test) by extension 'colcon_meta'
[0.142s] Level 1:colcon.colcon_core.package_identification:_identify(src/param_test) by extensions ['ros']
[0.142s] Level 1:colcon.colcon_core.package_identification:_identify(src/param_test) by extension 'ros'
[0.142s] DEBUG:colcon.colcon_core.package_identification:Package 'src/param_test' with type 'ros.ament_cmake' and name 'param_test'
[0.142s] Level 1:colcon.colcon_core.package_identification:_identify(src/test_cpp) by extensions ['ignore', 'ignore_ament_install']
[0.142s] Level 1:colcon.colcon_core.package_identification:_identify(src/test_cpp) by extension 'ignore'
[0.142s] Level 1:colcon.colcon_core.package_identification:_identify(src/test_cpp) by extension 'ignore_ament_install'
[0.142s] Level 1:colcon.colcon_core.package_identification:_identify(src/test_cpp) by extensions ['colcon_pkg']
[0.142s] Level 1:colcon.colcon_core.package_identification:_identify(src/test_cpp) by extension 'colcon_pkg'
[0.142s] Level 1:colcon.colcon_core.package_identification:_identify(src/test_cpp) by extensions ['colcon_meta']
[0.142s] Level 1:colcon.colcon_core.package_identification:_identify(src/test_cpp) by extension 'colcon_meta'
[0.142s] Level 1:colcon.colcon_core.package_identification:_identify(src/test_cpp) by extensions ['ros']
[0.142s] Level 1:colcon.colcon_core.package_identification:_identify(src/test_cpp) by extension 'ros'
[0.143s] DEBUG:colcon.colcon_core.package_identification:Package 'src/test_cpp' with type 'ros.ament_cmake' and name 'test_cpp'
[0.143s] Level 1:colcon.colcon_core.package_discovery:discover_packages(recursive) using defaults
[0.143s] Level 1:colcon.colcon_core.package_discovery:discover_packages(ignore) discover
[0.143s] Level 1:colcon.colcon_core.package_discovery:discover_packages(ignore) using defaults
[0.143s] Level 1:colcon.colcon_core.package_discovery:discover_packages(path) discover
[0.143s] Level 1:colcon.colcon_core.package_discovery:discover_packages(path) using defaults
[0.154s] Level 1:colcon.colcon_core.package_discovery:discover_packages(prefix_path) check parameters
[0.154s] Level 1:colcon.colcon_core.package_discovery:discover_packages(prefix_path) discover
[0.155s] DEBUG:colcon.colcon_installed_package_information.package_discovery:Found 4 installed packages in /home/tom007/catkin_ws_ros2/install
[0.156s] DEBUG:colcon.colcon_installed_package_information.package_discovery:Found 273 installed packages in /opt/ros/humble
[0.156s] Level 1:colcon.colcon_core.package_discovery:discover_packages(prefix_path) using defaults
[0.181s] Level 5:colcon.colcon_core.verb:set package 'my_msgs' build argument 'cmake_args' from command line to 'None'
[0.189s] Level 5:colcon.colcon_core.verb:set package 'my_msgs' build argument 'cmake_target' from command line to 'None'
[0.189s] Level 5:colcon.colcon_core.verb:set package 'my_msgs' build argument 'cmake_target_skip_unavailable' from command line to 'False'
[0.189s] Level 5:colcon.colcon_core.verb:set package 'my_msgs' build argument 'cmake_clean_cache' from command line to 'False'
[0.189s] Level 5:colcon.colcon_core.verb:set package 'my_msgs' build argument 'cmake_clean_first' from command line to 'False'
[0.189s] Level 5:colcon.colcon_core.verb:set package 'my_msgs' build argument 'cmake_force_configure' from command line to 'False'
[0.189s] Level 5:colcon.colcon_core.verb:set package 'my_msgs' build argument 'ament_cmake_args' from command line to 'None'
[0.189s] Level 5:colcon.colcon_core.verb:set package 'my_msgs' build argument 'catkin_cmake_args' from command line to 'None'
[0.189s] Level 5:colcon.colcon_core.verb:set package 'my_msgs' build argument 'catkin_skip_building_tests' from command line to 'False'
[0.189s] DEBUG:colcon.colcon_core.verb:Building package 'my_msgs' with the following arguments: {'ament_cmake_args': None, 'build_base': '/home/tom007/catkin_ws_ros2/build/my_msgs', 'catkin_cmake_args': None, 'catkin_skip_building_tests': False, 'cmake_args': None, 'cmake_clean_cache': False, 'cmake_clean_first': False, 'cmake_force_configure': False, 'cmake_target': None, 'cmake_target_skip_unavailable': False, 'install_base': '/home/tom007/catkin_ws_ros2/install/my_msgs', 'merge_install': False, 'path': '/home/tom007/catkin_ws_ros2/src/my_msgs', 'symlink_install': False, 'test_result_base': None}
[0.189s] Level 5:colcon.colcon_core.verb:set package 'param_test' build argument 'cmake_args' from command line to 'None'
[0.189s] Level 5:colcon.colcon_core.verb:set package 'param_test' build argument 'cmake_target' from command line to 'None'
[0.189s] Level 5:colcon.colcon_core.verb:set package 'param_test' build argument 'cmake_target_skip_unavailable' from command line to 'False'
[0.189s] Level 5:colcon.colcon_core.verb:set package 'param_test' build argument 'cmake_clean_cache' from command line to 'False'
[0.189s] Level 5:colcon.colcon_core.verb:set package 'param_test' build argument 'cmake_clean_first' from command line to 'False'
[0.189s] Level 5:colcon.colcon_core.verb:set package 'param_test' build argument 'cmake_force_configure' from command line to 'False'
[0.189s] Level 5:colcon.colcon_core.verb:set package 'param_test' build argument 'ament_cmake_args' from command line to 'None'
[0.189s] Level 5:colcon.colcon_core.verb:set package 'param_test' build argument 'catkin_cmake_args' from command line to 'None'
[0.189s] Level 5:colcon.colcon_core.verb:set package 'param_test' build argument 'catkin_skip_building_tests' from command line to 'False'
[0.189s] DEBUG:colcon.colcon_core.verb:Building package 'param_test' with the following arguments: {'ament_cmake_args': None, 'build_base': '/home/tom007/catkin_ws_ros2/build/param_test', 'catkin_cmake_args': None, 'catkin_skip_building_tests': False, 'cmake_args': None, 'cmake_clean_cache': False, 'cmake_clean_first': False, 'cmake_force_configure': False, 'cmake_target': None, 'cmake_target_skip_unavailable': False, 'install_base': '/home/tom007/catkin_ws_ros2/install/param_test', 'merge_install': False, 'path': '/home/tom007/catkin_ws_ros2/src/param_test', 'symlink_install': False, 'test_result_base': None}
[0.189s] Level 5:colcon.colcon_core.verb:set package 'action_test' build argument 'cmake_args' from command line to 'None'
[0.189s] Level 5:colcon.colcon_core.verb:set package 'action_test' build argument 'cmake_target' from command line to 'None'
[0.189s] Level 5:colcon.colcon_core.verb:set package 'action_test' build argument 'cmake_target_skip_unavailable' from command line to 'False'
[0.189s] Level 5:colcon.colcon_core.verb:set package 'action_test' build argument 'cmake_clean_cache' from command line to 'False'
[0.189s] Level 5:colcon.colcon_core.verb:set package 'action_test' build argument 'cmake_clean_first' from command line to 'False'
[0.189s] Level 5:colcon.colcon_core.verb:set package 'action_test' build argument 'cmake_force_configure' from command line to 'False'
[0.189s] Level 5:colcon.colcon_core.verb:set package 'action_test' build argument 'ament_cmake_args' from command line to 'None'
[0.189s] Level 5:colcon.colcon_core.verb:set package 'action_test' build argument 'catkin_cmake_args' from command line to 'None'
[0.189s] Level 5:colcon.colcon_core.verb:set package 'action_test' build argument 'catkin_skip_building_tests' from command line to 'False'
[0.189s] DEBUG:colcon.colcon_core.verb:Building package 'action_test' with the following arguments: {'ament_cmake_args': None, 'build_base': '/home/tom007/catkin_ws_ros2/build/action_test', 'catkin_cmake_args': None, 'catkin_skip_building_tests': False, 'cmake_args': None, 'cmake_clean_cache': False, 'cmake_clean_first': False, 'cmake_force_configure': False, 'cmake_target': None, 'cmake_target_skip_unavailable': False, 'install_base': '/home/tom007/catkin_ws_ros2/install/action_test', 'merge_install': False, 'path': '/home/tom007/catkin_ws_ros2/src/action_test', 'symlink_install': False, 'test_result_base': None}
[0.189s] Level 5:colcon.colcon_core.verb:set package 'test_cpp' build argument 'cmake_args' from command line to 'None'
[0.189s] Level 5:colcon.colcon_core.verb:set package 'test_cpp' build argument 'cmake_target' from command line to 'None'
[0.189s] Level 5:colcon.colcon_core.verb:set package 'test_cpp' build argument 'cmake_target_skip_unavailable' from command line to 'False'
[0.189s] Level 5:colcon.colcon_core.verb:set package 'test_cpp' build argument 'cmake_clean_cache' from command line to 'False'
[0.189s] Level 5:colcon.colcon_core.verb:set package 'test_cpp' build argument 'cmake_clean_first' from command line to 'False'
[0.189s] Level 5:colcon.colcon_core.verb:set package 'test_cpp' build argument 'cmake_force_configure' from command line to 'False'
[0.190s] Level 5:colcon.colcon_core.verb:set package 'test_cpp' build argument 'ament_cmake_args' from command line to 'None'
[0.190s] Level 5:colcon.colcon_core.verb:set package 'test_cpp' build argument 'catkin_cmake_args' from command line to 'None'
[0.190s] Level 5:colcon.colcon_core.verb:set package 'test_cpp' build argument 'catkin_skip_building_tests' from command line to 'False'
[0.190s] DEBUG:colcon.colcon_core.verb:Building package 'test_cpp' with the following arguments: {'ament_cmake_args': None, 'build_base': '/home/tom007/catkin_ws_ros2/build/test_cpp', 'catkin_cmake_args': None, 'catkin_skip_building_tests': False, 'cmake_args': None, 'cmake_clean_cache': False, 'cmake_clean_first': False, 'cmake_force_configure': False, 'cmake_target': None, 'cmake_target_skip_unavailable': False, 'install_base': '/home/tom007/catkin_ws_ros2/install/test_cpp', 'merge_install': False, 'path': '/home/tom007/catkin_ws_ros2/src/test_cpp', 'symlink_install': False, 'test_result_base': None}
[0.190s] INFO:colcon.colcon_core.executor:Executing jobs using 'parallel' executor
[0.190s] DEBUG:colcon.colcon_parallel_executor.executor.parallel:run_until_complete
[0.191s] INFO:colcon.colcon_ros.task.ament_cmake.build:Building ROS package in '/home/tom007/catkin_ws_ros2/src/my_msgs' with build type 'ament_cmake'
[0.191s] INFO:colcon.colcon_cmake.task.cmake.build:Building CMake package in '/home/tom007/catkin_ws_ros2/src/my_msgs'
[0.192s] INFO:colcon.colcon_core.plugin_system:Skipping extension 'colcon_core.shell.bat': Not used on non-Windows systems
[0.192s] INFO:colcon.colcon_core.shell:Skip shell extension 'powershell' for command environment: Not usable outside of PowerShell
[0.192s] DEBUG:colcon.colcon_core.shell:Skip shell extension 'dsv' for command environment
[0.194s] INFO:colcon.colcon_ros.task.ament_cmake.build:Building ROS package in '/home/tom007/catkin_ws_ros2/src/param_test' with build type 'ament_cmake'
[0.194s] INFO:colcon.colcon_cmake.task.cmake.build:Building CMake package in '/home/tom007/catkin_ws_ros2/src/param_test'
[0.194s] INFO:colcon.colcon_core.shell:Skip shell extension 'powershell' for command environment: Not usable outside of PowerShell
[0.194s] DEBUG:colcon.colcon_core.shell:Skip shell extension 'dsv' for command environment
[0.199s] DEBUG:colcon.colcon_core.event_handler.log_command:Invoking command in '/home/tom007/catkin_ws_ros2/build/my_msgs': CMAKE_PREFIX_PATH=${CMAKE_PREFIX_PATH}:/opt/ros/humble /usr/bin/cmake --build /home/tom007/catkin_ws_ros2/build/my_msgs -- -j16 -l16
[0.200s] DEBUG:colcon.colcon_core.event_handler.log_command:Invoking command in '/home/tom007/catkin_ws_ros2/build/param_test': CMAKE_PREFIX_PATH=${CMAKE_PREFIX_PATH}:/opt/ros/humble /usr/bin/cmake --build /home/tom007/catkin_ws_ros2/build/param_test -- -j16 -l16
[0.399s] DEBUG:colcon.colcon_core.event_handler.log_command:Invoked command in '/home/tom007/catkin_ws_ros2/build/my_msgs' returned '0': CMAKE_PREFIX_PATH=${CMAKE_PREFIX_PATH}:/opt/ros/humble /usr/bin/cmake --build /home/tom007/catkin_ws_ros2/build/my_msgs -- -j16 -l16
[0.471s] DEBUG:colcon.colcon_core.event_handler.log_command:Invoking command in '/home/tom007/catkin_ws_ros2/build/my_msgs': CMAKE_PREFIX_PATH=${CMAKE_PREFIX_PATH}:/opt/ros/humble /usr/bin/cmake --install /home/tom007/catkin_ws_ros2/build/my_msgs
[0.503s] Level 1:colcon.colcon_core.environment:create_environment_scripts_only(my_msgs)
[0.504s] DEBUG:colcon.colcon_core.event_handler.log_command:Invoked command in '/home/tom007/catkin_ws_ros2/build/my_msgs' returned '0': CMAKE_PREFIX_PATH=${CMAKE_PREFIX_PATH}:/opt/ros/humble /usr/bin/cmake --install /home/tom007/catkin_ws_ros2/build/my_msgs
[0.505s] Level 1:colcon.colcon_core.environment:checking '/home/tom007/catkin_ws_ros2/install/my_msgs' for CMake module files
[0.505s] Level 1:colcon.colcon_core.environment:checking '/home/tom007/catkin_ws_ros2/install/my_msgs' for CMake config files
[0.505s] Level 1:colcon.colcon_core.shell:create_environment_hook('my_msgs', 'cmake_prefix_path')
[0.506s] INFO:colcon.colcon_core.shell:Creating environment hook '/home/tom007/catkin_ws_ros2/install/my_msgs/share/my_msgs/hook/cmake_prefix_path.ps1'
[0.506s] INFO:colcon.colcon_core.shell:Creating environment descriptor '/home/tom007/catkin_ws_ros2/install/my_msgs/share/my_msgs/hook/cmake_prefix_path.dsv'
[0.506s] INFO:colcon.colcon_core.shell:Creating environment hook '/home/tom007/catkin_ws_ros2/install/my_msgs/share/my_msgs/hook/cmake_prefix_path.sh'
[0.507s] Level 1:colcon.colcon_core.environment:checking '/home/tom007/catkin_ws_ros2/install/my_msgs/lib'
[0.507s] Level 1:colcon.colcon_core.shell:create_environment_hook('my_msgs', 'ld_library_path_lib')
[0.507s] INFO:colcon.colcon_core.shell:Creating environment hook '/home/tom007/catkin_ws_ros2/install/my_msgs/share/my_msgs/hook/ld_library_path_lib.ps1'
[0.507s] INFO:colcon.colcon_core.shell:Creating environment descriptor '/home/tom007/catkin_ws_ros2/install/my_msgs/share/my_msgs/hook/ld_library_path_lib.dsv'
[0.507s] INFO:colcon.colcon_core.shell:Creating environment hook '/home/tom007/catkin_ws_ros2/install/my_msgs/share/my_msgs/hook/ld_library_path_lib.sh'
[0.507s] Level 1:colcon.colcon_core.environment:checking '/home/tom007/catkin_ws_ros2/install/my_msgs/bin'
[0.507s] Level 1:colcon.colcon_core.environment:checking '/home/tom007/catkin_ws_ros2/install/my_msgs/lib/pkgconfig/my_msgs.pc'
[0.507s] Level 1:colcon.colcon_core.environment:checking '/home/tom007/catkin_ws_ros2/install/my_msgs/lib/python3.10/site-packages'
[0.508s] Level 1:colcon.colcon_core.environment:checking '/home/tom007/catkin_ws_ros2/install/my_msgs/bin'
[0.508s] INFO:colcon.colcon_core.shell:Creating package script '/home/tom007/catkin_ws_ros2/install/my_msgs/share/my_msgs/package.ps1'
[0.508s] INFO:colcon.colcon_core.shell:Creating package descriptor '/home/tom007/catkin_ws_ros2/install/my_msgs/share/my_msgs/package.dsv'
[0.509s] INFO:colcon.colcon_core.shell:Creating package script '/home/tom007/catkin_ws_ros2/install/my_msgs/share/my_msgs/package.sh'
[0.509s] INFO:colcon.colcon_core.shell:Creating package script '/home/tom007/catkin_ws_ros2/install/my_msgs/share/my_msgs/package.bash'
[0.509s] INFO:colcon.colcon_core.shell:Creating package script '/home/tom007/catkin_ws_ros2/install/my_msgs/share/my_msgs/package.zsh'
[0.510s] Level 1:colcon.colcon_core.environment:create_file_with_runtime_dependencies(/home/tom007/catkin_ws_ros2/install/my_msgs/share/colcon-core/packages/my_msgs)
[0.576s] Level 1:colcon.colcon_core.environment:create_environment_scripts_only(my_msgs)
[0.577s] Level 1:colcon.colcon_core.environment:checking '/home/tom007/catkin_ws_ros2/install/my_msgs' for CMake module files
[0.577s] Level 1:colcon.colcon_core.environment:checking '/home/tom007/catkin_ws_ros2/install/my_msgs' for CMake config files
[0.577s] Level 1:colcon.colcon_core.shell:create_environment_hook('my_msgs', 'cmake_prefix_path')
[0.577s] INFO:colcon.colcon_core.shell:Creating environment hook '/home/tom007/catkin_ws_ros2/install/my_msgs/share/my_msgs/hook/cmake_prefix_path.ps1'
[0.578s] INFO:colcon.colcon_core.shell:Creating environment descriptor '/home/tom007/catkin_ws_ros2/install/my_msgs/share/my_msgs/hook/cmake_prefix_path.dsv'
[0.578s] INFO:colcon.colcon_core.shell:Creating environment hook '/home/tom007/catkin_ws_ros2/install/my_msgs/share/my_msgs/hook/cmake_prefix_path.sh'
[0.578s] Level 1:colcon.colcon_core.environment:checking '/home/tom007/catkin_ws_ros2/install/my_msgs/lib'
[0.578s] Level 1:colcon.colcon_core.shell:create_environment_hook('my_msgs', 'ld_library_path_lib')
[0.578s] INFO:colcon.colcon_core.shell:Creating environment hook '/home/tom007/catkin_ws_ros2/install/my_msgs/share/my_msgs/hook/ld_library_path_lib.ps1'
[0.579s] INFO:colcon.colcon_core.shell:Creating environment descriptor '/home/tom007/catkin_ws_ros2/install/my_msgs/share/my_msgs/hook/ld_library_path_lib.dsv'
[0.579s] INFO:colcon.colcon_core.shell:Creating environment hook '/home/tom007/catkin_ws_ros2/install/my_msgs/share/my_msgs/hook/ld_library_path_lib.sh'
[0.579s] Level 1:colcon.colcon_core.environment:checking '/home/tom007/catkin_ws_ros2/install/my_msgs/bin'
[0.579s] Level 1:colcon.colcon_core.environment:checking '/home/tom007/catkin_ws_ros2/install/my_msgs/lib/pkgconfig/my_msgs.pc'
[0.579s] Level 1:colcon.colcon_core.environment:checking '/home/tom007/catkin_ws_ros2/install/my_msgs/lib/python3.10/site-packages'
[0.579s] Level 1:colcon.colcon_core.environment:checking '/home/tom007/catkin_ws_ros2/install/my_msgs/bin'
[0.580s] INFO:colcon.colcon_core.shell:Creating package script '/home/tom007/catkin_ws_ros2/install/my_msgs/share/my_msgs/package.ps1'
[0.580s] INFO:colcon.colcon_core.shell:Creating package descriptor '/home/tom007/catkin_ws_ros2/install/my_msgs/share/my_msgs/package.dsv'
[0.580s] INFO:colcon.colcon_core.shell:Creating package script '/home/tom007/catkin_ws_ros2/install/my_msgs/share/my_msgs/package.sh'
[0.581s] INFO:colcon.colcon_core.shell:Creating package script '/home/tom007/catkin_ws_ros2/install/my_msgs/share/my_msgs/package.bash'
[0.581s] INFO:colcon.colcon_core.shell:Creating package script '/home/tom007/catkin_ws_ros2/install/my_msgs/share/my_msgs/package.zsh'
[0.581s] Level 1:colcon.colcon_core.environment:create_file_with_runtime_dependencies(/home/tom007/catkin_ws_ros2/install/my_msgs/share/colcon-core/packages/my_msgs)
[0.582s] INFO:colcon.colcon_ros.task.ament_cmake.build:Building ROS package in '/home/tom007/catkin_ws_ros2/src/action_test' with build type 'ament_cmake'
[0.582s] INFO:colcon.colcon_cmake.task.cmake.build:Building CMake package in '/home/tom007/catkin_ws_ros2/src/action_test'
[0.582s] INFO:colcon.colcon_core.shell:Skip shell extension 'powershell' for command environment: Not usable outside of PowerShell
[0.582s] DEBUG:colcon.colcon_core.shell:Skip shell extension 'dsv' for command environment
[0.584s] INFO:colcon.colcon_ros.task.ament_cmake.build:Building ROS package in '/home/tom007/catkin_ws_ros2/src/test_cpp' with build type 'ament_cmake'
[0.584s] INFO:colcon.colcon_cmake.task.cmake.build:Building CMake package in '/home/tom007/catkin_ws_ros2/src/test_cpp'
[0.584s] INFO:colcon.colcon_core.shell:Skip shell extension 'powershell' for command environment: Not usable outside of PowerShell
[0.584s] DEBUG:colcon.colcon_core.shell:Skip shell extension 'dsv' for command environment
[0.589s] DEBUG:colcon.colcon_core.event_handler.log_command:Invoking command in '/home/tom007/catkin_ws_ros2/build/action_test': CMAKE_PREFIX_PATH=/home/tom007/catkin_ws_ros2/install/my_msgs:/home/tom007/catkin_ws_ros2/install/param_test:/home/tom007/catkin_ws_ros2/install/test_cpp:/home/tom007/catkin_ws_ros2/install/action_test:/opt/ros/humble /usr/bin/cmake --build /home/tom007/catkin_ws_ros2/build/action_test -- -j16 -l16
[0.590s] DEBUG:colcon.colcon_core.event_handler.log_command:Invoking command in '/home/tom007/catkin_ws_ros2/build/test_cpp': CMAKE_PREFIX_PATH=/home/tom007/catkin_ws_ros2/install/my_msgs:/home/tom007/catkin_ws_ros2/install/param_test:/home/tom007/catkin_ws_ros2/install/test_cpp:/home/tom007/catkin_ws_ros2/install/action_test:/opt/ros/humble /usr/bin/cmake --build /home/tom007/catkin_ws_ros2/build/test_cpp -- -j16 -l16
[0.631s] DEBUG:colcon.colcon_core.event_handler.log_command:Invoked command in '/home/tom007/catkin_ws_ros2/build/action_test' returned '0': CMAKE_PREFIX_PATH=/home/tom007/catkin_ws_ros2/install/my_msgs:/home/tom007/catkin_ws_ros2/install/param_test:/home/tom007/catkin_ws_ros2/install/test_cpp:/home/tom007/catkin_ws_ros2/install/action_test:/opt/ros/humble /usr/bin/cmake --build /home/tom007/catkin_ws_ros2/build/action_test -- -j16 -l16
[0.635s] DEBUG:colcon.colcon_core.event_handler.log_command:Invoked command in '/home/tom007/catkin_ws_ros2/build/test_cpp' returned '0': CMAKE_PREFIX_PATH=/home/tom007/catkin_ws_ros2/install/my_msgs:/home/tom007/catkin_ws_ros2/install/param_test:/home/tom007/catkin_ws_ros2/install/test_cpp:/home/tom007/catkin_ws_ros2/install/action_test:/opt/ros/humble /usr/bin/cmake --build /home/tom007/catkin_ws_ros2/build/test_cpp -- -j16 -l16
[0.650s] DEBUG:colcon.colcon_core.event_handler.log_command:Invoking command in '/home/tom007/catkin_ws_ros2/build/action_test': CMAKE_PREFIX_PATH=/home/tom007/catkin_ws_ros2/install/my_msgs:/home/tom007/catkin_ws_ros2/install/param_test:/home/tom007/catkin_ws_ros2/install/test_cpp:/home/tom007/catkin_ws_ros2/install/action_test:/opt/ros/humble /usr/bin/cmake --install /home/tom007/catkin_ws_ros2/build/action_test
[0.657s] Level 1:colcon.colcon_core.environment:create_environment_scripts_only(action_test)
[0.657s] Level 1:colcon.colcon_core.environment:checking '/home/tom007/catkin_ws_ros2/install/action_test' for CMake module files
[0.658s] DEBUG:colcon.colcon_core.event_handler.log_command:Invoked command in '/home/tom007/catkin_ws_ros2/build/action_test' returned '0': CMAKE_PREFIX_PATH=/home/tom007/catkin_ws_ros2/install/my_msgs:/home/tom007/catkin_ws_ros2/install/param_test:/home/tom007/catkin_ws_ros2/install/test_cpp:/home/tom007/catkin_ws_ros2/install/action_test:/opt/ros/humble /usr/bin/cmake --install /home/tom007/catkin_ws_ros2/build/action_test
[0.658s] Level 1:colcon.colcon_core.environment:checking '/home/tom007/catkin_ws_ros2/install/action_test' for CMake config files
[0.658s] Level 1:colcon.colcon_core.shell:create_environment_hook('action_test', 'cmake_prefix_path')
[0.658s] INFO:colcon.colcon_core.shell:Creating environment hook '/home/tom007/catkin_ws_ros2/install/action_test/share/action_test/hook/cmake_prefix_path.ps1'
[0.659s] INFO:colcon.colcon_core.shell:Creating environment descriptor '/home/tom007/catkin_ws_ros2/install/action_test/share/action_test/hook/cmake_prefix_path.dsv'
[0.659s] INFO:colcon.colcon_core.shell:Creating environment hook '/home/tom007/catkin_ws_ros2/install/action_test/share/action_test/hook/cmake_prefix_path.sh'
[0.660s] Level 1:colcon.colcon_core.environment:checking '/home/tom007/catkin_ws_ros2/install/action_test/lib'
[0.660s] Level 1:colcon.colcon_core.environment:checking '/home/tom007/catkin_ws_ros2/install/action_test/bin'
[0.660s] Level 1:colcon.colcon_core.environment:checking '/home/tom007/catkin_ws_ros2/install/action_test/lib/pkgconfig/action_test.pc'
[0.660s] Level 1:colcon.colcon_core.environment:checking '/home/tom007/catkin_ws_ros2/install/action_test/lib/python3.10/site-packages'
[0.661s] Level 1:colcon.colcon_core.environment:checking '/home/tom007/catkin_ws_ros2/install/action_test/bin'
[0.661s] INFO:colcon.colcon_core.shell:Creating package script '/home/tom007/catkin_ws_ros2/install/action_test/share/action_test/package.ps1'
[0.661s] INFO:colcon.colcon_core.shell:Creating package descriptor '/home/tom007/catkin_ws_ros2/install/action_test/share/action_test/package.dsv'
[0.662s] INFO:colcon.colcon_core.shell:Creating package script '/home/tom007/catkin_ws_ros2/install/action_test/share/action_test/package.sh'
[0.662s] INFO:colcon.colcon_core.shell:Creating package script '/home/tom007/catkin_ws_ros2/install/action_test/share/action_test/package.bash'
[0.662s] INFO:colcon.colcon_core.shell:Creating package script '/home/tom007/catkin_ws_ros2/install/action_test/share/action_test/package.zsh'
[0.662s] Level 1:colcon.colcon_core.environment:create_file_with_runtime_dependencies(/home/tom007/catkin_ws_ros2/install/action_test/share/colcon-core/packages/action_test)
[0.664s] DEBUG:colcon.colcon_core.event_handler.log_command:Invoking command in '/home/tom007/catkin_ws_ros2/build/test_cpp': CMAKE_PREFIX_PATH=/home/tom007/catkin_ws_ros2/install/my_msgs:/home/tom007/catkin_ws_ros2/install/param_test:/home/tom007/catkin_ws_ros2/install/test_cpp:/home/tom007/catkin_ws_ros2/install/action_test:/opt/ros/humble /usr/bin/cmake --install /home/tom007/catkin_ws_ros2/build/test_cpp
[0.672s] Level 1:colcon.colcon_core.environment:create_environment_scripts_only(test_cpp)
[0.673s] Level 1:colcon.colcon_core.environment:checking '/home/tom007/catkin_ws_ros2/install/test_cpp' for CMake module files
[0.673s] DEBUG:colcon.colcon_core.event_handler.log_command:Invoked command in '/home/tom007/catkin_ws_ros2/build/test_cpp' returned '0': CMAKE_PREFIX_PATH=/home/tom007/catkin_ws_ros2/install/my_msgs:/home/tom007/catkin_ws_ros2/install/param_test:/home/tom007/catkin_ws_ros2/install/test_cpp:/home/tom007/catkin_ws_ros2/install/action_test:/opt/ros/humble /usr/bin/cmake --install /home/tom007/catkin_ws_ros2/build/test_cpp
[0.673s] Level 1:colcon.colcon_core.environment:checking '/home/tom007/catkin_ws_ros2/install/test_cpp' for CMake config files
[0.673s] Level 1:colcon.colcon_core.shell:create_environment_hook('test_cpp', 'cmake_prefix_path')
[0.673s] INFO:colcon.colcon_core.shell:Creating environment hook '/home/tom007/catkin_ws_ros2/install/test_cpp/share/test_cpp/hook/cmake_prefix_path.ps1'
[0.674s] INFO:colcon.colcon_core.shell:Creating environment descriptor '/home/tom007/catkin_ws_ros2/install/test_cpp/share/test_cpp/hook/cmake_prefix_path.dsv'
[0.674s] INFO:colcon.colcon_core.shell:Creating environment hook '/home/tom007/catkin_ws_ros2/install/test_cpp/share/test_cpp/hook/cmake_prefix_path.sh'
[0.674s] Level 1:colcon.colcon_core.environment:checking '/home/tom007/catkin_ws_ros2/install/test_cpp/lib'
[0.674s] Level 1:colcon.colcon_core.environment:checking '/home/tom007/catkin_ws_ros2/install/test_cpp/bin'
[0.674s] Level 1:colcon.colcon_core.environment:checking '/home/tom007/catkin_ws_ros2/install/test_cpp/lib/pkgconfig/test_cpp.pc'
[0.674s] Level 1:colcon.colcon_core.environment:checking '/home/tom007/catkin_ws_ros2/install/test_cpp/lib/python3.10/site-packages'
[0.675s] Level 1:colcon.colcon_core.environment:checking '/home/tom007/catkin_ws_ros2/install/test_cpp/bin'
[0.675s] INFO:colcon.colcon_core.shell:Creating package script '/home/tom007/catkin_ws_ros2/install/test_cpp/share/test_cpp/package.ps1'
[0.675s] INFO:colcon.colcon_core.shell:Creating package descriptor '/home/tom007/catkin_ws_ros2/install/test_cpp/share/test_cpp/package.dsv'
[0.675s] INFO:colcon.colcon_core.shell:Creating package script '/home/tom007/catkin_ws_ros2/install/test_cpp/share/test_cpp/package.sh'
[0.675s] INFO:colcon.colcon_core.shell:Creating package script '/home/tom007/catkin_ws_ros2/install/test_cpp/share/test_cpp/package.bash'
[0.676s] INFO:colcon.colcon_core.shell:Creating package script '/home/tom007/catkin_ws_ros2/install/test_cpp/share/test_cpp/package.zsh'
[0.676s] Level 1:colcon.colcon_core.environment:create_file_with_runtime_dependencies(/home/tom007/catkin_ws_ros2/install/test_cpp/share/colcon-core/packages/test_cpp)
[0.682s] Level 1:colcon.colcon_core.environment:create_environment_scripts_only(action_test)
[0.682s] Level 1:colcon.colcon_core.environment:checking '/home/tom007/catkin_ws_ros2/install/action_test' for CMake module files
[0.683s] Level 1:colcon.colcon_core.environment:checking '/home/tom007/catkin_ws_ros2/install/action_test' for CMake config files
[0.683s] Level 1:colcon.colcon_core.shell:create_environment_hook('action_test', 'cmake_prefix_path')
[0.683s] INFO:colcon.colcon_core.shell:Creating environment hook '/home/tom007/catkin_ws_ros2/install/action_test/share/action_test/hook/cmake_prefix_path.ps1'
[0.683s] INFO:colcon.colcon_core.shell:Creating environment descriptor '/home/tom007/catkin_ws_ros2/install/action_test/share/action_test/hook/cmake_prefix_path.dsv'
[0.684s] INFO:colcon.colcon_core.shell:Creating environment hook '/home/tom007/catkin_ws_ros2/install/action_test/share/action_test/hook/cmake_prefix_path.sh'
[0.684s] Level 1:colcon.colcon_core.environment:checking '/home/tom007/catkin_ws_ros2/install/action_test/lib'
[0.684s] Level 1:colcon.colcon_core.environment:checking '/home/tom007/catkin_ws_ros2/install/action_test/bin'
[0.684s] Level 1:colcon.colcon_core.environment:checking '/home/tom007/catkin_ws_ros2/install/action_test/lib/pkgconfig/action_test.pc'
[0.685s] Level 1:colcon.colcon_core.environment:checking '/home/tom007/catkin_ws_ros2/install/action_test/lib/python3.10/site-packages'
[0.685s] Level 1:colcon.colcon_core.environment:checking '/home/tom007/catkin_ws_ros2/install/action_test/bin'
[0.685s] INFO:colcon.colcon_core.shell:Creating package script '/home/tom007/catkin_ws_ros2/install/action_test/share/action_test/package.ps1'
[0.686s] INFO:colcon.colcon_core.shell:Creating package descriptor '/home/tom007/catkin_ws_ros2/install/action_test/share/action_test/package.dsv'
[0.686s] INFO:colcon.colcon_core.shell:Creating package script '/home/tom007/catkin_ws_ros2/install/action_test/share/action_test/package.sh'
[0.687s] INFO:colcon.colcon_core.shell:Creating package script '/home/tom007/catkin_ws_ros2/install/action_test/share/action_test/package.bash'
[0.687s] INFO:colcon.colcon_core.shell:Creating package script '/home/tom007/catkin_ws_ros2/install/action_test/share/action_test/package.zsh'
[0.687s] Level 1:colcon.colcon_core.environment:create_file_with_runtime_dependencies(/home/tom007/catkin_ws_ros2/install/action_test/share/colcon-core/packages/action_test)
[0.699s] Level 1:colcon.colcon_core.environment:create_environment_scripts_only(test_cpp)
[0.699s] Level 1:colcon.colcon_core.environment:checking '/home/tom007/catkin_ws_ros2/install/test_cpp' for CMake module files
[0.699s] Level 1:colcon.colcon_core.environment:checking '/home/tom007/catkin_ws_ros2/install/test_cpp' for CMake config files
[0.699s] Level 1:colcon.colcon_core.shell:create_environment_hook('test_cpp', 'cmake_prefix_path')
[0.700s] INFO:colcon.colcon_core.shell:Creating environment hook '/home/tom007/catkin_ws_ros2/install/test_cpp/share/test_cpp/hook/cmake_prefix_path.ps1'
[0.700s] INFO:colcon.colcon_core.shell:Creating environment descriptor '/home/tom007/catkin_ws_ros2/install/test_cpp/share/test_cpp/hook/cmake_prefix_path.dsv'
[0.700s] INFO:colcon.colcon_core.shell:Creating environment hook '/home/tom007/catkin_ws_ros2/install/test_cpp/share/test_cpp/hook/cmake_prefix_path.sh'
[0.701s] Level 1:colcon.colcon_core.environment:checking '/home/tom007/catkin_ws_ros2/install/test_cpp/lib'
[0.701s] Level 1:colcon.colcon_core.environment:checking '/home/tom007/catkin_ws_ros2/install/test_cpp/bin'
[0.701s] Level 1:colcon.colcon_core.environment:checking '/home/tom007/catkin_ws_ros2/install/test_cpp/lib/pkgconfig/test_cpp.pc'
[0.701s] Level 1:colcon.colcon_core.environment:checking '/home/tom007/catkin_ws_ros2/install/test_cpp/lib/python3.10/site-packages'
[0.701s] Level 1:colcon.colcon_core.environment:checking '/home/tom007/catkin_ws_ros2/install/test_cpp/bin'
[0.701s] INFO:colcon.colcon_core.shell:Creating package script '/home/tom007/catkin_ws_ros2/install/test_cpp/share/test_cpp/package.ps1'
[0.702s] INFO:colcon.colcon_core.shell:Creating package descriptor '/home/tom007/catkin_ws_ros2/install/test_cpp/share/test_cpp/package.dsv'
[0.702s] INFO:colcon.colcon_core.shell:Creating package script '/home/tom007/catkin_ws_ros2/install/test_cpp/share/test_cpp/package.sh'
[0.702s] INFO:colcon.colcon_core.shell:Creating package script '/home/tom007/catkin_ws_ros2/install/test_cpp/share/test_cpp/package.bash'
[0.702s] INFO:colcon.colcon_core.shell:Creating package script '/home/tom007/catkin_ws_ros2/install/test_cpp/share/test_cpp/package.zsh'
[0.703s] Level 1:colcon.colcon_core.environment:create_file_with_runtime_dependencies(/home/tom007/catkin_ws_ros2/install/test_cpp/share/colcon-core/packages/test_cpp)
[1.915s] DEBUG:colcon.colcon_core.event_handler.log_command:Invoked command in '/home/tom007/catkin_ws_ros2/build/param_test' returned '0': CMAKE_PREFIX_PATH=${CMAKE_PREFIX_PATH}:/opt/ros/humble /usr/bin/cmake --build /home/tom007/catkin_ws_ros2/build/param_test -- -j16 -l16
[1.932s] DEBUG:colcon.colcon_core.event_handler.log_command:Invoking command in '/home/tom007/catkin_ws_ros2/build/param_test': CMAKE_PREFIX_PATH=${CMAKE_PREFIX_PATH}:/opt/ros/humble /usr/bin/cmake --install /home/tom007/catkin_ws_ros2/build/param_test
[1.937s] Level 1:colcon.colcon_core.environment:create_environment_scripts_only(param_test)
[1.938s] Level 1:colcon.colcon_core.environment:checking '/home/tom007/catkin_ws_ros2/install/param_test' for CMake module files
[1.938s] DEBUG:colcon.colcon_core.event_handler.log_command:Invoked command in '/home/tom007/catkin_ws_ros2/build/param_test' returned '0': CMAKE_PREFIX_PATH=${CMAKE_PREFIX_PATH}:/opt/ros/humble /usr/bin/cmake --install /home/tom007/catkin_ws_ros2/build/param_test
[1.938s] Level 1:colcon.colcon_core.environment:checking '/home/tom007/catkin_ws_ros2/install/param_test' for CMake config files
[1.938s] Level 1:colcon.colcon_core.shell:create_environment_hook('param_test', 'cmake_prefix_path')
[1.938s] INFO:colcon.colcon_core.shell:Creating environment hook '/home/tom007/catkin_ws_ros2/install/param_test/share/param_test/hook/cmake_prefix_path.ps1'
[1.938s] INFO:colcon.colcon_core.shell:Creating environment descriptor '/home/tom007/catkin_ws_ros2/install/param_test/share/param_test/hook/cmake_prefix_path.dsv'
[1.939s] INFO:colcon.colcon_core.shell:Creating environment hook '/home/tom007/catkin_ws_ros2/install/param_test/share/param_test/hook/cmake_prefix_path.sh'
[1.939s] Level 1:colcon.colcon_core.environment:checking '/home/tom007/catkin_ws_ros2/install/param_test/lib'
[1.939s] Level 1:colcon.colcon_core.environment:checking '/home/tom007/catkin_ws_ros2/install/param_test/bin'
[1.939s] Level 1:colcon.colcon_core.environment:checking '/home/tom007/catkin_ws_ros2/install/param_test/lib/pkgconfig/param_test.pc'
[1.939s] Level 1:colcon.colcon_core.environment:checking '/home/tom007/catkin_ws_ros2/install/param_test/lib/python3.10/site-packages'
[1.939s] Level 1:colcon.colcon_core.environment:checking '/home/tom007/catkin_ws_ros2/install/param_test/bin'
[1.939s] INFO:colcon.colcon_core.shell:Creating package script '/home/tom007/catkin_ws_ros2/install/param_test/share/param_test/package.ps1'
[1.940s] INFO:colcon.colcon_core.shell:Creating package descriptor '/home/tom007/catkin_ws_ros2/install/param_test/share/param_test/package.dsv'
[1.940s] INFO:colcon.colcon_core.shell:Creating package script '/home/tom007/catkin_ws_ros2/install/param_test/share/param_test/package.sh'
[1.940s] INFO:colcon.colcon_core.shell:Creating package script '/home/tom007/catkin_ws_ros2/install/param_test/share/param_test/package.bash'
[1.940s] INFO:colcon.colcon_core.shell:Creating package script '/home/tom007/catkin_ws_ros2/install/param_test/share/param_test/package.zsh'
[1.940s] Level 1:colcon.colcon_core.environment:create_file_with_runtime_dependencies(/home/tom007/catkin_ws_ros2/install/param_test/share/colcon-core/packages/param_test)
[1.957s] Level 1:colcon.colcon_core.environment:create_environment_scripts_only(param_test)
[1.958s] Level 1:colcon.colcon_core.environment:checking '/home/tom007/catkin_ws_ros2/install/param_test' for CMake module files
[1.958s] Level 1:colcon.colcon_core.environment:checking '/home/tom007/catkin_ws_ros2/install/param_test' for CMake config files
[1.958s] Level 1:colcon.colcon_core.shell:create_environment_hook('param_test', 'cmake_prefix_path')
[1.958s] INFO:colcon.colcon_core.shell:Creating environment hook '/home/tom007/catkin_ws_ros2/install/param_test/share/param_test/hook/cmake_prefix_path.ps1'
[1.958s] INFO:colcon.colcon_core.shell:Creating environment descriptor '/home/tom007/catkin_ws_ros2/install/param_test/share/param_test/hook/cmake_prefix_path.dsv'
[1.959s] INFO:colcon.colcon_core.shell:Creating environment hook '/home/tom007/catkin_ws_ros2/install/param_test/share/param_test/hook/cmake_prefix_path.sh'
[1.959s] Level 1:colcon.colcon_core.environment:checking '/home/tom007/catkin_ws_ros2/install/param_test/lib'
[1.959s] Level 1:colcon.colcon_core.environment:checking '/home/tom007/catkin_ws_ros2/install/param_test/bin'
[1.959s] Level 1:colcon.colcon_core.environment:checking '/home/tom007/catkin_ws_ros2/install/param_test/lib/pkgconfig/param_test.pc'
[1.959s] Level 1:colcon.colcon_core.environment:checking '/home/tom007/catkin_ws_ros2/install/param_test/lib/python3.10/site-packages'
[1.959s] Level 1:colcon.colcon_core.environment:checking '/home/tom007/catkin_ws_ros2/install/param_test/bin'
[1.960s] INFO:colcon.colcon_core.shell:Creating package script '/home/tom007/catkin_ws_ros2/install/param_test/share/param_test/package.ps1'
[1.960s] INFO:colcon.colcon_core.shell:Creating package descriptor '/home/tom007/catkin_ws_ros2/install/param_test/share/param_test/package.dsv'
[1.960s] INFO:colcon.colcon_core.shell:Creating package script '/home/tom007/catkin_ws_ros2/install/param_test/share/param_test/package.sh'
[1.960s] INFO:colcon.colcon_core.shell:Creating package script '/home/tom007/catkin_ws_ros2/install/param_test/share/param_test/package.bash'
[1.960s] INFO:colcon.colcon_core.shell:Creating package script '/home/tom007/catkin_ws_ros2/install/param_test/share/param_test/package.zsh'
[1.961s] Level 1:colcon.colcon_core.environment:create_file_with_runtime_dependencies(/home/tom007/catkin_ws_ros2/install/param_test/share/colcon-core/packages/param_test)
[1.961s] DEBUG:colcon.colcon_parallel_executor.executor.parallel:closing loop
[1.961s] DEBUG:colcon.colcon_parallel_executor.executor.parallel:loop closed
[1.961s] DEBUG:colcon.colcon_parallel_executor.executor.parallel:run_until_complete finished with '0'
[1.961s] DEBUG:colcon.colcon_core.event_reactor:joining thread
[1.964s] INFO:colcon.colcon_core.plugin_system:Skipping extension 'colcon_notification.desktop_notification.terminal_notifier': Not used on non-Darwin systems
[1.964s] INFO:colcon.colcon_core.plugin_system:Skipping extension 'colcon_notification.desktop_notification.win32': Not used on non-Windows systems
[1.964s] INFO:colcon.colcon_notification.desktop_notification:Sending desktop notification using 'notify2'
[1.971s] DEBUG:colcon.colcon_core.event_reactor:joined thread
[1.971s] INFO:colcon.colcon_core.shell:Creating prefix script '/home/tom007/catkin_ws_ros2/install/local_setup.ps1'
[1.972s] INFO:colcon.colcon_core.shell:Creating prefix util module '/home/tom007/catkin_ws_ros2/install/_local_setup_util_ps1.py'
[1.973s] INFO:colcon.colcon_core.shell:Creating prefix chain script '/home/tom007/catkin_ws_ros2/install/setup.ps1'
[1.973s] INFO:colcon.colcon_core.shell:Creating prefix script '/home/tom007/catkin_ws_ros2/install/local_setup.sh'
[1.974s] INFO:colcon.colcon_core.shell:Creating prefix util module '/home/tom007/catkin_ws_ros2/install/_local_setup_util_sh.py'
[1.974s] INFO:colcon.colcon_core.shell:Creating prefix chain script '/home/tom007/catkin_ws_ros2/install/setup.sh'
[1.974s] INFO:colcon.colcon_core.shell:Creating prefix script '/home/tom007/catkin_ws_ros2/install/local_setup.bash'
[1.975s] INFO:colcon.colcon_core.shell:Creating prefix chain script '/home/tom007/catkin_ws_ros2/install/setup.bash'
[1.975s] INFO:colcon.colcon_core.shell:Creating prefix script '/home/tom007/catkin_ws_ros2/install/local_setup.zsh'
[1.975s] INFO:colcon.colcon_core.shell:Creating prefix chain script '/home/tom007/catkin_ws_ros2/install/setup.zsh'
