[0.053s] DEBUG:colcon:Command line arguments: ['/usr/bin/colcon', 'build']
[0.053s] DEBUG:colcon:Parsed command line arguments: Namespace(log_base=None, log_level=None, verb_name='build', build_base='build', install_base='install', merge_install=False, symlink_install=False, test_result_base=None, continue_on_error=False, executor='parallel', parallel_workers=16, event_handlers=None, ignore_user_meta=False, metas=['./colcon.meta'], base_paths=['.'], packages_ignore=None, packages_ignore_regex=None, paths=None, packages_up_to=None, packages_up_to_regex=None, packages_above=None, packages_above_and_dependencies=None, packages_above_depth=None, packages_select_by_dep=None, packages_skip_by_dep=None, packages_skip_up_to=None, packages_select_build_failed=False, packages_skip_build_finished=False, packages_select_test_failures=False, packages_skip_test_passed=False, packages_select=None, packages_skip=None, packages_select_regex=None, packages_skip_regex=None, packages_start=None, packages_end=None, allow_overriding=[], cmake_args=None, cmake_target=None, cmake_target_skip_unavailable=False, cmake_clean_cache=False, cmake_clean_first=False, cmake_force_configure=False, ament_cmake_args=None, catkin_cmake_args=None, catkin_skip_building_tests=False, verb_parser=<colcon_defaults.argument_parser.defaults.DefaultArgumentsDecorator object at 0x72c54df30a60>, verb_extension=<colcon_core.verb.build.BuildVerb object at 0x72c54df30280>, main=<bound method BuildVerb.main of <colcon_core.verb.build.BuildVerb object at 0x72c54df30280>>)
[0.133s] Level 1:colcon.colcon_core.package_discovery:discover_packages(colcon_meta) check parameters
[0.133s] Level 1:colcon.colcon_core.package_discovery:discover_packages(recursive) check parameters
[0.133s] Level 1:colcon.colcon_core.package_discovery:discover_packages(ignore) check parameters
[0.133s] Level 1:colcon.colcon_core.package_discovery:discover_packages(path) check parameters
[0.133s] Level 1:colcon.colcon_core.package_discovery:discover_packages(colcon_meta) discover
[0.133s] Level 1:colcon.colcon_core.package_discovery:discover_packages(recursive) discover
[0.133s] INFO:colcon.colcon_core.package_discovery:Crawling recursively for packages in '/home/tom007/catkin_ws_ros2'
[0.133s] Level 1:colcon.colcon_core.package_identification:_identify(.) by extensions ['ignore', 'ignore_ament_install']
[0.133s] Level 1:colcon.colcon_core.package_identification:_identify(.) by extension 'ignore'
[0.133s] Level 1:colcon.colcon_core.package_identification:_identify(.) by extension 'ignore_ament_install'
[0.133s] Level 1:colcon.colcon_core.package_identification:_identify(.) by extensions ['colcon_pkg']
[0.133s] Level 1:colcon.colcon_core.package_identification:_identify(.) by extension 'colcon_pkg'
[0.133s] Level 1:colcon.colcon_core.package_identification:_identify(.) by extensions ['colcon_meta']
[0.133s] Level 1:colcon.colcon_core.package_identification:_identify(.) by extension 'colcon_meta'
[0.133s] Level 1:colcon.colcon_core.package_identification:_identify(.) by extensions ['ros']
[0.133s] Level 1:colcon.colcon_core.package_identification:_identify(.) by extension 'ros'
[0.140s] Level 1:colcon.colcon_core.package_identification:_identify(.) by extensions ['cmake', 'python']
[0.140s] Level 1:colcon.colcon_core.package_identification:_identify(.) by extension 'cmake'
[0.140s] Level 1:colcon.colcon_core.package_identification:_identify(.) by extension 'python'
[0.140s] Level 1:colcon.colcon_core.package_identification:_identify(.) by extensions ['python_setup_py']
[0.140s] Level 1:colcon.colcon_core.package_identification:_identify(.) by extension 'python_setup_py'
[0.140s] Level 1:colcon.colcon_core.package_identification:_identify(build) by extensions ['ignore', 'ignore_ament_install']
[0.140s] Level 1:colcon.colcon_core.package_identification:_identify(build) by extension 'ignore'
[0.140s] Level 1:colcon.colcon_core.package_identification:_identify(build) ignored
[0.140s] Level 1:colcon.colcon_core.package_identification:_identify(install) by extensions ['ignore', 'ignore_ament_install']
[0.140s] Level 1:colcon.colcon_core.package_identification:_identify(install) by extension 'ignore'
[0.140s] Level 1:colcon.colcon_core.package_identification:_identify(install) ignored
[0.140s] Level 1:colcon.colcon_core.package_identification:_identify(log) by extensions ['ignore', 'ignore_ament_install']
[0.140s] Level 1:colcon.colcon_core.package_identification:_identify(log) by extension 'ignore'
[0.140s] Level 1:colcon.colcon_core.package_identification:_identify(log) ignored
[0.140s] Level 1:colcon.colcon_core.package_identification:_identify(src) by extensions ['ignore', 'ignore_ament_install']
[0.140s] Level 1:colcon.colcon_core.package_identification:_identify(src) by extension 'ignore'
[0.140s] Level 1:colcon.colcon_core.package_identification:_identify(src) by extension 'ignore_ament_install'
[0.140s] Level 1:colcon.colcon_core.package_identification:_identify(src) by extensions ['colcon_pkg']
[0.140s] Level 1:colcon.colcon_core.package_identification:_identify(src) by extension 'colcon_pkg'
[0.140s] Level 1:colcon.colcon_core.package_identification:_identify(src) by extensions ['colcon_meta']
[0.140s] Level 1:colcon.colcon_core.package_identification:_identify(src) by extension 'colcon_meta'
[0.140s] Level 1:colcon.colcon_core.package_identification:_identify(src) by extensions ['ros']
[0.140s] Level 1:colcon.colcon_core.package_identification:_identify(src) by extension 'ros'
[0.141s] Level 1:colcon.colcon_core.package_identification:_identify(src) by extensions ['cmake', 'python']
[0.141s] Level 1:colcon.colcon_core.package_identification:_identify(src) by extension 'cmake'
[0.141s] Level 1:colcon.colcon_core.package_identification:_identify(src) by extension 'python'
[0.141s] Level 1:colcon.colcon_core.package_identification:_identify(src) by extensions ['python_setup_py']
[0.141s] Level 1:colcon.colcon_core.package_identification:_identify(src) by extension 'python_setup_py'
[0.141s] Level 1:colcon.colcon_core.package_identification:_identify(src/action_test) by extensions ['ignore', 'ignore_ament_install']
[0.141s] Level 1:colcon.colcon_core.package_identification:_identify(src/action_test) by extension 'ignore'
[0.141s] Level 1:colcon.colcon_core.package_identification:_identify(src/action_test) by extension 'ignore_ament_install'
[0.141s] Level 1:colcon.colcon_core.package_identification:_identify(src/action_test) by extensions ['colcon_pkg']
[0.141s] Level 1:colcon.colcon_core.package_identification:_identify(src/action_test) by extension 'colcon_pkg'
[0.141s] Level 1:colcon.colcon_core.package_identification:_identify(src/action_test) by extensions ['colcon_meta']
[0.141s] Level 1:colcon.colcon_core.package_identification:_identify(src/action_test) by extension 'colcon_meta'
[0.141s] Level 1:colcon.colcon_core.package_identification:_identify(src/action_test) by extensions ['ros']
[0.141s] Level 1:colcon.colcon_core.package_identification:_identify(src/action_test) by extension 'ros'
[0.142s] DEBUG:colcon.colcon_core.package_identification:Package 'src/action_test' with type 'ros.ament_cmake' and name 'action_test'
[0.142s] Level 1:colcon.colcon_core.package_identification:_identify(src/my_msgs) by extensions ['ignore', 'ignore_ament_install']
[0.142s] Level 1:colcon.colcon_core.package_identification:_identify(src/my_msgs) by extension 'ignore'
[0.143s] Level 1:colcon.colcon_core.package_identification:_identify(src/my_msgs) by extension 'ignore_ament_install'
[0.143s] Level 1:colcon.colcon_core.package_identification:_identify(src/my_msgs) by extensions ['colcon_pkg']
[0.143s] Level 1:colcon.colcon_core.package_identification:_identify(src/my_msgs) by extension 'colcon_pkg'
[0.143s] Level 1:colcon.colcon_core.package_identification:_identify(src/my_msgs) by extensions ['colcon_meta']
[0.143s] Level 1:colcon.colcon_core.package_identification:_identify(src/my_msgs) by extension 'colcon_meta'
[0.143s] Level 1:colcon.colcon_core.package_identification:_identify(src/my_msgs) by extensions ['ros']
[0.143s] Level 1:colcon.colcon_core.package_identification:_identify(src/my_msgs) by extension 'ros'
[0.143s] DEBUG:colcon.colcon_core.package_identification:Package 'src/my_msgs' with type 'ros.ament_cmake' and name 'my_msgs'
[0.143s] Level 1:colcon.colcon_core.package_identification:_identify(src/param_test) by extensions ['ignore', 'ignore_ament_install']
[0.143s] Level 1:colcon.colcon_core.package_identification:_identify(src/param_test) by extension 'ignore'
[0.143s] Level 1:colcon.colcon_core.package_identification:_identify(src/param_test) by extension 'ignore_ament_install'
[0.143s] Level 1:colcon.colcon_core.package_identification:_identify(src/param_test) by extensions ['colcon_pkg']
[0.143s] Level 1:colcon.colcon_core.package_identification:_identify(src/param_test) by extension 'colcon_pkg'
[0.143s] Level 1:colcon.colcon_core.package_identification:_identify(src/param_test) by extensions ['colcon_meta']
[0.143s] Level 1:colcon.colcon_core.package_identification:_identify(src/param_test) by extension 'colcon_meta'
[0.143s] Level 1:colcon.colcon_core.package_identification:_identify(src/param_test) by extensions ['ros']
[0.143s] Level 1:colcon.colcon_core.package_identification:_identify(src/param_test) by extension 'ros'
[0.144s] DEBUG:colcon.colcon_core.package_identification:Package 'src/param_test' with type 'ros.ament_cmake' and name 'param_test'
[0.144s] Level 1:colcon.colcon_core.package_identification:_identify(src/test_cpp) by extensions ['ignore', 'ignore_ament_install']
[0.144s] Level 1:colcon.colcon_core.package_identification:_identify(src/test_cpp) by extension 'ignore'
[0.144s] Level 1:colcon.colcon_core.package_identification:_identify(src/test_cpp) by extension 'ignore_ament_install'
[0.144s] Level 1:colcon.colcon_core.package_identification:_identify(src/test_cpp) by extensions ['colcon_pkg']
[0.144s] Level 1:colcon.colcon_core.package_identification:_identify(src/test_cpp) by extension 'colcon_pkg'
[0.144s] Level 1:colcon.colcon_core.package_identification:_identify(src/test_cpp) by extensions ['colcon_meta']
[0.144s] Level 1:colcon.colcon_core.package_identification:_identify(src/test_cpp) by extension 'colcon_meta'
[0.144s] Level 1:colcon.colcon_core.package_identification:_identify(src/test_cpp) by extensions ['ros']
[0.144s] Level 1:colcon.colcon_core.package_identification:_identify(src/test_cpp) by extension 'ros'
[0.144s] DEBUG:colcon.colcon_core.package_identification:Package 'src/test_cpp' with type 'ros.ament_cmake' and name 'test_cpp'
[0.144s] Level 1:colcon.colcon_core.package_discovery:discover_packages(recursive) using defaults
[0.144s] Level 1:colcon.colcon_core.package_discovery:discover_packages(ignore) discover
[0.144s] Level 1:colcon.colcon_core.package_discovery:discover_packages(ignore) using defaults
[0.144s] Level 1:colcon.colcon_core.package_discovery:discover_packages(path) discover
[0.144s] Level 1:colcon.colcon_core.package_discovery:discover_packages(path) using defaults
[0.156s] Level 1:colcon.colcon_core.package_discovery:discover_packages(prefix_path) check parameters
[0.156s] Level 1:colcon.colcon_core.package_discovery:discover_packages(prefix_path) discover
[0.157s] DEBUG:colcon.colcon_installed_package_information.package_discovery:Found 4 installed packages in /home/tom007/catkin_ws_ros2/install
[0.157s] DEBUG:colcon.colcon_installed_package_information.package_discovery:Found 318 installed packages in /opt/ros/humble
[0.159s] Level 1:colcon.colcon_core.package_discovery:discover_packages(prefix_path) using defaults
[0.186s] Level 5:colcon.colcon_core.verb:set package 'my_msgs' build argument 'cmake_args' from command line to 'None'
[0.186s] Level 5:colcon.colcon_core.verb:set package 'my_msgs' build argument 'cmake_target' from command line to 'None'
[0.186s] Level 5:colcon.colcon_core.verb:set package 'my_msgs' build argument 'cmake_target_skip_unavailable' from command line to 'False'
[0.186s] Level 5:colcon.colcon_core.verb:set package 'my_msgs' build argument 'cmake_clean_cache' from command line to 'False'
[0.186s] Level 5:colcon.colcon_core.verb:set package 'my_msgs' build argument 'cmake_clean_first' from command line to 'False'
[0.186s] Level 5:colcon.colcon_core.verb:set package 'my_msgs' build argument 'cmake_force_configure' from command line to 'False'
[0.186s] Level 5:colcon.colcon_core.verb:set package 'my_msgs' build argument 'ament_cmake_args' from command line to 'None'
[0.186s] Level 5:colcon.colcon_core.verb:set package 'my_msgs' build argument 'catkin_cmake_args' from command line to 'None'
[0.186s] Level 5:colcon.colcon_core.verb:set package 'my_msgs' build argument 'catkin_skip_building_tests' from command line to 'False'
[0.186s] DEBUG:colcon.colcon_core.verb:Building package 'my_msgs' with the following arguments: {'ament_cmake_args': None, 'build_base': '/home/tom007/catkin_ws_ros2/build/my_msgs', 'catkin_cmake_args': None, 'catkin_skip_building_tests': False, 'cmake_args': None, 'cmake_clean_cache': False, 'cmake_clean_first': False, 'cmake_force_configure': False, 'cmake_target': None, 'cmake_target_skip_unavailable': False, 'install_base': '/home/tom007/catkin_ws_ros2/install/my_msgs', 'merge_install': False, 'path': '/home/tom007/catkin_ws_ros2/src/my_msgs', 'symlink_install': False, 'test_result_base': None}
[0.186s] Level 5:colcon.colcon_core.verb:set package 'param_test' build argument 'cmake_args' from command line to 'None'
[0.186s] Level 5:colcon.colcon_core.verb:set package 'param_test' build argument 'cmake_target' from command line to 'None'
[0.186s] Level 5:colcon.colcon_core.verb:set package 'param_test' build argument 'cmake_target_skip_unavailable' from command line to 'False'
[0.186s] Level 5:colcon.colcon_core.verb:set package 'param_test' build argument 'cmake_clean_cache' from command line to 'False'
[0.186s] Level 5:colcon.colcon_core.verb:set package 'param_test' build argument 'cmake_clean_first' from command line to 'False'
[0.186s] Level 5:colcon.colcon_core.verb:set package 'param_test' build argument 'cmake_force_configure' from command line to 'False'
[0.186s] Level 5:colcon.colcon_core.verb:set package 'param_test' build argument 'ament_cmake_args' from command line to 'None'
[0.186s] Level 5:colcon.colcon_core.verb:set package 'param_test' build argument 'catkin_cmake_args' from command line to 'None'
[0.186s] Level 5:colcon.colcon_core.verb:set package 'param_test' build argument 'catkin_skip_building_tests' from command line to 'False'
[0.186s] DEBUG:colcon.colcon_core.verb:Building package 'param_test' with the following arguments: {'ament_cmake_args': None, 'build_base': '/home/tom007/catkin_ws_ros2/build/param_test', 'catkin_cmake_args': None, 'catkin_skip_building_tests': False, 'cmake_args': None, 'cmake_clean_cache': False, 'cmake_clean_first': False, 'cmake_force_configure': False, 'cmake_target': None, 'cmake_target_skip_unavailable': False, 'install_base': '/home/tom007/catkin_ws_ros2/install/param_test', 'merge_install': False, 'path': '/home/tom007/catkin_ws_ros2/src/param_test', 'symlink_install': False, 'test_result_base': None}
[0.187s] Level 5:colcon.colcon_core.verb:set package 'action_test' build argument 'cmake_args' from command line to 'None'
[0.187s] Level 5:colcon.colcon_core.verb:set package 'action_test' build argument 'cmake_target' from command line to 'None'
[0.187s] Level 5:colcon.colcon_core.verb:set package 'action_test' build argument 'cmake_target_skip_unavailable' from command line to 'False'
[0.187s] Level 5:colcon.colcon_core.verb:set package 'action_test' build argument 'cmake_clean_cache' from command line to 'False'
[0.187s] Level 5:colcon.colcon_core.verb:set package 'action_test' build argument 'cmake_clean_first' from command line to 'False'
[0.187s] Level 5:colcon.colcon_core.verb:set package 'action_test' build argument 'cmake_force_configure' from command line to 'False'
[0.187s] Level 5:colcon.colcon_core.verb:set package 'action_test' build argument 'ament_cmake_args' from command line to 'None'
[0.187s] Level 5:colcon.colcon_core.verb:set package 'action_test' build argument 'catkin_cmake_args' from command line to 'None'
[0.187s] Level 5:colcon.colcon_core.verb:set package 'action_test' build argument 'catkin_skip_building_tests' from command line to 'False'
[0.187s] DEBUG:colcon.colcon_core.verb:Building package 'action_test' with the following arguments: {'ament_cmake_args': None, 'build_base': '/home/tom007/catkin_ws_ros2/build/action_test', 'catkin_cmake_args': None, 'catkin_skip_building_tests': False, 'cmake_args': None, 'cmake_clean_cache': False, 'cmake_clean_first': False, 'cmake_force_configure': False, 'cmake_target': None, 'cmake_target_skip_unavailable': False, 'install_base': '/home/tom007/catkin_ws_ros2/install/action_test', 'merge_install': False, 'path': '/home/tom007/catkin_ws_ros2/src/action_test', 'symlink_install': False, 'test_result_base': None}
[0.187s] Level 5:colcon.colcon_core.verb:set package 'test_cpp' build argument 'cmake_args' from command line to 'None'
[0.187s] Level 5:colcon.colcon_core.verb:set package 'test_cpp' build argument 'cmake_target' from command line to 'None'
[0.187s] Level 5:colcon.colcon_core.verb:set package 'test_cpp' build argument 'cmake_target_skip_unavailable' from command line to 'False'
[0.187s] Level 5:colcon.colcon_core.verb:set package 'test_cpp' build argument 'cmake_clean_cache' from command line to 'False'
[0.187s] Level 5:colcon.colcon_core.verb:set package 'test_cpp' build argument 'cmake_clean_first' from command line to 'False'
[0.187s] Level 5:colcon.colcon_core.verb:set package 'test_cpp' build argument 'cmake_force_configure' from command line to 'False'
[0.187s] Level 5:colcon.colcon_core.verb:set package 'test_cpp' build argument 'ament_cmake_args' from command line to 'None'
[0.187s] Level 5:colcon.colcon_core.verb:set package 'test_cpp' build argument 'catkin_cmake_args' from command line to 'None'
[0.187s] Level 5:colcon.colcon_core.verb:set package 'test_cpp' build argument 'catkin_skip_building_tests' from command line to 'False'
[0.187s] DEBUG:colcon.colcon_core.verb:Building package 'test_cpp' with the following arguments: {'ament_cmake_args': None, 'build_base': '/home/tom007/catkin_ws_ros2/build/test_cpp', 'catkin_cmake_args': None, 'catkin_skip_building_tests': False, 'cmake_args': None, 'cmake_clean_cache': False, 'cmake_clean_first': False, 'cmake_force_configure': False, 'cmake_target': None, 'cmake_target_skip_unavailable': False, 'install_base': '/home/tom007/catkin_ws_ros2/install/test_cpp', 'merge_install': False, 'path': '/home/tom007/catkin_ws_ros2/src/test_cpp', 'symlink_install': False, 'test_result_base': None}
[0.187s] INFO:colcon.colcon_core.executor:Executing jobs using 'parallel' executor
[0.188s] DEBUG:colcon.colcon_parallel_executor.executor.parallel:run_until_complete
[0.188s] INFO:colcon.colcon_ros.task.ament_cmake.build:Building ROS package in '/home/tom007/catkin_ws_ros2/src/my_msgs' with build type 'ament_cmake'
[0.188s] INFO:colcon.colcon_cmake.task.cmake.build:Building CMake package in '/home/tom007/catkin_ws_ros2/src/my_msgs'
[0.189s] INFO:colcon.colcon_core.plugin_system:Skipping extension 'colcon_core.shell.bat': Not used on non-Windows systems
[0.189s] INFO:colcon.colcon_core.shell:Skip shell extension 'powershell' for command environment: Not usable outside of PowerShell
[0.189s] DEBUG:colcon.colcon_core.shell:Skip shell extension 'dsv' for command environment
[0.191s] INFO:colcon.colcon_ros.task.ament_cmake.build:Building ROS package in '/home/tom007/catkin_ws_ros2/src/param_test' with build type 'ament_cmake'
[0.191s] INFO:colcon.colcon_cmake.task.cmake.build:Building CMake package in '/home/tom007/catkin_ws_ros2/src/param_test'
[0.191s] INFO:colcon.colcon_core.shell:Skip shell extension 'powershell' for command environment: Not usable outside of PowerShell
[0.191s] DEBUG:colcon.colcon_core.shell:Skip shell extension 'dsv' for command environment
[0.195s] DEBUG:colcon.colcon_core.event_handler.log_command:Invoking command in '/home/tom007/catkin_ws_ros2/build/my_msgs': CMAKE_PREFIX_PATH=${CMAKE_PREFIX_PATH}:/opt/ros/humble /usr/bin/cmake --build /home/tom007/catkin_ws_ros2/build/my_msgs -- -j16 -l16
[0.197s] DEBUG:colcon.colcon_core.event_handler.log_command:Invoking command in '/home/tom007/catkin_ws_ros2/build/param_test': CMAKE_PREFIX_PATH=${CMAKE_PREFIX_PATH}:/opt/ros/humble /usr/bin/cmake --build /home/tom007/catkin_ws_ros2/build/param_test -- -j16 -l16
[0.390s] DEBUG:colcon.colcon_core.event_handler.log_command:Invoked command in '/home/tom007/catkin_ws_ros2/build/my_msgs' returned '0': CMAKE_PREFIX_PATH=${CMAKE_PREFIX_PATH}:/opt/ros/humble /usr/bin/cmake --build /home/tom007/catkin_ws_ros2/build/my_msgs -- -j16 -l16
[0.456s] DEBUG:colcon.colcon_core.event_handler.log_command:Invoking command in '/home/tom007/catkin_ws_ros2/build/my_msgs': CMAKE_PREFIX_PATH=${CMAKE_PREFIX_PATH}:/opt/ros/humble /usr/bin/cmake --install /home/tom007/catkin_ws_ros2/build/my_msgs
[0.489s] Level 1:colcon.colcon_core.environment:create_environment_scripts_only(my_msgs)
[0.490s] DEBUG:colcon.colcon_core.event_handler.log_command:Invoked command in '/home/tom007/catkin_ws_ros2/build/my_msgs' returned '0': CMAKE_PREFIX_PATH=${CMAKE_PREFIX_PATH}:/opt/ros/humble /usr/bin/cmake --install /home/tom007/catkin_ws_ros2/build/my_msgs
[0.491s] Level 1:colcon.colcon_core.environment:checking '/home/tom007/catkin_ws_ros2/install/my_msgs' for CMake module files
[0.491s] Level 1:colcon.colcon_core.environment:checking '/home/tom007/catkin_ws_ros2/install/my_msgs' for CMake config files
[0.492s] Level 1:colcon.colcon_core.shell:create_environment_hook('my_msgs', 'cmake_prefix_path')
[0.492s] INFO:colcon.colcon_core.shell:Creating environment hook '/home/tom007/catkin_ws_ros2/install/my_msgs/share/my_msgs/hook/cmake_prefix_path.ps1'
[0.492s] INFO:colcon.colcon_core.shell:Creating environment descriptor '/home/tom007/catkin_ws_ros2/install/my_msgs/share/my_msgs/hook/cmake_prefix_path.dsv'
[0.492s] INFO:colcon.colcon_core.shell:Creating environment hook '/home/tom007/catkin_ws_ros2/install/my_msgs/share/my_msgs/hook/cmake_prefix_path.sh'
[0.493s] Level 1:colcon.colcon_core.environment:checking '/home/tom007/catkin_ws_ros2/install/my_msgs/lib'
[0.493s] Level 1:colcon.colcon_core.shell:create_environment_hook('my_msgs', 'ld_library_path_lib')
[0.493s] INFO:colcon.colcon_core.shell:Creating environment hook '/home/tom007/catkin_ws_ros2/install/my_msgs/share/my_msgs/hook/ld_library_path_lib.ps1'
[0.493s] INFO:colcon.colcon_core.shell:Creating environment descriptor '/home/tom007/catkin_ws_ros2/install/my_msgs/share/my_msgs/hook/ld_library_path_lib.dsv'
[0.493s] INFO:colcon.colcon_core.shell:Creating environment hook '/home/tom007/catkin_ws_ros2/install/my_msgs/share/my_msgs/hook/ld_library_path_lib.sh'
[0.493s] Level 1:colcon.colcon_core.environment:checking '/home/tom007/catkin_ws_ros2/install/my_msgs/bin'
[0.493s] Level 1:colcon.colcon_core.environment:checking '/home/tom007/catkin_ws_ros2/install/my_msgs/lib/pkgconfig/my_msgs.pc'
[0.494s] Level 1:colcon.colcon_core.environment:checking '/home/tom007/catkin_ws_ros2/install/my_msgs/lib/python3.10/site-packages'
[0.494s] Level 1:colcon.colcon_core.environment:checking '/home/tom007/catkin_ws_ros2/install/my_msgs/bin'
[0.494s] INFO:colcon.colcon_core.shell:Creating package script '/home/tom007/catkin_ws_ros2/install/my_msgs/share/my_msgs/package.ps1'
[0.495s] INFO:colcon.colcon_core.shell:Creating package descriptor '/home/tom007/catkin_ws_ros2/install/my_msgs/share/my_msgs/package.dsv'
[0.495s] INFO:colcon.colcon_core.shell:Creating package script '/home/tom007/catkin_ws_ros2/install/my_msgs/share/my_msgs/package.sh'
[0.495s] INFO:colcon.colcon_core.shell:Creating package script '/home/tom007/catkin_ws_ros2/install/my_msgs/share/my_msgs/package.bash'
[0.496s] INFO:colcon.colcon_core.shell:Creating package script '/home/tom007/catkin_ws_ros2/install/my_msgs/share/my_msgs/package.zsh'
[0.496s] Level 1:colcon.colcon_core.environment:create_file_with_runtime_dependencies(/home/tom007/catkin_ws_ros2/install/my_msgs/share/colcon-core/packages/my_msgs)
[0.557s] Level 1:colcon.colcon_core.environment:create_environment_scripts_only(my_msgs)
[0.558s] Level 1:colcon.colcon_core.environment:checking '/home/tom007/catkin_ws_ros2/install/my_msgs' for CMake module files
[0.558s] Level 1:colcon.colcon_core.environment:checking '/home/tom007/catkin_ws_ros2/install/my_msgs' for CMake config files
[0.558s] Level 1:colcon.colcon_core.shell:create_environment_hook('my_msgs', 'cmake_prefix_path')
[0.559s] INFO:colcon.colcon_core.shell:Creating environment hook '/home/tom007/catkin_ws_ros2/install/my_msgs/share/my_msgs/hook/cmake_prefix_path.ps1'
[0.559s] INFO:colcon.colcon_core.shell:Creating environment descriptor '/home/tom007/catkin_ws_ros2/install/my_msgs/share/my_msgs/hook/cmake_prefix_path.dsv'
[0.559s] INFO:colcon.colcon_core.shell:Creating environment hook '/home/tom007/catkin_ws_ros2/install/my_msgs/share/my_msgs/hook/cmake_prefix_path.sh'
[0.559s] Level 1:colcon.colcon_core.environment:checking '/home/tom007/catkin_ws_ros2/install/my_msgs/lib'
[0.559s] Level 1:colcon.colcon_core.shell:create_environment_hook('my_msgs', 'ld_library_path_lib')
[0.559s] INFO:colcon.colcon_core.shell:Creating environment hook '/home/tom007/catkin_ws_ros2/install/my_msgs/share/my_msgs/hook/ld_library_path_lib.ps1'
[0.560s] INFO:colcon.colcon_core.shell:Creating environment descriptor '/home/tom007/catkin_ws_ros2/install/my_msgs/share/my_msgs/hook/ld_library_path_lib.dsv'
[0.560s] INFO:colcon.colcon_core.shell:Creating environment hook '/home/tom007/catkin_ws_ros2/install/my_msgs/share/my_msgs/hook/ld_library_path_lib.sh'
[0.560s] Level 1:colcon.colcon_core.environment:checking '/home/tom007/catkin_ws_ros2/install/my_msgs/bin'
[0.560s] Level 1:colcon.colcon_core.environment:checking '/home/tom007/catkin_ws_ros2/install/my_msgs/lib/pkgconfig/my_msgs.pc'
[0.560s] Level 1:colcon.colcon_core.environment:checking '/home/tom007/catkin_ws_ros2/install/my_msgs/lib/python3.10/site-packages'
[0.560s] Level 1:colcon.colcon_core.environment:checking '/home/tom007/catkin_ws_ros2/install/my_msgs/bin'
[0.560s] INFO:colcon.colcon_core.shell:Creating package script '/home/tom007/catkin_ws_ros2/install/my_msgs/share/my_msgs/package.ps1'
[0.561s] INFO:colcon.colcon_core.shell:Creating package descriptor '/home/tom007/catkin_ws_ros2/install/my_msgs/share/my_msgs/package.dsv'
[0.561s] INFO:colcon.colcon_core.shell:Creating package script '/home/tom007/catkin_ws_ros2/install/my_msgs/share/my_msgs/package.sh'
[0.561s] INFO:colcon.colcon_core.shell:Creating package script '/home/tom007/catkin_ws_ros2/install/my_msgs/share/my_msgs/package.bash'
[0.561s] INFO:colcon.colcon_core.shell:Creating package script '/home/tom007/catkin_ws_ros2/install/my_msgs/share/my_msgs/package.zsh'
[0.561s] Level 1:colcon.colcon_core.environment:create_file_with_runtime_dependencies(/home/tom007/catkin_ws_ros2/install/my_msgs/share/colcon-core/packages/my_msgs)
[0.562s] INFO:colcon.colcon_ros.task.ament_cmake.build:Building ROS package in '/home/tom007/catkin_ws_ros2/src/action_test' with build type 'ament_cmake'
[0.562s] INFO:colcon.colcon_cmake.task.cmake.build:Building CMake package in '/home/tom007/catkin_ws_ros2/src/action_test'
[0.562s] INFO:colcon.colcon_core.shell:Skip shell extension 'powershell' for command environment: Not usable outside of PowerShell
[0.562s] DEBUG:colcon.colcon_core.shell:Skip shell extension 'dsv' for command environment
[0.564s] INFO:colcon.colcon_ros.task.ament_cmake.build:Building ROS package in '/home/tom007/catkin_ws_ros2/src/test_cpp' with build type 'ament_cmake'
[0.564s] INFO:colcon.colcon_cmake.task.cmake.build:Building CMake package in '/home/tom007/catkin_ws_ros2/src/test_cpp'
[0.564s] INFO:colcon.colcon_core.shell:Skip shell extension 'powershell' for command environment: Not usable outside of PowerShell
[0.564s] DEBUG:colcon.colcon_core.shell:Skip shell extension 'dsv' for command environment
[0.568s] DEBUG:colcon.colcon_core.event_handler.log_command:Invoking command in '/home/tom007/catkin_ws_ros2/build/action_test': CMAKE_PREFIX_PATH=/home/tom007/catkin_ws_ros2/install/my_msgs:/home/tom007/catkin_ws_ros2/install/test_cpp:/home/tom007/catkin_ws_ros2/install/param_test:/home/tom007/catkin_ws_ros2/install/action_test:/opt/ros/humble /usr/bin/cmake --build /home/tom007/catkin_ws_ros2/build/action_test -- -j16 -l16
[0.570s] DEBUG:colcon.colcon_core.event_handler.log_command:Invoking command in '/home/tom007/catkin_ws_ros2/build/test_cpp': CMAKE_PREFIX_PATH=/home/tom007/catkin_ws_ros2/install/my_msgs:/home/tom007/catkin_ws_ros2/install/test_cpp:/home/tom007/catkin_ws_ros2/install/param_test:/home/tom007/catkin_ws_ros2/install/action_test:/opt/ros/humble /usr/bin/cmake --build /home/tom007/catkin_ws_ros2/build/test_cpp -- -j16 -l16
[0.583s] DEBUG:colcon.colcon_core.event_handler.log_command:Invoked command in '/home/tom007/catkin_ws_ros2/build/param_test' returned '0': CMAKE_PREFIX_PATH=${CMAKE_PREFIX_PATH}:/opt/ros/humble /usr/bin/cmake --build /home/tom007/catkin_ws_ros2/build/param_test -- -j16 -l16
[0.598s] DEBUG:colcon.colcon_core.event_handler.log_command:Invoking command in '/home/tom007/catkin_ws_ros2/build/param_test': CMAKE_PREFIX_PATH=${CMAKE_PREFIX_PATH}:/opt/ros/humble /usr/bin/cmake --install /home/tom007/catkin_ws_ros2/build/param_test
[0.606s] Level 1:colcon.colcon_core.environment:create_environment_scripts_only(param_test)
[0.606s] DEBUG:colcon.colcon_core.event_handler.log_command:Invoked command in '/home/tom007/catkin_ws_ros2/build/param_test' returned '0': CMAKE_PREFIX_PATH=${CMAKE_PREFIX_PATH}:/opt/ros/humble /usr/bin/cmake --install /home/tom007/catkin_ws_ros2/build/param_test
[0.607s] Level 1:colcon.colcon_core.environment:checking '/home/tom007/catkin_ws_ros2/install/param_test' for CMake module files
[0.607s] Level 1:colcon.colcon_core.environment:checking '/home/tom007/catkin_ws_ros2/install/param_test' for CMake config files
[0.607s] Level 1:colcon.colcon_core.shell:create_environment_hook('param_test', 'cmake_prefix_path')
[0.608s] INFO:colcon.colcon_core.shell:Creating environment hook '/home/tom007/catkin_ws_ros2/install/param_test/share/param_test/hook/cmake_prefix_path.ps1'
[0.608s] INFO:colcon.colcon_core.shell:Creating environment descriptor '/home/tom007/catkin_ws_ros2/install/param_test/share/param_test/hook/cmake_prefix_path.dsv'
[0.608s] INFO:colcon.colcon_core.shell:Creating environment hook '/home/tom007/catkin_ws_ros2/install/param_test/share/param_test/hook/cmake_prefix_path.sh'
[0.609s] Level 1:colcon.colcon_core.environment:checking '/home/tom007/catkin_ws_ros2/install/param_test/lib'
[0.609s] Level 1:colcon.colcon_core.environment:checking '/home/tom007/catkin_ws_ros2/install/param_test/bin'
[0.609s] Level 1:colcon.colcon_core.environment:checking '/home/tom007/catkin_ws_ros2/install/param_test/lib/pkgconfig/param_test.pc'
[0.609s] Level 1:colcon.colcon_core.environment:checking '/home/tom007/catkin_ws_ros2/install/param_test/lib/python3.10/site-packages'
[0.609s] Level 1:colcon.colcon_core.environment:checking '/home/tom007/catkin_ws_ros2/install/param_test/bin'
[0.609s] INFO:colcon.colcon_core.shell:Creating package script '/home/tom007/catkin_ws_ros2/install/param_test/share/param_test/package.ps1'
[0.609s] INFO:colcon.colcon_core.shell:Creating package descriptor '/home/tom007/catkin_ws_ros2/install/param_test/share/param_test/package.dsv'
[0.610s] INFO:colcon.colcon_core.shell:Creating package script '/home/tom007/catkin_ws_ros2/install/param_test/share/param_test/package.sh'
[0.610s] INFO:colcon.colcon_core.shell:Creating package script '/home/tom007/catkin_ws_ros2/install/param_test/share/param_test/package.bash'
[0.610s] INFO:colcon.colcon_core.shell:Creating package script '/home/tom007/catkin_ws_ros2/install/param_test/share/param_test/package.zsh'
[0.610s] Level 1:colcon.colcon_core.environment:create_file_with_runtime_dependencies(/home/tom007/catkin_ws_ros2/install/param_test/share/colcon-core/packages/param_test)
[0.612s] DEBUG:colcon.colcon_core.event_handler.log_command:Invoked command in '/home/tom007/catkin_ws_ros2/build/action_test' returned '0': CMAKE_PREFIX_PATH=/home/tom007/catkin_ws_ros2/install/my_msgs:/home/tom007/catkin_ws_ros2/install/test_cpp:/home/tom007/catkin_ws_ros2/install/param_test:/home/tom007/catkin_ws_ros2/install/action_test:/opt/ros/humble /usr/bin/cmake --build /home/tom007/catkin_ws_ros2/build/action_test -- -j16 -l16
[0.612s] DEBUG:colcon.colcon_core.event_handler.log_command:Invoked command in '/home/tom007/catkin_ws_ros2/build/test_cpp' returned '0': CMAKE_PREFIX_PATH=/home/tom007/catkin_ws_ros2/install/my_msgs:/home/tom007/catkin_ws_ros2/install/test_cpp:/home/tom007/catkin_ws_ros2/install/param_test:/home/tom007/catkin_ws_ros2/install/action_test:/opt/ros/humble /usr/bin/cmake --build /home/tom007/catkin_ws_ros2/build/test_cpp -- -j16 -l16
[0.625s] Level 1:colcon.colcon_core.environment:create_environment_scripts_only(param_test)
[0.625s] Level 1:colcon.colcon_core.environment:checking '/home/tom007/catkin_ws_ros2/install/param_test' for CMake module files
[0.625s] Level 1:colcon.colcon_core.environment:checking '/home/tom007/catkin_ws_ros2/install/param_test' for CMake config files
[0.625s] Level 1:colcon.colcon_core.shell:create_environment_hook('param_test', 'cmake_prefix_path')
[0.625s] INFO:colcon.colcon_core.shell:Creating environment hook '/home/tom007/catkin_ws_ros2/install/param_test/share/param_test/hook/cmake_prefix_path.ps1'
[0.626s] INFO:colcon.colcon_core.shell:Creating environment descriptor '/home/tom007/catkin_ws_ros2/install/param_test/share/param_test/hook/cmake_prefix_path.dsv'
[0.626s] INFO:colcon.colcon_core.shell:Creating environment hook '/home/tom007/catkin_ws_ros2/install/param_test/share/param_test/hook/cmake_prefix_path.sh'
[0.626s] Level 1:colcon.colcon_core.environment:checking '/home/tom007/catkin_ws_ros2/install/param_test/lib'
[0.626s] Level 1:colcon.colcon_core.environment:checking '/home/tom007/catkin_ws_ros2/install/param_test/bin'
[0.626s] Level 1:colcon.colcon_core.environment:checking '/home/tom007/catkin_ws_ros2/install/param_test/lib/pkgconfig/param_test.pc'
[0.626s] Level 1:colcon.colcon_core.environment:checking '/home/tom007/catkin_ws_ros2/install/param_test/lib/python3.10/site-packages'
[0.627s] Level 1:colcon.colcon_core.environment:checking '/home/tom007/catkin_ws_ros2/install/param_test/bin'
[0.627s] INFO:colcon.colcon_core.shell:Creating package script '/home/tom007/catkin_ws_ros2/install/param_test/share/param_test/package.ps1'
[0.627s] INFO:colcon.colcon_core.shell:Creating package descriptor '/home/tom007/catkin_ws_ros2/install/param_test/share/param_test/package.dsv'
[0.627s] INFO:colcon.colcon_core.shell:Creating package script '/home/tom007/catkin_ws_ros2/install/param_test/share/param_test/package.sh'
[0.627s] INFO:colcon.colcon_core.shell:Creating package script '/home/tom007/catkin_ws_ros2/install/param_test/share/param_test/package.bash'
[0.628s] INFO:colcon.colcon_core.shell:Creating package script '/home/tom007/catkin_ws_ros2/install/param_test/share/param_test/package.zsh'
[0.628s] Level 1:colcon.colcon_core.environment:create_file_with_runtime_dependencies(/home/tom007/catkin_ws_ros2/install/param_test/share/colcon-core/packages/param_test)
[0.630s] DEBUG:colcon.colcon_core.event_handler.log_command:Invoking command in '/home/tom007/catkin_ws_ros2/build/action_test': CMAKE_PREFIX_PATH=/home/tom007/catkin_ws_ros2/install/my_msgs:/home/tom007/catkin_ws_ros2/install/test_cpp:/home/tom007/catkin_ws_ros2/install/param_test:/home/tom007/catkin_ws_ros2/install/action_test:/opt/ros/humble /usr/bin/cmake --install /home/tom007/catkin_ws_ros2/build/action_test
[0.635s] DEBUG:colcon.colcon_core.event_handler.log_command:Invoking command in '/home/tom007/catkin_ws_ros2/build/test_cpp': CMAKE_PREFIX_PATH=/home/tom007/catkin_ws_ros2/install/my_msgs:/home/tom007/catkin_ws_ros2/install/test_cpp:/home/tom007/catkin_ws_ros2/install/param_test:/home/tom007/catkin_ws_ros2/install/action_test:/opt/ros/humble /usr/bin/cmake --install /home/tom007/catkin_ws_ros2/build/test_cpp
[0.635s] Level 1:colcon.colcon_core.environment:create_environment_scripts_only(action_test)
[0.636s] Level 1:colcon.colcon_core.environment:checking '/home/tom007/catkin_ws_ros2/install/action_test' for CMake module files
[0.636s] DEBUG:colcon.colcon_core.event_handler.log_command:Invoked command in '/home/tom007/catkin_ws_ros2/build/action_test' returned '0': CMAKE_PREFIX_PATH=/home/tom007/catkin_ws_ros2/install/my_msgs:/home/tom007/catkin_ws_ros2/install/test_cpp:/home/tom007/catkin_ws_ros2/install/param_test:/home/tom007/catkin_ws_ros2/install/action_test:/opt/ros/humble /usr/bin/cmake --install /home/tom007/catkin_ws_ros2/build/action_test
[0.637s] Level 1:colcon.colcon_core.environment:checking '/home/tom007/catkin_ws_ros2/install/action_test' for CMake config files
[0.637s] Level 1:colcon.colcon_core.shell:create_environment_hook('action_test', 'cmake_prefix_path')
[0.637s] INFO:colcon.colcon_core.shell:Creating environment hook '/home/tom007/catkin_ws_ros2/install/action_test/share/action_test/hook/cmake_prefix_path.ps1'
[0.638s] INFO:colcon.colcon_core.shell:Creating environment descriptor '/home/tom007/catkin_ws_ros2/install/action_test/share/action_test/hook/cmake_prefix_path.dsv'
[0.638s] INFO:colcon.colcon_core.shell:Creating environment hook '/home/tom007/catkin_ws_ros2/install/action_test/share/action_test/hook/cmake_prefix_path.sh'
[0.638s] Level 1:colcon.colcon_core.environment:checking '/home/tom007/catkin_ws_ros2/install/action_test/lib'
[0.638s] Level 1:colcon.colcon_core.environment:checking '/home/tom007/catkin_ws_ros2/install/action_test/bin'
[0.638s] Level 1:colcon.colcon_core.environment:checking '/home/tom007/catkin_ws_ros2/install/action_test/lib/pkgconfig/action_test.pc'
[0.638s] Level 1:colcon.colcon_core.environment:checking '/home/tom007/catkin_ws_ros2/install/action_test/lib/python3.10/site-packages'
[0.638s] Level 1:colcon.colcon_core.environment:checking '/home/tom007/catkin_ws_ros2/install/action_test/bin'
[0.639s] INFO:colcon.colcon_core.shell:Creating package script '/home/tom007/catkin_ws_ros2/install/action_test/share/action_test/package.ps1'
[0.639s] INFO:colcon.colcon_core.shell:Creating package descriptor '/home/tom007/catkin_ws_ros2/install/action_test/share/action_test/package.dsv'
[0.639s] INFO:colcon.colcon_core.shell:Creating package script '/home/tom007/catkin_ws_ros2/install/action_test/share/action_test/package.sh'
[0.640s] INFO:colcon.colcon_core.shell:Creating package script '/home/tom007/catkin_ws_ros2/install/action_test/share/action_test/package.bash'
[0.641s] INFO:colcon.colcon_core.shell:Creating package script '/home/tom007/catkin_ws_ros2/install/action_test/share/action_test/package.zsh'
[0.641s] Level 1:colcon.colcon_core.environment:create_file_with_runtime_dependencies(/home/tom007/catkin_ws_ros2/install/action_test/share/colcon-core/packages/action_test)
[0.642s] Level 1:colcon.colcon_core.environment:create_environment_scripts_only(test_cpp)
[0.642s] Level 1:colcon.colcon_core.environment:checking '/home/tom007/catkin_ws_ros2/install/test_cpp' for CMake module files
[0.643s] DEBUG:colcon.colcon_core.event_handler.log_command:Invoked command in '/home/tom007/catkin_ws_ros2/build/test_cpp' returned '0': CMAKE_PREFIX_PATH=/home/tom007/catkin_ws_ros2/install/my_msgs:/home/tom007/catkin_ws_ros2/install/test_cpp:/home/tom007/catkin_ws_ros2/install/param_test:/home/tom007/catkin_ws_ros2/install/action_test:/opt/ros/humble /usr/bin/cmake --install /home/tom007/catkin_ws_ros2/build/test_cpp
[0.643s] Level 1:colcon.colcon_core.environment:checking '/home/tom007/catkin_ws_ros2/install/test_cpp' for CMake config files
[0.643s] Level 1:colcon.colcon_core.shell:create_environment_hook('test_cpp', 'cmake_prefix_path')
[0.643s] INFO:colcon.colcon_core.shell:Creating environment hook '/home/tom007/catkin_ws_ros2/install/test_cpp/share/test_cpp/hook/cmake_prefix_path.ps1'
[0.644s] INFO:colcon.colcon_core.shell:Creating environment descriptor '/home/tom007/catkin_ws_ros2/install/test_cpp/share/test_cpp/hook/cmake_prefix_path.dsv'
[0.644s] INFO:colcon.colcon_core.shell:Creating environment hook '/home/tom007/catkin_ws_ros2/install/test_cpp/share/test_cpp/hook/cmake_prefix_path.sh'
[0.645s] Level 1:colcon.colcon_core.environment:checking '/home/tom007/catkin_ws_ros2/install/test_cpp/lib'
[0.645s] Level 1:colcon.colcon_core.environment:checking '/home/tom007/catkin_ws_ros2/install/test_cpp/bin'
[0.645s] Level 1:colcon.colcon_core.environment:checking '/home/tom007/catkin_ws_ros2/install/test_cpp/lib/pkgconfig/test_cpp.pc'
[0.645s] Level 1:colcon.colcon_core.environment:checking '/home/tom007/catkin_ws_ros2/install/test_cpp/lib/python3.10/site-packages'
[0.645s] Level 1:colcon.colcon_core.environment:checking '/home/tom007/catkin_ws_ros2/install/test_cpp/bin'
[0.645s] INFO:colcon.colcon_core.shell:Creating package script '/home/tom007/catkin_ws_ros2/install/test_cpp/share/test_cpp/package.ps1'
[0.646s] INFO:colcon.colcon_core.shell:Creating package descriptor '/home/tom007/catkin_ws_ros2/install/test_cpp/share/test_cpp/package.dsv'
[0.646s] INFO:colcon.colcon_core.shell:Creating package script '/home/tom007/catkin_ws_ros2/install/test_cpp/share/test_cpp/package.sh'
[0.646s] INFO:colcon.colcon_core.shell:Creating package script '/home/tom007/catkin_ws_ros2/install/test_cpp/share/test_cpp/package.bash'
[0.646s] INFO:colcon.colcon_core.shell:Creating package script '/home/tom007/catkin_ws_ros2/install/test_cpp/share/test_cpp/package.zsh'
[0.646s] Level 1:colcon.colcon_core.environment:create_file_with_runtime_dependencies(/home/tom007/catkin_ws_ros2/install/test_cpp/share/colcon-core/packages/test_cpp)
[0.660s] Level 1:colcon.colcon_core.environment:create_environment_scripts_only(action_test)
[0.660s] Level 1:colcon.colcon_core.environment:checking '/home/tom007/catkin_ws_ros2/install/action_test' for CMake module files
[0.660s] Level 1:colcon.colcon_core.environment:checking '/home/tom007/catkin_ws_ros2/install/action_test' for CMake config files
[0.660s] Level 1:colcon.colcon_core.shell:create_environment_hook('action_test', 'cmake_prefix_path')
[0.660s] INFO:colcon.colcon_core.shell:Creating environment hook '/home/tom007/catkin_ws_ros2/install/action_test/share/action_test/hook/cmake_prefix_path.ps1'
[0.661s] INFO:colcon.colcon_core.shell:Creating environment descriptor '/home/tom007/catkin_ws_ros2/install/action_test/share/action_test/hook/cmake_prefix_path.dsv'
[0.661s] INFO:colcon.colcon_core.shell:Creating environment hook '/home/tom007/catkin_ws_ros2/install/action_test/share/action_test/hook/cmake_prefix_path.sh'
[0.661s] Level 1:colcon.colcon_core.environment:checking '/home/tom007/catkin_ws_ros2/install/action_test/lib'
[0.661s] Level 1:colcon.colcon_core.environment:checking '/home/tom007/catkin_ws_ros2/install/action_test/bin'
[0.661s] Level 1:colcon.colcon_core.environment:checking '/home/tom007/catkin_ws_ros2/install/action_test/lib/pkgconfig/action_test.pc'
[0.661s] Level 1:colcon.colcon_core.environment:checking '/home/tom007/catkin_ws_ros2/install/action_test/lib/python3.10/site-packages'
[0.662s] Level 1:colcon.colcon_core.environment:checking '/home/tom007/catkin_ws_ros2/install/action_test/bin'
[0.662s] INFO:colcon.colcon_core.shell:Creating package script '/home/tom007/catkin_ws_ros2/install/action_test/share/action_test/package.ps1'
[0.662s] INFO:colcon.colcon_core.shell:Creating package descriptor '/home/tom007/catkin_ws_ros2/install/action_test/share/action_test/package.dsv'
[0.662s] INFO:colcon.colcon_core.shell:Creating package script '/home/tom007/catkin_ws_ros2/install/action_test/share/action_test/package.sh'
[0.662s] INFO:colcon.colcon_core.shell:Creating package script '/home/tom007/catkin_ws_ros2/install/action_test/share/action_test/package.bash'
[0.662s] INFO:colcon.colcon_core.shell:Creating package script '/home/tom007/catkin_ws_ros2/install/action_test/share/action_test/package.zsh'
[0.663s] Level 1:colcon.colcon_core.environment:create_file_with_runtime_dependencies(/home/tom007/catkin_ws_ros2/install/action_test/share/colcon-core/packages/action_test)
[0.669s] Level 1:colcon.colcon_core.environment:create_environment_scripts_only(test_cpp)
[0.669s] Level 1:colcon.colcon_core.environment:checking '/home/tom007/catkin_ws_ros2/install/test_cpp' for CMake module files
[0.669s] Level 1:colcon.colcon_core.environment:checking '/home/tom007/catkin_ws_ros2/install/test_cpp' for CMake config files
[0.669s] Level 1:colcon.colcon_core.shell:create_environment_hook('test_cpp', 'cmake_prefix_path')
[0.670s] INFO:colcon.colcon_core.shell:Creating environment hook '/home/tom007/catkin_ws_ros2/install/test_cpp/share/test_cpp/hook/cmake_prefix_path.ps1'
[0.670s] INFO:colcon.colcon_core.shell:Creating environment descriptor '/home/tom007/catkin_ws_ros2/install/test_cpp/share/test_cpp/hook/cmake_prefix_path.dsv'
[0.670s] INFO:colcon.colcon_core.shell:Creating environment hook '/home/tom007/catkin_ws_ros2/install/test_cpp/share/test_cpp/hook/cmake_prefix_path.sh'
[0.670s] Level 1:colcon.colcon_core.environment:checking '/home/tom007/catkin_ws_ros2/install/test_cpp/lib'
[0.670s] Level 1:colcon.colcon_core.environment:checking '/home/tom007/catkin_ws_ros2/install/test_cpp/bin'
[0.670s] Level 1:colcon.colcon_core.environment:checking '/home/tom007/catkin_ws_ros2/install/test_cpp/lib/pkgconfig/test_cpp.pc'
[0.671s] Level 1:colcon.colcon_core.environment:checking '/home/tom007/catkin_ws_ros2/install/test_cpp/lib/python3.10/site-packages'
[0.671s] Level 1:colcon.colcon_core.environment:checking '/home/tom007/catkin_ws_ros2/install/test_cpp/bin'
[0.671s] INFO:colcon.colcon_core.shell:Creating package script '/home/tom007/catkin_ws_ros2/install/test_cpp/share/test_cpp/package.ps1'
[0.671s] INFO:colcon.colcon_core.shell:Creating package descriptor '/home/tom007/catkin_ws_ros2/install/test_cpp/share/test_cpp/package.dsv'
[0.671s] INFO:colcon.colcon_core.shell:Creating package script '/home/tom007/catkin_ws_ros2/install/test_cpp/share/test_cpp/package.sh'
[0.671s] INFO:colcon.colcon_core.shell:Creating package script '/home/tom007/catkin_ws_ros2/install/test_cpp/share/test_cpp/package.bash'
[0.672s] INFO:colcon.colcon_core.shell:Creating package script '/home/tom007/catkin_ws_ros2/install/test_cpp/share/test_cpp/package.zsh'
[0.672s] Level 1:colcon.colcon_core.environment:create_file_with_runtime_dependencies(/home/tom007/catkin_ws_ros2/install/test_cpp/share/colcon-core/packages/test_cpp)
[0.672s] DEBUG:colcon.colcon_parallel_executor.executor.parallel:closing loop
[0.672s] DEBUG:colcon.colcon_parallel_executor.executor.parallel:loop closed
[0.672s] DEBUG:colcon.colcon_parallel_executor.executor.parallel:run_until_complete finished with '0'
[0.672s] DEBUG:colcon.colcon_core.event_reactor:joining thread
[0.676s] INFO:colcon.colcon_core.plugin_system:Skipping extension 'colcon_notification.desktop_notification.terminal_notifier': Not used on non-Darwin systems
[0.676s] INFO:colcon.colcon_core.plugin_system:Skipping extension 'colcon_notification.desktop_notification.win32': Not used on non-Windows systems
[0.676s] INFO:colcon.colcon_notification.desktop_notification:Sending desktop notification using 'notify2'
[0.682s] DEBUG:colcon.colcon_core.event_reactor:joined thread
[0.683s] INFO:colcon.colcon_core.shell:Creating prefix script '/home/tom007/catkin_ws_ros2/install/local_setup.ps1'
[0.683s] INFO:colcon.colcon_core.shell:Creating prefix util module '/home/tom007/catkin_ws_ros2/install/_local_setup_util_ps1.py'
[0.684s] INFO:colcon.colcon_core.shell:Creating prefix chain script '/home/tom007/catkin_ws_ros2/install/setup.ps1'
[0.684s] INFO:colcon.colcon_core.shell:Creating prefix script '/home/tom007/catkin_ws_ros2/install/local_setup.sh'
[0.685s] INFO:colcon.colcon_core.shell:Creating prefix util module '/home/tom007/catkin_ws_ros2/install/_local_setup_util_sh.py'
[0.685s] INFO:colcon.colcon_core.shell:Creating prefix chain script '/home/tom007/catkin_ws_ros2/install/setup.sh'
[0.686s] INFO:colcon.colcon_core.shell:Creating prefix script '/home/tom007/catkin_ws_ros2/install/local_setup.bash'
[0.686s] INFO:colcon.colcon_core.shell:Creating prefix chain script '/home/tom007/catkin_ws_ros2/install/setup.bash'
[0.686s] INFO:colcon.colcon_core.shell:Creating prefix script '/home/tom007/catkin_ws_ros2/install/local_setup.zsh'
[0.687s] INFO:colcon.colcon_core.shell:Creating prefix chain script '/home/tom007/catkin_ws_ros2/install/setup.zsh'
